Mon Jun 16 20:09:15 +0000 2025 - Executing "{openroad -exit -no_init -python /openlane/scripts/odbpy/lefutil.py get_metal_layers -o /openlane/designs/myCPU/runs/RUN_2025.06.16_20.09.15/tmp/layers.list /home/dministrator/.volare/sky130A/libs.ref/sky130_fd_sc_hd/techlef/sky130_fd_sc_hd__nom.tlef}"

Mon Jun 16 20:09:16 +0000 2025 - Executing "{/openlane/scripts/mergeLef.py -o /openlane/designs/myCPU/runs/RUN_2025.06.16_20.09.15/tmp/merged.nom.lef -i /home/dministrator/.volare/sky130A/libs.ref/sky130_fd_sc_hd/techlef/sky130_fd_sc_hd__nom.tlef {/home/dministrator/.volare/sky130A/libs.ref/sky130_fd_sc_hd/lef/sky130_ef_sc_hd.lef /home/dministrator/.volare/sky130A/libs.ref/sky130_fd_sc_hd/lef/sky130_fd_sc_hd.lef} |& tee /dev/null}"

Mon Jun 16 20:09:16 +0000 2025 - Executing "{/openlane/scripts/mergeLef.py -o /openlane/designs/myCPU/runs/RUN_2025.06.16_20.09.15/tmp/merged.min.lef -i /home/dministrator/.volare/sky130A/libs.ref/sky130_fd_sc_hd/techlef/sky130_fd_sc_hd__min.tlef {/home/dministrator/.volare/sky130A/libs.ref/sky130_fd_sc_hd/lef/sky130_ef_sc_hd.lef /home/dministrator/.volare/sky130A/libs.ref/sky130_fd_sc_hd/lef/sky130_fd_sc_hd.lef} |& tee /dev/null}"

Mon Jun 16 20:09:16 +0000 2025 - Executing "{/openlane/scripts/mergeLef.py -o /openlane/designs/myCPU/runs/RUN_2025.06.16_20.09.15/tmp/merged.max.lef -i /home/dministrator/.volare/sky130A/libs.ref/sky130_fd_sc_hd/techlef/sky130_fd_sc_hd__max.tlef {/home/dministrator/.volare/sky130A/libs.ref/sky130_fd_sc_hd/lef/sky130_ef_sc_hd.lef /home/dministrator/.volare/sky130A/libs.ref/sky130_fd_sc_hd/lef/sky130_fd_sc_hd.lef} |& tee /dev/null}"

Mon Jun 16 20:09:16 +0000 2025 - Executing "{python3 /openlane/scripts/mergeLib.py --output /openlane/designs/myCPU/runs/RUN_2025.06.16_20.09.15/tmp/synthesis/merged.lib --name sky130A_merged /home/dministrator/.volare/sky130A/libs.ref/sky130_fd_sc_hd/lib/sky130_fd_sc_hd__tt_025C_1v80.lib}"

Mon Jun 16 20:09:17 +0000 2025 - Executing "{python3 /openlane/scripts/libtrim.py --cell-file /openlane/designs/myCPU/runs/RUN_2025.06.16_20.09.15/tmp/synthesis/trimmed.lib.exclude.list --output /openlane/designs/myCPU/runs/RUN_2025.06.16_20.09.15/tmp/synthesis/trimmed.lib /openlane/designs/myCPU/runs/RUN_2025.06.16_20.09.15/tmp/synthesis/merged.lib}"

Mon Jun 16 20:09:17 +0000 2025 - Executing "{python3 /openlane/scripts/libtrim.py --cell-file /openlane/designs/myCPU/runs/RUN_2025.06.16_20.09.15/tmp/cts/cts.lib.exclude.list --output /openlane/designs/myCPU/runs/RUN_2025.06.16_20.09.15/tmp/cts/cts.lib /home/dministrator/.volare/sky130A/libs.ref/sky130_fd_sc_hd/lib/sky130_fd_sc_hd__tt_025C_1v80.lib}"

Mon Jun 16 20:09:17 +0000 2025 - Executing "{python3 /openlane/scripts/libtrim.py --cell-file /openlane/designs/myCPU/runs/RUN_2025.06.16_20.09.15/tmp/cts/cts-fastest.lib.exclude.list --output /openlane/designs/myCPU/runs/RUN_2025.06.16_20.09.15/tmp/cts/cts-fastest.lib /home/dministrator/.volare/sky130A/libs.ref/sky130_fd_sc_hd/lib/sky130_fd_sc_hd__ff_n40C_1v95.lib}"

Mon Jun 16 20:09:18 +0000 2025 - Executing "{python3 /openlane/scripts/libtrim.py --cell-file /openlane/designs/myCPU/runs/RUN_2025.06.16_20.09.15/tmp/cts/cts-slowest.lib.exclude.list --output /openlane/designs/myCPU/runs/RUN_2025.06.16_20.09.15/tmp/cts/cts-slowest.lib /home/dministrator/.volare/sky130A/libs.ref/sky130_fd_sc_hd/lib/sky130_fd_sc_hd__ss_100C_1v60.lib}"

Mon Jun 16 20:09:18 +0000 2025 - Executing "{python3 /openlane/scripts/new_tracks.py -i /home/dministrator/.volare/sky130A/libs.tech/openlane/sky130_fd_sc_hd/tracks.info -o /openlane/designs/myCPU/runs/RUN_2025.06.16_20.09.15/tmp/routing/config.tracks}"

Mon Jun 16 20:09:18 +0000 2025 - Executing "{echo {OpenLane e73fb3c57e687a0023fcd4dcfd1566ecd478362a} > /openlane/designs/myCPU/runs/RUN_2025.06.16_20.09.15/OPENLANE_COMMIT}"

Mon Jun 16 20:09:18 +0000 2025 - Executing "{yosys -c /openlane/scripts/yosys/blackbox.tcl}"

Mon Jun 16 20:09:18 +0000 2025 - Executing "{verilator -Wall --lint-only --Wno-DECLFILENAME --top-module CPU_top /openlane/designs/myCPU/runs/RUN_2025.06.16_20.09.15/tmp/synthesis/blackbox/sky130_fd_sc_hd__blackbox.v /openlane/designs/myCPU/src/CPU_top.v /openlane/designs/myCPU/src/ProgramCounter.v /openlane/designs/myCPU/src/InstructionMemory.v /openlane/designs/myCPU/src/InstructionDecoder.v /openlane/designs/myCPU/src/RegisterFile.v /openlane/designs/myCPU/src/ALU.v -Wno-fatal --relative-includes |& tee /openlane/designs/myCPU/runs/RUN_2025.06.16_20.09.15/logs/synthesis/linter.log /dev/null}"

Mon Jun 16 20:09:18 +0000 2025 - Executing "{sed -E {s/^([[:space:]]+)pg_pin(.*)/\1pin\2\n\1    direction : "inout";/g} /home/dministrator/.volare/sky130A/libs.ref/sky130_fd_sc_hd/lib/sky130_fd_sc_hd__tt_025C_1v80.lib > /openlane/designs/myCPU/runs/RUN_2025.06.16_20.09.15/tmp/synthesis/1-sky130_fd_sc_hd__tt_025C_1v80.no_pg.lib}"

Mon Jun 16 20:09:19 +0000 2025 - Executing "{sed -E {s/^([[:space:]]+)pg_pin(.*)/\1pin\2\n\1    direction : "inout";/g} /openlane/designs/myCPU/runs/RUN_2025.06.16_20.09.15/tmp/synthesis/trimmed.lib > /openlane/designs/myCPU/runs/RUN_2025.06.16_20.09.15/tmp/synthesis/1-trimmed.no_pg.lib}"

Mon Jun 16 20:09:19 +0000 2025 - Executing "yosys -c /openlane/scripts/yosys/synth.tcl |& tee /dev/null /openlane/designs/myCPU/runs/RUN_2025.06.16_20.09.15/logs/synthesis/1-synthesis.log"

Mon Jun 16 20:09:19 +0000 2025 - Executing "{yosys -c /openlane/scripts/yosys/synth.tcl |& tee /dev/null /openlane/designs/myCPU/runs/RUN_2025.06.16_20.09.15/logs/synthesis/1-synthesis.log}"

Mon Jun 16 20:09:19 +0000 2025 - Executing "{sed -i.bak -e {s/\(set ::env(CURRENT_NETLIST)\).*/\1 \/openlane\/designs\/myCPU\/runs\/RUN_2025.06.16_20.09.15\/results\/synthesis\/CPU_top.v/} /openlane/designs/myCPU/runs/RUN_2025.06.16_20.09.15/config.tcl}"

Mon Jun 16 20:09:19 +0000 2025 - Executing "{sed -i.bak /defparam/d /openlane/designs/myCPU/runs/RUN_2025.06.16_20.09.15/results/synthesis/CPU_top.v}"

Mon Jun 16 20:09:20 +0000 2025 - Executing "sta -exit -no_init /openlane/scripts/openroad/sta/multi_corner.tcl |& tee /dev/null /openlane/designs/myCPU/runs/RUN_2025.06.16_20.09.15/logs/synthesis/2-sta.log"

Mon Jun 16 20:09:20 +0000 2025 - Executing "{sta -exit -no_init /openlane/scripts/openroad/sta/multi_corner.tcl |& tee /dev/null /openlane/designs/myCPU/runs/RUN_2025.06.16_20.09.15/logs/synthesis/2-sta.log}"

Mon Jun 16 20:09:20 +0000 2025 - Executing "openroad -exit /openlane/scripts/openroad/floorplan.tcl |& tee /dev/null /openlane/designs/myCPU/runs/RUN_2025.06.16_20.09.15/logs/floorplan/3-initial_fp.log"

Mon Jun 16 20:09:20 +0000 2025 - Executing "{openroad -exit /openlane/scripts/openroad/floorplan.tcl |& tee /dev/null /openlane/designs/myCPU/runs/RUN_2025.06.16_20.09.15/logs/floorplan/3-initial_fp.log}"

Mon Jun 16 20:09:21 +0000 2025 - Executing "{openroad -exit -no_init -python /openlane/scripts/odbpy/snap_to_grid.py --output /openlane/designs/myCPU/runs/RUN_2025.06.16_20.09.15/tmp/floorplan/3-minimized_pdn.txt --input-lef /openlane/designs/myCPU/runs/RUN_2025.06.16_20.09.15/tmp/merged.nom.lef 1.8975 1.7 3.795 3.4}"

Mon Jun 16 20:09:21 +0000 2025 - Executing "{openroad -exit -no_init -python /openlane/scripts/odbpy/defutil.py extract_core_dims --output-data /openlane/designs/myCPU/runs/RUN_2025.06.16_20.09.15/tmp/dimensions.txt --input-lef /openlane/designs/myCPU/runs/RUN_2025.06.16_20.09.15/tmp/merged.nom.lef /openlane/designs/myCPU/runs/RUN_2025.06.16_20.09.15/tmp/floorplan/3-initial_fp.def}"

Mon Jun 16 20:09:22 +0000 2025 - Executing "openroad -exit /openlane/scripts/openroad/ioplacer.tcl |& tee /dev/null /openlane/designs/myCPU/runs/RUN_2025.06.16_20.09.15/logs/floorplan/4-io.log"

Mon Jun 16 20:09:22 +0000 2025 - Executing "{openroad -exit /openlane/scripts/openroad/ioplacer.tcl |& tee /dev/null /openlane/designs/myCPU/runs/RUN_2025.06.16_20.09.15/logs/floorplan/4-io.log}"

Mon Jun 16 20:09:22 +0000 2025 - Executing "openroad -exit /openlane/scripts/openroad/tapcell.tcl |& tee /dev/null /openlane/designs/myCPU/runs/RUN_2025.06.16_20.09.15/logs/floorplan/5-tap.log"

Mon Jun 16 20:09:22 +0000 2025 - Executing "{openroad -exit /openlane/scripts/openroad/tapcell.tcl |& tee /dev/null /openlane/designs/myCPU/runs/RUN_2025.06.16_20.09.15/logs/floorplan/5-tap.log}"

Mon Jun 16 20:09:23 +0000 2025 - Executing "openroad -exit /openlane/scripts/openroad/pdn.tcl |& tee /dev/null /openlane/designs/myCPU/runs/RUN_2025.06.16_20.09.15/logs/floorplan/6-pdn.log"

Mon Jun 16 20:09:23 +0000 2025 - Executing "{openroad -exit /openlane/scripts/openroad/pdn.tcl |& tee /dev/null /openlane/designs/myCPU/runs/RUN_2025.06.16_20.09.15/logs/floorplan/6-pdn.log}"

Mon Jun 16 20:09:24 +0000 2025 - Executing "{python3 /openlane/scripts/write_runtime.py --conclude --seconds --time-in 1750104564 {flow failed}}"

Mon Jun 16 20:09:24 +0000 2025 - Executing "{python3 /openlane/scripts/generate_reports.py -d /openlane/designs/myCPU --design_name CPU_top --tag RUN_2025.06.16_20.09.15 --output_file /openlane/designs/myCPU/runs/RUN_2025.06.16_20.09.15/reports/metrics.csv --man_report /openlane/designs/myCPU/runs/RUN_2025.06.16_20.09.15/reports/manufacturability.rpt --run_path /openlane/designs/myCPU/runs/RUN_2025.06.16_20.09.15}"

