[INFO]: Run Directory: /openlane/designs/alu/runs/RUN_2025.05.03_14.12.06
[INFO]: Saving runtime environment...
[INFO]: Preparing LEF files for the nom corner...
[INFO]: Preparing LEF files for the min corner...
[INFO]: Preparing LEF files for the max corner...
[WARNING]: PNR_SDC_FILE is not set. It is recommended to write a custom SDC file for the design. Defaulting to BASE_SDC_FILE
[WARNING]: SIGNOFF_SDC_FILE is not set. It is recommended to write a custom SDC file for the design. Defaulting to BASE_SDC_FILE
[INFO]: Running linter (Verilator) (log: runs/RUN_2025.05.03_14.12.06/logs/synthesis/linter.log)...
[INFO]: 0 errors found by linter
[INFO]: 0 warnings found by linter
[INFO]: Running Synthesis (log: runs/RUN_2025.05.03_14.12.06/logs/synthesis/1-synthesis.log)...
[INFO]: Running Single-Corner Static Timing Analysis (log: runs/RUN_2025.05.03_14.12.06/logs/synthesis/2-sta.log)...
[INFO]: Running Initial Floorplanning (log: runs/RUN_2025.05.03_14.12.06/logs/floorplan/3-initial_fp.log)...
[WARNING]: Current core area is too small for the power grid settings chosen. The power grid was scaled down to an offset of 1/8 the core width and height and a pitch of 1/4 the core width and height.
[INFO]: Floorplanned with width 88.78 and height 76.16.
[INFO]: Running IO Placement (log: runs/RUN_2025.05.03_14.12.06/logs/floorplan/4-place_io.log)...
[INFO]: Running Tap/Decap Insertion (log: runs/RUN_2025.05.03_14.12.06/logs/floorplan/5-tap.log)...
[INFO]: Power planning with power {VPWR} and ground {VGND}...
[INFO]: Generating PDN (log: runs/RUN_2025.05.03_14.12.06/logs/floorplan/6-pdn.log)...
[INFO]: Running Global Placement (log: runs/RUN_2025.05.03_14.12.06/logs/placement/6-global.log)...
[INFO]: Running Single-Corner Static Timing Analysis (log: runs/RUN_2025.05.03_14.12.06/logs/placement/8-gpl_sta.log)...
[INFO]: Running Placement Resizer Design Optimizations (log: runs/RUN_2025.05.03_14.12.06/logs/placement/9-resizer.log)...
[INFO]: Running Detailed Placement (log: runs/RUN_2025.05.03_14.12.06/logs/placement/10-detailed.log)...
[INFO]: Running Single-Corner Static Timing Analysis (log: runs/RUN_2025.05.03_14.12.06/logs/placement/11-dpl_sta.log)...
[INFO]: ::env(CLOCK_PORT) is not set
[WARNING]: Skipping CTS...
[INFO]: Running Placement Resizer Timing Optimizations (log: runs/RUN_2025.05.03_14.12.06/logs/cts/12-resizer.log)...
[INFO]: Running Global Routing Resizer Design Optimizations (log: runs/RUN_2025.05.03_14.12.06/logs/routing/13-resizer_design.log)...
[INFO]: Running Single-Corner Static Timing Analysis (log: runs/RUN_2025.05.03_14.12.06/logs/routing/14-rsz_design_sta.log)...
[INFO]: Running Global Routing Resizer Timing Optimizations (log: runs/RUN_2025.05.03_14.12.06/logs/routing/15-resizer_timing.log)...
[INFO]: Running Single-Corner Static Timing Analysis (log: runs/RUN_2025.05.03_14.12.06/logs/routing/16-rsz_timing_sta.log)...
[INFO]: Running Global Routing (log: runs/RUN_2025.05.03_14.12.06/logs/routing/17-global.log)...
[INFO]: Writing Verilog (log: runs/RUN_2025.05.03_14.12.06/logs/routing/17-global_write_netlist.log)...
[INFO]: Running Single-Corner Static Timing Analysis (log: runs/RUN_2025.05.03_14.12.06/logs/routing/19-grt_sta.log)...
[INFO]: Running Fill Insertion (log: runs/RUN_2025.05.03_14.12.06/logs/routing/20-fill.log)...
[INFO]: Running Detailed Routing (log: runs/RUN_2025.05.03_14.12.06/logs/routing/21-detailed.log)...
[INFO]: No Magic DRC violations after detailed routing.
[INFO]: Checking Wire Lengths (log: runs/RUN_2025.05.03_14.12.06/logs/routing/22-wire_lengths.log)...
[INFO]: Running SPEF Extraction at the min process corner (log: runs/RUN_2025.05.03_14.12.06/logs/signoff/23-parasitics_extraction.min.log)...
[INFO]: Running Multi-Corner Static Timing Analysis at the min process corner (log: runs/RUN_2025.05.03_14.12.06/logs/signoff/24-rcx_mcsta.min.log)...
[INFO]: Running SPEF Extraction at the max process corner (log: runs/RUN_2025.05.03_14.12.06/logs/signoff/25-parasitics_extraction.max.log)...
[INFO]: Running Multi-Corner Static Timing Analysis at the max process corner (log: runs/RUN_2025.05.03_14.12.06/logs/signoff/26-rcx_mcsta.max.log)...
[INFO]: Running SPEF Extraction at the nom process corner (log: runs/RUN_2025.05.03_14.12.06/logs/signoff/27-parasitics_extraction.nom.log)...
[INFO]: Running Multi-Corner Static Timing Analysis at the nom process corner (log: runs/RUN_2025.05.03_14.12.06/logs/signoff/28-rcx_mcsta.nom.log)...
[WARNING]: VSRC_LOC_FILES was not given a value, which may make the results of IR drop analysis inaccurate. If you are not integrating a top-level chip for manufacture, you may ignore this warning, otherwise, see the documentation for VSRC_LOC_FILES.
[INFO]: Creating IR Drop Report (log: runs/RUN_2025.05.03_14.12.06/logs/signoff/29-irdrop.log)...
[INFO]: Running Magic to generate various views...
[INFO]: Streaming out GDSII with Magic (log: runs/RUN_2025.05.03_14.12.06/logs/signoff/30-gdsii.log)...
[INFO]: Generating MAGLEF views...
[INFO]: Generating lef with Magic (/openlane/designs/alu/runs/RUN_2025.05.03_14.12.06/logs/signoff/30-lef.log)...
[INFO]: Streaming out GDSII with KLayout (log: runs/RUN_2025.05.03_14.12.06/logs/signoff/31-gdsii-klayout.log)...
[INFO]: Running XOR on the layouts using KLayout (log: runs/RUN_2025.05.03_14.12.06/logs/signoff/32-xor.log)...
[INFO]: No XOR differences between KLayout and Magic gds.
[INFO]: Running Magic Spice Export from LEF (log: runs/RUN_2025.05.03_14.12.06/logs/signoff/33-spice.log)...
[INFO]: Writing Powered Verilog (logs: runs/RUN_2025.05.03_14.12.06/logs/signoff/34-write_powered_def.log, runs/RUN_2025.05.03_14.12.06/logs/signoff/34-write_powered_verilog.log)...
[INFO]: Writing Verilog (log: runs/RUN_2025.05.03_14.12.06/logs/signoff/34-write_powered_verilog.log)...
[INFO]: Running LVS (log: runs/RUN_2025.05.03_14.12.06/logs/signoff/36-lvs.lef.log)...
[INFO]: Running Magic DRC (log: runs/RUN_2025.05.03_14.12.06/logs/signoff/37-drc.log)...
[INFO]: Converting Magic DRC database to various tool-readable formats...
[INFO]: No Magic DRC violations after GDS streaming out.
[INFO]: Running KLayout DRC (log: runs/RUN_2025.05.03_14.12.06/logs/signoff/38-drc-klayout.log)...
[INFO]: No KLayout DRC violations after GDS streaming out.
[INFO]: Running OpenROAD Antenna Rule Checker (log: runs/RUN_2025.05.03_14.12.06/logs/signoff/39-arc.log)...
[INFO]: Saving current set of views in 'runs/RUN_2025.05.03_14.12.06/results/final'...
[INFO]: Saving runtime environment...
[INFO]: Generating final set of reports...
[INFO]: Created manufacturability report at 'runs/RUN_2025.05.03_14.12.06/reports/manufacturability.rpt'.
[INFO]: Created metrics report at 'runs/RUN_2025.05.03_14.12.06/reports/metrics.csv'.
[INFO]: There are no max slew, max fanout or max capacitance violations in the design at the Typical corner.
[INFO]: There are no hold violations in the design at the Typical corner.
[INFO]: There are no setup violations in the design at the Typical corner.
[SUCCESS]: Flow complete.
[INFO]: Note that the following warnings have been generated:
