
===========================================================================
report_checks -path_delay max (Setup)
============================================================================
======================= Typical Corner ===================================

Startpoint: _132_ (rising edge-triggered flip-flop clocked by clk)
Endpoint: an[1] (output port clocked by clk)
Path Group: clk
Path Type: max

Fanout     Cap    Slew   Delay    Time   Description
-----------------------------------------------------------------------------
                          0.00    0.00   clock clk (rise edge)
                          0.00    0.00   clock source latency
     1    0.01    0.05    0.04    0.04 ^ clk (in)
                                         clk (net)
                  0.05    0.00    0.04 ^ clkbuf_0_clk/A (sky130_fd_sc_hd__clkbuf_16)
     2    0.02    0.04    0.13    0.17 ^ clkbuf_0_clk/X (sky130_fd_sc_hd__clkbuf_16)
                                         clknet_0_clk (net)
                  0.04    0.00    0.17 ^ clkbuf_1_1__f_clk/A (sky130_fd_sc_hd__clkbuf_16)
    10    0.02    0.05    0.14    0.31 ^ clkbuf_1_1__f_clk/X (sky130_fd_sc_hd__clkbuf_16)
                                         clknet_1_1__leaf_clk (net)
                  0.05    0.00    0.31 ^ _132_/CLK (sky130_fd_sc_hd__dfxtp_1)
     4    0.01    0.12    0.37    0.68 ^ _132_/Q (sky130_fd_sc_hd__dfxtp_1)
                                         display.digit_select[0] (net)
                  0.12    0.00    0.68 ^ _066_/A (sky130_fd_sc_hd__inv_2)
     4    0.01    0.04    0.06    0.73 v _066_/Y (sky130_fd_sc_hd__inv_2)
                                         _031_ (net)
                  0.04    0.00    0.73 v _067_/A (sky130_fd_sc_hd__or3_1)
     1    0.00    0.06    0.37    1.10 v _067_/X (sky130_fd_sc_hd__or3_1)
                                         _032_ (net)
                  0.06    0.00    1.10 v _068_/A (sky130_fd_sc_hd__clkbuf_1)
     1    0.00    0.03    0.10    1.20 v _068_/X (sky130_fd_sc_hd__clkbuf_1)
                                         net2 (net)
                  0.03    0.00    1.20 v output2/A (sky130_fd_sc_hd__buf_2)
     1    0.03    0.09    0.18    1.38 v output2/X (sky130_fd_sc_hd__buf_2)
                                         an[1] (net)
                  0.09    0.00    1.38 v an[1] (out)
                                  1.38   data arrival time

                         10.00   10.00   clock clk (rise edge)
                          0.00   10.00   clock network delay (propagated)
                         -0.25    9.75   clock uncertainty
                          0.00    9.75   clock reconvergence pessimism
                         -2.00    7.75   output external delay
                                  7.75   data required time
-----------------------------------------------------------------------------
                                  7.75   data required time
                                 -1.38   data arrival time
-----------------------------------------------------------------------------
                                  6.37   slack (MET)


Startpoint: _133_ (rising edge-triggered flip-flop clocked by clk)
Endpoint: an[2] (output port clocked by clk)
Path Group: clk
Path Type: max

Fanout     Cap    Slew   Delay    Time   Description
-----------------------------------------------------------------------------
                          0.00    0.00   clock clk (rise edge)
                          0.00    0.00   clock source latency
     1    0.01    0.05    0.04    0.04 ^ clk (in)
                                         clk (net)
                  0.05    0.00    0.04 ^ clkbuf_0_clk/A (sky130_fd_sc_hd__clkbuf_16)
     2    0.02    0.04    0.13    0.17 ^ clkbuf_0_clk/X (sky130_fd_sc_hd__clkbuf_16)
                                         clknet_0_clk (net)
                  0.04    0.00    0.17 ^ clkbuf_1_1__f_clk/A (sky130_fd_sc_hd__clkbuf_16)
    10    0.02    0.05    0.14    0.31 ^ clkbuf_1_1__f_clk/X (sky130_fd_sc_hd__clkbuf_16)
                                         clknet_1_1__leaf_clk (net)
                  0.05    0.00    0.31 ^ _133_/CLK (sky130_fd_sc_hd__dfxtp_1)
     6    0.01    0.13    0.39    0.69 ^ _133_/Q (sky130_fd_sc_hd__dfxtp_1)
                                         display.digit_select[1] (net)
                  0.13    0.00    0.69 ^ _069_/C_N (sky130_fd_sc_hd__or3b_1)
     1    0.00    0.06    0.37    1.06 v _069_/X (sky130_fd_sc_hd__or3b_1)
                                         _033_ (net)
                  0.06    0.00    1.06 v _070_/A (sky130_fd_sc_hd__clkbuf_1)
     1    0.00    0.02    0.10    1.15 v _070_/X (sky130_fd_sc_hd__clkbuf_1)
                                         net3 (net)
                  0.02    0.00    1.15 v output3/A (sky130_fd_sc_hd__buf_2)
     1    0.03    0.09    0.18    1.33 v output3/X (sky130_fd_sc_hd__buf_2)
                                         an[2] (net)
                  0.09    0.00    1.33 v an[2] (out)
                                  1.33   data arrival time

                         10.00   10.00   clock clk (rise edge)
                          0.00   10.00   clock network delay (propagated)
                         -0.25    9.75   clock uncertainty
                          0.00    9.75   clock reconvergence pessimism
                         -2.00    7.75   output external delay
                                  7.75   data required time
-----------------------------------------------------------------------------
                                  7.75   data required time
                                 -1.33   data arrival time
-----------------------------------------------------------------------------
                                  6.42   slack (MET)


Startpoint: _132_ (rising edge-triggered flip-flop clocked by clk)
Endpoint: an[0] (output port clocked by clk)
Path Group: clk
Path Type: max

Fanout     Cap    Slew   Delay    Time   Description
-----------------------------------------------------------------------------
                          0.00    0.00   clock clk (rise edge)
                          0.00    0.00   clock source latency
     1    0.01    0.05    0.04    0.04 ^ clk (in)
                                         clk (net)
                  0.05    0.00    0.04 ^ clkbuf_0_clk/A (sky130_fd_sc_hd__clkbuf_16)
     2    0.02    0.04    0.13    0.17 ^ clkbuf_0_clk/X (sky130_fd_sc_hd__clkbuf_16)
                                         clknet_0_clk (net)
                  0.04    0.00    0.17 ^ clkbuf_1_1__f_clk/A (sky130_fd_sc_hd__clkbuf_16)
    10    0.02    0.05    0.14    0.31 ^ clkbuf_1_1__f_clk/X (sky130_fd_sc_hd__clkbuf_16)
                                         clknet_1_1__leaf_clk (net)
                  0.05    0.00    0.31 ^ _132_/CLK (sky130_fd_sc_hd__dfxtp_1)
     4    0.01    0.06    0.34    0.64 v _132_/Q (sky130_fd_sc_hd__dfxtp_1)
                                         display.digit_select[0] (net)
                  0.06    0.00    0.64 v _064_/A (sky130_fd_sc_hd__or3_1)
     1    0.00    0.06    0.38    1.02 v _064_/X (sky130_fd_sc_hd__or3_1)
                                         _030_ (net)
                  0.06    0.00    1.02 v _065_/A (sky130_fd_sc_hd__clkbuf_1)
     1    0.00    0.03    0.10    1.12 v _065_/X (sky130_fd_sc_hd__clkbuf_1)
                                         net1 (net)
                  0.03    0.00    1.12 v output1/A (sky130_fd_sc_hd__buf_2)
     1    0.03    0.09    0.18    1.30 v output1/X (sky130_fd_sc_hd__buf_2)
                                         an[0] (net)
                  0.09    0.00    1.30 v an[0] (out)
                                  1.30   data arrival time

                         10.00   10.00   clock clk (rise edge)
                          0.00   10.00   clock network delay (propagated)
                         -0.25    9.75   clock uncertainty
                          0.00    9.75   clock reconvergence pessimism
                         -2.00    7.75   output external delay
                                  7.75   data required time
-----------------------------------------------------------------------------
                                  7.75   data required time
                                 -1.30   data arrival time
-----------------------------------------------------------------------------
                                  6.45   slack (MET)


Startpoint: _133_ (rising edge-triggered flip-flop clocked by clk)
Endpoint: an[3] (output port clocked by clk)
Path Group: clk
Path Type: max

Fanout     Cap    Slew   Delay    Time   Description
-----------------------------------------------------------------------------
                          0.00    0.00   clock clk (rise edge)
                          0.00    0.00   clock source latency
     1    0.01    0.05    0.04    0.04 ^ clk (in)
                                         clk (net)
                  0.05    0.00    0.04 ^ clkbuf_0_clk/A (sky130_fd_sc_hd__clkbuf_16)
     2    0.02    0.04    0.13    0.17 ^ clkbuf_0_clk/X (sky130_fd_sc_hd__clkbuf_16)
                                         clknet_0_clk (net)
                  0.04    0.00    0.17 ^ clkbuf_1_1__f_clk/A (sky130_fd_sc_hd__clkbuf_16)
    10    0.02    0.05    0.14    0.31 ^ clkbuf_1_1__f_clk/X (sky130_fd_sc_hd__clkbuf_16)
                                         clknet_1_1__leaf_clk (net)
                  0.05    0.00    0.31 ^ _133_/CLK (sky130_fd_sc_hd__dfxtp_1)
     6    0.01    0.13    0.39    0.69 ^ _133_/Q (sky130_fd_sc_hd__dfxtp_1)
                                         display.digit_select[1] (net)
                  0.13    0.00    0.69 ^ _071_/B (sky130_fd_sc_hd__nand2_1)
     2    0.00    0.05    0.08    0.77 v _071_/Y (sky130_fd_sc_hd__nand2_1)
                                         _034_ (net)
                  0.05    0.00    0.77 v _072_/B (sky130_fd_sc_hd__or2_1)
     1    0.00    0.05    0.21    0.98 v _072_/X (sky130_fd_sc_hd__or2_1)
                                         _035_ (net)
                  0.05    0.00    0.98 v _073_/A (sky130_fd_sc_hd__clkbuf_1)
     1    0.00    0.02    0.09    1.06 v _073_/X (sky130_fd_sc_hd__clkbuf_1)
                                         net4 (net)
                  0.02    0.00    1.06 v output4/A (sky130_fd_sc_hd__buf_2)
     1    0.03    0.09    0.18    1.24 v output4/X (sky130_fd_sc_hd__buf_2)
                                         an[3] (net)
                  0.09    0.00    1.24 v an[3] (out)
                                  1.24   data arrival time

                         10.00   10.00   clock clk (rise edge)
                          0.00   10.00   clock network delay (propagated)
                         -0.25    9.75   clock uncertainty
                          0.00    9.75   clock reconvergence pessimism
                         -2.00    7.75   output external delay
                                  7.75   data required time
-----------------------------------------------------------------------------
                                  7.75   data required time
                                 -1.24   data arrival time
-----------------------------------------------------------------------------
                                  6.51   slack (MET)


Startpoint: _146_ (rising edge-triggered flip-flop clocked by clk)
Endpoint: _132_ (rising edge-triggered flip-flop clocked by clk)
Path Group: clk
Path Type: max

Fanout     Cap    Slew   Delay    Time   Description
-----------------------------------------------------------------------------
                          0.00    0.00   clock clk (rise edge)
                          0.00    0.00   clock source latency
     1    0.01    0.05    0.04    0.04 ^ clk (in)
                                         clk (net)
                  0.05    0.00    0.04 ^ clkbuf_0_clk/A (sky130_fd_sc_hd__clkbuf_16)
     2    0.02    0.04    0.13    0.17 ^ clkbuf_0_clk/X (sky130_fd_sc_hd__clkbuf_16)
                                         clknet_0_clk (net)
                  0.04    0.00    0.17 ^ clkbuf_1_0__f_clk/A (sky130_fd_sc_hd__clkbuf_16)
    10    0.03    0.05    0.14    0.31 ^ clkbuf_1_0__f_clk/X (sky130_fd_sc_hd__clkbuf_16)
                                         clknet_1_0__leaf_clk (net)
                  0.05    0.00    0.31 ^ _146_/CLK (sky130_fd_sc_hd__dfxtp_1)
     3    0.01    0.05    0.33    0.63 v _146_/Q (sky130_fd_sc_hd__dfxtp_1)
                                         display.refresh_counter[11] (net)
                  0.05    0.00    0.63 v _121_/A (sky130_fd_sc_hd__or4_1)
     1    0.00    0.07    0.52    1.16 v _121_/X (sky130_fd_sc_hd__or4_1)
                                         _022_ (net)
                  0.07    0.00    1.16 v _123_/B (sky130_fd_sc_hd__or3_1)
     4    0.01    0.09    0.41    1.56 v _123_/X (sky130_fd_sc_hd__or3_1)
                                         _024_ (net)
                  0.09    0.00    1.56 v _124_/C (sky130_fd_sc_hd__or3_1)
     2    0.00    0.08    0.35    1.91 v _124_/X (sky130_fd_sc_hd__or3_1)
                                         _025_ (net)
                  0.08    0.00    1.91 v _126_/A (sky130_fd_sc_hd__and2_1)
     1    0.00    0.03    0.15    2.06 v _126_/X (sky130_fd_sc_hd__and2_1)
                                         _027_ (net)
                  0.03    0.00    2.06 v _127_/A (sky130_fd_sc_hd__clkbuf_1)
     1    0.00    0.02    0.08    2.14 v _127_/X (sky130_fd_sc_hd__clkbuf_1)
                                         _017_ (net)
                  0.02    0.00    2.14 v _132_/D (sky130_fd_sc_hd__dfxtp_1)
                                  2.14   data arrival time

                         10.00   10.00   clock clk (rise edge)
                          0.00   10.00   clock source latency
     1    0.01    0.05    0.03   10.03 ^ clk (in)
                                         clk (net)
                  0.05    0.00   10.03 ^ clkbuf_0_clk/A (sky130_fd_sc_hd__clkbuf_16)
     2    0.02    0.04    0.12   10.15 ^ clkbuf_0_clk/X (sky130_fd_sc_hd__clkbuf_16)
                                         clknet_0_clk (net)
                  0.04    0.00   10.15 ^ clkbuf_1_1__f_clk/A (sky130_fd_sc_hd__clkbuf_16)
    10    0.02    0.05    0.12   10.28 ^ clkbuf_1_1__f_clk/X (sky130_fd_sc_hd__clkbuf_16)
                                         clknet_1_1__leaf_clk (net)
                  0.05    0.00   10.28 ^ _132_/CLK (sky130_fd_sc_hd__dfxtp_1)
                         -0.25   10.03   clock uncertainty
                          0.02   10.04   clock reconvergence pessimism
                         -0.10    9.94   library setup time
                                  9.94   data required time
-----------------------------------------------------------------------------
                                  9.94   data required time
                                 -2.14   data arrival time
-----------------------------------------------------------------------------
                                  7.80   slack (MET)


Startpoint: _146_ (rising edge-triggered flip-flop clocked by clk)
Endpoint: _133_ (rising edge-triggered flip-flop clocked by clk)
Path Group: clk
Path Type: max

Fanout     Cap    Slew   Delay    Time   Description
-----------------------------------------------------------------------------
                          0.00    0.00   clock clk (rise edge)
                          0.00    0.00   clock source latency
     1    0.01    0.05    0.04    0.04 ^ clk (in)
                                         clk (net)
                  0.05    0.00    0.04 ^ clkbuf_0_clk/A (sky130_fd_sc_hd__clkbuf_16)
     2    0.02    0.04    0.13    0.17 ^ clkbuf_0_clk/X (sky130_fd_sc_hd__clkbuf_16)
                                         clknet_0_clk (net)
                  0.04    0.00    0.17 ^ clkbuf_1_0__f_clk/A (sky130_fd_sc_hd__clkbuf_16)
    10    0.03    0.05    0.14    0.31 ^ clkbuf_1_0__f_clk/X (sky130_fd_sc_hd__clkbuf_16)
                                         clknet_1_0__leaf_clk (net)
                  0.05    0.00    0.31 ^ _146_/CLK (sky130_fd_sc_hd__dfxtp_1)
     3    0.01    0.05    0.33    0.63 v _146_/Q (sky130_fd_sc_hd__dfxtp_1)
                                         display.refresh_counter[11] (net)
                  0.05    0.00    0.63 v _121_/A (sky130_fd_sc_hd__or4_1)
     1    0.00    0.07    0.52    1.16 v _121_/X (sky130_fd_sc_hd__or4_1)
                                         _022_ (net)
                  0.07    0.00    1.16 v _123_/B (sky130_fd_sc_hd__or3_1)
     4    0.01    0.09    0.41    1.56 v _123_/X (sky130_fd_sc_hd__or3_1)
                                         _024_ (net)
                  0.09    0.00    1.56 v _128_/D (sky130_fd_sc_hd__or4_1)
     1    0.00    0.08    0.42    1.98 v _128_/X (sky130_fd_sc_hd__or4_1)
                                         _028_ (net)
                  0.08    0.00    1.98 v _129_/B1_N (sky130_fd_sc_hd__a21bo_1)
     1    0.00    0.03    0.19    2.17 ^ _129_/X (sky130_fd_sc_hd__a21bo_1)
                                         _018_ (net)
                  0.03    0.00    2.17 ^ _133_/D (sky130_fd_sc_hd__dfxtp_1)
                                  2.17   data arrival time

                         10.00   10.00   clock clk (rise edge)
                          0.00   10.00   clock source latency
     1    0.01    0.05    0.03   10.03 ^ clk (in)
                                         clk (net)
                  0.05    0.00   10.03 ^ clkbuf_0_clk/A (sky130_fd_sc_hd__clkbuf_16)
     2    0.02    0.04    0.12   10.15 ^ clkbuf_0_clk/X (sky130_fd_sc_hd__clkbuf_16)
                                         clknet_0_clk (net)
                  0.04    0.00   10.15 ^ clkbuf_1_1__f_clk/A (sky130_fd_sc_hd__clkbuf_16)
    10    0.02    0.05    0.12   10.28 ^ clkbuf_1_1__f_clk/X (sky130_fd_sc_hd__clkbuf_16)
                                         clknet_1_1__leaf_clk (net)
                  0.05    0.00   10.28 ^ _133_/CLK (sky130_fd_sc_hd__dfxtp_1)
                         -0.25   10.03   clock uncertainty
                          0.02   10.04   clock reconvergence pessimism
                         -0.05    9.99   library setup time
                                  9.99   data required time
-----------------------------------------------------------------------------
                                  9.99   data required time
                                 -2.17   data arrival time
-----------------------------------------------------------------------------
                                  7.82   slack (MET)


Startpoint: _146_ (rising edge-triggered flip-flop clocked by clk)
Endpoint: _134_ (rising edge-triggered flip-flop clocked by clk)
Path Group: clk
Path Type: max

Fanout     Cap    Slew   Delay    Time   Description
-----------------------------------------------------------------------------
                          0.00    0.00   clock clk (rise edge)
                          0.00    0.00   clock source latency
     1    0.01    0.05    0.04    0.04 ^ clk (in)
                                         clk (net)
                  0.05    0.00    0.04 ^ clkbuf_0_clk/A (sky130_fd_sc_hd__clkbuf_16)
     2    0.02    0.04    0.13    0.17 ^ clkbuf_0_clk/X (sky130_fd_sc_hd__clkbuf_16)
                                         clknet_0_clk (net)
                  0.04    0.00    0.17 ^ clkbuf_1_0__f_clk/A (sky130_fd_sc_hd__clkbuf_16)
    10    0.03    0.05    0.14    0.31 ^ clkbuf_1_0__f_clk/X (sky130_fd_sc_hd__clkbuf_16)
                                         clknet_1_0__leaf_clk (net)
                  0.05    0.00    0.31 ^ _146_/CLK (sky130_fd_sc_hd__dfxtp_1)
     3    0.01    0.05    0.33    0.63 v _146_/Q (sky130_fd_sc_hd__dfxtp_1)
                                         display.refresh_counter[11] (net)
                  0.05    0.00    0.63 v _121_/A (sky130_fd_sc_hd__or4_1)
     1    0.00    0.07    0.52    1.16 v _121_/X (sky130_fd_sc_hd__or4_1)
                                         _022_ (net)
                  0.07    0.00    1.16 v _123_/B (sky130_fd_sc_hd__or3_1)
     4    0.01    0.09    0.41    1.56 v _123_/X (sky130_fd_sc_hd__or3_1)
                                         _024_ (net)
                  0.09    0.00    1.56 v _130_/C (sky130_fd_sc_hd__or3_1)
     1    0.00    0.08    0.35    1.92 v _130_/X (sky130_fd_sc_hd__or3_1)
                                         _029_ (net)
                  0.08    0.00    1.92 v _131_/B (sky130_fd_sc_hd__xnor2_1)
     1    0.00    0.04    0.13    2.05 v _131_/Y (sky130_fd_sc_hd__xnor2_1)
                                         _019_ (net)
                  0.04    0.00    2.05 v _134_/D (sky130_fd_sc_hd__dfxtp_1)
                                  2.05   data arrival time

                         10.00   10.00   clock clk (rise edge)
                          0.00   10.00   clock source latency
     1    0.01    0.05    0.03   10.03 ^ clk (in)
                                         clk (net)
                  0.05    0.00   10.03 ^ clkbuf_0_clk/A (sky130_fd_sc_hd__clkbuf_16)
     2    0.02    0.04    0.12   10.15 ^ clkbuf_0_clk/X (sky130_fd_sc_hd__clkbuf_16)
                                         clknet_0_clk (net)
                  0.04    0.00   10.15 ^ clkbuf_1_1__f_clk/A (sky130_fd_sc_hd__clkbuf_16)
    10    0.02    0.05    0.12   10.28 ^ clkbuf_1_1__f_clk/X (sky130_fd_sc_hd__clkbuf_16)
                                         clknet_1_1__leaf_clk (net)
                  0.05    0.00   10.28 ^ _134_/CLK (sky130_fd_sc_hd__dfxtp_1)
                         -0.25   10.03   clock uncertainty
                          0.02   10.04   clock reconvergence pessimism
                         -0.11    9.93   library setup time
                                  9.93   data required time
-----------------------------------------------------------------------------
                                  9.93   data required time
                                 -2.05   data arrival time
-----------------------------------------------------------------------------
                                  7.88   slack (MET)


Startpoint: _135_ (rising edge-triggered flip-flop clocked by clk)
Endpoint: _150_ (rising edge-triggered flip-flop clocked by clk)
Path Group: clk
Path Type: max

Fanout     Cap    Slew   Delay    Time   Description
-----------------------------------------------------------------------------
                          0.00    0.00   clock clk (rise edge)
                          0.00    0.00   clock source latency
     1    0.01    0.05    0.04    0.04 ^ clk (in)
                                         clk (net)
                  0.05    0.00    0.04 ^ clkbuf_0_clk/A (sky130_fd_sc_hd__clkbuf_16)
     2    0.02    0.04    0.13    0.17 ^ clkbuf_0_clk/X (sky130_fd_sc_hd__clkbuf_16)
                                         clknet_0_clk (net)
                  0.04    0.00    0.17 ^ clkbuf_1_1__f_clk/A (sky130_fd_sc_hd__clkbuf_16)
    10    0.02    0.05    0.14    0.31 ^ clkbuf_1_1__f_clk/X (sky130_fd_sc_hd__clkbuf_16)
                                         clknet_1_1__leaf_clk (net)
                  0.05    0.00    0.31 ^ _135_/CLK (sky130_fd_sc_hd__dfxtp_1)
     5    0.01    0.14    0.39    0.70 ^ _135_/Q (sky130_fd_sc_hd__dfxtp_1)
                                         display.refresh_counter[0] (net)
                  0.14    0.00    0.70 ^ _080_/B (sky130_fd_sc_hd__and4_1)
     1    0.00    0.05    0.20    0.90 ^ _080_/X (sky130_fd_sc_hd__and4_1)
                                         _039_ (net)
                  0.05    0.00    0.90 ^ _081_/A (sky130_fd_sc_hd__clkbuf_2)
     8    0.02    0.12    0.17    1.07 ^ _081_/X (sky130_fd_sc_hd__clkbuf_2)
                                         _040_ (net)
                  0.12    0.00    1.07 ^ _105_/A (sky130_fd_sc_hd__and3_1)
     5    0.01    0.14    0.24    1.32 ^ _105_/X (sky130_fd_sc_hd__and3_1)
                                         _055_ (net)
                  0.14    0.00    1.32 ^ _113_/C (sky130_fd_sc_hd__and4_1)
     2    0.01    0.10    0.25    1.56 ^ _113_/X (sky130_fd_sc_hd__and4_1)
                                         _060_ (net)
                  0.10    0.00    1.56 ^ _115_/A_N (sky130_fd_sc_hd__and2b_1)
     1    0.00    0.03    0.19    1.75 v _115_/X (sky130_fd_sc_hd__and2b_1)
                                         _062_ (net)
                  0.03    0.00    1.75 v _116_/A (sky130_fd_sc_hd__clkbuf_1)
     1    0.00    0.02    0.08    1.83 v _116_/X (sky130_fd_sc_hd__clkbuf_1)
                                         _006_ (net)
                  0.02    0.00    1.83 v _150_/D (sky130_fd_sc_hd__dfxtp_1)
                                  1.83   data arrival time

                         10.00   10.00   clock clk (rise edge)
                          0.00   10.00   clock source latency
     1    0.01    0.05    0.03   10.03 ^ clk (in)
                                         clk (net)
                  0.05    0.00   10.03 ^ clkbuf_0_clk/A (sky130_fd_sc_hd__clkbuf_16)
     2    0.02    0.04    0.12   10.15 ^ clkbuf_0_clk/X (sky130_fd_sc_hd__clkbuf_16)
                                         clknet_0_clk (net)
                  0.04    0.00   10.15 ^ clkbuf_1_0__f_clk/A (sky130_fd_sc_hd__clkbuf_16)
    10    0.03    0.05    0.12   10.28 ^ clkbuf_1_0__f_clk/X (sky130_fd_sc_hd__clkbuf_16)
                                         clknet_1_0__leaf_clk (net)
                  0.05    0.00   10.28 ^ _150_/CLK (sky130_fd_sc_hd__dfxtp_1)
                         -0.25   10.03   clock uncertainty
                          0.02   10.04   clock reconvergence pessimism
                         -0.10    9.94   library setup time
                                  9.94   data required time
-----------------------------------------------------------------------------
                                  9.94   data required time
                                 -1.83   data arrival time
-----------------------------------------------------------------------------
                                  8.11   slack (MET)


Startpoint: _135_ (rising edge-triggered flip-flop clocked by clk)
Endpoint: _144_ (rising edge-triggered flip-flop clocked by clk)
Path Group: clk
Path Type: max

Fanout     Cap    Slew   Delay    Time   Description
-----------------------------------------------------------------------------
                          0.00    0.00   clock clk (rise edge)
                          0.00    0.00   clock source latency
     1    0.01    0.05    0.04    0.04 ^ clk (in)
                                         clk (net)
                  0.05    0.00    0.04 ^ clkbuf_0_clk/A (sky130_fd_sc_hd__clkbuf_16)
     2    0.02    0.04    0.13    0.17 ^ clkbuf_0_clk/X (sky130_fd_sc_hd__clkbuf_16)
                                         clknet_0_clk (net)
                  0.04    0.00    0.17 ^ clkbuf_1_1__f_clk/A (sky130_fd_sc_hd__clkbuf_16)
    10    0.02    0.05    0.14    0.31 ^ clkbuf_1_1__f_clk/X (sky130_fd_sc_hd__clkbuf_16)
                                         clknet_1_1__leaf_clk (net)
                  0.05    0.00    0.31 ^ _135_/CLK (sky130_fd_sc_hd__dfxtp_1)
     5    0.01    0.14    0.39    0.70 ^ _135_/Q (sky130_fd_sc_hd__dfxtp_1)
                                         display.refresh_counter[0] (net)
                  0.14    0.00    0.70 ^ _080_/B (sky130_fd_sc_hd__and4_1)
     1    0.00    0.05    0.20    0.90 ^ _080_/X (sky130_fd_sc_hd__and4_1)
                                         _039_ (net)
                  0.05    0.00    0.90 ^ _081_/A (sky130_fd_sc_hd__clkbuf_2)
     8    0.02    0.12    0.17    1.07 ^ _081_/X (sky130_fd_sc_hd__clkbuf_2)
                                         _040_ (net)
                  0.12    0.00    1.07 ^ _094_/A (sky130_fd_sc_hd__and2_1)
     4    0.01    0.13    0.21    1.28 ^ _094_/X (sky130_fd_sc_hd__and2_1)
                                         _049_ (net)
                  0.13    0.00    1.28 ^ _097_/C (sky130_fd_sc_hd__and3_1)
     2    0.01    0.08    0.21    1.49 ^ _097_/X (sky130_fd_sc_hd__and3_1)
                                         _050_ (net)
                  0.08    0.00    1.49 ^ _099_/A_N (sky130_fd_sc_hd__and2b_1)
     1    0.00    0.03    0.19    1.67 v _099_/X (sky130_fd_sc_hd__and2b_1)
                                         _052_ (net)
                  0.03    0.00    1.67 v _100_/A (sky130_fd_sc_hd__clkbuf_1)
     1    0.00    0.02    0.08    1.75 v _100_/X (sky130_fd_sc_hd__clkbuf_1)
                                         _016_ (net)
                  0.02    0.00    1.75 v _144_/D (sky130_fd_sc_hd__dfxtp_1)
                                  1.75   data arrival time

                         10.00   10.00   clock clk (rise edge)
                          0.00   10.00   clock source latency
     1    0.01    0.05    0.03   10.03 ^ clk (in)
                                         clk (net)
                  0.05    0.00   10.03 ^ clkbuf_0_clk/A (sky130_fd_sc_hd__clkbuf_16)
     2    0.02    0.04    0.12   10.15 ^ clkbuf_0_clk/X (sky130_fd_sc_hd__clkbuf_16)
                                         clknet_0_clk (net)
                  0.04    0.00   10.15 ^ clkbuf_1_0__f_clk/A (sky130_fd_sc_hd__clkbuf_16)
    10    0.03    0.05    0.12   10.28 ^ clkbuf_1_0__f_clk/X (sky130_fd_sc_hd__clkbuf_16)
                                         clknet_1_0__leaf_clk (net)
                  0.05    0.00   10.28 ^ _144_/CLK (sky130_fd_sc_hd__dfxtp_1)
                         -0.25   10.03   clock uncertainty
                          0.02   10.04   clock reconvergence pessimism
                         -0.10    9.94   library setup time
                                  9.94   data required time
-----------------------------------------------------------------------------
                                  9.94   data required time
                                 -1.75   data arrival time
-----------------------------------------------------------------------------
                                  8.19   slack (MET)


Startpoint: _135_ (rising edge-triggered flip-flop clocked by clk)
Endpoint: _151_ (rising edge-triggered flip-flop clocked by clk)
Path Group: clk
Path Type: max

Fanout     Cap    Slew   Delay    Time   Description
-----------------------------------------------------------------------------
                          0.00    0.00   clock clk (rise edge)
                          0.00    0.00   clock source latency
     1    0.01    0.05    0.04    0.04 ^ clk (in)
                                         clk (net)
                  0.05    0.00    0.04 ^ clkbuf_0_clk/A (sky130_fd_sc_hd__clkbuf_16)
     2    0.02    0.04    0.13    0.17 ^ clkbuf_0_clk/X (sky130_fd_sc_hd__clkbuf_16)
                                         clknet_0_clk (net)
                  0.04    0.00    0.17 ^ clkbuf_1_1__f_clk/A (sky130_fd_sc_hd__clkbuf_16)
    10    0.02    0.05    0.14    0.31 ^ clkbuf_1_1__f_clk/X (sky130_fd_sc_hd__clkbuf_16)
                                         clknet_1_1__leaf_clk (net)
                  0.05    0.00    0.31 ^ _135_/CLK (sky130_fd_sc_hd__dfxtp_1)
     5    0.01    0.14    0.39    0.70 ^ _135_/Q (sky130_fd_sc_hd__dfxtp_1)
                                         display.refresh_counter[0] (net)
                  0.14    0.00    0.70 ^ _080_/B (sky130_fd_sc_hd__and4_1)
     1    0.00    0.05    0.20    0.90 ^ _080_/X (sky130_fd_sc_hd__and4_1)
                                         _039_ (net)
                  0.05    0.00    0.90 ^ _081_/A (sky130_fd_sc_hd__clkbuf_2)
     8    0.02    0.12    0.17    1.07 ^ _081_/X (sky130_fd_sc_hd__clkbuf_2)
                                         _040_ (net)
                  0.12    0.00    1.07 ^ _105_/A (sky130_fd_sc_hd__and3_1)
     5    0.01    0.14    0.24    1.32 ^ _105_/X (sky130_fd_sc_hd__and3_1)
                                         _055_ (net)
                  0.14    0.00    1.32 ^ _113_/C (sky130_fd_sc_hd__and4_1)
     2    0.01    0.10    0.25    1.56 ^ _113_/X (sky130_fd_sc_hd__and4_1)
                                         _060_ (net)
                  0.10    0.00    1.56 ^ _117_/B (sky130_fd_sc_hd__xor2_1)
     1    0.00    0.10    0.14    1.70 ^ _117_/X (sky130_fd_sc_hd__xor2_1)
                                         _007_ (net)
                  0.10    0.00    1.70 ^ _151_/D (sky130_fd_sc_hd__dfxtp_1)
                                  1.70   data arrival time

                         10.00   10.00   clock clk (rise edge)
                          0.00   10.00   clock source latency
     1    0.01    0.05    0.03   10.03 ^ clk (in)
                                         clk (net)
                  0.05    0.00   10.03 ^ clkbuf_0_clk/A (sky130_fd_sc_hd__clkbuf_16)
     2    0.02    0.04    0.12   10.15 ^ clkbuf_0_clk/X (sky130_fd_sc_hd__clkbuf_16)
                                         clknet_0_clk (net)
                  0.04    0.00   10.15 ^ clkbuf_1_0__f_clk/A (sky130_fd_sc_hd__clkbuf_16)
    10    0.03    0.05    0.12   10.28 ^ clkbuf_1_0__f_clk/X (sky130_fd_sc_hd__clkbuf_16)
                                         clknet_1_0__leaf_clk (net)
                  0.05    0.00   10.28 ^ _151_/CLK (sky130_fd_sc_hd__dfxtp_1)
                         -0.25   10.03   clock uncertainty
                          0.02   10.04   clock reconvergence pessimism
                         -0.07    9.98   library setup time
                                  9.98   data required time
-----------------------------------------------------------------------------
                                  9.98   data required time
                                 -1.70   data arrival time
-----------------------------------------------------------------------------
                                  8.27   slack (MET)


Startpoint: _135_ (rising edge-triggered flip-flop clocked by clk)
Endpoint: _146_ (rising edge-triggered flip-flop clocked by clk)
Path Group: clk
Path Type: max

Fanout     Cap    Slew   Delay    Time   Description
-----------------------------------------------------------------------------
                          0.00    0.00   clock clk (rise edge)
                          0.00    0.00   clock source latency
     1    0.01    0.05    0.04    0.04 ^ clk (in)
                                         clk (net)
                  0.05    0.00    0.04 ^ clkbuf_0_clk/A (sky130_fd_sc_hd__clkbuf_16)
     2    0.02    0.04    0.13    0.17 ^ clkbuf_0_clk/X (sky130_fd_sc_hd__clkbuf_16)
                                         clknet_0_clk (net)
                  0.04    0.00    0.17 ^ clkbuf_1_1__f_clk/A (sky130_fd_sc_hd__clkbuf_16)
    10    0.02    0.05    0.14    0.31 ^ clkbuf_1_1__f_clk/X (sky130_fd_sc_hd__clkbuf_16)
                                         clknet_1_1__leaf_clk (net)
                  0.05    0.00    0.31 ^ _135_/CLK (sky130_fd_sc_hd__dfxtp_1)
     5    0.01    0.14    0.39    0.70 ^ _135_/Q (sky130_fd_sc_hd__dfxtp_1)
                                         display.refresh_counter[0] (net)
                  0.14    0.00    0.70 ^ _080_/B (sky130_fd_sc_hd__and4_1)
     1    0.00    0.05    0.20    0.90 ^ _080_/X (sky130_fd_sc_hd__and4_1)
                                         _039_ (net)
                  0.05    0.00    0.90 ^ _081_/A (sky130_fd_sc_hd__clkbuf_2)
     8    0.02    0.12    0.17    1.07 ^ _081_/X (sky130_fd_sc_hd__clkbuf_2)
                                         _040_ (net)
                  0.12    0.00    1.07 ^ _094_/A (sky130_fd_sc_hd__and2_1)
     4    0.01    0.13    0.21    1.28 ^ _094_/X (sky130_fd_sc_hd__and2_1)
                                         _049_ (net)
                  0.13    0.00    1.28 ^ _102_/D (sky130_fd_sc_hd__and4_1)
     1    0.00    0.07    0.23    1.51 ^ _102_/X (sky130_fd_sc_hd__and4_1)
                                         _053_ (net)
                  0.07    0.00    1.51 ^ _103_/B (sky130_fd_sc_hd__xor2_1)
     1    0.00    0.10    0.14    1.64 ^ _103_/X (sky130_fd_sc_hd__xor2_1)
                                         _002_ (net)
                  0.10    0.00    1.64 ^ _146_/D (sky130_fd_sc_hd__dfxtp_1)
                                  1.64   data arrival time

                         10.00   10.00   clock clk (rise edge)
                          0.00   10.00   clock source latency
     1    0.01    0.05    0.03   10.03 ^ clk (in)
                                         clk (net)
                  0.05    0.00   10.03 ^ clkbuf_0_clk/A (sky130_fd_sc_hd__clkbuf_16)
     2    0.02    0.04    0.12   10.15 ^ clkbuf_0_clk/X (sky130_fd_sc_hd__clkbuf_16)
                                         clknet_0_clk (net)
                  0.04    0.00   10.15 ^ clkbuf_1_0__f_clk/A (sky130_fd_sc_hd__clkbuf_16)
    10    0.03    0.05    0.12   10.28 ^ clkbuf_1_0__f_clk/X (sky130_fd_sc_hd__clkbuf_16)
                                         clknet_1_0__leaf_clk (net)
                  0.05    0.00   10.28 ^ _146_/CLK (sky130_fd_sc_hd__dfxtp_1)
                         -0.25   10.03   clock uncertainty
                          0.02   10.04   clock reconvergence pessimism
                         -0.07    9.98   library setup time
                                  9.98   data required time
-----------------------------------------------------------------------------
                                  9.98   data required time
                                 -1.64   data arrival time
-----------------------------------------------------------------------------
                                  8.33   slack (MET)


Startpoint: _135_ (rising edge-triggered flip-flop clocked by clk)
Endpoint: _149_ (rising edge-triggered flip-flop clocked by clk)
Path Group: clk
Path Type: max

Fanout     Cap    Slew   Delay    Time   Description
-----------------------------------------------------------------------------
                          0.00    0.00   clock clk (rise edge)
                          0.00    0.00   clock source latency
     1    0.01    0.05    0.04    0.04 ^ clk (in)
                                         clk (net)
                  0.05    0.00    0.04 ^ clkbuf_0_clk/A (sky130_fd_sc_hd__clkbuf_16)
     2    0.02    0.04    0.13    0.17 ^ clkbuf_0_clk/X (sky130_fd_sc_hd__clkbuf_16)
                                         clknet_0_clk (net)
                  0.04    0.00    0.17 ^ clkbuf_1_1__f_clk/A (sky130_fd_sc_hd__clkbuf_16)
    10    0.02    0.05    0.14    0.31 ^ clkbuf_1_1__f_clk/X (sky130_fd_sc_hd__clkbuf_16)
                                         clknet_1_1__leaf_clk (net)
                  0.05    0.00    0.31 ^ _135_/CLK (sky130_fd_sc_hd__dfxtp_1)
     5    0.01    0.14    0.39    0.70 ^ _135_/Q (sky130_fd_sc_hd__dfxtp_1)
                                         display.refresh_counter[0] (net)
                  0.14    0.00    0.70 ^ _080_/B (sky130_fd_sc_hd__and4_1)
     1    0.00    0.05    0.20    0.90 ^ _080_/X (sky130_fd_sc_hd__and4_1)
                                         _039_ (net)
                  0.05    0.00    0.90 ^ _081_/A (sky130_fd_sc_hd__clkbuf_2)
     8    0.02    0.12    0.17    1.07 ^ _081_/X (sky130_fd_sc_hd__clkbuf_2)
                                         _040_ (net)
                  0.12    0.00    1.07 ^ _105_/A (sky130_fd_sc_hd__and3_1)
     5    0.01    0.14    0.24    1.32 ^ _105_/X (sky130_fd_sc_hd__and3_1)
                                         _055_ (net)
                  0.14    0.00    1.32 ^ _109_/C (sky130_fd_sc_hd__nand3_1)
     2    0.01    0.10    0.13    1.45 v _109_/Y (sky130_fd_sc_hd__nand3_1)
                                         _058_ (net)
                  0.10    0.00    1.45 v _111_/B (sky130_fd_sc_hd__xnor2_1)
     1    0.00    0.04    0.14    1.59 v _111_/Y (sky130_fd_sc_hd__xnor2_1)
                                         _005_ (net)
                  0.04    0.00    1.59 v _149_/D (sky130_fd_sc_hd__dfxtp_1)
                                  1.59   data arrival time

                         10.00   10.00   clock clk (rise edge)
                          0.00   10.00   clock source latency
     1    0.01    0.05    0.03   10.03 ^ clk (in)
                                         clk (net)
                  0.05    0.00   10.03 ^ clkbuf_0_clk/A (sky130_fd_sc_hd__clkbuf_16)
     2    0.02    0.04    0.12   10.15 ^ clkbuf_0_clk/X (sky130_fd_sc_hd__clkbuf_16)
                                         clknet_0_clk (net)
                  0.04    0.00   10.15 ^ clkbuf_1_0__f_clk/A (sky130_fd_sc_hd__clkbuf_16)
    10    0.03    0.05    0.12   10.28 ^ clkbuf_1_0__f_clk/X (sky130_fd_sc_hd__clkbuf_16)
                                         clknet_1_0__leaf_clk (net)
                  0.05    0.00   10.28 ^ _149_/CLK (sky130_fd_sc_hd__dfxtp_1)
                         -0.25   10.03   clock uncertainty
                          0.02   10.04   clock reconvergence pessimism
                         -0.11    9.93   library setup time
                                  9.93   data required time
-----------------------------------------------------------------------------
                                  9.93   data required time
                                 -1.59   data arrival time
-----------------------------------------------------------------------------
                                  8.34   slack (MET)


Startpoint: _135_ (rising edge-triggered flip-flop clocked by clk)
Endpoint: _145_ (rising edge-triggered flip-flop clocked by clk)
Path Group: clk
Path Type: max

Fanout     Cap    Slew   Delay    Time   Description
-----------------------------------------------------------------------------
                          0.00    0.00   clock clk (rise edge)
                          0.00    0.00   clock source latency
     1    0.01    0.05    0.04    0.04 ^ clk (in)
                                         clk (net)
                  0.05    0.00    0.04 ^ clkbuf_0_clk/A (sky130_fd_sc_hd__clkbuf_16)
     2    0.02    0.04    0.13    0.17 ^ clkbuf_0_clk/X (sky130_fd_sc_hd__clkbuf_16)
                                         clknet_0_clk (net)
                  0.04    0.00    0.17 ^ clkbuf_1_1__f_clk/A (sky130_fd_sc_hd__clkbuf_16)
    10    0.02    0.05    0.14    0.31 ^ clkbuf_1_1__f_clk/X (sky130_fd_sc_hd__clkbuf_16)
                                         clknet_1_1__leaf_clk (net)
                  0.05    0.00    0.31 ^ _135_/CLK (sky130_fd_sc_hd__dfxtp_1)
     5    0.01    0.14    0.39    0.70 ^ _135_/Q (sky130_fd_sc_hd__dfxtp_1)
                                         display.refresh_counter[0] (net)
                  0.14    0.00    0.70 ^ _080_/B (sky130_fd_sc_hd__and4_1)
     1    0.00    0.05    0.20    0.90 ^ _080_/X (sky130_fd_sc_hd__and4_1)
                                         _039_ (net)
                  0.05    0.00    0.90 ^ _081_/A (sky130_fd_sc_hd__clkbuf_2)
     8    0.02    0.12    0.17    1.07 ^ _081_/X (sky130_fd_sc_hd__clkbuf_2)
                                         _040_ (net)
                  0.12    0.00    1.07 ^ _094_/A (sky130_fd_sc_hd__and2_1)
     4    0.01    0.13    0.21    1.28 ^ _094_/X (sky130_fd_sc_hd__and2_1)
                                         _049_ (net)
                  0.13    0.00    1.28 ^ _097_/C (sky130_fd_sc_hd__and3_1)
     2    0.01    0.08    0.21    1.49 ^ _097_/X (sky130_fd_sc_hd__and3_1)
                                         _050_ (net)
                  0.08    0.00    1.49 ^ _101_/B (sky130_fd_sc_hd__xor2_1)
     1    0.00    0.10    0.14    1.62 ^ _101_/X (sky130_fd_sc_hd__xor2_1)
                                         _001_ (net)
                  0.10    0.00    1.62 ^ _145_/D (sky130_fd_sc_hd__dfxtp_1)
                                  1.62   data arrival time

                         10.00   10.00   clock clk (rise edge)
                          0.00   10.00   clock source latency
     1    0.01    0.05    0.03   10.03 ^ clk (in)
                                         clk (net)
                  0.05    0.00   10.03 ^ clkbuf_0_clk/A (sky130_fd_sc_hd__clkbuf_16)
     2    0.02    0.04    0.12   10.15 ^ clkbuf_0_clk/X (sky130_fd_sc_hd__clkbuf_16)
                                         clknet_0_clk (net)
                  0.04    0.00   10.15 ^ clkbuf_1_0__f_clk/A (sky130_fd_sc_hd__clkbuf_16)
    10    0.03    0.05    0.12   10.28 ^ clkbuf_1_0__f_clk/X (sky130_fd_sc_hd__clkbuf_16)
                                         clknet_1_0__leaf_clk (net)
                  0.05    0.00   10.28 ^ _145_/CLK (sky130_fd_sc_hd__dfxtp_1)
                         -0.25   10.03   clock uncertainty
                          0.02   10.04   clock reconvergence pessimism
                         -0.07    9.98   library setup time
                                  9.98   data required time
-----------------------------------------------------------------------------
                                  9.98   data required time
                                 -1.62   data arrival time
-----------------------------------------------------------------------------
                                  8.35   slack (MET)


Startpoint: _135_ (rising edge-triggered flip-flop clocked by clk)
Endpoint: _148_ (rising edge-triggered flip-flop clocked by clk)
Path Group: clk
Path Type: max

Fanout     Cap    Slew   Delay    Time   Description
-----------------------------------------------------------------------------
                          0.00    0.00   clock clk (rise edge)
                          0.00    0.00   clock source latency
     1    0.01    0.05    0.04    0.04 ^ clk (in)
                                         clk (net)
                  0.05    0.00    0.04 ^ clkbuf_0_clk/A (sky130_fd_sc_hd__clkbuf_16)
     2    0.02    0.04    0.13    0.17 ^ clkbuf_0_clk/X (sky130_fd_sc_hd__clkbuf_16)
                                         clknet_0_clk (net)
                  0.04    0.00    0.17 ^ clkbuf_1_1__f_clk/A (sky130_fd_sc_hd__clkbuf_16)
    10    0.02    0.05    0.14    0.31 ^ clkbuf_1_1__f_clk/X (sky130_fd_sc_hd__clkbuf_16)
                                         clknet_1_1__leaf_clk (net)
                  0.05    0.00    0.31 ^ _135_/CLK (sky130_fd_sc_hd__dfxtp_1)
     5    0.01    0.14    0.39    0.70 ^ _135_/Q (sky130_fd_sc_hd__dfxtp_1)
                                         display.refresh_counter[0] (net)
                  0.14    0.00    0.70 ^ _080_/B (sky130_fd_sc_hd__and4_1)
     1    0.00    0.05    0.20    0.90 ^ _080_/X (sky130_fd_sc_hd__and4_1)
                                         _039_ (net)
                  0.05    0.00    0.90 ^ _081_/A (sky130_fd_sc_hd__clkbuf_2)
     8    0.02    0.12    0.17    1.07 ^ _081_/X (sky130_fd_sc_hd__clkbuf_2)
                                         _040_ (net)
                  0.12    0.00    1.07 ^ _105_/A (sky130_fd_sc_hd__and3_1)
     5    0.01    0.14    0.24    1.32 ^ _105_/X (sky130_fd_sc_hd__and3_1)
                                         _055_ (net)
                  0.14    0.00    1.32 ^ _109_/C (sky130_fd_sc_hd__nand3_1)
     2    0.01    0.10    0.13    1.45 v _109_/Y (sky130_fd_sc_hd__nand3_1)
                                         _058_ (net)
                  0.10    0.00    1.45 v _110_/B1 (sky130_fd_sc_hd__o21a_1)
     1    0.00    0.03    0.12    1.57 v _110_/X (sky130_fd_sc_hd__o21a_1)
                                         _004_ (net)
                  0.03    0.00    1.57 v _148_/D (sky130_fd_sc_hd__dfxtp_1)
                                  1.57   data arrival time

                         10.00   10.00   clock clk (rise edge)
                          0.00   10.00   clock source latency
     1    0.01    0.05    0.03   10.03 ^ clk (in)
                                         clk (net)
                  0.05    0.00   10.03 ^ clkbuf_0_clk/A (sky130_fd_sc_hd__clkbuf_16)
     2    0.02    0.04    0.12   10.15 ^ clkbuf_0_clk/X (sky130_fd_sc_hd__clkbuf_16)
                                         clknet_0_clk (net)
                  0.04    0.00   10.15 ^ clkbuf_1_0__f_clk/A (sky130_fd_sc_hd__clkbuf_16)
    10    0.03    0.05    0.12   10.28 ^ clkbuf_1_0__f_clk/X (sky130_fd_sc_hd__clkbuf_16)
                                         clknet_1_0__leaf_clk (net)
                  0.05    0.00   10.28 ^ _148_/CLK (sky130_fd_sc_hd__dfxtp_1)
                         -0.25   10.03   clock uncertainty
                          0.02   10.04   clock reconvergence pessimism
                         -0.10    9.94   library setup time
                                  9.94   data required time
-----------------------------------------------------------------------------
                                  9.94   data required time
                                 -1.57   data arrival time
-----------------------------------------------------------------------------
                                  8.37   slack (MET)


Startpoint: _135_ (rising edge-triggered flip-flop clocked by clk)
Endpoint: _141_ (rising edge-triggered flip-flop clocked by clk)
Path Group: clk
Path Type: max

Fanout     Cap    Slew   Delay    Time   Description
-----------------------------------------------------------------------------
                          0.00    0.00   clock clk (rise edge)
                          0.00    0.00   clock source latency
     1    0.01    0.05    0.04    0.04 ^ clk (in)
                                         clk (net)
                  0.05    0.00    0.04 ^ clkbuf_0_clk/A (sky130_fd_sc_hd__clkbuf_16)
     2    0.02    0.04    0.13    0.17 ^ clkbuf_0_clk/X (sky130_fd_sc_hd__clkbuf_16)
                                         clknet_0_clk (net)
                  0.04    0.00    0.17 ^ clkbuf_1_1__f_clk/A (sky130_fd_sc_hd__clkbuf_16)
    10    0.02    0.05    0.14    0.31 ^ clkbuf_1_1__f_clk/X (sky130_fd_sc_hd__clkbuf_16)
                                         clknet_1_1__leaf_clk (net)
                  0.05    0.00    0.31 ^ _135_/CLK (sky130_fd_sc_hd__dfxtp_1)
     5    0.01    0.14    0.39    0.70 ^ _135_/Q (sky130_fd_sc_hd__dfxtp_1)
                                         display.refresh_counter[0] (net)
                  0.14    0.00    0.70 ^ _080_/B (sky130_fd_sc_hd__and4_1)
     1    0.00    0.05    0.20    0.90 ^ _080_/X (sky130_fd_sc_hd__and4_1)
                                         _039_ (net)
                  0.05    0.00    0.90 ^ _081_/A (sky130_fd_sc_hd__clkbuf_2)
     8    0.02    0.12    0.17    1.07 ^ _081_/X (sky130_fd_sc_hd__clkbuf_2)
                                         _040_ (net)
                  0.12    0.00    1.07 ^ _088_/D (sky130_fd_sc_hd__and4_1)
     2    0.00    0.07    0.23    1.30 ^ _088_/X (sky130_fd_sc_hd__and4_1)
                                         _044_ (net)
                  0.07    0.00    1.30 ^ _090_/A_N (sky130_fd_sc_hd__and2b_1)
     1    0.00    0.03    0.18    1.48 v _090_/X (sky130_fd_sc_hd__and2b_1)
                                         _046_ (net)
                  0.03    0.00    1.48 v _091_/A (sky130_fd_sc_hd__clkbuf_1)
     1    0.00    0.02    0.08    1.56 v _091_/X (sky130_fd_sc_hd__clkbuf_1)
                                         _013_ (net)
                  0.02    0.00    1.56 v _141_/D (sky130_fd_sc_hd__dfxtp_1)
                                  1.56   data arrival time

                         10.00   10.00   clock clk (rise edge)
                          0.00   10.00   clock source latency
     1    0.01    0.05    0.03   10.03 ^ clk (in)
                                         clk (net)
                  0.05    0.00   10.03 ^ clkbuf_0_clk/A (sky130_fd_sc_hd__clkbuf_16)
     2    0.02    0.04    0.12   10.15 ^ clkbuf_0_clk/X (sky130_fd_sc_hd__clkbuf_16)
                                         clknet_0_clk (net)
                  0.04    0.00   10.15 ^ clkbuf_1_1__f_clk/A (sky130_fd_sc_hd__clkbuf_16)
    10    0.02    0.05    0.12   10.28 ^ clkbuf_1_1__f_clk/X (sky130_fd_sc_hd__clkbuf_16)
                                         clknet_1_1__leaf_clk (net)
                  0.05    0.00   10.28 ^ _141_/CLK (sky130_fd_sc_hd__dfxtp_1)
                         -0.25   10.03   clock uncertainty
                          0.03   10.06   clock reconvergence pessimism
                         -0.10    9.96   library setup time
                                  9.96   data required time
-----------------------------------------------------------------------------
                                  9.96   data required time
                                 -1.56   data arrival time
-----------------------------------------------------------------------------
                                  8.40   slack (MET)


Startpoint: _135_ (rising edge-triggered flip-flop clocked by clk)
Endpoint: _147_ (rising edge-triggered flip-flop clocked by clk)
Path Group: clk
Path Type: max

Fanout     Cap    Slew   Delay    Time   Description
-----------------------------------------------------------------------------
                          0.00    0.00   clock clk (rise edge)
                          0.00    0.00   clock source latency
     1    0.01    0.05    0.04    0.04 ^ clk (in)
                                         clk (net)
                  0.05    0.00    0.04 ^ clkbuf_0_clk/A (sky130_fd_sc_hd__clkbuf_16)
     2    0.02    0.04    0.13    0.17 ^ clkbuf_0_clk/X (sky130_fd_sc_hd__clkbuf_16)
                                         clknet_0_clk (net)
                  0.04    0.00    0.17 ^ clkbuf_1_1__f_clk/A (sky130_fd_sc_hd__clkbuf_16)
    10    0.02    0.05    0.14    0.31 ^ clkbuf_1_1__f_clk/X (sky130_fd_sc_hd__clkbuf_16)
                                         clknet_1_1__leaf_clk (net)
                  0.05    0.00    0.31 ^ _135_/CLK (sky130_fd_sc_hd__dfxtp_1)
     5    0.01    0.14    0.39    0.70 ^ _135_/Q (sky130_fd_sc_hd__dfxtp_1)
                                         display.refresh_counter[0] (net)
                  0.14    0.00    0.70 ^ _080_/B (sky130_fd_sc_hd__and4_1)
     1    0.00    0.05    0.20    0.90 ^ _080_/X (sky130_fd_sc_hd__and4_1)
                                         _039_ (net)
                  0.05    0.00    0.90 ^ _081_/A (sky130_fd_sc_hd__clkbuf_2)
     8    0.02    0.12    0.17    1.07 ^ _081_/X (sky130_fd_sc_hd__clkbuf_2)
                                         _040_ (net)
                  0.12    0.00    1.07 ^ _105_/A (sky130_fd_sc_hd__and3_1)
     5    0.01    0.14    0.24    1.32 ^ _105_/X (sky130_fd_sc_hd__and3_1)
                                         _055_ (net)
                  0.14    0.00    1.32 ^ _106_/B (sky130_fd_sc_hd__and2_1)
     2    0.01    0.07    0.17    1.48 ^ _106_/X (sky130_fd_sc_hd__and2_1)
                                         _056_ (net)
                  0.07    0.00    1.48 ^ _108_/A (sky130_fd_sc_hd__nor2_1)
     1    0.00    0.03    0.05    1.53 v _108_/Y (sky130_fd_sc_hd__nor2_1)
                                         _003_ (net)
                  0.03    0.00    1.53 v _147_/D (sky130_fd_sc_hd__dfxtp_1)
                                  1.53   data arrival time

                         10.00   10.00   clock clk (rise edge)
                          0.00   10.00   clock source latency
     1    0.01    0.05    0.03   10.03 ^ clk (in)
                                         clk (net)
                  0.05    0.00   10.03 ^ clkbuf_0_clk/A (sky130_fd_sc_hd__clkbuf_16)
     2    0.02    0.04    0.12   10.15 ^ clkbuf_0_clk/X (sky130_fd_sc_hd__clkbuf_16)
                                         clknet_0_clk (net)
                  0.04    0.00   10.15 ^ clkbuf_1_0__f_clk/A (sky130_fd_sc_hd__clkbuf_16)
    10    0.03    0.05    0.12   10.28 ^ clkbuf_1_0__f_clk/X (sky130_fd_sc_hd__clkbuf_16)
                                         clknet_1_0__leaf_clk (net)
                  0.05    0.00   10.28 ^ _147_/CLK (sky130_fd_sc_hd__dfxtp_1)
                         -0.25   10.03   clock uncertainty
                          0.02   10.04   clock reconvergence pessimism
                         -0.10    9.94   library setup time
                                  9.94   data required time
-----------------------------------------------------------------------------
                                  9.94   data required time
                                 -1.53   data arrival time
-----------------------------------------------------------------------------
                                  8.41   slack (MET)


Startpoint: _135_ (rising edge-triggered flip-flop clocked by clk)
Endpoint: _143_ (rising edge-triggered flip-flop clocked by clk)
Path Group: clk
Path Type: max

Fanout     Cap    Slew   Delay    Time   Description
-----------------------------------------------------------------------------
                          0.00    0.00   clock clk (rise edge)
                          0.00    0.00   clock source latency
     1    0.01    0.05    0.04    0.04 ^ clk (in)
                                         clk (net)
                  0.05    0.00    0.04 ^ clkbuf_0_clk/A (sky130_fd_sc_hd__clkbuf_16)
     2    0.02    0.04    0.13    0.17 ^ clkbuf_0_clk/X (sky130_fd_sc_hd__clkbuf_16)
                                         clknet_0_clk (net)
                  0.04    0.00    0.17 ^ clkbuf_1_1__f_clk/A (sky130_fd_sc_hd__clkbuf_16)
    10    0.02    0.05    0.14    0.31 ^ clkbuf_1_1__f_clk/X (sky130_fd_sc_hd__clkbuf_16)
                                         clknet_1_1__leaf_clk (net)
                  0.05    0.00    0.31 ^ _135_/CLK (sky130_fd_sc_hd__dfxtp_1)
     5    0.01    0.14    0.39    0.70 ^ _135_/Q (sky130_fd_sc_hd__dfxtp_1)
                                         display.refresh_counter[0] (net)
                  0.14    0.00    0.70 ^ _080_/B (sky130_fd_sc_hd__and4_1)
     1    0.00    0.05    0.20    0.90 ^ _080_/X (sky130_fd_sc_hd__and4_1)
                                         _039_ (net)
                  0.05    0.00    0.90 ^ _081_/A (sky130_fd_sc_hd__clkbuf_2)
     8    0.02    0.12    0.17    1.07 ^ _081_/X (sky130_fd_sc_hd__clkbuf_2)
                                         _040_ (net)
                  0.12    0.00    1.07 ^ _094_/A (sky130_fd_sc_hd__and2_1)
     4    0.01    0.13    0.21    1.28 ^ _094_/X (sky130_fd_sc_hd__and2_1)
                                         _049_ (net)
                  0.13    0.00    1.28 ^ _096_/B (sky130_fd_sc_hd__xor2_1)
     1    0.00    0.10    0.15    1.43 ^ _096_/X (sky130_fd_sc_hd__xor2_1)
                                         _015_ (net)
                  0.10    0.00    1.43 ^ _143_/D (sky130_fd_sc_hd__dfxtp_1)
                                  1.43   data arrival time

                         10.00   10.00   clock clk (rise edge)
                          0.00   10.00   clock source latency
     1    0.01    0.05    0.03   10.03 ^ clk (in)
                                         clk (net)
                  0.05    0.00   10.03 ^ clkbuf_0_clk/A (sky130_fd_sc_hd__clkbuf_16)
     2    0.02    0.04    0.12   10.15 ^ clkbuf_0_clk/X (sky130_fd_sc_hd__clkbuf_16)
                                         clknet_0_clk (net)
                  0.04    0.00   10.15 ^ clkbuf_1_0__f_clk/A (sky130_fd_sc_hd__clkbuf_16)
    10    0.03    0.05    0.12   10.28 ^ clkbuf_1_0__f_clk/X (sky130_fd_sc_hd__clkbuf_16)
                                         clknet_1_0__leaf_clk (net)
                  0.05    0.00   10.28 ^ _143_/CLK (sky130_fd_sc_hd__dfxtp_1)
                         -0.25   10.03   clock uncertainty
                          0.02   10.04   clock reconvergence pessimism
                         -0.07    9.98   library setup time
                                  9.98   data required time
-----------------------------------------------------------------------------
                                  9.98   data required time
                                 -1.43   data arrival time
-----------------------------------------------------------------------------
                                  8.55   slack (MET)


Startpoint: _135_ (rising edge-triggered flip-flop clocked by clk)
Endpoint: _142_ (rising edge-triggered flip-flop clocked by clk)
Path Group: clk
Path Type: max

Fanout     Cap    Slew   Delay    Time   Description
-----------------------------------------------------------------------------
                          0.00    0.00   clock clk (rise edge)
                          0.00    0.00   clock source latency
     1    0.01    0.05    0.04    0.04 ^ clk (in)
                                         clk (net)
                  0.05    0.00    0.04 ^ clkbuf_0_clk/A (sky130_fd_sc_hd__clkbuf_16)
     2    0.02    0.04    0.13    0.17 ^ clkbuf_0_clk/X (sky130_fd_sc_hd__clkbuf_16)
                                         clknet_0_clk (net)
                  0.04    0.00    0.17 ^ clkbuf_1_1__f_clk/A (sky130_fd_sc_hd__clkbuf_16)
    10    0.02    0.05    0.14    0.31 ^ clkbuf_1_1__f_clk/X (sky130_fd_sc_hd__clkbuf_16)
                                         clknet_1_1__leaf_clk (net)
                  0.05    0.00    0.31 ^ _135_/CLK (sky130_fd_sc_hd__dfxtp_1)
     5    0.01    0.14    0.39    0.70 ^ _135_/Q (sky130_fd_sc_hd__dfxtp_1)
                                         display.refresh_counter[0] (net)
                  0.14    0.00    0.70 ^ _080_/B (sky130_fd_sc_hd__and4_1)
     1    0.00    0.05    0.20    0.90 ^ _080_/X (sky130_fd_sc_hd__and4_1)
                                         _039_ (net)
                  0.05    0.00    0.90 ^ _081_/A (sky130_fd_sc_hd__clkbuf_2)
     8    0.02    0.12    0.17    1.07 ^ _081_/X (sky130_fd_sc_hd__clkbuf_2)
                                         _040_ (net)
                  0.12    0.00    1.07 ^ _088_/D (sky130_fd_sc_hd__and4_1)
     2    0.00    0.07    0.23    1.30 ^ _088_/X (sky130_fd_sc_hd__and4_1)
                                         _044_ (net)
                  0.07    0.00    1.30 ^ _092_/B (sky130_fd_sc_hd__nor2_1)
     1    0.00    0.03    0.04    1.34 v _092_/Y (sky130_fd_sc_hd__nor2_1)
                                         _047_ (net)
                  0.03    0.00    1.34 v _095_/A (sky130_fd_sc_hd__nor2_1)
     1    0.00    0.07    0.08    1.43 ^ _095_/Y (sky130_fd_sc_hd__nor2_1)
                                         _014_ (net)
                  0.07    0.00    1.43 ^ _142_/D (sky130_fd_sc_hd__dfxtp_1)
                                  1.43   data arrival time

                         10.00   10.00   clock clk (rise edge)
                          0.00   10.00   clock source latency
     1    0.01    0.05    0.03   10.03 ^ clk (in)
                                         clk (net)
                  0.05    0.00   10.03 ^ clkbuf_0_clk/A (sky130_fd_sc_hd__clkbuf_16)
     2    0.02    0.04    0.12   10.15 ^ clkbuf_0_clk/X (sky130_fd_sc_hd__clkbuf_16)
                                         clknet_0_clk (net)
                  0.04    0.00   10.15 ^ clkbuf_1_0__f_clk/A (sky130_fd_sc_hd__clkbuf_16)
    10    0.03    0.05    0.12   10.28 ^ clkbuf_1_0__f_clk/X (sky130_fd_sc_hd__clkbuf_16)
                                         clknet_1_0__leaf_clk (net)
                  0.05    0.00   10.28 ^ _142_/CLK (sky130_fd_sc_hd__dfxtp_1)
                         -0.25   10.03   clock uncertainty
                          0.02   10.04   clock reconvergence pessimism
                         -0.06    9.98   library setup time
                                  9.98   data required time
-----------------------------------------------------------------------------
                                  9.98   data required time
                                 -1.43   data arrival time
-----------------------------------------------------------------------------
                                  8.56   slack (MET)


Startpoint: _135_ (rising edge-triggered flip-flop clocked by clk)
Endpoint: _138_ (rising edge-triggered flip-flop clocked by clk)
Path Group: clk
Path Type: max

Fanout     Cap    Slew   Delay    Time   Description
-----------------------------------------------------------------------------
                          0.00    0.00   clock clk (rise edge)
                          0.00    0.00   clock source latency
     1    0.01    0.05    0.04    0.04 ^ clk (in)
                                         clk (net)
                  0.05    0.00    0.04 ^ clkbuf_0_clk/A (sky130_fd_sc_hd__clkbuf_16)
     2    0.02    0.04    0.13    0.17 ^ clkbuf_0_clk/X (sky130_fd_sc_hd__clkbuf_16)
                                         clknet_0_clk (net)
                  0.04    0.00    0.17 ^ clkbuf_1_1__f_clk/A (sky130_fd_sc_hd__clkbuf_16)
    10    0.02    0.05    0.14    0.31 ^ clkbuf_1_1__f_clk/X (sky130_fd_sc_hd__clkbuf_16)
                                         clknet_1_1__leaf_clk (net)
                  0.05    0.00    0.31 ^ _135_/CLK (sky130_fd_sc_hd__dfxtp_1)
     5    0.01    0.14    0.39    0.70 ^ _135_/Q (sky130_fd_sc_hd__dfxtp_1)
                                         display.refresh_counter[0] (net)
                  0.14    0.00    0.70 ^ _080_/B (sky130_fd_sc_hd__and4_1)
     1    0.00    0.05    0.20    0.90 ^ _080_/X (sky130_fd_sc_hd__and4_1)
                                         _039_ (net)
                  0.05    0.00    0.90 ^ _081_/A (sky130_fd_sc_hd__clkbuf_2)
     8    0.02    0.12    0.17    1.07 ^ _081_/X (sky130_fd_sc_hd__clkbuf_2)
                                         _040_ (net)
                  0.12    0.00    1.07 ^ _083_/A_N (sky130_fd_sc_hd__and2b_1)
     1    0.00    0.03    0.20    1.27 v _083_/X (sky130_fd_sc_hd__and2b_1)
                                         _042_ (net)
                  0.03    0.00    1.27 v _084_/A (sky130_fd_sc_hd__clkbuf_1)
     1    0.00    0.02    0.08    1.35 v _084_/X (sky130_fd_sc_hd__clkbuf_1)
                                         _010_ (net)
                  0.02    0.00    1.35 v _138_/D (sky130_fd_sc_hd__dfxtp_1)
                                  1.35   data arrival time

                         10.00   10.00   clock clk (rise edge)
                          0.00   10.00   clock source latency
     1    0.01    0.05    0.03   10.03 ^ clk (in)
                                         clk (net)
                  0.05    0.00   10.03 ^ clkbuf_0_clk/A (sky130_fd_sc_hd__clkbuf_16)
     2    0.02    0.04    0.12   10.15 ^ clkbuf_0_clk/X (sky130_fd_sc_hd__clkbuf_16)
                                         clknet_0_clk (net)
                  0.04    0.00   10.15 ^ clkbuf_1_1__f_clk/A (sky130_fd_sc_hd__clkbuf_16)
    10    0.02    0.05    0.12   10.28 ^ clkbuf_1_1__f_clk/X (sky130_fd_sc_hd__clkbuf_16)
                                         clknet_1_1__leaf_clk (net)
                  0.05    0.00   10.28 ^ _138_/CLK (sky130_fd_sc_hd__dfxtp_1)
                         -0.25   10.03   clock uncertainty
                          0.03   10.06   clock reconvergence pessimism
                         -0.10    9.96   library setup time
                                  9.96   data required time
-----------------------------------------------------------------------------
                                  9.96   data required time
                                 -1.35   data arrival time
-----------------------------------------------------------------------------
                                  8.61   slack (MET)


Startpoint: _135_ (rising edge-triggered flip-flop clocked by clk)
Endpoint: _140_ (rising edge-triggered flip-flop clocked by clk)
Path Group: clk
Path Type: max

Fanout     Cap    Slew   Delay    Time   Description
-----------------------------------------------------------------------------
                          0.00    0.00   clock clk (rise edge)
                          0.00    0.00   clock source latency
     1    0.01    0.05    0.04    0.04 ^ clk (in)
                                         clk (net)
                  0.05    0.00    0.04 ^ clkbuf_0_clk/A (sky130_fd_sc_hd__clkbuf_16)
     2    0.02    0.04    0.13    0.17 ^ clkbuf_0_clk/X (sky130_fd_sc_hd__clkbuf_16)
                                         clknet_0_clk (net)
                  0.04    0.00    0.17 ^ clkbuf_1_1__f_clk/A (sky130_fd_sc_hd__clkbuf_16)
    10    0.02    0.05    0.14    0.31 ^ clkbuf_1_1__f_clk/X (sky130_fd_sc_hd__clkbuf_16)
                                         clknet_1_1__leaf_clk (net)
                  0.05    0.00    0.31 ^ _135_/CLK (sky130_fd_sc_hd__dfxtp_1)
     5    0.01    0.14    0.39    0.70 ^ _135_/Q (sky130_fd_sc_hd__dfxtp_1)
                                         display.refresh_counter[0] (net)
                  0.14    0.00    0.70 ^ _080_/B (sky130_fd_sc_hd__and4_1)
     1    0.00    0.05    0.20    0.90 ^ _080_/X (sky130_fd_sc_hd__and4_1)
                                         _039_ (net)
                  0.05    0.00    0.90 ^ _081_/A (sky130_fd_sc_hd__clkbuf_2)
     8    0.02    0.12    0.17    1.07 ^ _081_/X (sky130_fd_sc_hd__clkbuf_2)
                                         _040_ (net)
                  0.12    0.00    1.07 ^ _086_/B (sky130_fd_sc_hd__nand2_1)
     1    0.00    0.06    0.08    1.15 v _086_/Y (sky130_fd_sc_hd__nand2_1)
                                         _043_ (net)
                  0.06    0.00    1.15 v _087_/B (sky130_fd_sc_hd__xnor2_1)
     1    0.00    0.04    0.13    1.28 v _087_/Y (sky130_fd_sc_hd__xnor2_1)
                                         _012_ (net)
                  0.04    0.00    1.28 v _140_/D (sky130_fd_sc_hd__dfxtp_1)
                                  1.28   data arrival time

                         10.00   10.00   clock clk (rise edge)
                          0.00   10.00   clock source latency
     1    0.01    0.05    0.03   10.03 ^ clk (in)
                                         clk (net)
                  0.05    0.00   10.03 ^ clkbuf_0_clk/A (sky130_fd_sc_hd__clkbuf_16)
     2    0.02    0.04    0.12   10.15 ^ clkbuf_0_clk/X (sky130_fd_sc_hd__clkbuf_16)
                                         clknet_0_clk (net)
                  0.04    0.00   10.15 ^ clkbuf_1_1__f_clk/A (sky130_fd_sc_hd__clkbuf_16)
    10    0.02    0.05    0.12   10.28 ^ clkbuf_1_1__f_clk/X (sky130_fd_sc_hd__clkbuf_16)
                                         clknet_1_1__leaf_clk (net)
                  0.05    0.00   10.28 ^ _140_/CLK (sky130_fd_sc_hd__dfxtp_1)
                         -0.25   10.03   clock uncertainty
                          0.03   10.06   clock reconvergence pessimism
                         -0.11    9.95   library setup time
                                  9.95   data required time
-----------------------------------------------------------------------------
                                  9.95   data required time
                                 -1.28   data arrival time
-----------------------------------------------------------------------------
                                  8.67   slack (MET)


Startpoint: _135_ (rising edge-triggered flip-flop clocked by clk)
Endpoint: _139_ (rising edge-triggered flip-flop clocked by clk)
Path Group: clk
Path Type: max

Fanout     Cap    Slew   Delay    Time   Description
-----------------------------------------------------------------------------
                          0.00    0.00   clock clk (rise edge)
                          0.00    0.00   clock source latency
     1    0.01    0.05    0.04    0.04 ^ clk (in)
                                         clk (net)
                  0.05    0.00    0.04 ^ clkbuf_0_clk/A (sky130_fd_sc_hd__clkbuf_16)
     2    0.02    0.04    0.13    0.17 ^ clkbuf_0_clk/X (sky130_fd_sc_hd__clkbuf_16)
                                         clknet_0_clk (net)
                  0.04    0.00    0.17 ^ clkbuf_1_1__f_clk/A (sky130_fd_sc_hd__clkbuf_16)
    10    0.02    0.05    0.14    0.31 ^ clkbuf_1_1__f_clk/X (sky130_fd_sc_hd__clkbuf_16)
                                         clknet_1_1__leaf_clk (net)
                  0.05    0.00    0.31 ^ _135_/CLK (sky130_fd_sc_hd__dfxtp_1)
     5    0.01    0.14    0.39    0.70 ^ _135_/Q (sky130_fd_sc_hd__dfxtp_1)
                                         display.refresh_counter[0] (net)
                  0.14    0.00    0.70 ^ _080_/B (sky130_fd_sc_hd__and4_1)
     1    0.00    0.05    0.20    0.90 ^ _080_/X (sky130_fd_sc_hd__and4_1)
                                         _039_ (net)
                  0.05    0.00    0.90 ^ _081_/A (sky130_fd_sc_hd__clkbuf_2)
     8    0.02    0.12    0.17    1.07 ^ _081_/X (sky130_fd_sc_hd__clkbuf_2)
                                         _040_ (net)
                  0.12    0.00    1.07 ^ _085_/B (sky130_fd_sc_hd__xor2_1)
     1    0.00    0.10    0.15    1.22 ^ _085_/X (sky130_fd_sc_hd__xor2_1)
                                         _011_ (net)
                  0.10    0.00    1.22 ^ _139_/D (sky130_fd_sc_hd__dfxtp_1)
                                  1.22   data arrival time

                         10.00   10.00   clock clk (rise edge)
                          0.00   10.00   clock source latency
     1    0.01    0.05    0.03   10.03 ^ clk (in)
                                         clk (net)
                  0.05    0.00   10.03 ^ clkbuf_0_clk/A (sky130_fd_sc_hd__clkbuf_16)
     2    0.02    0.04    0.12   10.15 ^ clkbuf_0_clk/X (sky130_fd_sc_hd__clkbuf_16)
                                         clknet_0_clk (net)
                  0.04    0.00   10.15 ^ clkbuf_1_1__f_clk/A (sky130_fd_sc_hd__clkbuf_16)
    10    0.02    0.05    0.12   10.28 ^ clkbuf_1_1__f_clk/X (sky130_fd_sc_hd__clkbuf_16)
                                         clknet_1_1__leaf_clk (net)
                  0.05    0.00   10.28 ^ _139_/CLK (sky130_fd_sc_hd__dfxtp_1)
                         -0.25   10.03   clock uncertainty
                          0.03   10.06   clock reconvergence pessimism
                         -0.07    9.99   library setup time
                                  9.99   data required time
-----------------------------------------------------------------------------
                                  9.99   data required time
                                 -1.22   data arrival time
-----------------------------------------------------------------------------
                                  8.77   slack (MET)


Startpoint: _135_ (rising edge-triggered flip-flop clocked by clk)
Endpoint: _136_ (rising edge-triggered flip-flop clocked by clk)
Path Group: clk
Path Type: max

Fanout     Cap    Slew   Delay    Time   Description
-----------------------------------------------------------------------------
                          0.00    0.00   clock clk (rise edge)
                          0.00    0.00   clock source latency
     1    0.01    0.05    0.04    0.04 ^ clk (in)
                                         clk (net)
                  0.05    0.00    0.04 ^ clkbuf_0_clk/A (sky130_fd_sc_hd__clkbuf_16)
     2    0.02    0.04    0.13    0.17 ^ clkbuf_0_clk/X (sky130_fd_sc_hd__clkbuf_16)
                                         clknet_0_clk (net)
                  0.04    0.00    0.17 ^ clkbuf_1_1__f_clk/A (sky130_fd_sc_hd__clkbuf_16)
    10    0.02    0.05    0.14    0.31 ^ clkbuf_1_1__f_clk/X (sky130_fd_sc_hd__clkbuf_16)
                                         clknet_1_1__leaf_clk (net)
                  0.05    0.00    0.31 ^ _135_/CLK (sky130_fd_sc_hd__dfxtp_1)
     5    0.01    0.07    0.35    0.65 v _135_/Q (sky130_fd_sc_hd__dfxtp_1)
                                         display.refresh_counter[0] (net)
                  0.07    0.00    0.65 v _076_/B (sky130_fd_sc_hd__or2_1)
     2    0.00    0.05    0.23    0.88 v _076_/X (sky130_fd_sc_hd__or2_1)
                                         _037_ (net)
                  0.05    0.00    0.88 v _077_/B (sky130_fd_sc_hd__and2_1)
     1    0.00    0.03    0.16    1.04 v _077_/X (sky130_fd_sc_hd__and2_1)
                                         _038_ (net)
                  0.03    0.00    1.04 v _078_/A (sky130_fd_sc_hd__clkbuf_1)
     1    0.00    0.02    0.08    1.12 v _078_/X (sky130_fd_sc_hd__clkbuf_1)
                                         _008_ (net)
                  0.02    0.00    1.12 v _136_/D (sky130_fd_sc_hd__dfxtp_1)
                                  1.12   data arrival time

                         10.00   10.00   clock clk (rise edge)
                          0.00   10.00   clock source latency
     1    0.01    0.05    0.03   10.03 ^ clk (in)
                                         clk (net)
                  0.05    0.00   10.03 ^ clkbuf_0_clk/A (sky130_fd_sc_hd__clkbuf_16)
     2    0.02    0.04    0.12   10.15 ^ clkbuf_0_clk/X (sky130_fd_sc_hd__clkbuf_16)
                                         clknet_0_clk (net)
                  0.04    0.00   10.15 ^ clkbuf_1_1__f_clk/A (sky130_fd_sc_hd__clkbuf_16)
    10    0.02    0.05    0.12   10.28 ^ clkbuf_1_1__f_clk/X (sky130_fd_sc_hd__clkbuf_16)
                                         clknet_1_1__leaf_clk (net)
                  0.05    0.00   10.28 ^ _136_/CLK (sky130_fd_sc_hd__dfxtp_1)
                         -0.25   10.03   clock uncertainty
                          0.03   10.06   clock reconvergence pessimism
                         -0.10    9.95   library setup time
                                  9.95   data required time
-----------------------------------------------------------------------------
                                  9.95   data required time
                                 -1.12   data arrival time
-----------------------------------------------------------------------------
                                  8.83   slack (MET)


Startpoint: _135_ (rising edge-triggered flip-flop clocked by clk)
Endpoint: _137_ (rising edge-triggered flip-flop clocked by clk)
Path Group: clk
Path Type: max

Fanout     Cap    Slew   Delay    Time   Description
-----------------------------------------------------------------------------
                          0.00    0.00   clock clk (rise edge)
                          0.00    0.00   clock source latency
     1    0.01    0.05    0.04    0.04 ^ clk (in)
                                         clk (net)
                  0.05    0.00    0.04 ^ clkbuf_0_clk/A (sky130_fd_sc_hd__clkbuf_16)
     2    0.02    0.04    0.13    0.17 ^ clkbuf_0_clk/X (sky130_fd_sc_hd__clkbuf_16)
                                         clknet_0_clk (net)
                  0.04    0.00    0.17 ^ clkbuf_1_1__f_clk/A (sky130_fd_sc_hd__clkbuf_16)
    10    0.02    0.05    0.14    0.31 ^ clkbuf_1_1__f_clk/X (sky130_fd_sc_hd__clkbuf_16)
                                         clknet_1_1__leaf_clk (net)
                  0.05    0.00    0.31 ^ _135_/CLK (sky130_fd_sc_hd__dfxtp_1)
     5    0.01    0.14    0.39    0.70 ^ _135_/Q (sky130_fd_sc_hd__dfxtp_1)
                                         display.refresh_counter[0] (net)
                  0.14    0.00    0.70 ^ _075_/B (sky130_fd_sc_hd__nand2_1)
     2    0.01    0.06    0.10    0.79 v _075_/Y (sky130_fd_sc_hd__nand2_1)
                                         _036_ (net)
                  0.06    0.00    0.79 v _079_/B (sky130_fd_sc_hd__xnor2_1)
     1    0.00    0.05    0.13    0.92 v _079_/Y (sky130_fd_sc_hd__xnor2_1)
                                         _009_ (net)
                  0.05    0.00    0.92 v _137_/D (sky130_fd_sc_hd__dfxtp_1)
                                  0.92   data arrival time

                         10.00   10.00   clock clk (rise edge)
                          0.00   10.00   clock source latency
     1    0.01    0.05    0.03   10.03 ^ clk (in)
                                         clk (net)
                  0.05    0.00   10.03 ^ clkbuf_0_clk/A (sky130_fd_sc_hd__clkbuf_16)
     2    0.02    0.04    0.12   10.15 ^ clkbuf_0_clk/X (sky130_fd_sc_hd__clkbuf_16)
                                         clknet_0_clk (net)
                  0.04    0.00   10.15 ^ clkbuf_1_1__f_clk/A (sky130_fd_sc_hd__clkbuf_16)
    10    0.02    0.05    0.12   10.28 ^ clkbuf_1_1__f_clk/X (sky130_fd_sc_hd__clkbuf_16)
                                         clknet_1_1__leaf_clk (net)
                  0.05    0.00   10.28 ^ _137_/CLK (sky130_fd_sc_hd__dfxtp_1)
                         -0.25   10.03   clock uncertainty
                          0.03   10.06   clock reconvergence pessimism
                         -0.11    9.95   library setup time
                                  9.95   data required time
-----------------------------------------------------------------------------
                                  9.95   data required time
                                 -0.92   data arrival time
-----------------------------------------------------------------------------
                                  9.02   slack (MET)


Startpoint: _135_ (rising edge-triggered flip-flop clocked by clk)
Endpoint: _135_ (rising edge-triggered flip-flop clocked by clk)
Path Group: clk
Path Type: max

Fanout     Cap    Slew   Delay    Time   Description
-----------------------------------------------------------------------------
                          0.00    0.00   clock clk (rise edge)
                          0.00    0.00   clock source latency
     1    0.01    0.05    0.04    0.04 ^ clk (in)
                                         clk (net)
                  0.05    0.00    0.04 ^ clkbuf_0_clk/A (sky130_fd_sc_hd__clkbuf_16)
     2    0.02    0.04    0.13    0.17 ^ clkbuf_0_clk/X (sky130_fd_sc_hd__clkbuf_16)
                                         clknet_0_clk (net)
                  0.04    0.00    0.17 ^ clkbuf_1_1__f_clk/A (sky130_fd_sc_hd__clkbuf_16)
    10    0.02    0.05    0.14    0.31 ^ clkbuf_1_1__f_clk/X (sky130_fd_sc_hd__clkbuf_16)
                                         clknet_1_1__leaf_clk (net)
                  0.05    0.00    0.31 ^ _135_/CLK (sky130_fd_sc_hd__dfxtp_1)
     5    0.01    0.14    0.39    0.70 ^ _135_/Q (sky130_fd_sc_hd__dfxtp_1)
                                         display.refresh_counter[0] (net)
                  0.14    0.00    0.70 ^ _074_/A (sky130_fd_sc_hd__inv_2)
     1    0.00    0.03    0.04    0.73 v _074_/Y (sky130_fd_sc_hd__inv_2)
                                         _000_ (net)
                  0.03    0.00    0.73 v _135_/D (sky130_fd_sc_hd__dfxtp_1)
                                  0.73   data arrival time

                         10.00   10.00   clock clk (rise edge)
                          0.00   10.00   clock source latency
     1    0.01    0.05    0.03   10.03 ^ clk (in)
                                         clk (net)
                  0.05    0.00   10.03 ^ clkbuf_0_clk/A (sky130_fd_sc_hd__clkbuf_16)
     2    0.02    0.04    0.12   10.15 ^ clkbuf_0_clk/X (sky130_fd_sc_hd__clkbuf_16)
                                         clknet_0_clk (net)
                  0.04    0.00   10.15 ^ clkbuf_1_1__f_clk/A (sky130_fd_sc_hd__clkbuf_16)
    10    0.02    0.05    0.12   10.28 ^ clkbuf_1_1__f_clk/X (sky130_fd_sc_hd__clkbuf_16)
                                         clknet_1_1__leaf_clk (net)
                  0.05    0.00   10.28 ^ _135_/CLK (sky130_fd_sc_hd__dfxtp_1)
                         -0.25   10.03   clock uncertainty
                          0.03   10.06   clock reconvergence pessimism
                         -0.10    9.95   library setup time
                                  9.95   data required time
-----------------------------------------------------------------------------
                                  9.95   data required time
                                 -0.73   data arrival time
-----------------------------------------------------------------------------
                                  9.22   slack (MET)



worst slack corner Typical: 6.3678
