
===========================================================================
report_checks -path_delay max (Setup)
============================================================================
======================= Typical Corner ===================================

Startpoint: _48_ (rising edge-triggered flip-flop clocked by clk)
Endpoint: seg[1] (output port clocked by clk)
Path Group: clk
Path Type: max

Fanout     Cap    Slew   Delay    Time   Description
-----------------------------------------------------------------------------
                  0.15    0.00    0.00   clock clk (rise edge)
                          0.00    0.00   clock network delay (ideal)
                  0.15    0.00    0.00 ^ _48_/CLK (sky130_fd_sc_hd__dfrtp_2)
     8    0.02    0.07    0.48    0.48 v _48_/Q (sky130_fd_sc_hd__dfrtp_2)
                                         counter_inst.count[0] (net)
                  0.07    0.00    0.48 v _33_/A (sky130_fd_sc_hd__or3_2)
     1    0.00    0.07    0.49    0.97 v _33_/X (sky130_fd_sc_hd__or3_2)
                                         _16_ (net)
                  0.07    0.00    0.97 v _34_/A (sky130_fd_sc_hd__buf_1)
     3    0.04    0.21    0.26    1.23 v _34_/X (sky130_fd_sc_hd__buf_1)
                                         seg[5] (net)
                  0.21    0.00    1.23 v _36_/A (sky130_fd_sc_hd__and2_2)
     1    0.00    0.03    0.25    1.47 v _36_/X (sky130_fd_sc_hd__and2_2)
                                         _18_ (net)
                  0.03    0.00    1.47 v _37_/A (sky130_fd_sc_hd__buf_1)
     1    0.03    0.19    0.22    1.70 v _37_/X (sky130_fd_sc_hd__buf_1)
                                         seg[1] (net)
                  0.19    0.00    1.70 v seg[1] (out)
                                  1.70   data arrival time

                  0.15   10.00   10.00   clock clk (rise edge)
                          0.00   10.00   clock network delay (ideal)
                         -0.25    9.75   clock uncertainty
                          0.00    9.75   clock reconvergence pessimism
                         -2.00    7.75   output external delay
                                  7.75   data required time
-----------------------------------------------------------------------------
                                  7.75   data required time
                                 -1.70   data arrival time
-----------------------------------------------------------------------------
                                  6.05   slack (MET)


Startpoint: _48_ (rising edge-triggered flip-flop clocked by clk)
Endpoint: seg[6] (output port clocked by clk)
Path Group: clk
Path Type: max

Fanout     Cap    Slew   Delay    Time   Description
-----------------------------------------------------------------------------
                  0.15    0.00    0.00   clock clk (rise edge)
                          0.00    0.00   clock network delay (ideal)
                  0.15    0.00    0.00 ^ _48_/CLK (sky130_fd_sc_hd__dfrtp_2)
     8    0.02    0.07    0.48    0.48 v _48_/Q (sky130_fd_sc_hd__dfrtp_2)
                                         counter_inst.count[0] (net)
                  0.07    0.00    0.48 v _33_/A (sky130_fd_sc_hd__or3_2)
     1    0.00    0.07    0.49    0.97 v _33_/X (sky130_fd_sc_hd__or3_2)
                                         _16_ (net)
                  0.07    0.00    0.97 v _34_/A (sky130_fd_sc_hd__buf_1)
     3    0.04    0.21    0.26    1.23 v _34_/X (sky130_fd_sc_hd__buf_1)
                                         seg[5] (net)
                  0.21    0.00    1.23 v _43_/B1 (sky130_fd_sc_hd__a2bb2o_2)
     1    0.03    0.12    0.43    1.65 v _43_/X (sky130_fd_sc_hd__a2bb2o_2)
                                         seg[6] (net)
                  0.12    0.00    1.65 v seg[6] (out)
                                  1.65   data arrival time

                  0.15   10.00   10.00   clock clk (rise edge)
                          0.00   10.00   clock network delay (ideal)
                         -0.25    9.75   clock uncertainty
                          0.00    9.75   clock reconvergence pessimism
                         -2.00    7.75   output external delay
                                  7.75   data required time
-----------------------------------------------------------------------------
                                  7.75   data required time
                                 -1.65   data arrival time
-----------------------------------------------------------------------------
                                  6.10   slack (MET)


Startpoint: _51_ (rising edge-triggered flip-flop clocked by clk)
Endpoint: seg[0] (output port clocked by clk)
Path Group: clk
Path Type: max

Fanout     Cap    Slew   Delay    Time   Description
-----------------------------------------------------------------------------
                  0.15    0.00    0.00   clock clk (rise edge)
                          0.00    0.00   clock network delay (ideal)
                  0.15    0.00    0.00 ^ _51_/CLK (sky130_fd_sc_hd__dfrtp_2)
     4    0.01    0.06    0.48    0.48 v _51_/Q (sky130_fd_sc_hd__dfrtp_2)
                                         counter_inst.count[3] (net)
                  0.06    0.00    0.48 v _35_/A (sky130_fd_sc_hd__or2_2)
     5    0.01    0.07    0.34    0.81 v _35_/X (sky130_fd_sc_hd__or2_2)
                                         _17_ (net)
                  0.07    0.00    0.81 v _38_/B (sky130_fd_sc_hd__or2_2)
     1    0.00    0.05    0.28    1.10 v _38_/X (sky130_fd_sc_hd__or2_2)
                                         _19_ (net)
                  0.05    0.00    1.10 v _39_/A (sky130_fd_sc_hd__buf_1)
     2    0.04    0.20    0.24    1.34 v _39_/X (sky130_fd_sc_hd__buf_1)
                                         seg[3] (net)
                  0.20    0.00    1.34 v _52_/A (sky130_fd_sc_hd__buf_2)
     1    0.03    0.09    0.26    1.60 v _52_/X (sky130_fd_sc_hd__buf_2)
                                         seg[0] (net)
                  0.09    0.00    1.60 v seg[0] (out)
                                  1.60   data arrival time

                  0.15   10.00   10.00   clock clk (rise edge)
                          0.00   10.00   clock network delay (ideal)
                         -0.25    9.75   clock uncertainty
                          0.00    9.75   clock reconvergence pessimism
                         -2.00    7.75   output external delay
                                  7.75   data required time
-----------------------------------------------------------------------------
                                  7.75   data required time
                                 -1.60   data arrival time
-----------------------------------------------------------------------------
                                  6.15   slack (MET)


Startpoint: _48_ (rising edge-triggered flip-flop clocked by clk)
Endpoint: seg[2] (output port clocked by clk)
Path Group: clk
Path Type: max

Fanout     Cap    Slew   Delay    Time   Description
-----------------------------------------------------------------------------
                  0.15    0.00    0.00   clock clk (rise edge)
                          0.00    0.00   clock network delay (ideal)
                  0.15    0.00    0.00 ^ _48_/CLK (sky130_fd_sc_hd__dfrtp_2)
     8    0.02    0.07    0.48    0.48 v _48_/Q (sky130_fd_sc_hd__dfrtp_2)
                                         counter_inst.count[0] (net)
                  0.07    0.00    0.48 v _21_/A (sky130_fd_sc_hd__or4b_2)
     3    0.01    0.11    0.72    1.20 v _21_/X (sky130_fd_sc_hd__or4b_2)
                                         _08_ (net)
                  0.11    0.00    1.20 v _40_/B1 (sky130_fd_sc_hd__o21a_2)
     1    0.03    0.10    0.22    1.43 v _40_/X (sky130_fd_sc_hd__o21a_2)
                                         seg[2] (net)
                  0.10    0.00    1.43 v seg[2] (out)
                                  1.43   data arrival time

                  0.15   10.00   10.00   clock clk (rise edge)
                          0.00   10.00   clock network delay (ideal)
                         -0.25    9.75   clock uncertainty
                          0.00    9.75   clock reconvergence pessimism
                         -2.00    7.75   output external delay
                                  7.75   data required time
-----------------------------------------------------------------------------
                                  7.75   data required time
                                 -1.43   data arrival time
-----------------------------------------------------------------------------
                                  6.32   slack (MET)


Startpoint: _51_ (rising edge-triggered flip-flop clocked by clk)
Endpoint: seg[3] (output port clocked by clk)
Path Group: clk
Path Type: max

Fanout     Cap    Slew   Delay    Time   Description
-----------------------------------------------------------------------------
                  0.15    0.00    0.00   clock clk (rise edge)
                          0.00    0.00   clock network delay (ideal)
                  0.15    0.00    0.00 ^ _51_/CLK (sky130_fd_sc_hd__dfrtp_2)
     4    0.01    0.06    0.48    0.48 v _51_/Q (sky130_fd_sc_hd__dfrtp_2)
                                         counter_inst.count[3] (net)
                  0.06    0.00    0.48 v _35_/A (sky130_fd_sc_hd__or2_2)
     5    0.01    0.07    0.34    0.81 v _35_/X (sky130_fd_sc_hd__or2_2)
                                         _17_ (net)
                  0.07    0.00    0.81 v _38_/B (sky130_fd_sc_hd__or2_2)
     1    0.00    0.05    0.28    1.10 v _38_/X (sky130_fd_sc_hd__or2_2)
                                         _19_ (net)
                  0.05    0.00    1.10 v _39_/A (sky130_fd_sc_hd__buf_1)
     2    0.04    0.20    0.24    1.34 v _39_/X (sky130_fd_sc_hd__buf_1)
                                         seg[3] (net)
                  0.20    0.00    1.34 v seg[3] (out)
                                  1.34   data arrival time

                  0.15   10.00   10.00   clock clk (rise edge)
                          0.00   10.00   clock network delay (ideal)
                         -0.25    9.75   clock uncertainty
                          0.00    9.75   clock reconvergence pessimism
                         -2.00    7.75   output external delay
                                  7.75   data required time
-----------------------------------------------------------------------------
                                  7.75   data required time
                                 -1.34   data arrival time
-----------------------------------------------------------------------------
                                  6.41   slack (MET)


Startpoint: _51_ (rising edge-triggered flip-flop clocked by clk)
Endpoint: seg[4] (output port clocked by clk)
Path Group: clk
Path Type: max

Fanout     Cap    Slew   Delay    Time   Description
-----------------------------------------------------------------------------
                  0.15    0.00    0.00   clock clk (rise edge)
                          0.00    0.00   clock network delay (ideal)
                  0.15    0.00    0.00 ^ _51_/CLK (sky130_fd_sc_hd__dfrtp_2)
     4    0.01    0.06    0.48    0.48 v _51_/Q (sky130_fd_sc_hd__dfrtp_2)
                                         counter_inst.count[3] (net)
                  0.06    0.00    0.48 v _35_/A (sky130_fd_sc_hd__or2_2)
     5    0.01    0.07    0.34    0.81 v _35_/X (sky130_fd_sc_hd__or2_2)
                                         _17_ (net)
                  0.07    0.00    0.81 v _41_/B (sky130_fd_sc_hd__or2_2)
     1    0.00    0.05    0.28    1.10 v _41_/X (sky130_fd_sc_hd__or2_2)
                                         _20_ (net)
                  0.05    0.00    1.10 v _42_/A (sky130_fd_sc_hd__buf_1)
     1    0.03    0.19    0.23    1.33 v _42_/X (sky130_fd_sc_hd__buf_1)
                                         seg[4] (net)
                  0.19    0.00    1.33 v seg[4] (out)
                                  1.33   data arrival time

                  0.15   10.00   10.00   clock clk (rise edge)
                          0.00   10.00   clock network delay (ideal)
                         -0.25    9.75   clock uncertainty
                          0.00    9.75   clock reconvergence pessimism
                         -2.00    7.75   output external delay
                                  7.75   data required time
-----------------------------------------------------------------------------
                                  7.75   data required time
                                 -1.33   data arrival time
-----------------------------------------------------------------------------
                                  6.42   slack (MET)


Startpoint: _48_ (rising edge-triggered flip-flop clocked by clk)
Endpoint: seg[5] (output port clocked by clk)
Path Group: clk
Path Type: max

Fanout     Cap    Slew   Delay    Time   Description
-----------------------------------------------------------------------------
                  0.15    0.00    0.00   clock clk (rise edge)
                          0.00    0.00   clock network delay (ideal)
                  0.15    0.00    0.00 ^ _48_/CLK (sky130_fd_sc_hd__dfrtp_2)
     8    0.02    0.07    0.48    0.48 v _48_/Q (sky130_fd_sc_hd__dfrtp_2)
                                         counter_inst.count[0] (net)
                  0.07    0.00    0.48 v _33_/A (sky130_fd_sc_hd__or3_2)
     1    0.00    0.07    0.49    0.97 v _33_/X (sky130_fd_sc_hd__or3_2)
                                         _16_ (net)
                  0.07    0.00    0.97 v _34_/A (sky130_fd_sc_hd__buf_1)
     3    0.04    0.21    0.26    1.23 v _34_/X (sky130_fd_sc_hd__buf_1)
                                         seg[5] (net)
                  0.21    0.00    1.23 v seg[5] (out)
                                  1.23   data arrival time

                  0.15   10.00   10.00   clock clk (rise edge)
                          0.00   10.00   clock network delay (ideal)
                         -0.25    9.75   clock uncertainty
                          0.00    9.75   clock reconvergence pessimism
                         -2.00    7.75   output external delay
                                  7.75   data required time
-----------------------------------------------------------------------------
                                  7.75   data required time
                                 -1.23   data arrival time
-----------------------------------------------------------------------------
                                  6.52   slack (MET)


Startpoint: rst (input port clocked by clk)
Endpoint: _48_ (recovery check against rising-edge clock clk)
Path Group: asynchronous
Path Type: max

Fanout     Cap    Slew   Delay    Time   Description
-----------------------------------------------------------------------------
                  0.15    0.00    0.00   clock clk (rise edge)
                          0.00    0.00   clock network delay (ideal)
                          2.00    2.00 v input external delay
     4    0.02    0.04    0.03    2.03 v rst (in)
                                         rst (net)
                  0.04    0.00    2.03 v _44_/A (sky130_fd_sc_hd__inv_2)
     1    0.00    0.03    0.04    2.07 ^ _44_/Y (sky130_fd_sc_hd__inv_2)
                                         _04_ (net)
                  0.03    0.00    2.07 ^ _48_/RESET_B (sky130_fd_sc_hd__dfrtp_2)
                                  2.07   data arrival time

                  0.15   10.00   10.00   clock clk (rise edge)
                          0.00   10.00   clock network delay (ideal)
                         -0.25    9.75   clock uncertainty
                          0.00    9.75   clock reconvergence pessimism
                                  9.75 ^ _48_/CLK (sky130_fd_sc_hd__dfrtp_2)
                          0.26   10.01   library recovery time
                                 10.01   data required time
-----------------------------------------------------------------------------
                                 10.01   data required time
                                 -2.07   data arrival time
-----------------------------------------------------------------------------
                                  7.94   slack (MET)


Startpoint: rst (input port clocked by clk)
Endpoint: _49_ (recovery check against rising-edge clock clk)
Path Group: asynchronous
Path Type: max

Fanout     Cap    Slew   Delay    Time   Description
-----------------------------------------------------------------------------
                  0.15    0.00    0.00   clock clk (rise edge)
                          0.00    0.00   clock network delay (ideal)
                          2.00    2.00 v input external delay
     4    0.02    0.04    0.03    2.03 v rst (in)
                                         rst (net)
                  0.04    0.00    2.03 v _45_/A (sky130_fd_sc_hd__inv_2)
     1    0.00    0.03    0.04    2.07 ^ _45_/Y (sky130_fd_sc_hd__inv_2)
                                         _05_ (net)
                  0.03    0.00    2.07 ^ _49_/RESET_B (sky130_fd_sc_hd__dfrtp_2)
                                  2.07   data arrival time

                  0.15   10.00   10.00   clock clk (rise edge)
                          0.00   10.00   clock network delay (ideal)
                         -0.25    9.75   clock uncertainty
                          0.00    9.75   clock reconvergence pessimism
                                  9.75 ^ _49_/CLK (sky130_fd_sc_hd__dfrtp_2)
                          0.26   10.01   library recovery time
                                 10.01   data required time
-----------------------------------------------------------------------------
                                 10.01   data required time
                                 -2.07   data arrival time
-----------------------------------------------------------------------------
                                  7.94   slack (MET)


Startpoint: rst (input port clocked by clk)
Endpoint: _50_ (recovery check against rising-edge clock clk)
Path Group: asynchronous
Path Type: max

Fanout     Cap    Slew   Delay    Time   Description
-----------------------------------------------------------------------------
                  0.15    0.00    0.00   clock clk (rise edge)
                          0.00    0.00   clock network delay (ideal)
                          2.00    2.00 v input external delay
     4    0.02    0.04    0.03    2.03 v rst (in)
                                         rst (net)
                  0.04    0.00    2.03 v _46_/A (sky130_fd_sc_hd__inv_2)
     1    0.00    0.03    0.04    2.07 ^ _46_/Y (sky130_fd_sc_hd__inv_2)
                                         _06_ (net)
                  0.03    0.00    2.07 ^ _50_/RESET_B (sky130_fd_sc_hd__dfrtp_2)
                                  2.07   data arrival time

                  0.15   10.00   10.00   clock clk (rise edge)
                          0.00   10.00   clock network delay (ideal)
                         -0.25    9.75   clock uncertainty
                          0.00    9.75   clock reconvergence pessimism
                                  9.75 ^ _50_/CLK (sky130_fd_sc_hd__dfrtp_2)
                          0.26   10.01   library recovery time
                                 10.01   data required time
-----------------------------------------------------------------------------
                                 10.01   data required time
                                 -2.07   data arrival time
-----------------------------------------------------------------------------
                                  7.94   slack (MET)


Startpoint: rst (input port clocked by clk)
Endpoint: _51_ (recovery check against rising-edge clock clk)
Path Group: asynchronous
Path Type: max

Fanout     Cap    Slew   Delay    Time   Description
-----------------------------------------------------------------------------
                  0.15    0.00    0.00   clock clk (rise edge)
                          0.00    0.00   clock network delay (ideal)
                          2.00    2.00 v input external delay
     4    0.02    0.04    0.03    2.03 v rst (in)
                                         rst (net)
                  0.04    0.00    2.03 v _47_/A (sky130_fd_sc_hd__inv_2)
     1    0.00    0.03    0.04    2.07 ^ _47_/Y (sky130_fd_sc_hd__inv_2)
                                         _07_ (net)
                  0.03    0.00    2.07 ^ _51_/RESET_B (sky130_fd_sc_hd__dfrtp_2)
                                  2.07   data arrival time

                  0.15   10.00   10.00   clock clk (rise edge)
                          0.00   10.00   clock network delay (ideal)
                         -0.25    9.75   clock uncertainty
                          0.00    9.75   clock reconvergence pessimism
                                  9.75 ^ _51_/CLK (sky130_fd_sc_hd__dfrtp_2)
                          0.26   10.01   library recovery time
                                 10.01   data required time
-----------------------------------------------------------------------------
                                 10.01   data required time
                                 -2.07   data arrival time
-----------------------------------------------------------------------------
                                  7.94   slack (MET)


Startpoint: _48_ (rising edge-triggered flip-flop clocked by clk)
Endpoint: _48_ (rising edge-triggered flip-flop clocked by clk)
Path Group: clk
Path Type: max

Fanout     Cap    Slew   Delay    Time   Description
-----------------------------------------------------------------------------
                  0.15    0.00    0.00   clock clk (rise edge)
                          0.00    0.00   clock network delay (ideal)
                  0.15    0.00    0.00 ^ _48_/CLK (sky130_fd_sc_hd__dfrtp_2)
     8    0.02    0.07    0.48    0.48 v _48_/Q (sky130_fd_sc_hd__dfrtp_2)
                                         counter_inst.count[0] (net)
                  0.07    0.00    0.48 v _21_/A (sky130_fd_sc_hd__or4b_2)
     3    0.01    0.11    0.72    1.20 v _21_/X (sky130_fd_sc_hd__or4b_2)
                                         _08_ (net)
                  0.11    0.00    1.20 v _22_/B (sky130_fd_sc_hd__and2b_2)
     1    0.00    0.03    0.22    1.42 v _22_/X (sky130_fd_sc_hd__and2b_2)
                                         _09_ (net)
                  0.03    0.00    1.42 v _23_/A (sky130_fd_sc_hd__buf_1)
     1    0.00    0.02    0.08    1.51 v _23_/X (sky130_fd_sc_hd__buf_1)
                                         _00_ (net)
                  0.02    0.00    1.51 v _48_/D (sky130_fd_sc_hd__dfrtp_2)
                                  1.51   data arrival time

                  0.15   10.00   10.00   clock clk (rise edge)
                          0.00   10.00   clock network delay (ideal)
                         -0.25    9.75   clock uncertainty
                          0.00    9.75   clock reconvergence pessimism
                                  9.75 ^ _48_/CLK (sky130_fd_sc_hd__dfrtp_2)
                         -0.08    9.67   library setup time
                                  9.67   data required time
-----------------------------------------------------------------------------
                                  9.67   data required time
                                 -1.51   data arrival time
-----------------------------------------------------------------------------
                                  8.16   slack (MET)


Startpoint: _48_ (rising edge-triggered flip-flop clocked by clk)
Endpoint: _50_ (rising edge-triggered flip-flop clocked by clk)
Path Group: clk
Path Type: max

Fanout     Cap    Slew   Delay    Time   Description
-----------------------------------------------------------------------------
                  0.15    0.00    0.00   clock clk (rise edge)
                          0.00    0.00   clock network delay (ideal)
                  0.15    0.00    0.00 ^ _48_/CLK (sky130_fd_sc_hd__dfrtp_2)
     8    0.02    0.07    0.48    0.48 v _48_/Q (sky130_fd_sc_hd__dfrtp_2)
                                         counter_inst.count[0] (net)
                  0.07    0.00    0.48 v _21_/A (sky130_fd_sc_hd__or4b_2)
     3    0.01    0.11    0.72    1.20 v _21_/X (sky130_fd_sc_hd__or4b_2)
                                         _08_ (net)
                  0.11    0.00    1.20 v _30_/A (sky130_fd_sc_hd__and3_2)
     1    0.00    0.04    0.20    1.40 v _30_/X (sky130_fd_sc_hd__and3_2)
                                         _15_ (net)
                  0.04    0.00    1.40 v _31_/A (sky130_fd_sc_hd__buf_1)
     1    0.00    0.02    0.08    1.49 v _31_/X (sky130_fd_sc_hd__buf_1)
                                         _02_ (net)
                  0.02    0.00    1.49 v _50_/D (sky130_fd_sc_hd__dfrtp_2)
                                  1.49   data arrival time

                  0.15   10.00   10.00   clock clk (rise edge)
                          0.00   10.00   clock network delay (ideal)
                         -0.25    9.75   clock uncertainty
                          0.00    9.75   clock reconvergence pessimism
                                  9.75 ^ _50_/CLK (sky130_fd_sc_hd__dfrtp_2)
                         -0.08    9.67   library setup time
                                  9.67   data required time
-----------------------------------------------------------------------------
                                  9.67   data required time
                                 -1.49   data arrival time
-----------------------------------------------------------------------------
                                  8.18   slack (MET)


Startpoint: _49_ (rising edge-triggered flip-flop clocked by clk)
Endpoint: _49_ (rising edge-triggered flip-flop clocked by clk)
Path Group: clk
Path Type: max

Fanout     Cap    Slew   Delay    Time   Description
-----------------------------------------------------------------------------
                  0.15    0.00    0.00   clock clk (rise edge)
                          0.00    0.00   clock network delay (ideal)
                  0.15    0.00    0.00 ^ _49_/CLK (sky130_fd_sc_hd__dfrtp_2)
     7    0.01    0.07    0.48    0.48 v _49_/Q (sky130_fd_sc_hd__dfrtp_2)
                                         counter_inst.count[1] (net)
                  0.07    0.00    0.48 v _24_/B (sky130_fd_sc_hd__and2b_2)
     2    0.00    0.04    0.21    0.69 v _24_/X (sky130_fd_sc_hd__and2b_2)
                                         _10_ (net)
                  0.04    0.00    0.69 v _26_/A (sky130_fd_sc_hd__or2_2)
     1    0.00    0.05    0.29    0.98 v _26_/X (sky130_fd_sc_hd__or2_2)
                                         _12_ (net)
                  0.05    0.00    0.98 v _27_/A (sky130_fd_sc_hd__buf_1)
     1    0.00    0.02    0.09    1.07 v _27_/X (sky130_fd_sc_hd__buf_1)
                                         _01_ (net)
                  0.02    0.00    1.07 v _49_/D (sky130_fd_sc_hd__dfrtp_2)
                                  1.07   data arrival time

                  0.15   10.00   10.00   clock clk (rise edge)
                          0.00   10.00   clock network delay (ideal)
                         -0.25    9.75   clock uncertainty
                          0.00    9.75   clock reconvergence pessimism
                                  9.75 ^ _49_/CLK (sky130_fd_sc_hd__dfrtp_2)
                         -0.08    9.67   library setup time
                                  9.67   data required time
-----------------------------------------------------------------------------
                                  9.67   data required time
                                 -1.07   data arrival time
-----------------------------------------------------------------------------
                                  8.60   slack (MET)


Startpoint: _49_ (rising edge-triggered flip-flop clocked by clk)
Endpoint: _51_ (rising edge-triggered flip-flop clocked by clk)
Path Group: clk
Path Type: max

Fanout     Cap    Slew   Delay    Time   Description
-----------------------------------------------------------------------------
                  0.15    0.00    0.00   clock clk (rise edge)
                          0.00    0.00   clock network delay (ideal)
                  0.15    0.00    0.00 ^ _49_/CLK (sky130_fd_sc_hd__dfrtp_2)
     7    0.02    0.09    0.44    0.44 ^ _49_/Q (sky130_fd_sc_hd__dfrtp_2)
                                         counter_inst.count[1] (net)
                  0.09    0.00    0.44 ^ _28_/B (sky130_fd_sc_hd__nand3_2)
     2    0.01    0.08    0.11    0.55 v _28_/Y (sky130_fd_sc_hd__nand3_2)
                                         _13_ (net)
                  0.08    0.00    0.55 v _32_/B (sky130_fd_sc_hd__xnor2_2)
     1    0.00    0.04    0.14    0.69 v _32_/Y (sky130_fd_sc_hd__xnor2_2)
                                         _03_ (net)
                  0.04    0.00    0.69 v _51_/D (sky130_fd_sc_hd__dfrtp_2)
                                  0.69   data arrival time

                  0.15   10.00   10.00   clock clk (rise edge)
                          0.00   10.00   clock network delay (ideal)
                         -0.25    9.75   clock uncertainty
                          0.00    9.75   clock reconvergence pessimism
                                  9.75 ^ _51_/CLK (sky130_fd_sc_hd__dfrtp_2)
                         -0.09    9.66   library setup time
                                  9.66   data required time
-----------------------------------------------------------------------------
                                  9.66   data required time
                                 -0.69   data arrival time
-----------------------------------------------------------------------------
                                  8.97   slack (MET)



worst slack corner Typical: 6.0508
