
===========================================================================
report_checks -path_delay max (Setup)
============================================================================
======================= Typical Corner ===================================

Startpoint: _132_ (rising edge-triggered flip-flop clocked by clk)
Endpoint: an[1] (output port clocked by clk)
Path Group: clk
Path Type: max

Fanout     Cap    Slew   Delay    Time   Description
-----------------------------------------------------------------------------
                          0.00    0.00   clock clk (rise edge)
                          0.00    0.00   clock source latency
     1    0.01    0.04    0.03    0.03 ^ clk (in)
                                         clk (net)
                  0.04    0.00    0.03 ^ clkbuf_0_clk/A (sky130_fd_sc_hd__clkbuf_16)
     2    0.02    0.04    0.13    0.16 ^ clkbuf_0_clk/X (sky130_fd_sc_hd__clkbuf_16)
                                         clknet_0_clk (net)
                  0.04    0.00    0.16 ^ clkbuf_1_1__f_clk/A (sky130_fd_sc_hd__clkbuf_16)
    10    0.03    0.05    0.14    0.29 ^ clkbuf_1_1__f_clk/X (sky130_fd_sc_hd__clkbuf_16)
                                         clknet_1_1__leaf_clk (net)
                  0.05    0.00    0.29 ^ _132_/CLK (sky130_fd_sc_hd__dfxtp_1)
     4    0.01    0.12    0.38    0.67 ^ _132_/Q (sky130_fd_sc_hd__dfxtp_1)
                                         display.digit_select[0] (net)
                  0.12    0.00    0.67 ^ _066_/A (sky130_fd_sc_hd__inv_2)
     4    0.01    0.04    0.07    0.74 v _066_/Y (sky130_fd_sc_hd__inv_2)
                                         _031_ (net)
                  0.04    0.00    0.74 v _067_/A (sky130_fd_sc_hd__or3_1)
     1    0.00    0.06    0.37    1.11 v _067_/X (sky130_fd_sc_hd__or3_1)
                                         _032_ (net)
                  0.06    0.00    1.11 v _068_/A (sky130_fd_sc_hd__clkbuf_1)
     1    0.00    0.03    0.10    1.22 v _068_/X (sky130_fd_sc_hd__clkbuf_1)
                                         net2 (net)
                  0.03    0.00    1.22 v output2/A (sky130_fd_sc_hd__buf_2)
     1    0.04    0.09    0.19    1.40 v output2/X (sky130_fd_sc_hd__buf_2)
                                         an[1] (net)
                  0.09    0.00    1.40 v an[1] (out)
                                  1.40   data arrival time

                         10.00   10.00   clock clk (rise edge)
                          0.00   10.00   clock network delay (propagated)
                         -0.25    9.75   clock uncertainty
                          0.00    9.75   clock reconvergence pessimism
                         -2.00    7.75   output external delay
                                  7.75   data required time
-----------------------------------------------------------------------------
                                  7.75   data required time
                                 -1.40   data arrival time
-----------------------------------------------------------------------------
                                  6.35   slack (MET)


Startpoint: _133_ (rising edge-triggered flip-flop clocked by clk)
Endpoint: an[2] (output port clocked by clk)
Path Group: clk
Path Type: max

Fanout     Cap    Slew   Delay    Time   Description
-----------------------------------------------------------------------------
                          0.00    0.00   clock clk (rise edge)
                          0.00    0.00   clock source latency
     1    0.01    0.04    0.03    0.03 ^ clk (in)
                                         clk (net)
                  0.04    0.00    0.03 ^ clkbuf_0_clk/A (sky130_fd_sc_hd__clkbuf_16)
     2    0.02    0.04    0.13    0.16 ^ clkbuf_0_clk/X (sky130_fd_sc_hd__clkbuf_16)
                                         clknet_0_clk (net)
                  0.04    0.00    0.16 ^ clkbuf_1_1__f_clk/A (sky130_fd_sc_hd__clkbuf_16)
    10    0.03    0.05    0.14    0.29 ^ clkbuf_1_1__f_clk/X (sky130_fd_sc_hd__clkbuf_16)
                                         clknet_1_1__leaf_clk (net)
                  0.05    0.00    0.29 ^ _133_/CLK (sky130_fd_sc_hd__dfxtp_1)
     6    0.01    0.13    0.39    0.68 ^ _133_/Q (sky130_fd_sc_hd__dfxtp_1)
                                         display.digit_select[1] (net)
                  0.13    0.00    0.68 ^ _069_/C_N (sky130_fd_sc_hd__or3b_1)
     1    0.00    0.07    0.38    1.06 v _069_/X (sky130_fd_sc_hd__or3b_1)
                                         _033_ (net)
                  0.07    0.00    1.06 v _070_/A (sky130_fd_sc_hd__clkbuf_1)
     1    0.00    0.03    0.10    1.16 v _070_/X (sky130_fd_sc_hd__clkbuf_1)
                                         net3 (net)
                  0.03    0.00    1.16 v output3/A (sky130_fd_sc_hd__buf_2)
     1    0.04    0.09    0.19    1.35 v output3/X (sky130_fd_sc_hd__buf_2)
                                         an[2] (net)
                  0.09    0.00    1.35 v an[2] (out)
                                  1.35   data arrival time

                         10.00   10.00   clock clk (rise edge)
                          0.00   10.00   clock network delay (propagated)
                         -0.25    9.75   clock uncertainty
                          0.00    9.75   clock reconvergence pessimism
                         -2.00    7.75   output external delay
                                  7.75   data required time
-----------------------------------------------------------------------------
                                  7.75   data required time
                                 -1.35   data arrival time
-----------------------------------------------------------------------------
                                  6.40   slack (MET)


Startpoint: _132_ (rising edge-triggered flip-flop clocked by clk)
Endpoint: an[0] (output port clocked by clk)
Path Group: clk
Path Type: max

Fanout     Cap    Slew   Delay    Time   Description
-----------------------------------------------------------------------------
                          0.00    0.00   clock clk (rise edge)
                          0.00    0.00   clock source latency
     1    0.01    0.04    0.03    0.03 ^ clk (in)
                                         clk (net)
                  0.04    0.00    0.03 ^ clkbuf_0_clk/A (sky130_fd_sc_hd__clkbuf_16)
     2    0.02    0.04    0.13    0.16 ^ clkbuf_0_clk/X (sky130_fd_sc_hd__clkbuf_16)
                                         clknet_0_clk (net)
                  0.04    0.00    0.16 ^ clkbuf_1_1__f_clk/A (sky130_fd_sc_hd__clkbuf_16)
    10    0.03    0.05    0.14    0.29 ^ clkbuf_1_1__f_clk/X (sky130_fd_sc_hd__clkbuf_16)
                                         clknet_1_1__leaf_clk (net)
                  0.05    0.00    0.29 ^ _132_/CLK (sky130_fd_sc_hd__dfxtp_1)
     4    0.01    0.06    0.34    0.64 v _132_/Q (sky130_fd_sc_hd__dfxtp_1)
                                         display.digit_select[0] (net)
                  0.06    0.00    0.64 v _064_/A (sky130_fd_sc_hd__or3_1)
     1    0.00    0.07    0.40    1.03 v _064_/X (sky130_fd_sc_hd__or3_1)
                                         _030_ (net)
                  0.07    0.00    1.03 v _065_/A (sky130_fd_sc_hd__clkbuf_1)
     1    0.00    0.03    0.10    1.14 v _065_/X (sky130_fd_sc_hd__clkbuf_1)
                                         net1 (net)
                  0.03    0.00    1.14 v output1/A (sky130_fd_sc_hd__buf_2)
     1    0.03    0.09    0.18    1.32 v output1/X (sky130_fd_sc_hd__buf_2)
                                         an[0] (net)
                  0.09    0.00    1.32 v an[0] (out)
                                  1.32   data arrival time

                         10.00   10.00   clock clk (rise edge)
                          0.00   10.00   clock network delay (propagated)
                         -0.25    9.75   clock uncertainty
                          0.00    9.75   clock reconvergence pessimism
                         -2.00    7.75   output external delay
                                  7.75   data required time
-----------------------------------------------------------------------------
                                  7.75   data required time
                                 -1.32   data arrival time
-----------------------------------------------------------------------------
                                  6.43   slack (MET)


Startpoint: _133_ (rising edge-triggered flip-flop clocked by clk)
Endpoint: an[3] (output port clocked by clk)
Path Group: clk
Path Type: max

Fanout     Cap    Slew   Delay    Time   Description
-----------------------------------------------------------------------------
                          0.00    0.00   clock clk (rise edge)
                          0.00    0.00   clock source latency
     1    0.01    0.04    0.03    0.03 ^ clk (in)
                                         clk (net)
                  0.04    0.00    0.03 ^ clkbuf_0_clk/A (sky130_fd_sc_hd__clkbuf_16)
     2    0.02    0.04    0.13    0.16 ^ clkbuf_0_clk/X (sky130_fd_sc_hd__clkbuf_16)
                                         clknet_0_clk (net)
                  0.04    0.00    0.16 ^ clkbuf_1_1__f_clk/A (sky130_fd_sc_hd__clkbuf_16)
    10    0.03    0.05    0.14    0.29 ^ clkbuf_1_1__f_clk/X (sky130_fd_sc_hd__clkbuf_16)
                                         clknet_1_1__leaf_clk (net)
                  0.05    0.00    0.29 ^ _133_/CLK (sky130_fd_sc_hd__dfxtp_1)
     6    0.01    0.13    0.39    0.68 ^ _133_/Q (sky130_fd_sc_hd__dfxtp_1)
                                         display.digit_select[1] (net)
                  0.13    0.00    0.68 ^ _071_/B (sky130_fd_sc_hd__nand2_1)
     2    0.00    0.05    0.08    0.77 v _071_/Y (sky130_fd_sc_hd__nand2_1)
                                         _034_ (net)
                  0.05    0.00    0.77 v _072_/B (sky130_fd_sc_hd__or2_1)
     1    0.00    0.05    0.21    0.98 v _072_/X (sky130_fd_sc_hd__or2_1)
                                         _035_ (net)
                  0.05    0.00    0.98 v _073_/A (sky130_fd_sc_hd__clkbuf_1)
     1    0.00    0.03    0.09    1.07 v _073_/X (sky130_fd_sc_hd__clkbuf_1)
                                         net4 (net)
                  0.03    0.00    1.07 v output4/A (sky130_fd_sc_hd__buf_2)
     1    0.03    0.09    0.18    1.25 v output4/X (sky130_fd_sc_hd__buf_2)
                                         an[3] (net)
                  0.09    0.00    1.25 v an[3] (out)
                                  1.25   data arrival time

                         10.00   10.00   clock clk (rise edge)
                          0.00   10.00   clock network delay (propagated)
                         -0.25    9.75   clock uncertainty
                          0.00    9.75   clock reconvergence pessimism
                         -2.00    7.75   output external delay
                                  7.75   data required time
-----------------------------------------------------------------------------
                                  7.75   data required time
                                 -1.25   data arrival time
-----------------------------------------------------------------------------
                                  6.50   slack (MET)


Startpoint: _135_ (rising edge-triggered flip-flop clocked by clk)
Endpoint: _149_ (rising edge-triggered flip-flop clocked by clk)
Path Group: clk
Path Type: max

Fanout     Cap    Slew   Delay    Time   Description
-----------------------------------------------------------------------------
                          0.00    0.00   clock clk (rise edge)
                          0.00    0.00   clock source latency
     1    0.01    0.04    0.03    0.03 ^ clk (in)
                                         clk (net)
                  0.04    0.00    0.03 ^ clkbuf_0_clk/A (sky130_fd_sc_hd__clkbuf_16)
     2    0.02    0.04    0.13    0.16 ^ clkbuf_0_clk/X (sky130_fd_sc_hd__clkbuf_16)
                                         clknet_0_clk (net)
                  0.04    0.00    0.16 ^ clkbuf_1_1__f_clk/A (sky130_fd_sc_hd__clkbuf_16)
    10    0.03    0.05    0.14    0.29 ^ clkbuf_1_1__f_clk/X (sky130_fd_sc_hd__clkbuf_16)
                                         clknet_1_1__leaf_clk (net)
                  0.05    0.00    0.29 ^ _135_/CLK (sky130_fd_sc_hd__dfxtp_1)
     4    0.01    0.12    0.38    0.67 ^ _135_/Q (sky130_fd_sc_hd__dfxtp_1)
                                         display.refresh_counter[0] (net)
                  0.12    0.00    0.67 ^ _080_/B (sky130_fd_sc_hd__and4_1)
     1    0.00    0.06    0.20    0.87 ^ _080_/X (sky130_fd_sc_hd__and4_1)
                                         _039_ (net)
                  0.06    0.00    0.87 ^ _081_/A (sky130_fd_sc_hd__clkbuf_2)
     8    0.02    0.14    0.18    1.06 ^ _081_/X (sky130_fd_sc_hd__clkbuf_2)
                                         _040_ (net)
                  0.14    0.00    1.06 ^ _105_/A (sky130_fd_sc_hd__and3_1)
     5    0.01    0.15    0.25    1.31 ^ _105_/X (sky130_fd_sc_hd__and3_1)
                                         _055_ (net)
                  0.15    0.00    1.31 ^ _109_/C (sky130_fd_sc_hd__nand3_1)
     2    0.01    0.11    0.15    1.46 v _109_/Y (sky130_fd_sc_hd__nand3_1)
                                         _058_ (net)
                  0.11    0.00    1.46 v _111_/B (sky130_fd_sc_hd__xnor2_1)
     1    0.00    0.04    0.15    1.61 v _111_/Y (sky130_fd_sc_hd__xnor2_1)
                                         _005_ (net)
                  0.04    0.00    1.61 v hold7/A (sky130_fd_sc_hd__dlygate4sd3_1)
     1    0.00    0.05    0.57    2.18 v hold7/X (sky130_fd_sc_hd__dlygate4sd3_1)
                                         net50 (net)
                  0.05    0.00    2.18 v _149_/D (sky130_fd_sc_hd__dfxtp_1)
                                  2.18   data arrival time

                         10.00   10.00   clock clk (rise edge)
                          0.00   10.00   clock source latency
     1    0.01    0.04    0.03   10.03 ^ clk (in)
                                         clk (net)
                  0.04    0.00   10.03 ^ clkbuf_0_clk/A (sky130_fd_sc_hd__clkbuf_16)
     2    0.02    0.04    0.11   10.14 ^ clkbuf_0_clk/X (sky130_fd_sc_hd__clkbuf_16)
                                         clknet_0_clk (net)
                  0.04    0.00   10.14 ^ clkbuf_1_0__f_clk/A (sky130_fd_sc_hd__clkbuf_16)
    10    0.03    0.05    0.12   10.27 ^ clkbuf_1_0__f_clk/X (sky130_fd_sc_hd__clkbuf_16)
                                         clknet_1_0__leaf_clk (net)
                  0.05    0.00   10.27 ^ _149_/CLK (sky130_fd_sc_hd__dfxtp_1)
                         -0.25   10.02   clock uncertainty
                          0.01   10.03   clock reconvergence pessimism
                         -0.11    9.92   library setup time
                                  9.92   data required time
-----------------------------------------------------------------------------
                                  9.92   data required time
                                 -2.18   data arrival time
-----------------------------------------------------------------------------
                                  7.74   slack (MET)


Startpoint: _146_ (rising edge-triggered flip-flop clocked by clk)
Endpoint: _132_ (rising edge-triggered flip-flop clocked by clk)
Path Group: clk
Path Type: max

Fanout     Cap    Slew   Delay    Time   Description
-----------------------------------------------------------------------------
                          0.00    0.00   clock clk (rise edge)
                          0.00    0.00   clock source latency
     1    0.01    0.04    0.03    0.03 ^ clk (in)
                                         clk (net)
                  0.04    0.00    0.03 ^ clkbuf_0_clk/A (sky130_fd_sc_hd__clkbuf_16)
     2    0.02    0.04    0.13    0.16 ^ clkbuf_0_clk/X (sky130_fd_sc_hd__clkbuf_16)
                                         clknet_0_clk (net)
                  0.04    0.00    0.16 ^ clkbuf_1_0__f_clk/A (sky130_fd_sc_hd__clkbuf_16)
    10    0.03    0.05    0.14    0.29 ^ clkbuf_1_0__f_clk/X (sky130_fd_sc_hd__clkbuf_16)
                                         clknet_1_0__leaf_clk (net)
                  0.05    0.00    0.29 ^ _146_/CLK (sky130_fd_sc_hd__dfxtp_1)
     3    0.01    0.04    0.32    0.62 v _146_/Q (sky130_fd_sc_hd__dfxtp_1)
                                         display.refresh_counter[11] (net)
                  0.04    0.00    0.62 v _121_/A (sky130_fd_sc_hd__or4_1)
     1    0.00    0.08    0.53    1.15 v _121_/X (sky130_fd_sc_hd__or4_1)
                                         _022_ (net)
                  0.08    0.00    1.15 v _123_/B (sky130_fd_sc_hd__or3_1)
     4    0.01    0.10    0.42    1.57 v _123_/X (sky130_fd_sc_hd__or3_1)
                                         _024_ (net)
                  0.10    0.00    1.58 v _124_/C (sky130_fd_sc_hd__or3_1)
     2    0.01    0.08    0.36    1.94 v _124_/X (sky130_fd_sc_hd__or3_1)
                                         _025_ (net)
                  0.08    0.00    1.94 v _126_/A (sky130_fd_sc_hd__and2_1)
     1    0.00    0.04    0.16    2.09 v _126_/X (sky130_fd_sc_hd__and2_1)
                                         _027_ (net)
                  0.04    0.00    2.09 v _127_/A (sky130_fd_sc_hd__clkbuf_1)
     1    0.00    0.03    0.09    2.18 v _127_/X (sky130_fd_sc_hd__clkbuf_1)
                                         _017_ (net)
                  0.03    0.00    2.18 v _132_/D (sky130_fd_sc_hd__dfxtp_1)
                                  2.18   data arrival time

                         10.00   10.00   clock clk (rise edge)
                          0.00   10.00   clock source latency
     1    0.01    0.04    0.03   10.03 ^ clk (in)
                                         clk (net)
                  0.04    0.00   10.03 ^ clkbuf_0_clk/A (sky130_fd_sc_hd__clkbuf_16)
     2    0.02    0.04    0.11   10.14 ^ clkbuf_0_clk/X (sky130_fd_sc_hd__clkbuf_16)
                                         clknet_0_clk (net)
                  0.04    0.00   10.14 ^ clkbuf_1_1__f_clk/A (sky130_fd_sc_hd__clkbuf_16)
    10    0.03    0.05    0.12   10.27 ^ clkbuf_1_1__f_clk/X (sky130_fd_sc_hd__clkbuf_16)
                                         clknet_1_1__leaf_clk (net)
                  0.05    0.00   10.27 ^ _132_/CLK (sky130_fd_sc_hd__dfxtp_1)
                         -0.25   10.02   clock uncertainty
                          0.01   10.03   clock reconvergence pessimism
                         -0.10    9.93   library setup time
                                  9.93   data required time
-----------------------------------------------------------------------------
                                  9.93   data required time
                                 -2.18   data arrival time
-----------------------------------------------------------------------------
                                  7.75   slack (MET)


Startpoint: _146_ (rising edge-triggered flip-flop clocked by clk)
Endpoint: _133_ (rising edge-triggered flip-flop clocked by clk)
Path Group: clk
Path Type: max

Fanout     Cap    Slew   Delay    Time   Description
-----------------------------------------------------------------------------
                          0.00    0.00   clock clk (rise edge)
                          0.00    0.00   clock source latency
     1    0.01    0.04    0.03    0.03 ^ clk (in)
                                         clk (net)
                  0.04    0.00    0.03 ^ clkbuf_0_clk/A (sky130_fd_sc_hd__clkbuf_16)
     2    0.02    0.04    0.13    0.16 ^ clkbuf_0_clk/X (sky130_fd_sc_hd__clkbuf_16)
                                         clknet_0_clk (net)
                  0.04    0.00    0.16 ^ clkbuf_1_0__f_clk/A (sky130_fd_sc_hd__clkbuf_16)
    10    0.03    0.05    0.14    0.29 ^ clkbuf_1_0__f_clk/X (sky130_fd_sc_hd__clkbuf_16)
                                         clknet_1_0__leaf_clk (net)
                  0.05    0.00    0.29 ^ _146_/CLK (sky130_fd_sc_hd__dfxtp_1)
     3    0.01    0.04    0.32    0.62 v _146_/Q (sky130_fd_sc_hd__dfxtp_1)
                                         display.refresh_counter[11] (net)
                  0.04    0.00    0.62 v _121_/A (sky130_fd_sc_hd__or4_1)
     1    0.00    0.08    0.53    1.15 v _121_/X (sky130_fd_sc_hd__or4_1)
                                         _022_ (net)
                  0.08    0.00    1.15 v _123_/B (sky130_fd_sc_hd__or3_1)
     4    0.01    0.10    0.42    1.57 v _123_/X (sky130_fd_sc_hd__or3_1)
                                         _024_ (net)
                  0.10    0.00    1.58 v _128_/D (sky130_fd_sc_hd__or4_1)
     1    0.00    0.08    0.43    2.00 v _128_/X (sky130_fd_sc_hd__or4_1)
                                         _028_ (net)
                  0.08    0.00    2.00 v _129_/B1_N (sky130_fd_sc_hd__a21bo_1)
     1    0.00    0.03    0.19    2.19 ^ _129_/X (sky130_fd_sc_hd__a21bo_1)
                                         _018_ (net)
                  0.03    0.00    2.19 ^ _133_/D (sky130_fd_sc_hd__dfxtp_1)
                                  2.19   data arrival time

                         10.00   10.00   clock clk (rise edge)
                          0.00   10.00   clock source latency
     1    0.01    0.04    0.03   10.03 ^ clk (in)
                                         clk (net)
                  0.04    0.00   10.03 ^ clkbuf_0_clk/A (sky130_fd_sc_hd__clkbuf_16)
     2    0.02    0.04    0.11   10.14 ^ clkbuf_0_clk/X (sky130_fd_sc_hd__clkbuf_16)
                                         clknet_0_clk (net)
                  0.04    0.00   10.14 ^ clkbuf_1_1__f_clk/A (sky130_fd_sc_hd__clkbuf_16)
    10    0.03    0.05    0.12   10.27 ^ clkbuf_1_1__f_clk/X (sky130_fd_sc_hd__clkbuf_16)
                                         clknet_1_1__leaf_clk (net)
                  0.05    0.00   10.27 ^ _133_/CLK (sky130_fd_sc_hd__dfxtp_1)
                         -0.25   10.02   clock uncertainty
                          0.01   10.03   clock reconvergence pessimism
                         -0.05    9.98   library setup time
                                  9.98   data required time
-----------------------------------------------------------------------------
                                  9.98   data required time
                                 -2.19   data arrival time
-----------------------------------------------------------------------------
                                  7.79   slack (MET)


Startpoint: _135_ (rising edge-triggered flip-flop clocked by clk)
Endpoint: _137_ (rising edge-triggered flip-flop clocked by clk)
Path Group: clk
Path Type: max

Fanout     Cap    Slew   Delay    Time   Description
-----------------------------------------------------------------------------
                          0.00    0.00   clock clk (rise edge)
                          0.00    0.00   clock source latency
     1    0.01    0.04    0.03    0.03 ^ clk (in)
                                         clk (net)
                  0.04    0.00    0.03 ^ clkbuf_0_clk/A (sky130_fd_sc_hd__clkbuf_16)
     2    0.02    0.04    0.13    0.16 ^ clkbuf_0_clk/X (sky130_fd_sc_hd__clkbuf_16)
                                         clknet_0_clk (net)
                  0.04    0.00    0.16 ^ clkbuf_1_1__f_clk/A (sky130_fd_sc_hd__clkbuf_16)
    10    0.03    0.05    0.14    0.29 ^ clkbuf_1_1__f_clk/X (sky130_fd_sc_hd__clkbuf_16)
                                         clknet_1_1__leaf_clk (net)
                  0.05    0.00    0.29 ^ _135_/CLK (sky130_fd_sc_hd__dfxtp_1)
     4    0.01    0.12    0.38    0.67 ^ _135_/Q (sky130_fd_sc_hd__dfxtp_1)
                                         display.refresh_counter[0] (net)
                  0.12    0.00    0.67 ^ hold1/A (sky130_fd_sc_hd__dlygate4sd3_1)
     2    0.01    0.10    0.63    1.30 ^ hold1/X (sky130_fd_sc_hd__dlygate4sd3_1)
                                         net44 (net)
                  0.10    0.00    1.31 ^ _075_/B (sky130_fd_sc_hd__nand2_1)
     2    0.01    0.07    0.10    1.40 v _075_/Y (sky130_fd_sc_hd__nand2_1)
                                         _036_ (net)
                  0.07    0.00    1.40 v _079_/B (sky130_fd_sc_hd__xnor2_1)
     1    0.00    0.05    0.14    1.54 v _079_/Y (sky130_fd_sc_hd__xnor2_1)
                                         _009_ (net)
                  0.05    0.00    1.54 v hold9/A (sky130_fd_sc_hd__dlygate4sd3_1)
     1    0.00    0.05    0.58    2.12 v hold9/X (sky130_fd_sc_hd__dlygate4sd3_1)
                                         net52 (net)
                  0.05    0.00    2.12 v _137_/D (sky130_fd_sc_hd__dfxtp_1)
                                  2.12   data arrival time

                         10.00   10.00   clock clk (rise edge)
                          0.00   10.00   clock source latency
     1    0.01    0.04    0.03   10.03 ^ clk (in)
                                         clk (net)
                  0.04    0.00   10.03 ^ clkbuf_0_clk/A (sky130_fd_sc_hd__clkbuf_16)
     2    0.02    0.04    0.11   10.14 ^ clkbuf_0_clk/X (sky130_fd_sc_hd__clkbuf_16)
                                         clknet_0_clk (net)
                  0.04    0.00   10.14 ^ clkbuf_1_1__f_clk/A (sky130_fd_sc_hd__clkbuf_16)
    10    0.03    0.05    0.12   10.27 ^ clkbuf_1_1__f_clk/X (sky130_fd_sc_hd__clkbuf_16)
                                         clknet_1_1__leaf_clk (net)
                  0.05    0.00   10.27 ^ _137_/CLK (sky130_fd_sc_hd__dfxtp_1)
                         -0.25   10.02   clock uncertainty
                          0.03   10.04   clock reconvergence pessimism
                         -0.11    9.93   library setup time
                                  9.93   data required time
-----------------------------------------------------------------------------
                                  9.93   data required time
                                 -2.12   data arrival time
-----------------------------------------------------------------------------
                                  7.81   slack (MET)


Startpoint: _146_ (rising edge-triggered flip-flop clocked by clk)
Endpoint: _134_ (rising edge-triggered flip-flop clocked by clk)
Path Group: clk
Path Type: max

Fanout     Cap    Slew   Delay    Time   Description
-----------------------------------------------------------------------------
                          0.00    0.00   clock clk (rise edge)
                          0.00    0.00   clock source latency
     1    0.01    0.04    0.03    0.03 ^ clk (in)
                                         clk (net)
                  0.04    0.00    0.03 ^ clkbuf_0_clk/A (sky130_fd_sc_hd__clkbuf_16)
     2    0.02    0.04    0.13    0.16 ^ clkbuf_0_clk/X (sky130_fd_sc_hd__clkbuf_16)
                                         clknet_0_clk (net)
                  0.04    0.00    0.16 ^ clkbuf_1_0__f_clk/A (sky130_fd_sc_hd__clkbuf_16)
    10    0.03    0.05    0.14    0.29 ^ clkbuf_1_0__f_clk/X (sky130_fd_sc_hd__clkbuf_16)
                                         clknet_1_0__leaf_clk (net)
                  0.05    0.00    0.29 ^ _146_/CLK (sky130_fd_sc_hd__dfxtp_1)
     3    0.01    0.04    0.32    0.62 v _146_/Q (sky130_fd_sc_hd__dfxtp_1)
                                         display.refresh_counter[11] (net)
                  0.04    0.00    0.62 v _121_/A (sky130_fd_sc_hd__or4_1)
     1    0.00    0.08    0.53    1.15 v _121_/X (sky130_fd_sc_hd__or4_1)
                                         _022_ (net)
                  0.08    0.00    1.15 v _123_/B (sky130_fd_sc_hd__or3_1)
     4    0.01    0.10    0.42    1.57 v _123_/X (sky130_fd_sc_hd__or3_1)
                                         _024_ (net)
                  0.10    0.00    1.58 v _130_/C (sky130_fd_sc_hd__or3_1)
     1    0.01    0.08    0.36    1.93 v _130_/X (sky130_fd_sc_hd__or3_1)
                                         _029_ (net)
                  0.08    0.00    1.93 v _131_/B (sky130_fd_sc_hd__xnor2_1)
     1    0.00    0.05    0.14    2.07 v _131_/Y (sky130_fd_sc_hd__xnor2_1)
                                         _019_ (net)
                  0.05    0.00    2.07 v _134_/D (sky130_fd_sc_hd__dfxtp_1)
                                  2.07   data arrival time

                         10.00   10.00   clock clk (rise edge)
                          0.00   10.00   clock source latency
     1    0.01    0.04    0.03   10.03 ^ clk (in)
                                         clk (net)
                  0.04    0.00   10.03 ^ clkbuf_0_clk/A (sky130_fd_sc_hd__clkbuf_16)
     2    0.02    0.04    0.11   10.14 ^ clkbuf_0_clk/X (sky130_fd_sc_hd__clkbuf_16)
                                         clknet_0_clk (net)
                  0.04    0.00   10.14 ^ clkbuf_1_1__f_clk/A (sky130_fd_sc_hd__clkbuf_16)
    10    0.03    0.05    0.12   10.27 ^ clkbuf_1_1__f_clk/X (sky130_fd_sc_hd__clkbuf_16)
                                         clknet_1_1__leaf_clk (net)
                  0.05    0.00   10.27 ^ _134_/CLK (sky130_fd_sc_hd__dfxtp_1)
                         -0.25   10.02   clock uncertainty
                          0.01   10.03   clock reconvergence pessimism
                         -0.11    9.92   library setup time
                                  9.92   data required time
-----------------------------------------------------------------------------
                                  9.92   data required time
                                 -2.07   data arrival time
-----------------------------------------------------------------------------
                                  7.85   slack (MET)


Startpoint: _140_ (rising edge-triggered flip-flop clocked by clk)
Endpoint: _140_ (rising edge-triggered flip-flop clocked by clk)
Path Group: clk
Path Type: max

Fanout     Cap    Slew   Delay    Time   Description
-----------------------------------------------------------------------------
                          0.00    0.00   clock clk (rise edge)
                          0.00    0.00   clock source latency
     1    0.01    0.04    0.03    0.03 ^ clk (in)
                                         clk (net)
                  0.04    0.00    0.03 ^ clkbuf_0_clk/A (sky130_fd_sc_hd__clkbuf_16)
     2    0.02    0.04    0.13    0.16 ^ clkbuf_0_clk/X (sky130_fd_sc_hd__clkbuf_16)
                                         clknet_0_clk (net)
                  0.04    0.00    0.16 ^ clkbuf_1_1__f_clk/A (sky130_fd_sc_hd__clkbuf_16)
    10    0.03    0.05    0.14    0.29 ^ clkbuf_1_1__f_clk/X (sky130_fd_sc_hd__clkbuf_16)
                                         clknet_1_1__leaf_clk (net)
                  0.05    0.00    0.29 ^ _140_/CLK (sky130_fd_sc_hd__dfxtp_1)
     5    0.01    0.06    0.35    0.64 v _140_/Q (sky130_fd_sc_hd__dfxtp_1)
                                         display.refresh_counter[5] (net)
                  0.06    0.00    0.64 v hold11/A (sky130_fd_sc_hd__dlygate4sd3_1)
     1    0.01    0.07    0.60    1.24 v hold11/X (sky130_fd_sc_hd__dlygate4sd3_1)
                                         net54 (net)
                  0.07    0.00    1.24 v _087_/A (sky130_fd_sc_hd__xnor2_1)
     1    0.00    0.04    0.13    1.38 v _087_/Y (sky130_fd_sc_hd__xnor2_1)
                                         _012_ (net)
                  0.04    0.00    1.38 v hold12/A (sky130_fd_sc_hd__dlygate4sd3_1)
     1    0.00    0.05    0.57    1.95 v hold12/X (sky130_fd_sc_hd__dlygate4sd3_1)
                                         net55 (net)
                  0.05    0.00    1.95 v _140_/D (sky130_fd_sc_hd__dfxtp_1)
                                  1.95   data arrival time

                         10.00   10.00   clock clk (rise edge)
                          0.00   10.00   clock source latency
     1    0.01    0.04    0.03   10.03 ^ clk (in)
                                         clk (net)
                  0.04    0.00   10.03 ^ clkbuf_0_clk/A (sky130_fd_sc_hd__clkbuf_16)
     2    0.02    0.04    0.11   10.14 ^ clkbuf_0_clk/X (sky130_fd_sc_hd__clkbuf_16)
                                         clknet_0_clk (net)
                  0.04    0.00   10.14 ^ clkbuf_1_1__f_clk/A (sky130_fd_sc_hd__clkbuf_16)
    10    0.03    0.05    0.12   10.27 ^ clkbuf_1_1__f_clk/X (sky130_fd_sc_hd__clkbuf_16)
                                         clknet_1_1__leaf_clk (net)
                  0.05    0.00   10.27 ^ _140_/CLK (sky130_fd_sc_hd__dfxtp_1)
                         -0.25   10.02   clock uncertainty
                          0.03   10.04   clock reconvergence pessimism
                         -0.11    9.93   library setup time
                                  9.93   data required time
-----------------------------------------------------------------------------
                                  9.93   data required time
                                 -1.95   data arrival time
-----------------------------------------------------------------------------
                                  7.98   slack (MET)


Startpoint: _135_ (rising edge-triggered flip-flop clocked by clk)
Endpoint: _150_ (rising edge-triggered flip-flop clocked by clk)
Path Group: clk
Path Type: max

Fanout     Cap    Slew   Delay    Time   Description
-----------------------------------------------------------------------------
                          0.00    0.00   clock clk (rise edge)
                          0.00    0.00   clock source latency
     1    0.01    0.04    0.03    0.03 ^ clk (in)
                                         clk (net)
                  0.04    0.00    0.03 ^ clkbuf_0_clk/A (sky130_fd_sc_hd__clkbuf_16)
     2    0.02    0.04    0.13    0.16 ^ clkbuf_0_clk/X (sky130_fd_sc_hd__clkbuf_16)
                                         clknet_0_clk (net)
                  0.04    0.00    0.16 ^ clkbuf_1_1__f_clk/A (sky130_fd_sc_hd__clkbuf_16)
    10    0.03    0.05    0.14    0.29 ^ clkbuf_1_1__f_clk/X (sky130_fd_sc_hd__clkbuf_16)
                                         clknet_1_1__leaf_clk (net)
                  0.05    0.00    0.29 ^ _135_/CLK (sky130_fd_sc_hd__dfxtp_1)
     4    0.01    0.12    0.38    0.67 ^ _135_/Q (sky130_fd_sc_hd__dfxtp_1)
                                         display.refresh_counter[0] (net)
                  0.12    0.00    0.67 ^ _080_/B (sky130_fd_sc_hd__and4_1)
     1    0.00    0.06    0.20    0.87 ^ _080_/X (sky130_fd_sc_hd__and4_1)
                                         _039_ (net)
                  0.06    0.00    0.87 ^ _081_/A (sky130_fd_sc_hd__clkbuf_2)
     8    0.02    0.14    0.18    1.06 ^ _081_/X (sky130_fd_sc_hd__clkbuf_2)
                                         _040_ (net)
                  0.14    0.00    1.06 ^ _105_/A (sky130_fd_sc_hd__and3_1)
     5    0.01    0.15    0.25    1.31 ^ _105_/X (sky130_fd_sc_hd__and3_1)
                                         _055_ (net)
                  0.15    0.00    1.31 ^ _113_/C (sky130_fd_sc_hd__and4_1)
     2    0.01    0.11    0.26    1.58 ^ _113_/X (sky130_fd_sc_hd__and4_1)
                                         _060_ (net)
                  0.11    0.00    1.58 ^ _115_/A_N (sky130_fd_sc_hd__and2b_1)
     1    0.00    0.03    0.19    1.77 v _115_/X (sky130_fd_sc_hd__and2b_1)
                                         _062_ (net)
                  0.03    0.00    1.77 v _116_/A (sky130_fd_sc_hd__clkbuf_1)
     1    0.00    0.02    0.08    1.85 v _116_/X (sky130_fd_sc_hd__clkbuf_1)
                                         _006_ (net)
                  0.02    0.00    1.85 v _150_/D (sky130_fd_sc_hd__dfxtp_1)
                                  1.85   data arrival time

                         10.00   10.00   clock clk (rise edge)
                          0.00   10.00   clock source latency
     1    0.01    0.04    0.03   10.03 ^ clk (in)
                                         clk (net)
                  0.04    0.00   10.03 ^ clkbuf_0_clk/A (sky130_fd_sc_hd__clkbuf_16)
     2    0.02    0.04    0.11   10.14 ^ clkbuf_0_clk/X (sky130_fd_sc_hd__clkbuf_16)
                                         clknet_0_clk (net)
                  0.04    0.00   10.14 ^ clkbuf_1_0__f_clk/A (sky130_fd_sc_hd__clkbuf_16)
    10    0.03    0.05    0.12   10.27 ^ clkbuf_1_0__f_clk/X (sky130_fd_sc_hd__clkbuf_16)
                                         clknet_1_0__leaf_clk (net)
                  0.05    0.00   10.27 ^ _150_/CLK (sky130_fd_sc_hd__dfxtp_1)
                         -0.25   10.02   clock uncertainty
                          0.01   10.03   clock reconvergence pessimism
                         -0.10    9.93   library setup time
                                  9.93   data required time
-----------------------------------------------------------------------------
                                  9.93   data required time
                                 -1.85   data arrival time
-----------------------------------------------------------------------------
                                  8.08   slack (MET)


Startpoint: _135_ (rising edge-triggered flip-flop clocked by clk)
Endpoint: _144_ (rising edge-triggered flip-flop clocked by clk)
Path Group: clk
Path Type: max

Fanout     Cap    Slew   Delay    Time   Description
-----------------------------------------------------------------------------
                          0.00    0.00   clock clk (rise edge)
                          0.00    0.00   clock source latency
     1    0.01    0.04    0.03    0.03 ^ clk (in)
                                         clk (net)
                  0.04    0.00    0.03 ^ clkbuf_0_clk/A (sky130_fd_sc_hd__clkbuf_16)
     2    0.02    0.04    0.13    0.16 ^ clkbuf_0_clk/X (sky130_fd_sc_hd__clkbuf_16)
                                         clknet_0_clk (net)
                  0.04    0.00    0.16 ^ clkbuf_1_1__f_clk/A (sky130_fd_sc_hd__clkbuf_16)
    10    0.03    0.05    0.14    0.29 ^ clkbuf_1_1__f_clk/X (sky130_fd_sc_hd__clkbuf_16)
                                         clknet_1_1__leaf_clk (net)
                  0.05    0.00    0.29 ^ _135_/CLK (sky130_fd_sc_hd__dfxtp_1)
     4    0.01    0.12    0.38    0.67 ^ _135_/Q (sky130_fd_sc_hd__dfxtp_1)
                                         display.refresh_counter[0] (net)
                  0.12    0.00    0.67 ^ _080_/B (sky130_fd_sc_hd__and4_1)
     1    0.00    0.06    0.20    0.87 ^ _080_/X (sky130_fd_sc_hd__and4_1)
                                         _039_ (net)
                  0.06    0.00    0.87 ^ _081_/A (sky130_fd_sc_hd__clkbuf_2)
     8    0.02    0.14    0.18    1.06 ^ _081_/X (sky130_fd_sc_hd__clkbuf_2)
                                         _040_ (net)
                  0.14    0.00    1.06 ^ _094_/A (sky130_fd_sc_hd__and2_1)
     4    0.01    0.15    0.23    1.28 ^ _094_/X (sky130_fd_sc_hd__and2_1)
                                         _049_ (net)
                  0.15    0.00    1.29 ^ _097_/C (sky130_fd_sc_hd__and3_1)
     2    0.01    0.10    0.22    1.51 ^ _097_/X (sky130_fd_sc_hd__and3_1)
                                         _050_ (net)
                  0.10    0.00    1.51 ^ _099_/A_N (sky130_fd_sc_hd__and2b_1)
     1    0.00    0.04    0.20    1.70 v _099_/X (sky130_fd_sc_hd__and2b_1)
                                         _052_ (net)
                  0.04    0.00    1.70 v _100_/A (sky130_fd_sc_hd__clkbuf_1)
     1    0.00    0.02    0.09    1.79 v _100_/X (sky130_fd_sc_hd__clkbuf_1)
                                         _016_ (net)
                  0.02    0.00    1.79 v _144_/D (sky130_fd_sc_hd__dfxtp_1)
                                  1.79   data arrival time

                         10.00   10.00   clock clk (rise edge)
                          0.00   10.00   clock source latency
     1    0.01    0.04    0.03   10.03 ^ clk (in)
                                         clk (net)
                  0.04    0.00   10.03 ^ clkbuf_0_clk/A (sky130_fd_sc_hd__clkbuf_16)
     2    0.02    0.04    0.11   10.14 ^ clkbuf_0_clk/X (sky130_fd_sc_hd__clkbuf_16)
                                         clknet_0_clk (net)
                  0.04    0.00   10.14 ^ clkbuf_1_0__f_clk/A (sky130_fd_sc_hd__clkbuf_16)
    10    0.03    0.05    0.12   10.27 ^ clkbuf_1_0__f_clk/X (sky130_fd_sc_hd__clkbuf_16)
                                         clknet_1_0__leaf_clk (net)
                  0.05    0.00   10.27 ^ _144_/CLK (sky130_fd_sc_hd__dfxtp_1)
                         -0.25   10.02   clock uncertainty
                          0.01   10.03   clock reconvergence pessimism
                         -0.10    9.93   library setup time
                                  9.93   data required time
-----------------------------------------------------------------------------
                                  9.93   data required time
                                 -1.79   data arrival time
-----------------------------------------------------------------------------
                                  8.14   slack (MET)


Startpoint: _135_ (rising edge-triggered flip-flop clocked by clk)
Endpoint: _151_ (rising edge-triggered flip-flop clocked by clk)
Path Group: clk
Path Type: max

Fanout     Cap    Slew   Delay    Time   Description
-----------------------------------------------------------------------------
                          0.00    0.00   clock clk (rise edge)
                          0.00    0.00   clock source latency
     1    0.01    0.04    0.03    0.03 ^ clk (in)
                                         clk (net)
                  0.04    0.00    0.03 ^ clkbuf_0_clk/A (sky130_fd_sc_hd__clkbuf_16)
     2    0.02    0.04    0.13    0.16 ^ clkbuf_0_clk/X (sky130_fd_sc_hd__clkbuf_16)
                                         clknet_0_clk (net)
                  0.04    0.00    0.16 ^ clkbuf_1_1__f_clk/A (sky130_fd_sc_hd__clkbuf_16)
    10    0.03    0.05    0.14    0.29 ^ clkbuf_1_1__f_clk/X (sky130_fd_sc_hd__clkbuf_16)
                                         clknet_1_1__leaf_clk (net)
                  0.05    0.00    0.29 ^ _135_/CLK (sky130_fd_sc_hd__dfxtp_1)
     4    0.01    0.12    0.38    0.67 ^ _135_/Q (sky130_fd_sc_hd__dfxtp_1)
                                         display.refresh_counter[0] (net)
                  0.12    0.00    0.67 ^ _080_/B (sky130_fd_sc_hd__and4_1)
     1    0.00    0.06    0.20    0.87 ^ _080_/X (sky130_fd_sc_hd__and4_1)
                                         _039_ (net)
                  0.06    0.00    0.87 ^ _081_/A (sky130_fd_sc_hd__clkbuf_2)
     8    0.02    0.14    0.18    1.06 ^ _081_/X (sky130_fd_sc_hd__clkbuf_2)
                                         _040_ (net)
                  0.14    0.00    1.06 ^ _105_/A (sky130_fd_sc_hd__and3_1)
     5    0.01    0.15    0.25    1.31 ^ _105_/X (sky130_fd_sc_hd__and3_1)
                                         _055_ (net)
                  0.15    0.00    1.31 ^ _113_/C (sky130_fd_sc_hd__and4_1)
     2    0.01    0.11    0.26    1.58 ^ _113_/X (sky130_fd_sc_hd__and4_1)
                                         _060_ (net)
                  0.11    0.00    1.58 ^ _117_/B (sky130_fd_sc_hd__xor2_1)
     1    0.00    0.11    0.15    1.73 ^ _117_/X (sky130_fd_sc_hd__xor2_1)
                                         _007_ (net)
                  0.11    0.00    1.73 ^ _151_/D (sky130_fd_sc_hd__dfxtp_1)
                                  1.73   data arrival time

                         10.00   10.00   clock clk (rise edge)
                          0.00   10.00   clock source latency
     1    0.01    0.04    0.03   10.03 ^ clk (in)
                                         clk (net)
                  0.04    0.00   10.03 ^ clkbuf_0_clk/A (sky130_fd_sc_hd__clkbuf_16)
     2    0.02    0.04    0.11   10.14 ^ clkbuf_0_clk/X (sky130_fd_sc_hd__clkbuf_16)
                                         clknet_0_clk (net)
                  0.04    0.00   10.14 ^ clkbuf_1_0__f_clk/A (sky130_fd_sc_hd__clkbuf_16)
    10    0.03    0.05    0.12   10.27 ^ clkbuf_1_0__f_clk/X (sky130_fd_sc_hd__clkbuf_16)
                                         clknet_1_0__leaf_clk (net)
                  0.05    0.00   10.27 ^ _151_/CLK (sky130_fd_sc_hd__dfxtp_1)
                         -0.25   10.02   clock uncertainty
                          0.01   10.03   clock reconvergence pessimism
                         -0.07    9.96   library setup time
                                  9.96   data required time
-----------------------------------------------------------------------------
                                  9.96   data required time
                                 -1.73   data arrival time
-----------------------------------------------------------------------------
                                  8.23   slack (MET)


Startpoint: _135_ (rising edge-triggered flip-flop clocked by clk)
Endpoint: _146_ (rising edge-triggered flip-flop clocked by clk)
Path Group: clk
Path Type: max

Fanout     Cap    Slew   Delay    Time   Description
-----------------------------------------------------------------------------
                          0.00    0.00   clock clk (rise edge)
                          0.00    0.00   clock source latency
     1    0.01    0.04    0.03    0.03 ^ clk (in)
                                         clk (net)
                  0.04    0.00    0.03 ^ clkbuf_0_clk/A (sky130_fd_sc_hd__clkbuf_16)
     2    0.02    0.04    0.13    0.16 ^ clkbuf_0_clk/X (sky130_fd_sc_hd__clkbuf_16)
                                         clknet_0_clk (net)
                  0.04    0.00    0.16 ^ clkbuf_1_1__f_clk/A (sky130_fd_sc_hd__clkbuf_16)
    10    0.03    0.05    0.14    0.29 ^ clkbuf_1_1__f_clk/X (sky130_fd_sc_hd__clkbuf_16)
                                         clknet_1_1__leaf_clk (net)
                  0.05    0.00    0.29 ^ _135_/CLK (sky130_fd_sc_hd__dfxtp_1)
     4    0.01    0.12    0.38    0.67 ^ _135_/Q (sky130_fd_sc_hd__dfxtp_1)
                                         display.refresh_counter[0] (net)
                  0.12    0.00    0.67 ^ _080_/B (sky130_fd_sc_hd__and4_1)
     1    0.00    0.06    0.20    0.87 ^ _080_/X (sky130_fd_sc_hd__and4_1)
                                         _039_ (net)
                  0.06    0.00    0.87 ^ _081_/A (sky130_fd_sc_hd__clkbuf_2)
     8    0.02    0.14    0.18    1.06 ^ _081_/X (sky130_fd_sc_hd__clkbuf_2)
                                         _040_ (net)
                  0.14    0.00    1.06 ^ _094_/A (sky130_fd_sc_hd__and2_1)
     4    0.01    0.15    0.23    1.28 ^ _094_/X (sky130_fd_sc_hd__and2_1)
                                         _049_ (net)
                  0.15    0.00    1.29 ^ _102_/D (sky130_fd_sc_hd__and4_1)
     1    0.01    0.08    0.24    1.52 ^ _102_/X (sky130_fd_sc_hd__and4_1)
                                         _053_ (net)
                  0.08    0.00    1.52 ^ _103_/B (sky130_fd_sc_hd__xor2_1)
     1    0.00    0.10    0.14    1.67 ^ _103_/X (sky130_fd_sc_hd__xor2_1)
                                         _002_ (net)
                  0.10    0.00    1.67 ^ _146_/D (sky130_fd_sc_hd__dfxtp_1)
                                  1.67   data arrival time

                         10.00   10.00   clock clk (rise edge)
                          0.00   10.00   clock source latency
     1    0.01    0.04    0.03   10.03 ^ clk (in)
                                         clk (net)
                  0.04    0.00   10.03 ^ clkbuf_0_clk/A (sky130_fd_sc_hd__clkbuf_16)
     2    0.02    0.04    0.11   10.14 ^ clkbuf_0_clk/X (sky130_fd_sc_hd__clkbuf_16)
                                         clknet_0_clk (net)
                  0.04    0.00   10.14 ^ clkbuf_1_0__f_clk/A (sky130_fd_sc_hd__clkbuf_16)
    10    0.03    0.05    0.12   10.27 ^ clkbuf_1_0__f_clk/X (sky130_fd_sc_hd__clkbuf_16)
                                         clknet_1_0__leaf_clk (net)
                  0.05    0.00   10.27 ^ _146_/CLK (sky130_fd_sc_hd__dfxtp_1)
                         -0.25   10.02   clock uncertainty
                          0.01   10.03   clock reconvergence pessimism
                         -0.07    9.96   library setup time
                                  9.96   data required time
-----------------------------------------------------------------------------
                                  9.96   data required time
                                 -1.67   data arrival time
-----------------------------------------------------------------------------
                                  8.30   slack (MET)


Startpoint: _135_ (rising edge-triggered flip-flop clocked by clk)
Endpoint: _136_ (rising edge-triggered flip-flop clocked by clk)
Path Group: clk
Path Type: max

Fanout     Cap    Slew   Delay    Time   Description
-----------------------------------------------------------------------------
                          0.00    0.00   clock clk (rise edge)
                          0.00    0.00   clock source latency
     1    0.01    0.04    0.03    0.03 ^ clk (in)
                                         clk (net)
                  0.04    0.00    0.03 ^ clkbuf_0_clk/A (sky130_fd_sc_hd__clkbuf_16)
     2    0.02    0.04    0.13    0.16 ^ clkbuf_0_clk/X (sky130_fd_sc_hd__clkbuf_16)
                                         clknet_0_clk (net)
                  0.04    0.00    0.16 ^ clkbuf_1_1__f_clk/A (sky130_fd_sc_hd__clkbuf_16)
    10    0.03    0.05    0.14    0.29 ^ clkbuf_1_1__f_clk/X (sky130_fd_sc_hd__clkbuf_16)
                                         clknet_1_1__leaf_clk (net)
                  0.05    0.00    0.29 ^ _135_/CLK (sky130_fd_sc_hd__dfxtp_1)
     4    0.01    0.12    0.38    0.67 ^ _135_/Q (sky130_fd_sc_hd__dfxtp_1)
                                         display.refresh_counter[0] (net)
                  0.12    0.00    0.67 ^ hold1/A (sky130_fd_sc_hd__dlygate4sd3_1)
     2    0.01    0.10    0.63    1.30 ^ hold1/X (sky130_fd_sc_hd__dlygate4sd3_1)
                                         net44 (net)
                  0.10    0.00    1.31 ^ _075_/B (sky130_fd_sc_hd__nand2_1)
     2    0.01    0.07    0.10    1.40 v _075_/Y (sky130_fd_sc_hd__nand2_1)
                                         _036_ (net)
                  0.07    0.00    1.40 v _077_/A (sky130_fd_sc_hd__and2_1)
     1    0.00    0.04    0.15    1.56 v _077_/X (sky130_fd_sc_hd__and2_1)
                                         _038_ (net)
                  0.04    0.00    1.56 v _078_/A (sky130_fd_sc_hd__clkbuf_1)
     1    0.00    0.03    0.09    1.64 v _078_/X (sky130_fd_sc_hd__clkbuf_1)
                                         _008_ (net)
                  0.03    0.00    1.64 v _136_/D (sky130_fd_sc_hd__dfxtp_1)
                                  1.64   data arrival time

                         10.00   10.00   clock clk (rise edge)
                          0.00   10.00   clock source latency
     1    0.01    0.04    0.03   10.03 ^ clk (in)
                                         clk (net)
                  0.04    0.00   10.03 ^ clkbuf_0_clk/A (sky130_fd_sc_hd__clkbuf_16)
     2    0.02    0.04    0.11   10.14 ^ clkbuf_0_clk/X (sky130_fd_sc_hd__clkbuf_16)
                                         clknet_0_clk (net)
                  0.04    0.00   10.14 ^ clkbuf_1_1__f_clk/A (sky130_fd_sc_hd__clkbuf_16)
    10    0.03    0.05    0.12   10.27 ^ clkbuf_1_1__f_clk/X (sky130_fd_sc_hd__clkbuf_16)
                                         clknet_1_1__leaf_clk (net)
                  0.05    0.00   10.27 ^ _136_/CLK (sky130_fd_sc_hd__dfxtp_1)
                         -0.25   10.02   clock uncertainty
                          0.03   10.04   clock reconvergence pessimism
                         -0.10    9.94   library setup time
                                  9.94   data required time
-----------------------------------------------------------------------------
                                  9.94   data required time
                                 -1.64   data arrival time
-----------------------------------------------------------------------------
                                  8.30   slack (MET)


Startpoint: _135_ (rising edge-triggered flip-flop clocked by clk)
Endpoint: _145_ (rising edge-triggered flip-flop clocked by clk)
Path Group: clk
Path Type: max

Fanout     Cap    Slew   Delay    Time   Description
-----------------------------------------------------------------------------
                          0.00    0.00   clock clk (rise edge)
                          0.00    0.00   clock source latency
     1    0.01    0.04    0.03    0.03 ^ clk (in)
                                         clk (net)
                  0.04    0.00    0.03 ^ clkbuf_0_clk/A (sky130_fd_sc_hd__clkbuf_16)
     2    0.02    0.04    0.13    0.16 ^ clkbuf_0_clk/X (sky130_fd_sc_hd__clkbuf_16)
                                         clknet_0_clk (net)
                  0.04    0.00    0.16 ^ clkbuf_1_1__f_clk/A (sky130_fd_sc_hd__clkbuf_16)
    10    0.03    0.05    0.14    0.29 ^ clkbuf_1_1__f_clk/X (sky130_fd_sc_hd__clkbuf_16)
                                         clknet_1_1__leaf_clk (net)
                  0.05    0.00    0.29 ^ _135_/CLK (sky130_fd_sc_hd__dfxtp_1)
     4    0.01    0.12    0.38    0.67 ^ _135_/Q (sky130_fd_sc_hd__dfxtp_1)
                                         display.refresh_counter[0] (net)
                  0.12    0.00    0.67 ^ _080_/B (sky130_fd_sc_hd__and4_1)
     1    0.00    0.06    0.20    0.87 ^ _080_/X (sky130_fd_sc_hd__and4_1)
                                         _039_ (net)
                  0.06    0.00    0.87 ^ _081_/A (sky130_fd_sc_hd__clkbuf_2)
     8    0.02    0.14    0.18    1.06 ^ _081_/X (sky130_fd_sc_hd__clkbuf_2)
                                         _040_ (net)
                  0.14    0.00    1.06 ^ _094_/A (sky130_fd_sc_hd__and2_1)
     4    0.01    0.15    0.23    1.28 ^ _094_/X (sky130_fd_sc_hd__and2_1)
                                         _049_ (net)
                  0.15    0.00    1.29 ^ _097_/C (sky130_fd_sc_hd__and3_1)
     2    0.01    0.10    0.22    1.51 ^ _097_/X (sky130_fd_sc_hd__and3_1)
                                         _050_ (net)
                  0.10    0.00    1.51 ^ _101_/B (sky130_fd_sc_hd__xor2_1)
     1    0.00    0.11    0.15    1.66 ^ _101_/X (sky130_fd_sc_hd__xor2_1)
                                         _001_ (net)
                  0.11    0.00    1.66 ^ _145_/D (sky130_fd_sc_hd__dfxtp_1)
                                  1.66   data arrival time

                         10.00   10.00   clock clk (rise edge)
                          0.00   10.00   clock source latency
     1    0.01    0.04    0.03   10.03 ^ clk (in)
                                         clk (net)
                  0.04    0.00   10.03 ^ clkbuf_0_clk/A (sky130_fd_sc_hd__clkbuf_16)
     2    0.02    0.04    0.11   10.14 ^ clkbuf_0_clk/X (sky130_fd_sc_hd__clkbuf_16)
                                         clknet_0_clk (net)
                  0.04    0.00   10.14 ^ clkbuf_1_0__f_clk/A (sky130_fd_sc_hd__clkbuf_16)
    10    0.03    0.05    0.12   10.27 ^ clkbuf_1_0__f_clk/X (sky130_fd_sc_hd__clkbuf_16)
                                         clknet_1_0__leaf_clk (net)
                  0.05    0.00   10.27 ^ _145_/CLK (sky130_fd_sc_hd__dfxtp_1)
                         -0.25   10.02   clock uncertainty
                          0.01   10.03   clock reconvergence pessimism
                         -0.07    9.96   library setup time
                                  9.96   data required time
-----------------------------------------------------------------------------
                                  9.96   data required time
                                 -1.66   data arrival time
-----------------------------------------------------------------------------
                                  8.31   slack (MET)


Startpoint: _135_ (rising edge-triggered flip-flop clocked by clk)
Endpoint: _148_ (rising edge-triggered flip-flop clocked by clk)
Path Group: clk
Path Type: max

Fanout     Cap    Slew   Delay    Time   Description
-----------------------------------------------------------------------------
                          0.00    0.00   clock clk (rise edge)
                          0.00    0.00   clock source latency
     1    0.01    0.04    0.03    0.03 ^ clk (in)
                                         clk (net)
                  0.04    0.00    0.03 ^ clkbuf_0_clk/A (sky130_fd_sc_hd__clkbuf_16)
     2    0.02    0.04    0.13    0.16 ^ clkbuf_0_clk/X (sky130_fd_sc_hd__clkbuf_16)
                                         clknet_0_clk (net)
                  0.04    0.00    0.16 ^ clkbuf_1_1__f_clk/A (sky130_fd_sc_hd__clkbuf_16)
    10    0.03    0.05    0.14    0.29 ^ clkbuf_1_1__f_clk/X (sky130_fd_sc_hd__clkbuf_16)
                                         clknet_1_1__leaf_clk (net)
                  0.05    0.00    0.29 ^ _135_/CLK (sky130_fd_sc_hd__dfxtp_1)
     4    0.01    0.12    0.38    0.67 ^ _135_/Q (sky130_fd_sc_hd__dfxtp_1)
                                         display.refresh_counter[0] (net)
                  0.12    0.00    0.67 ^ _080_/B (sky130_fd_sc_hd__and4_1)
     1    0.00    0.06    0.20    0.87 ^ _080_/X (sky130_fd_sc_hd__and4_1)
                                         _039_ (net)
                  0.06    0.00    0.87 ^ _081_/A (sky130_fd_sc_hd__clkbuf_2)
     8    0.02    0.14    0.18    1.06 ^ _081_/X (sky130_fd_sc_hd__clkbuf_2)
                                         _040_ (net)
                  0.14    0.00    1.06 ^ _105_/A (sky130_fd_sc_hd__and3_1)
     5    0.01    0.15    0.25    1.31 ^ _105_/X (sky130_fd_sc_hd__and3_1)
                                         _055_ (net)
                  0.15    0.00    1.31 ^ _109_/C (sky130_fd_sc_hd__nand3_1)
     2    0.01    0.11    0.15    1.46 v _109_/Y (sky130_fd_sc_hd__nand3_1)
                                         _058_ (net)
                  0.11    0.00    1.46 v _110_/B1 (sky130_fd_sc_hd__o21a_1)
     1    0.00    0.03    0.13    1.59 v _110_/X (sky130_fd_sc_hd__o21a_1)
                                         _004_ (net)
                  0.03    0.00    1.59 v _148_/D (sky130_fd_sc_hd__dfxtp_1)
                                  1.59   data arrival time

                         10.00   10.00   clock clk (rise edge)
                          0.00   10.00   clock source latency
     1    0.01    0.04    0.03   10.03 ^ clk (in)
                                         clk (net)
                  0.04    0.00   10.03 ^ clkbuf_0_clk/A (sky130_fd_sc_hd__clkbuf_16)
     2    0.02    0.04    0.11   10.14 ^ clkbuf_0_clk/X (sky130_fd_sc_hd__clkbuf_16)
                                         clknet_0_clk (net)
                  0.04    0.00   10.14 ^ clkbuf_1_0__f_clk/A (sky130_fd_sc_hd__clkbuf_16)
    10    0.03    0.05    0.12   10.27 ^ clkbuf_1_0__f_clk/X (sky130_fd_sc_hd__clkbuf_16)
                                         clknet_1_0__leaf_clk (net)
                  0.05    0.00   10.27 ^ _148_/CLK (sky130_fd_sc_hd__dfxtp_1)
                         -0.25   10.02   clock uncertainty
                          0.01   10.03   clock reconvergence pessimism
                         -0.10    9.93   library setup time
                                  9.93   data required time
-----------------------------------------------------------------------------
                                  9.93   data required time
                                 -1.59   data arrival time
-----------------------------------------------------------------------------
                                  8.33   slack (MET)


Startpoint: _135_ (rising edge-triggered flip-flop clocked by clk)
Endpoint: _141_ (rising edge-triggered flip-flop clocked by clk)
Path Group: clk
Path Type: max

Fanout     Cap    Slew   Delay    Time   Description
-----------------------------------------------------------------------------
                          0.00    0.00   clock clk (rise edge)
                          0.00    0.00   clock source latency
     1    0.01    0.04    0.03    0.03 ^ clk (in)
                                         clk (net)
                  0.04    0.00    0.03 ^ clkbuf_0_clk/A (sky130_fd_sc_hd__clkbuf_16)
     2    0.02    0.04    0.13    0.16 ^ clkbuf_0_clk/X (sky130_fd_sc_hd__clkbuf_16)
                                         clknet_0_clk (net)
                  0.04    0.00    0.16 ^ clkbuf_1_1__f_clk/A (sky130_fd_sc_hd__clkbuf_16)
    10    0.03    0.05    0.14    0.29 ^ clkbuf_1_1__f_clk/X (sky130_fd_sc_hd__clkbuf_16)
                                         clknet_1_1__leaf_clk (net)
                  0.05    0.00    0.29 ^ _135_/CLK (sky130_fd_sc_hd__dfxtp_1)
     4    0.01    0.12    0.38    0.67 ^ _135_/Q (sky130_fd_sc_hd__dfxtp_1)
                                         display.refresh_counter[0] (net)
                  0.12    0.00    0.67 ^ _080_/B (sky130_fd_sc_hd__and4_1)
     1    0.00    0.06    0.20    0.87 ^ _080_/X (sky130_fd_sc_hd__and4_1)
                                         _039_ (net)
                  0.06    0.00    0.87 ^ _081_/A (sky130_fd_sc_hd__clkbuf_2)
     8    0.02    0.14    0.18    1.06 ^ _081_/X (sky130_fd_sc_hd__clkbuf_2)
                                         _040_ (net)
                  0.14    0.00    1.06 ^ _088_/D (sky130_fd_sc_hd__and4_1)
     2    0.01    0.08    0.24    1.30 ^ _088_/X (sky130_fd_sc_hd__and4_1)
                                         _044_ (net)
                  0.08    0.00    1.30 ^ _090_/A_N (sky130_fd_sc_hd__and2b_1)
     1    0.00    0.03    0.19    1.49 v _090_/X (sky130_fd_sc_hd__and2b_1)
                                         _046_ (net)
                  0.03    0.00    1.49 v _091_/A (sky130_fd_sc_hd__clkbuf_1)
     1    0.00    0.02    0.08    1.57 v _091_/X (sky130_fd_sc_hd__clkbuf_1)
                                         _013_ (net)
                  0.02    0.00    1.57 v _141_/D (sky130_fd_sc_hd__dfxtp_1)
                                  1.57   data arrival time

                         10.00   10.00   clock clk (rise edge)
                          0.00   10.00   clock source latency
     1    0.01    0.04    0.03   10.03 ^ clk (in)
                                         clk (net)
                  0.04    0.00   10.03 ^ clkbuf_0_clk/A (sky130_fd_sc_hd__clkbuf_16)
     2    0.02    0.04    0.11   10.14 ^ clkbuf_0_clk/X (sky130_fd_sc_hd__clkbuf_16)
                                         clknet_0_clk (net)
                  0.04    0.00   10.14 ^ clkbuf_1_1__f_clk/A (sky130_fd_sc_hd__clkbuf_16)
    10    0.03    0.05    0.12   10.27 ^ clkbuf_1_1__f_clk/X (sky130_fd_sc_hd__clkbuf_16)
                                         clknet_1_1__leaf_clk (net)
                  0.05    0.00   10.27 ^ _141_/CLK (sky130_fd_sc_hd__dfxtp_1)
                         -0.25   10.02   clock uncertainty
                          0.03   10.04   clock reconvergence pessimism
                         -0.10    9.94   library setup time
                                  9.94   data required time
-----------------------------------------------------------------------------
                                  9.94   data required time
                                 -1.57   data arrival time
-----------------------------------------------------------------------------
                                  8.37   slack (MET)


Startpoint: _135_ (rising edge-triggered flip-flop clocked by clk)
Endpoint: _147_ (rising edge-triggered flip-flop clocked by clk)
Path Group: clk
Path Type: max

Fanout     Cap    Slew   Delay    Time   Description
-----------------------------------------------------------------------------
                          0.00    0.00   clock clk (rise edge)
                          0.00    0.00   clock source latency
     1    0.01    0.04    0.03    0.03 ^ clk (in)
                                         clk (net)
                  0.04    0.00    0.03 ^ clkbuf_0_clk/A (sky130_fd_sc_hd__clkbuf_16)
     2    0.02    0.04    0.13    0.16 ^ clkbuf_0_clk/X (sky130_fd_sc_hd__clkbuf_16)
                                         clknet_0_clk (net)
                  0.04    0.00    0.16 ^ clkbuf_1_1__f_clk/A (sky130_fd_sc_hd__clkbuf_16)
    10    0.03    0.05    0.14    0.29 ^ clkbuf_1_1__f_clk/X (sky130_fd_sc_hd__clkbuf_16)
                                         clknet_1_1__leaf_clk (net)
                  0.05    0.00    0.29 ^ _135_/CLK (sky130_fd_sc_hd__dfxtp_1)
     4    0.01    0.12    0.38    0.67 ^ _135_/Q (sky130_fd_sc_hd__dfxtp_1)
                                         display.refresh_counter[0] (net)
                  0.12    0.00    0.67 ^ _080_/B (sky130_fd_sc_hd__and4_1)
     1    0.00    0.06    0.20    0.87 ^ _080_/X (sky130_fd_sc_hd__and4_1)
                                         _039_ (net)
                  0.06    0.00    0.87 ^ _081_/A (sky130_fd_sc_hd__clkbuf_2)
     8    0.02    0.14    0.18    1.06 ^ _081_/X (sky130_fd_sc_hd__clkbuf_2)
                                         _040_ (net)
                  0.14    0.00    1.06 ^ _105_/A (sky130_fd_sc_hd__and3_1)
     5    0.01    0.15    0.25    1.31 ^ _105_/X (sky130_fd_sc_hd__and3_1)
                                         _055_ (net)
                  0.15    0.00    1.31 ^ _106_/B (sky130_fd_sc_hd__and2_1)
     2    0.01    0.08    0.18    1.49 ^ _106_/X (sky130_fd_sc_hd__and2_1)
                                         _056_ (net)
                  0.08    0.00    1.49 ^ _108_/A (sky130_fd_sc_hd__nor2_1)
     1    0.00    0.03    0.05    1.54 v _108_/Y (sky130_fd_sc_hd__nor2_1)
                                         _003_ (net)
                  0.03    0.00    1.54 v _147_/D (sky130_fd_sc_hd__dfxtp_1)
                                  1.54   data arrival time

                         10.00   10.00   clock clk (rise edge)
                          0.00   10.00   clock source latency
     1    0.01    0.04    0.03   10.03 ^ clk (in)
                                         clk (net)
                  0.04    0.00   10.03 ^ clkbuf_0_clk/A (sky130_fd_sc_hd__clkbuf_16)
     2    0.02    0.04    0.11   10.14 ^ clkbuf_0_clk/X (sky130_fd_sc_hd__clkbuf_16)
                                         clknet_0_clk (net)
                  0.04    0.00   10.14 ^ clkbuf_1_0__f_clk/A (sky130_fd_sc_hd__clkbuf_16)
    10    0.03    0.05    0.12   10.27 ^ clkbuf_1_0__f_clk/X (sky130_fd_sc_hd__clkbuf_16)
                                         clknet_1_0__leaf_clk (net)
                  0.05    0.00   10.27 ^ _147_/CLK (sky130_fd_sc_hd__dfxtp_1)
                         -0.25   10.02   clock uncertainty
                          0.01   10.03   clock reconvergence pessimism
                         -0.10    9.93   library setup time
                                  9.93   data required time
-----------------------------------------------------------------------------
                                  9.93   data required time
                                 -1.54   data arrival time
-----------------------------------------------------------------------------
                                  8.38   slack (MET)


Startpoint: _139_ (rising edge-triggered flip-flop clocked by clk)
Endpoint: _139_ (rising edge-triggered flip-flop clocked by clk)
Path Group: clk
Path Type: max

Fanout     Cap    Slew   Delay    Time   Description
-----------------------------------------------------------------------------
                          0.00    0.00   clock clk (rise edge)
                          0.00    0.00   clock source latency
     1    0.01    0.04    0.03    0.03 ^ clk (in)
                                         clk (net)
                  0.04    0.00    0.03 ^ clkbuf_0_clk/A (sky130_fd_sc_hd__clkbuf_16)
     2    0.02    0.04    0.13    0.16 ^ clkbuf_0_clk/X (sky130_fd_sc_hd__clkbuf_16)
                                         clknet_0_clk (net)
                  0.04    0.00    0.16 ^ clkbuf_1_1__f_clk/A (sky130_fd_sc_hd__clkbuf_16)
    10    0.03    0.05    0.14    0.29 ^ clkbuf_1_1__f_clk/X (sky130_fd_sc_hd__clkbuf_16)
                                         clknet_1_1__leaf_clk (net)
                  0.05    0.00    0.29 ^ _139_/CLK (sky130_fd_sc_hd__dfxtp_1)
     6    0.01    0.07    0.35    0.65 v _139_/Q (sky130_fd_sc_hd__dfxtp_1)
                                         display.refresh_counter[4] (net)
                  0.07    0.00    0.65 v hold16/A (sky130_fd_sc_hd__dlygate4sd3_1)
     1    0.01    0.07    0.61    1.26 v hold16/X (sky130_fd_sc_hd__dlygate4sd3_1)
                                         net59 (net)
                  0.07    0.00    1.26 v _085_/A (sky130_fd_sc_hd__xor2_1)
     1    0.00    0.05    0.16    1.42 v _085_/X (sky130_fd_sc_hd__xor2_1)
                                         _011_ (net)
                  0.05    0.00    1.42 v _139_/D (sky130_fd_sc_hd__dfxtp_1)
                                  1.42   data arrival time

                         10.00   10.00   clock clk (rise edge)
                          0.00   10.00   clock source latency
     1    0.01    0.04    0.03   10.03 ^ clk (in)
                                         clk (net)
                  0.04    0.00   10.03 ^ clkbuf_0_clk/A (sky130_fd_sc_hd__clkbuf_16)
     2    0.02    0.04    0.11   10.14 ^ clkbuf_0_clk/X (sky130_fd_sc_hd__clkbuf_16)
                                         clknet_0_clk (net)
                  0.04    0.00   10.14 ^ clkbuf_1_1__f_clk/A (sky130_fd_sc_hd__clkbuf_16)
    10    0.03    0.05    0.12   10.27 ^ clkbuf_1_1__f_clk/X (sky130_fd_sc_hd__clkbuf_16)
                                         clknet_1_1__leaf_clk (net)
                  0.05    0.00   10.27 ^ _139_/CLK (sky130_fd_sc_hd__dfxtp_1)
                         -0.25   10.02   clock uncertainty
                          0.03   10.04   clock reconvergence pessimism
                         -0.11    9.93   library setup time
                                  9.93   data required time
-----------------------------------------------------------------------------
                                  9.93   data required time
                                 -1.42   data arrival time
-----------------------------------------------------------------------------
                                  8.51   slack (MET)


Startpoint: _143_ (rising edge-triggered flip-flop clocked by clk)
Endpoint: _143_ (rising edge-triggered flip-flop clocked by clk)
Path Group: clk
Path Type: max

Fanout     Cap    Slew   Delay    Time   Description
-----------------------------------------------------------------------------
                          0.00    0.00   clock clk (rise edge)
                          0.00    0.00   clock source latency
     1    0.01    0.04    0.03    0.03 ^ clk (in)
                                         clk (net)
                  0.04    0.00    0.03 ^ clkbuf_0_clk/A (sky130_fd_sc_hd__clkbuf_16)
     2    0.02    0.04    0.13    0.16 ^ clkbuf_0_clk/X (sky130_fd_sc_hd__clkbuf_16)
                                         clknet_0_clk (net)
                  0.04    0.00    0.16 ^ clkbuf_1_0__f_clk/A (sky130_fd_sc_hd__clkbuf_16)
    10    0.03    0.05    0.14    0.29 ^ clkbuf_1_0__f_clk/X (sky130_fd_sc_hd__clkbuf_16)
                                         clknet_1_0__leaf_clk (net)
                  0.05    0.00    0.29 ^ _143_/CLK (sky130_fd_sc_hd__dfxtp_1)
     6    0.01    0.07    0.35    0.64 v _143_/Q (sky130_fd_sc_hd__dfxtp_1)
                                         display.refresh_counter[8] (net)
                  0.07    0.00    0.64 v hold15/A (sky130_fd_sc_hd__dlygate4sd3_1)
     1    0.01    0.06    0.60    1.25 v hold15/X (sky130_fd_sc_hd__dlygate4sd3_1)
                                         net58 (net)
                  0.06    0.00    1.25 v _096_/A (sky130_fd_sc_hd__xor2_1)
     1    0.00    0.05    0.17    1.41 v _096_/X (sky130_fd_sc_hd__xor2_1)
                                         _015_ (net)
                  0.05    0.00    1.41 v _143_/D (sky130_fd_sc_hd__dfxtp_1)
                                  1.41   data arrival time

                         10.00   10.00   clock clk (rise edge)
                          0.00   10.00   clock source latency
     1    0.01    0.04    0.03   10.03 ^ clk (in)
                                         clk (net)
                  0.04    0.00   10.03 ^ clkbuf_0_clk/A (sky130_fd_sc_hd__clkbuf_16)
     2    0.02    0.04    0.11   10.14 ^ clkbuf_0_clk/X (sky130_fd_sc_hd__clkbuf_16)
                                         clknet_0_clk (net)
                  0.04    0.00   10.14 ^ clkbuf_1_0__f_clk/A (sky130_fd_sc_hd__clkbuf_16)
    10    0.03    0.05    0.12   10.27 ^ clkbuf_1_0__f_clk/X (sky130_fd_sc_hd__clkbuf_16)
                                         clknet_1_0__leaf_clk (net)
                  0.05    0.00   10.27 ^ _143_/CLK (sky130_fd_sc_hd__dfxtp_1)
                         -0.25   10.02   clock uncertainty
                          0.03   10.04   clock reconvergence pessimism
                         -0.11    9.93   library setup time
                                  9.93   data required time
-----------------------------------------------------------------------------
                                  9.93   data required time
                                 -1.41   data arrival time
-----------------------------------------------------------------------------
                                  8.52   slack (MET)


Startpoint: _137_ (rising edge-triggered flip-flop clocked by clk)
Endpoint: _142_ (rising edge-triggered flip-flop clocked by clk)
Path Group: clk
Path Type: max

Fanout     Cap    Slew   Delay    Time   Description
-----------------------------------------------------------------------------
                          0.00    0.00   clock clk (rise edge)
                          0.00    0.00   clock source latency
     1    0.01    0.04    0.03    0.03 ^ clk (in)
                                         clk (net)
                  0.04    0.00    0.03 ^ clkbuf_0_clk/A (sky130_fd_sc_hd__clkbuf_16)
     2    0.02    0.04    0.13    0.16 ^ clkbuf_0_clk/X (sky130_fd_sc_hd__clkbuf_16)
                                         clknet_0_clk (net)
                  0.04    0.00    0.16 ^ clkbuf_1_1__f_clk/A (sky130_fd_sc_hd__clkbuf_16)
    10    0.03    0.05    0.14    0.29 ^ clkbuf_1_1__f_clk/X (sky130_fd_sc_hd__clkbuf_16)
                                         clknet_1_1__leaf_clk (net)
                  0.05    0.00    0.29 ^ _137_/CLK (sky130_fd_sc_hd__dfxtp_1)
     4    0.01    0.06    0.34    0.63 v _137_/Q (sky130_fd_sc_hd__dfxtp_1)
                                         display.refresh_counter[2] (net)
                  0.06    0.00    0.63 v _080_/D (sky130_fd_sc_hd__and4_1)
     1    0.00    0.04    0.21    0.84 v _080_/X (sky130_fd_sc_hd__and4_1)
                                         _039_ (net)
                  0.04    0.00    0.84 v _081_/A (sky130_fd_sc_hd__clkbuf_2)
     8    0.02    0.09    0.16    1.00 v _081_/X (sky130_fd_sc_hd__clkbuf_2)
                                         _040_ (net)
                  0.09    0.00    1.00 v _088_/D (sky130_fd_sc_hd__and4_1)
     2    0.01    0.05    0.24    1.24 v _088_/X (sky130_fd_sc_hd__and4_1)
                                         _044_ (net)
                  0.05    0.00    1.24 v _092_/B (sky130_fd_sc_hd__nor2_1)
     1    0.00    0.09    0.10    1.34 ^ _092_/Y (sky130_fd_sc_hd__nor2_1)
                                         _047_ (net)
                  0.09    0.00    1.34 ^ _095_/A (sky130_fd_sc_hd__nor2_1)
     1    0.00    0.04    0.05    1.39 v _095_/Y (sky130_fd_sc_hd__nor2_1)
                                         _014_ (net)
                  0.04    0.00    1.39 v _142_/D (sky130_fd_sc_hd__dfxtp_1)
                                  1.39   data arrival time

                         10.00   10.00   clock clk (rise edge)
                          0.00   10.00   clock source latency
     1    0.01    0.04    0.03   10.03 ^ clk (in)
                                         clk (net)
                  0.04    0.00   10.03 ^ clkbuf_0_clk/A (sky130_fd_sc_hd__clkbuf_16)
     2    0.02    0.04    0.11   10.14 ^ clkbuf_0_clk/X (sky130_fd_sc_hd__clkbuf_16)
                                         clknet_0_clk (net)
                  0.04    0.00   10.14 ^ clkbuf_1_0__f_clk/A (sky130_fd_sc_hd__clkbuf_16)
    10    0.03    0.05    0.12   10.27 ^ clkbuf_1_0__f_clk/X (sky130_fd_sc_hd__clkbuf_16)
                                         clknet_1_0__leaf_clk (net)
                  0.05    0.00   10.27 ^ _142_/CLK (sky130_fd_sc_hd__dfxtp_1)
                         -0.25   10.02   clock uncertainty
                          0.01   10.03   clock reconvergence pessimism
                         -0.11    9.92   library setup time
                                  9.92   data required time
-----------------------------------------------------------------------------
                                  9.92   data required time
                                 -1.39   data arrival time
-----------------------------------------------------------------------------
                                  8.53   slack (MET)


Startpoint: _135_ (rising edge-triggered flip-flop clocked by clk)
Endpoint: _138_ (rising edge-triggered flip-flop clocked by clk)
Path Group: clk
Path Type: max

Fanout     Cap    Slew   Delay    Time   Description
-----------------------------------------------------------------------------
                          0.00    0.00   clock clk (rise edge)
                          0.00    0.00   clock source latency
     1    0.01    0.04    0.03    0.03 ^ clk (in)
                                         clk (net)
                  0.04    0.00    0.03 ^ clkbuf_0_clk/A (sky130_fd_sc_hd__clkbuf_16)
     2    0.02    0.04    0.13    0.16 ^ clkbuf_0_clk/X (sky130_fd_sc_hd__clkbuf_16)
                                         clknet_0_clk (net)
                  0.04    0.00    0.16 ^ clkbuf_1_1__f_clk/A (sky130_fd_sc_hd__clkbuf_16)
    10    0.03    0.05    0.14    0.29 ^ clkbuf_1_1__f_clk/X (sky130_fd_sc_hd__clkbuf_16)
                                         clknet_1_1__leaf_clk (net)
                  0.05    0.00    0.29 ^ _135_/CLK (sky130_fd_sc_hd__dfxtp_1)
     4    0.01    0.12    0.38    0.67 ^ _135_/Q (sky130_fd_sc_hd__dfxtp_1)
                                         display.refresh_counter[0] (net)
                  0.12    0.00    0.67 ^ _080_/B (sky130_fd_sc_hd__and4_1)
     1    0.00    0.06    0.20    0.87 ^ _080_/X (sky130_fd_sc_hd__and4_1)
                                         _039_ (net)
                  0.06    0.00    0.87 ^ _081_/A (sky130_fd_sc_hd__clkbuf_2)
     8    0.02    0.14    0.18    1.06 ^ _081_/X (sky130_fd_sc_hd__clkbuf_2)
                                         _040_ (net)
                  0.14    0.00    1.06 ^ _083_/A_N (sky130_fd_sc_hd__and2b_1)
     1    0.00    0.03    0.21    1.26 v _083_/X (sky130_fd_sc_hd__and2b_1)
                                         _042_ (net)
                  0.03    0.00    1.26 v _084_/A (sky130_fd_sc_hd__clkbuf_1)
     1    0.00    0.02    0.08    1.35 v _084_/X (sky130_fd_sc_hd__clkbuf_1)
                                         _010_ (net)
                  0.02    0.00    1.35 v _138_/D (sky130_fd_sc_hd__dfxtp_1)
                                  1.35   data arrival time

                         10.00   10.00   clock clk (rise edge)
                          0.00   10.00   clock source latency
     1    0.01    0.04    0.03   10.03 ^ clk (in)
                                         clk (net)
                  0.04    0.00   10.03 ^ clkbuf_0_clk/A (sky130_fd_sc_hd__clkbuf_16)
     2    0.02    0.04    0.11   10.14 ^ clkbuf_0_clk/X (sky130_fd_sc_hd__clkbuf_16)
                                         clknet_0_clk (net)
                  0.04    0.00   10.14 ^ clkbuf_1_1__f_clk/A (sky130_fd_sc_hd__clkbuf_16)
    10    0.03    0.05    0.12   10.27 ^ clkbuf_1_1__f_clk/X (sky130_fd_sc_hd__clkbuf_16)
                                         clknet_1_1__leaf_clk (net)
                  0.05    0.00   10.27 ^ _138_/CLK (sky130_fd_sc_hd__dfxtp_1)
                         -0.25   10.02   clock uncertainty
                          0.03   10.04   clock reconvergence pessimism
                         -0.10    9.94   library setup time
                                  9.94   data required time
-----------------------------------------------------------------------------
                                  9.94   data required time
                                 -1.35   data arrival time
-----------------------------------------------------------------------------
                                  8.60   slack (MET)


Startpoint: _135_ (rising edge-triggered flip-flop clocked by clk)
Endpoint: _135_ (rising edge-triggered flip-flop clocked by clk)
Path Group: clk
Path Type: max

Fanout     Cap    Slew   Delay    Time   Description
-----------------------------------------------------------------------------
                          0.00    0.00   clock clk (rise edge)
                          0.00    0.00   clock source latency
     1    0.01    0.04    0.03    0.03 ^ clk (in)
                                         clk (net)
                  0.04    0.00    0.03 ^ clkbuf_0_clk/A (sky130_fd_sc_hd__clkbuf_16)
     2    0.02    0.04    0.13    0.16 ^ clkbuf_0_clk/X (sky130_fd_sc_hd__clkbuf_16)
                                         clknet_0_clk (net)
                  0.04    0.00    0.16 ^ clkbuf_1_1__f_clk/A (sky130_fd_sc_hd__clkbuf_16)
    10    0.03    0.05    0.14    0.29 ^ clkbuf_1_1__f_clk/X (sky130_fd_sc_hd__clkbuf_16)
                                         clknet_1_1__leaf_clk (net)
                  0.05    0.00    0.29 ^ _135_/CLK (sky130_fd_sc_hd__dfxtp_1)
     4    0.01    0.12    0.38    0.67 ^ _135_/Q (sky130_fd_sc_hd__dfxtp_1)
                                         display.refresh_counter[0] (net)
                  0.12    0.00    0.67 ^ hold1/A (sky130_fd_sc_hd__dlygate4sd3_1)
     2    0.01    0.10    0.63    1.30 ^ hold1/X (sky130_fd_sc_hd__dlygate4sd3_1)
                                         net44 (net)
                  0.10    0.00    1.31 ^ _074_/A (sky130_fd_sc_hd__inv_2)
     1    0.00    0.03    0.04    1.34 v _074_/Y (sky130_fd_sc_hd__inv_2)
                                         _000_ (net)
                  0.03    0.00    1.34 v _135_/D (sky130_fd_sc_hd__dfxtp_1)
                                  1.34   data arrival time

                         10.00   10.00   clock clk (rise edge)
                          0.00   10.00   clock source latency
     1    0.01    0.04    0.03   10.03 ^ clk (in)
                                         clk (net)
                  0.04    0.00   10.03 ^ clkbuf_0_clk/A (sky130_fd_sc_hd__clkbuf_16)
     2    0.02    0.04    0.11   10.14 ^ clkbuf_0_clk/X (sky130_fd_sc_hd__clkbuf_16)
                                         clknet_0_clk (net)
                  0.04    0.00   10.14 ^ clkbuf_1_1__f_clk/A (sky130_fd_sc_hd__clkbuf_16)
    10    0.03    0.05    0.12   10.27 ^ clkbuf_1_1__f_clk/X (sky130_fd_sc_hd__clkbuf_16)
                                         clknet_1_1__leaf_clk (net)
                  0.05    0.00   10.27 ^ _135_/CLK (sky130_fd_sc_hd__dfxtp_1)
                         -0.25   10.02   clock uncertainty
                          0.03   10.04   clock reconvergence pessimism
                         -0.10    9.94   library setup time
                                  9.94   data required time
-----------------------------------------------------------------------------
                                  9.94   data required time
                                 -1.34   data arrival time
-----------------------------------------------------------------------------
                                  8.60   slack (MET)



worst slack corner Typical: 6.3455
