
===========================================================================
report_checks -path_delay max (Setup)
============================================================================
======================= Typical Corner ===================================

Startpoint: _132_ (rising edge-triggered flip-flop clocked by clk)
Endpoint: an[1] (output port clocked by clk)
Path Group: clk
Path Type: max

Fanout     Cap    Slew   Delay    Time   Description
-----------------------------------------------------------------------------
                          0.00    0.00   clock clk (rise edge)
                          0.00    0.00   clock source latency
     1    0.01    0.04    0.03    0.03 ^ clk (in)
                                         clk (net)
                  0.04    0.00    0.03 ^ clkbuf_0_clk/A (sky130_fd_sc_hd__clkbuf_16)
     2    0.02    0.04    0.13    0.16 ^ clkbuf_0_clk/X (sky130_fd_sc_hd__clkbuf_16)
                                         clknet_0_clk (net)
                  0.04    0.00    0.16 ^ clkbuf_1_1__f_clk/A (sky130_fd_sc_hd__clkbuf_16)
    10    0.02    0.04    0.13    0.28 ^ clkbuf_1_1__f_clk/X (sky130_fd_sc_hd__clkbuf_16)
                                         clknet_1_1__leaf_clk (net)
                  0.04    0.00    0.28 ^ _132_/CLK (sky130_fd_sc_hd__dfxtp_1)
     4    0.01    0.11    0.37    0.65 ^ _132_/Q (sky130_fd_sc_hd__dfxtp_1)
                                         display.digit_select[0] (net)
                  0.11    0.00    0.65 ^ _066_/A (sky130_fd_sc_hd__inv_2)
     4    0.01    0.03    0.05    0.70 v _066_/Y (sky130_fd_sc_hd__inv_2)
                                         _031_ (net)
                  0.03    0.00    0.70 v _067_/A (sky130_fd_sc_hd__or3_1)
     1    0.00    0.06    0.37    1.07 v _067_/X (sky130_fd_sc_hd__or3_1)
                                         _032_ (net)
                  0.06    0.00    1.07 v _068_/A (sky130_fd_sc_hd__clkbuf_1)
     1    0.00    0.02    0.09    1.16 v _068_/X (sky130_fd_sc_hd__clkbuf_1)
                                         net2 (net)
                  0.02    0.00    1.16 v output2/A (sky130_fd_sc_hd__buf_2)
     1    0.03    0.09    0.18    1.34 v output2/X (sky130_fd_sc_hd__buf_2)
                                         an[1] (net)
                  0.09    0.00    1.34 v an[1] (out)
                                  1.34   data arrival time

                         10.00   10.00   clock clk (rise edge)
                          0.00   10.00   clock network delay (propagated)
                         -0.25    9.75   clock uncertainty
                          0.00    9.75   clock reconvergence pessimism
                         -2.00    7.75   output external delay
                                  7.75   data required time
-----------------------------------------------------------------------------
                                  7.75   data required time
                                 -1.34   data arrival time
-----------------------------------------------------------------------------
                                  6.41   slack (MET)


Startpoint: _133_ (rising edge-triggered flip-flop clocked by clk)
Endpoint: an[2] (output port clocked by clk)
Path Group: clk
Path Type: max

Fanout     Cap    Slew   Delay    Time   Description
-----------------------------------------------------------------------------
                          0.00    0.00   clock clk (rise edge)
                          0.00    0.00   clock source latency
     1    0.01    0.04    0.03    0.03 ^ clk (in)
                                         clk (net)
                  0.04    0.00    0.03 ^ clkbuf_0_clk/A (sky130_fd_sc_hd__clkbuf_16)
     2    0.02    0.04    0.13    0.16 ^ clkbuf_0_clk/X (sky130_fd_sc_hd__clkbuf_16)
                                         clknet_0_clk (net)
                  0.04    0.00    0.16 ^ clkbuf_1_1__f_clk/A (sky130_fd_sc_hd__clkbuf_16)
    10    0.02    0.04    0.13    0.28 ^ clkbuf_1_1__f_clk/X (sky130_fd_sc_hd__clkbuf_16)
                                         clknet_1_1__leaf_clk (net)
                  0.04    0.00    0.28 ^ _133_/CLK (sky130_fd_sc_hd__dfxtp_1)
     6    0.01    0.11    0.37    0.65 ^ _133_/Q (sky130_fd_sc_hd__dfxtp_1)
                                         display.digit_select[1] (net)
                  0.11    0.00    0.65 ^ _069_/C_N (sky130_fd_sc_hd__or3b_1)
     1    0.00    0.06    0.36    1.01 v _069_/X (sky130_fd_sc_hd__or3b_1)
                                         _033_ (net)
                  0.06    0.00    1.01 v _070_/A (sky130_fd_sc_hd__clkbuf_1)
     1    0.00    0.02    0.09    1.10 v _070_/X (sky130_fd_sc_hd__clkbuf_1)
                                         net3 (net)
                  0.02    0.00    1.10 v output3/A (sky130_fd_sc_hd__buf_2)
     1    0.03    0.09    0.18    1.28 v output3/X (sky130_fd_sc_hd__buf_2)
                                         an[2] (net)
                  0.09    0.00    1.28 v an[2] (out)
                                  1.28   data arrival time

                         10.00   10.00   clock clk (rise edge)
                          0.00   10.00   clock network delay (propagated)
                         -0.25    9.75   clock uncertainty
                          0.00    9.75   clock reconvergence pessimism
                         -2.00    7.75   output external delay
                                  7.75   data required time
-----------------------------------------------------------------------------
                                  7.75   data required time
                                 -1.28   data arrival time
-----------------------------------------------------------------------------
                                  6.47   slack (MET)


Startpoint: _132_ (rising edge-triggered flip-flop clocked by clk)
Endpoint: an[0] (output port clocked by clk)
Path Group: clk
Path Type: max

Fanout     Cap    Slew   Delay    Time   Description
-----------------------------------------------------------------------------
                          0.00    0.00   clock clk (rise edge)
                          0.00    0.00   clock source latency
     1    0.01    0.04    0.03    0.03 ^ clk (in)
                                         clk (net)
                  0.04    0.00    0.03 ^ clkbuf_0_clk/A (sky130_fd_sc_hd__clkbuf_16)
     2    0.02    0.04    0.13    0.16 ^ clkbuf_0_clk/X (sky130_fd_sc_hd__clkbuf_16)
                                         clknet_0_clk (net)
                  0.04    0.00    0.16 ^ clkbuf_1_1__f_clk/A (sky130_fd_sc_hd__clkbuf_16)
    10    0.02    0.04    0.13    0.28 ^ clkbuf_1_1__f_clk/X (sky130_fd_sc_hd__clkbuf_16)
                                         clknet_1_1__leaf_clk (net)
                  0.04    0.00    0.28 ^ _132_/CLK (sky130_fd_sc_hd__dfxtp_1)
     4    0.01    0.06    0.33    0.62 v _132_/Q (sky130_fd_sc_hd__dfxtp_1)
                                         display.digit_select[0] (net)
                  0.06    0.00    0.62 v _064_/A (sky130_fd_sc_hd__or3_1)
     1    0.00    0.06    0.37    0.99 v _064_/X (sky130_fd_sc_hd__or3_1)
                                         _030_ (net)
                  0.06    0.00    0.99 v _065_/A (sky130_fd_sc_hd__clkbuf_1)
     1    0.00    0.02    0.09    1.08 v _065_/X (sky130_fd_sc_hd__clkbuf_1)
                                         net1 (net)
                  0.02    0.00    1.08 v output1/A (sky130_fd_sc_hd__buf_2)
     1    0.03    0.09    0.18    1.26 v output1/X (sky130_fd_sc_hd__buf_2)
                                         an[0] (net)
                  0.09    0.00    1.26 v an[0] (out)
                                  1.26   data arrival time

                         10.00   10.00   clock clk (rise edge)
                          0.00   10.00   clock network delay (propagated)
                         -0.25    9.75   clock uncertainty
                          0.00    9.75   clock reconvergence pessimism
                         -2.00    7.75   output external delay
                                  7.75   data required time
-----------------------------------------------------------------------------
                                  7.75   data required time
                                 -1.26   data arrival time
-----------------------------------------------------------------------------
                                  6.49   slack (MET)


Startpoint: _133_ (rising edge-triggered flip-flop clocked by clk)
Endpoint: an[3] (output port clocked by clk)
Path Group: clk
Path Type: max

Fanout     Cap    Slew   Delay    Time   Description
-----------------------------------------------------------------------------
                          0.00    0.00   clock clk (rise edge)
                          0.00    0.00   clock source latency
     1    0.01    0.04    0.03    0.03 ^ clk (in)
                                         clk (net)
                  0.04    0.00    0.03 ^ clkbuf_0_clk/A (sky130_fd_sc_hd__clkbuf_16)
     2    0.02    0.04    0.13    0.16 ^ clkbuf_0_clk/X (sky130_fd_sc_hd__clkbuf_16)
                                         clknet_0_clk (net)
                  0.04    0.00    0.16 ^ clkbuf_1_1__f_clk/A (sky130_fd_sc_hd__clkbuf_16)
    10    0.02    0.04    0.13    0.28 ^ clkbuf_1_1__f_clk/X (sky130_fd_sc_hd__clkbuf_16)
                                         clknet_1_1__leaf_clk (net)
                  0.04    0.00    0.28 ^ _133_/CLK (sky130_fd_sc_hd__dfxtp_1)
     6    0.01    0.11    0.37    0.65 ^ _133_/Q (sky130_fd_sc_hd__dfxtp_1)
                                         display.digit_select[1] (net)
                  0.11    0.00    0.65 ^ _071_/B (sky130_fd_sc_hd__nand2_1)
     2    0.00    0.04    0.07    0.72 v _071_/Y (sky130_fd_sc_hd__nand2_1)
                                         _034_ (net)
                  0.04    0.00    0.72 v _072_/B (sky130_fd_sc_hd__or2_1)
     1    0.00    0.04    0.20    0.92 v _072_/X (sky130_fd_sc_hd__or2_1)
                                         _035_ (net)
                  0.04    0.00    0.92 v _073_/A (sky130_fd_sc_hd__clkbuf_1)
     1    0.00    0.02    0.08    1.01 v _073_/X (sky130_fd_sc_hd__clkbuf_1)
                                         net4 (net)
                  0.02    0.00    1.01 v output4/A (sky130_fd_sc_hd__buf_2)
     1    0.03    0.09    0.18    1.18 v output4/X (sky130_fd_sc_hd__buf_2)
                                         an[3] (net)
                  0.09    0.00    1.18 v an[3] (out)
                                  1.18   data arrival time

                         10.00   10.00   clock clk (rise edge)
                          0.00   10.00   clock network delay (propagated)
                         -0.25    9.75   clock uncertainty
                          0.00    9.75   clock reconvergence pessimism
                         -2.00    7.75   output external delay
                                  7.75   data required time
-----------------------------------------------------------------------------
                                  7.75   data required time
                                 -1.18   data arrival time
-----------------------------------------------------------------------------
                                  6.57   slack (MET)


Startpoint: _146_ (rising edge-triggered flip-flop clocked by clk)
Endpoint: _132_ (rising edge-triggered flip-flop clocked by clk)
Path Group: clk
Path Type: max

Fanout     Cap    Slew   Delay    Time   Description
-----------------------------------------------------------------------------
                          0.00    0.00   clock clk (rise edge)
                          0.00    0.00   clock source latency
     1    0.01    0.04    0.03    0.03 ^ clk (in)
                                         clk (net)
                  0.04    0.00    0.03 ^ clkbuf_0_clk/A (sky130_fd_sc_hd__clkbuf_16)
     2    0.02    0.04    0.13    0.16 ^ clkbuf_0_clk/X (sky130_fd_sc_hd__clkbuf_16)
                                         clknet_0_clk (net)
                  0.04    0.00    0.16 ^ clkbuf_1_0__f_clk/A (sky130_fd_sc_hd__clkbuf_16)
    10    0.02    0.04    0.13    0.28 ^ clkbuf_1_0__f_clk/X (sky130_fd_sc_hd__clkbuf_16)
                                         clknet_1_0__leaf_clk (net)
                  0.04    0.00    0.28 ^ _146_/CLK (sky130_fd_sc_hd__dfxtp_1)
     3    0.00    0.03    0.31    0.60 v _146_/Q (sky130_fd_sc_hd__dfxtp_1)
                                         display.refresh_counter[11] (net)
                  0.03    0.00    0.60 v _121_/A (sky130_fd_sc_hd__or4_1)
     1    0.00    0.07    0.52    1.11 v _121_/X (sky130_fd_sc_hd__or4_1)
                                         _022_ (net)
                  0.07    0.00    1.11 v _123_/B (sky130_fd_sc_hd__or3_1)
     4    0.01    0.09    0.39    1.51 v _123_/X (sky130_fd_sc_hd__or3_1)
                                         _024_ (net)
                  0.09    0.00    1.51 v _124_/C (sky130_fd_sc_hd__or3_1)
     2    0.00    0.07    0.34    1.85 v _124_/X (sky130_fd_sc_hd__or3_1)
                                         _025_ (net)
                  0.07    0.00    1.85 v _126_/A (sky130_fd_sc_hd__and2_1)
     1    0.00    0.03    0.15    1.99 v _126_/X (sky130_fd_sc_hd__and2_1)
                                         _027_ (net)
                  0.03    0.00    1.99 v _127_/A (sky130_fd_sc_hd__clkbuf_1)
     1    0.00    0.02    0.08    2.07 v _127_/X (sky130_fd_sc_hd__clkbuf_1)
                                         _017_ (net)
                  0.02    0.00    2.07 v _132_/D (sky130_fd_sc_hd__dfxtp_1)
                                  2.07   data arrival time

                         10.00   10.00   clock clk (rise edge)
                          0.00   10.00   clock source latency
     1    0.01    0.04    0.03   10.03 ^ clk (in)
                                         clk (net)
                  0.04    0.00   10.03 ^ clkbuf_0_clk/A (sky130_fd_sc_hd__clkbuf_16)
     2    0.02    0.04    0.11   10.14 ^ clkbuf_0_clk/X (sky130_fd_sc_hd__clkbuf_16)
                                         clknet_0_clk (net)
                  0.04    0.00   10.14 ^ clkbuf_1_1__f_clk/A (sky130_fd_sc_hd__clkbuf_16)
    10    0.02    0.04    0.12   10.26 ^ clkbuf_1_1__f_clk/X (sky130_fd_sc_hd__clkbuf_16)
                                         clknet_1_1__leaf_clk (net)
                  0.04    0.00   10.26 ^ _132_/CLK (sky130_fd_sc_hd__dfxtp_1)
                         -0.25   10.01   clock uncertainty
                          0.01   10.02   clock reconvergence pessimism
                         -0.10    9.92   library setup time
                                  9.92   data required time
-----------------------------------------------------------------------------
                                  9.92   data required time
                                 -2.07   data arrival time
-----------------------------------------------------------------------------
                                  7.85   slack (MET)


Startpoint: _146_ (rising edge-triggered flip-flop clocked by clk)
Endpoint: _133_ (rising edge-triggered flip-flop clocked by clk)
Path Group: clk
Path Type: max

Fanout     Cap    Slew   Delay    Time   Description
-----------------------------------------------------------------------------
                          0.00    0.00   clock clk (rise edge)
                          0.00    0.00   clock source latency
     1    0.01    0.04    0.03    0.03 ^ clk (in)
                                         clk (net)
                  0.04    0.00    0.03 ^ clkbuf_0_clk/A (sky130_fd_sc_hd__clkbuf_16)
     2    0.02    0.04    0.13    0.16 ^ clkbuf_0_clk/X (sky130_fd_sc_hd__clkbuf_16)
                                         clknet_0_clk (net)
                  0.04    0.00    0.16 ^ clkbuf_1_0__f_clk/A (sky130_fd_sc_hd__clkbuf_16)
    10    0.02    0.04    0.13    0.28 ^ clkbuf_1_0__f_clk/X (sky130_fd_sc_hd__clkbuf_16)
                                         clknet_1_0__leaf_clk (net)
                  0.04    0.00    0.28 ^ _146_/CLK (sky130_fd_sc_hd__dfxtp_1)
     3    0.00    0.03    0.31    0.60 v _146_/Q (sky130_fd_sc_hd__dfxtp_1)
                                         display.refresh_counter[11] (net)
                  0.03    0.00    0.60 v _121_/A (sky130_fd_sc_hd__or4_1)
     1    0.00    0.07    0.52    1.11 v _121_/X (sky130_fd_sc_hd__or4_1)
                                         _022_ (net)
                  0.07    0.00    1.11 v _123_/B (sky130_fd_sc_hd__or3_1)
     4    0.01    0.09    0.39    1.51 v _123_/X (sky130_fd_sc_hd__or3_1)
                                         _024_ (net)
                  0.09    0.00    1.51 v _128_/D (sky130_fd_sc_hd__or4_1)
     1    0.00    0.07    0.41    1.91 v _128_/X (sky130_fd_sc_hd__or4_1)
                                         _028_ (net)
                  0.07    0.00    1.91 v _129_/B1_N (sky130_fd_sc_hd__a21bo_1)
     1    0.00    0.03    0.18    2.10 ^ _129_/X (sky130_fd_sc_hd__a21bo_1)
                                         _018_ (net)
                  0.03    0.00    2.10 ^ _133_/D (sky130_fd_sc_hd__dfxtp_1)
                                  2.10   data arrival time

                         10.00   10.00   clock clk (rise edge)
                          0.00   10.00   clock source latency
     1    0.01    0.04    0.03   10.03 ^ clk (in)
                                         clk (net)
                  0.04    0.00   10.03 ^ clkbuf_0_clk/A (sky130_fd_sc_hd__clkbuf_16)
     2    0.02    0.04    0.11   10.14 ^ clkbuf_0_clk/X (sky130_fd_sc_hd__clkbuf_16)
                                         clknet_0_clk (net)
                  0.04    0.00   10.14 ^ clkbuf_1_1__f_clk/A (sky130_fd_sc_hd__clkbuf_16)
    10    0.02    0.04    0.12   10.26 ^ clkbuf_1_1__f_clk/X (sky130_fd_sc_hd__clkbuf_16)
                                         clknet_1_1__leaf_clk (net)
                  0.04    0.00   10.26 ^ _133_/CLK (sky130_fd_sc_hd__dfxtp_1)
                         -0.25   10.01   clock uncertainty
                          0.01   10.02   clock reconvergence pessimism
                         -0.05    9.97   library setup time
                                  9.97   data required time
-----------------------------------------------------------------------------
                                  9.97   data required time
                                 -2.10   data arrival time
-----------------------------------------------------------------------------
                                  7.87   slack (MET)


Startpoint: _137_ (rising edge-triggered flip-flop clocked by clk)
Endpoint: _149_ (rising edge-triggered flip-flop clocked by clk)
Path Group: clk
Path Type: max

Fanout     Cap    Slew   Delay    Time   Description
-----------------------------------------------------------------------------
                          0.00    0.00   clock clk (rise edge)
                          0.00    0.00   clock source latency
     1    0.01    0.04    0.03    0.03 ^ clk (in)
                                         clk (net)
                  0.04    0.00    0.03 ^ clkbuf_0_clk/A (sky130_fd_sc_hd__clkbuf_16)
     2    0.02    0.04    0.13    0.16 ^ clkbuf_0_clk/X (sky130_fd_sc_hd__clkbuf_16)
                                         clknet_0_clk (net)
                  0.04    0.00    0.16 ^ clkbuf_1_1__f_clk/A (sky130_fd_sc_hd__clkbuf_16)
    10    0.02    0.04    0.13    0.28 ^ clkbuf_1_1__f_clk/X (sky130_fd_sc_hd__clkbuf_16)
                                         clknet_1_1__leaf_clk (net)
                  0.04    0.00    0.28 ^ _137_/CLK (sky130_fd_sc_hd__dfxtp_1)
     4    0.01    0.08    0.35    0.63 ^ _137_/Q (sky130_fd_sc_hd__dfxtp_1)
                                         display.refresh_counter[2] (net)
                  0.08    0.00    0.63 ^ _080_/D (sky130_fd_sc_hd__and4_1)
     1    0.00    0.05    0.19    0.83 ^ _080_/X (sky130_fd_sc_hd__and4_1)
                                         _039_ (net)
                  0.05    0.00    0.83 ^ _081_/A (sky130_fd_sc_hd__clkbuf_2)
     8    0.02    0.11    0.16    0.98 ^ _081_/X (sky130_fd_sc_hd__clkbuf_2)
                                         _040_ (net)
                  0.11    0.00    0.98 ^ _105_/A (sky130_fd_sc_hd__and3_1)
     5    0.01    0.12    0.22    1.21 ^ _105_/X (sky130_fd_sc_hd__and3_1)
                                         _055_ (net)
                  0.12    0.00    1.21 ^ _109_/C (sky130_fd_sc_hd__nand3_1)
     2    0.01    0.09    0.12    1.33 v _109_/Y (sky130_fd_sc_hd__nand3_1)
                                         _058_ (net)
                  0.09    0.00    1.33 v _111_/B (sky130_fd_sc_hd__xnor2_1)
     1    0.00    0.04    0.14    1.46 v _111_/Y (sky130_fd_sc_hd__xnor2_1)
                                         _005_ (net)
                  0.04    0.00    1.46 v hold7/A (sky130_fd_sc_hd__dlygate4sd3_1)
     1    0.00    0.05    0.56    2.03 v hold7/X (sky130_fd_sc_hd__dlygate4sd3_1)
                                         net50 (net)
                  0.05    0.00    2.03 v _149_/D (sky130_fd_sc_hd__dfxtp_1)
                                  2.03   data arrival time

                         10.00   10.00   clock clk (rise edge)
                          0.00   10.00   clock source latency
     1    0.01    0.04    0.03   10.03 ^ clk (in)
                                         clk (net)
                  0.04    0.00   10.03 ^ clkbuf_0_clk/A (sky130_fd_sc_hd__clkbuf_16)
     2    0.02    0.04    0.11   10.14 ^ clkbuf_0_clk/X (sky130_fd_sc_hd__clkbuf_16)
                                         clknet_0_clk (net)
                  0.04    0.00   10.14 ^ clkbuf_1_0__f_clk/A (sky130_fd_sc_hd__clkbuf_16)
    10    0.02    0.04    0.12   10.26 ^ clkbuf_1_0__f_clk/X (sky130_fd_sc_hd__clkbuf_16)
                                         clknet_1_0__leaf_clk (net)
                  0.04    0.00   10.26 ^ _149_/CLK (sky130_fd_sc_hd__dfxtp_1)
                         -0.25   10.01   clock uncertainty
                          0.01   10.02   clock reconvergence pessimism
                         -0.11    9.91   library setup time
                                  9.91   data required time
-----------------------------------------------------------------------------
                                  9.91   data required time
                                 -2.03   data arrival time
-----------------------------------------------------------------------------
                                  7.88   slack (MET)


Startpoint: _135_ (rising edge-triggered flip-flop clocked by clk)
Endpoint: _137_ (rising edge-triggered flip-flop clocked by clk)
Path Group: clk
Path Type: max

Fanout     Cap    Slew   Delay    Time   Description
-----------------------------------------------------------------------------
                          0.00    0.00   clock clk (rise edge)
                          0.00    0.00   clock source latency
     1    0.01    0.04    0.03    0.03 ^ clk (in)
                                         clk (net)
                  0.04    0.00    0.03 ^ clkbuf_0_clk/A (sky130_fd_sc_hd__clkbuf_16)
     2    0.02    0.04    0.13    0.16 ^ clkbuf_0_clk/X (sky130_fd_sc_hd__clkbuf_16)
                                         clknet_0_clk (net)
                  0.04    0.00    0.16 ^ clkbuf_1_1__f_clk/A (sky130_fd_sc_hd__clkbuf_16)
    10    0.02    0.04    0.13    0.28 ^ clkbuf_1_1__f_clk/X (sky130_fd_sc_hd__clkbuf_16)
                                         clknet_1_1__leaf_clk (net)
                  0.04    0.00    0.28 ^ _135_/CLK (sky130_fd_sc_hd__dfxtp_1)
     4    0.01    0.08    0.34    0.63 ^ _135_/Q (sky130_fd_sc_hd__dfxtp_1)
                                         display.refresh_counter[0] (net)
                  0.08    0.00    0.63 ^ hold1/A (sky130_fd_sc_hd__dlygate4sd3_1)
     2    0.01    0.09    0.61    1.24 ^ hold1/X (sky130_fd_sc_hd__dlygate4sd3_1)
                                         net44 (net)
                  0.09    0.00    1.24 ^ _075_/B (sky130_fd_sc_hd__nand2_1)
     2    0.01    0.06    0.08    1.32 v _075_/Y (sky130_fd_sc_hd__nand2_1)
                                         _036_ (net)
                  0.06    0.00    1.32 v _079_/B (sky130_fd_sc_hd__xnor2_1)
     1    0.00    0.04    0.12    1.44 v _079_/Y (sky130_fd_sc_hd__xnor2_1)
                                         _009_ (net)
                  0.04    0.00    1.44 v hold9/A (sky130_fd_sc_hd__dlygate4sd3_1)
     1    0.00    0.05    0.56    2.00 v hold9/X (sky130_fd_sc_hd__dlygate4sd3_1)
                                         net52 (net)
                  0.05    0.00    2.00 v _137_/D (sky130_fd_sc_hd__dfxtp_1)
                                  2.00   data arrival time

                         10.00   10.00   clock clk (rise edge)
                          0.00   10.00   clock source latency
     1    0.01    0.04    0.03   10.03 ^ clk (in)
                                         clk (net)
                  0.04    0.00   10.03 ^ clkbuf_0_clk/A (sky130_fd_sc_hd__clkbuf_16)
     2    0.02    0.04    0.11   10.14 ^ clkbuf_0_clk/X (sky130_fd_sc_hd__clkbuf_16)
                                         clknet_0_clk (net)
                  0.04    0.00   10.14 ^ clkbuf_1_1__f_clk/A (sky130_fd_sc_hd__clkbuf_16)
    10    0.02    0.04    0.12   10.26 ^ clkbuf_1_1__f_clk/X (sky130_fd_sc_hd__clkbuf_16)
                                         clknet_1_1__leaf_clk (net)
                  0.04    0.00   10.26 ^ _137_/CLK (sky130_fd_sc_hd__dfxtp_1)
                         -0.25   10.01   clock uncertainty
                          0.03   10.03   clock reconvergence pessimism
                         -0.11    9.92   library setup time
                                  9.92   data required time
-----------------------------------------------------------------------------
                                  9.92   data required time
                                 -2.00   data arrival time
-----------------------------------------------------------------------------
                                  7.92   slack (MET)


Startpoint: _146_ (rising edge-triggered flip-flop clocked by clk)
Endpoint: _134_ (rising edge-triggered flip-flop clocked by clk)
Path Group: clk
Path Type: max

Fanout     Cap    Slew   Delay    Time   Description
-----------------------------------------------------------------------------
                          0.00    0.00   clock clk (rise edge)
                          0.00    0.00   clock source latency
     1    0.01    0.04    0.03    0.03 ^ clk (in)
                                         clk (net)
                  0.04    0.00    0.03 ^ clkbuf_0_clk/A (sky130_fd_sc_hd__clkbuf_16)
     2    0.02    0.04    0.13    0.16 ^ clkbuf_0_clk/X (sky130_fd_sc_hd__clkbuf_16)
                                         clknet_0_clk (net)
                  0.04    0.00    0.16 ^ clkbuf_1_0__f_clk/A (sky130_fd_sc_hd__clkbuf_16)
    10    0.02    0.04    0.13    0.28 ^ clkbuf_1_0__f_clk/X (sky130_fd_sc_hd__clkbuf_16)
                                         clknet_1_0__leaf_clk (net)
                  0.04    0.00    0.28 ^ _146_/CLK (sky130_fd_sc_hd__dfxtp_1)
     3    0.00    0.03    0.31    0.60 v _146_/Q (sky130_fd_sc_hd__dfxtp_1)
                                         display.refresh_counter[11] (net)
                  0.03    0.00    0.60 v _121_/A (sky130_fd_sc_hd__or4_1)
     1    0.00    0.07    0.52    1.11 v _121_/X (sky130_fd_sc_hd__or4_1)
                                         _022_ (net)
                  0.07    0.00    1.11 v _123_/B (sky130_fd_sc_hd__or3_1)
     4    0.01    0.09    0.39    1.51 v _123_/X (sky130_fd_sc_hd__or3_1)
                                         _024_ (net)
                  0.09    0.00    1.51 v _130_/C (sky130_fd_sc_hd__or3_1)
     1    0.00    0.08    0.35    1.85 v _130_/X (sky130_fd_sc_hd__or3_1)
                                         _029_ (net)
                  0.08    0.00    1.85 v _131_/B (sky130_fd_sc_hd__xnor2_1)
     1    0.00    0.04    0.13    1.98 v _131_/Y (sky130_fd_sc_hd__xnor2_1)
                                         _019_ (net)
                  0.04    0.00    1.98 v _134_/D (sky130_fd_sc_hd__dfxtp_1)
                                  1.98   data arrival time

                         10.00   10.00   clock clk (rise edge)
                          0.00   10.00   clock source latency
     1    0.01    0.04    0.03   10.03 ^ clk (in)
                                         clk (net)
                  0.04    0.00   10.03 ^ clkbuf_0_clk/A (sky130_fd_sc_hd__clkbuf_16)
     2    0.02    0.04    0.11   10.14 ^ clkbuf_0_clk/X (sky130_fd_sc_hd__clkbuf_16)
                                         clknet_0_clk (net)
                  0.04    0.00   10.14 ^ clkbuf_1_1__f_clk/A (sky130_fd_sc_hd__clkbuf_16)
    10    0.02    0.04    0.12   10.26 ^ clkbuf_1_1__f_clk/X (sky130_fd_sc_hd__clkbuf_16)
                                         clknet_1_1__leaf_clk (net)
                  0.04    0.00   10.26 ^ _134_/CLK (sky130_fd_sc_hd__dfxtp_1)
                         -0.25   10.01   clock uncertainty
                          0.01   10.02   clock reconvergence pessimism
                         -0.11    9.91   library setup time
                                  9.91   data required time
-----------------------------------------------------------------------------
                                  9.91   data required time
                                 -1.98   data arrival time
-----------------------------------------------------------------------------
                                  7.93   slack (MET)


Startpoint: _140_ (rising edge-triggered flip-flop clocked by clk)
Endpoint: _140_ (rising edge-triggered flip-flop clocked by clk)
Path Group: clk
Path Type: max

Fanout     Cap    Slew   Delay    Time   Description
-----------------------------------------------------------------------------
                          0.00    0.00   clock clk (rise edge)
                          0.00    0.00   clock source latency
     1    0.01    0.04    0.03    0.03 ^ clk (in)
                                         clk (net)
                  0.04    0.00    0.03 ^ clkbuf_0_clk/A (sky130_fd_sc_hd__clkbuf_16)
     2    0.02    0.04    0.13    0.16 ^ clkbuf_0_clk/X (sky130_fd_sc_hd__clkbuf_16)
                                         clknet_0_clk (net)
                  0.04    0.00    0.16 ^ clkbuf_1_1__f_clk/A (sky130_fd_sc_hd__clkbuf_16)
    10    0.02    0.04    0.13    0.28 ^ clkbuf_1_1__f_clk/X (sky130_fd_sc_hd__clkbuf_16)
                                         clknet_1_1__leaf_clk (net)
                  0.04    0.00    0.28 ^ _140_/CLK (sky130_fd_sc_hd__dfxtp_1)
     5    0.01    0.05    0.33    0.61 v _140_/Q (sky130_fd_sc_hd__dfxtp_1)
                                         display.refresh_counter[5] (net)
                  0.05    0.00    0.61 v hold11/A (sky130_fd_sc_hd__dlygate4sd3_1)
     1    0.00    0.06    0.59    1.20 v hold11/X (sky130_fd_sc_hd__dlygate4sd3_1)
                                         net54 (net)
                  0.06    0.00    1.20 v _087_/A (sky130_fd_sc_hd__xnor2_1)
     1    0.00    0.04    0.12    1.33 v _087_/Y (sky130_fd_sc_hd__xnor2_1)
                                         _012_ (net)
                  0.04    0.00    1.33 v hold12/A (sky130_fd_sc_hd__dlygate4sd3_1)
     1    0.00    0.05    0.56    1.89 v hold12/X (sky130_fd_sc_hd__dlygate4sd3_1)
                                         net55 (net)
                  0.05    0.00    1.89 v _140_/D (sky130_fd_sc_hd__dfxtp_1)
                                  1.89   data arrival time

                         10.00   10.00   clock clk (rise edge)
                          0.00   10.00   clock source latency
     1    0.01    0.04    0.03   10.03 ^ clk (in)
                                         clk (net)
                  0.04    0.00   10.03 ^ clkbuf_0_clk/A (sky130_fd_sc_hd__clkbuf_16)
     2    0.02    0.04    0.11   10.14 ^ clkbuf_0_clk/X (sky130_fd_sc_hd__clkbuf_16)
                                         clknet_0_clk (net)
                  0.04    0.00   10.14 ^ clkbuf_1_1__f_clk/A (sky130_fd_sc_hd__clkbuf_16)
    10    0.02    0.04    0.12   10.26 ^ clkbuf_1_1__f_clk/X (sky130_fd_sc_hd__clkbuf_16)
                                         clknet_1_1__leaf_clk (net)
                  0.04    0.00   10.26 ^ _140_/CLK (sky130_fd_sc_hd__dfxtp_1)
                         -0.25   10.01   clock uncertainty
                          0.03   10.03   clock reconvergence pessimism
                         -0.11    9.92   library setup time
                                  9.92   data required time
-----------------------------------------------------------------------------
                                  9.92   data required time
                                 -1.89   data arrival time
-----------------------------------------------------------------------------
                                  8.03   slack (MET)


Startpoint: _137_ (rising edge-triggered flip-flop clocked by clk)
Endpoint: _150_ (rising edge-triggered flip-flop clocked by clk)
Path Group: clk
Path Type: max

Fanout     Cap    Slew   Delay    Time   Description
-----------------------------------------------------------------------------
                          0.00    0.00   clock clk (rise edge)
                          0.00    0.00   clock source latency
     1    0.01    0.04    0.03    0.03 ^ clk (in)
                                         clk (net)
                  0.04    0.00    0.03 ^ clkbuf_0_clk/A (sky130_fd_sc_hd__clkbuf_16)
     2    0.02    0.04    0.13    0.16 ^ clkbuf_0_clk/X (sky130_fd_sc_hd__clkbuf_16)
                                         clknet_0_clk (net)
                  0.04    0.00    0.16 ^ clkbuf_1_1__f_clk/A (sky130_fd_sc_hd__clkbuf_16)
    10    0.02    0.04    0.13    0.28 ^ clkbuf_1_1__f_clk/X (sky130_fd_sc_hd__clkbuf_16)
                                         clknet_1_1__leaf_clk (net)
                  0.04    0.00    0.28 ^ _137_/CLK (sky130_fd_sc_hd__dfxtp_1)
     4    0.01    0.08    0.35    0.63 ^ _137_/Q (sky130_fd_sc_hd__dfxtp_1)
                                         display.refresh_counter[2] (net)
                  0.08    0.00    0.63 ^ _080_/D (sky130_fd_sc_hd__and4_1)
     1    0.00    0.05    0.19    0.83 ^ _080_/X (sky130_fd_sc_hd__and4_1)
                                         _039_ (net)
                  0.05    0.00    0.83 ^ _081_/A (sky130_fd_sc_hd__clkbuf_2)
     8    0.02    0.11    0.16    0.98 ^ _081_/X (sky130_fd_sc_hd__clkbuf_2)
                                         _040_ (net)
                  0.11    0.00    0.98 ^ _105_/A (sky130_fd_sc_hd__and3_1)
     5    0.01    0.12    0.22    1.21 ^ _105_/X (sky130_fd_sc_hd__and3_1)
                                         _055_ (net)
                  0.12    0.00    1.21 ^ _113_/C (sky130_fd_sc_hd__and4_1)
     2    0.01    0.09    0.23    1.44 ^ _113_/X (sky130_fd_sc_hd__and4_1)
                                         _060_ (net)
                  0.09    0.00    1.44 ^ _115_/A_N (sky130_fd_sc_hd__and2b_1)
     1    0.00    0.03    0.18    1.62 v _115_/X (sky130_fd_sc_hd__and2b_1)
                                         _062_ (net)
                  0.03    0.00    1.62 v _116_/A (sky130_fd_sc_hd__clkbuf_1)
     1    0.00    0.02    0.08    1.70 v _116_/X (sky130_fd_sc_hd__clkbuf_1)
                                         _006_ (net)
                  0.02    0.00    1.70 v _150_/D (sky130_fd_sc_hd__dfxtp_1)
                                  1.70   data arrival time

                         10.00   10.00   clock clk (rise edge)
                          0.00   10.00   clock source latency
     1    0.01    0.04    0.03   10.03 ^ clk (in)
                                         clk (net)
                  0.04    0.00   10.03 ^ clkbuf_0_clk/A (sky130_fd_sc_hd__clkbuf_16)
     2    0.02    0.04    0.11   10.14 ^ clkbuf_0_clk/X (sky130_fd_sc_hd__clkbuf_16)
                                         clknet_0_clk (net)
                  0.04    0.00   10.14 ^ clkbuf_1_0__f_clk/A (sky130_fd_sc_hd__clkbuf_16)
    10    0.02    0.04    0.12   10.26 ^ clkbuf_1_0__f_clk/X (sky130_fd_sc_hd__clkbuf_16)
                                         clknet_1_0__leaf_clk (net)
                  0.04    0.00   10.26 ^ _150_/CLK (sky130_fd_sc_hd__dfxtp_1)
                         -0.25   10.01   clock uncertainty
                          0.01   10.02   clock reconvergence pessimism
                         -0.10    9.92   library setup time
                                  9.92   data required time
-----------------------------------------------------------------------------
                                  9.92   data required time
                                 -1.70   data arrival time
-----------------------------------------------------------------------------
                                  8.22   slack (MET)


Startpoint: _137_ (rising edge-triggered flip-flop clocked by clk)
Endpoint: _144_ (rising edge-triggered flip-flop clocked by clk)
Path Group: clk
Path Type: max

Fanout     Cap    Slew   Delay    Time   Description
-----------------------------------------------------------------------------
                          0.00    0.00   clock clk (rise edge)
                          0.00    0.00   clock source latency
     1    0.01    0.04    0.03    0.03 ^ clk (in)
                                         clk (net)
                  0.04    0.00    0.03 ^ clkbuf_0_clk/A (sky130_fd_sc_hd__clkbuf_16)
     2    0.02    0.04    0.13    0.16 ^ clkbuf_0_clk/X (sky130_fd_sc_hd__clkbuf_16)
                                         clknet_0_clk (net)
                  0.04    0.00    0.16 ^ clkbuf_1_1__f_clk/A (sky130_fd_sc_hd__clkbuf_16)
    10    0.02    0.04    0.13    0.28 ^ clkbuf_1_1__f_clk/X (sky130_fd_sc_hd__clkbuf_16)
                                         clknet_1_1__leaf_clk (net)
                  0.04    0.00    0.28 ^ _137_/CLK (sky130_fd_sc_hd__dfxtp_1)
     4    0.01    0.08    0.35    0.63 ^ _137_/Q (sky130_fd_sc_hd__dfxtp_1)
                                         display.refresh_counter[2] (net)
                  0.08    0.00    0.63 ^ _080_/D (sky130_fd_sc_hd__and4_1)
     1    0.00    0.05    0.19    0.83 ^ _080_/X (sky130_fd_sc_hd__and4_1)
                                         _039_ (net)
                  0.05    0.00    0.83 ^ _081_/A (sky130_fd_sc_hd__clkbuf_2)
     8    0.02    0.11    0.16    0.98 ^ _081_/X (sky130_fd_sc_hd__clkbuf_2)
                                         _040_ (net)
                  0.11    0.00    0.98 ^ _094_/A (sky130_fd_sc_hd__and2_1)
     4    0.01    0.11    0.19    1.18 ^ _094_/X (sky130_fd_sc_hd__and2_1)
                                         _049_ (net)
                  0.11    0.00    1.18 ^ _097_/C (sky130_fd_sc_hd__and3_1)
     2    0.01    0.08    0.20    1.37 ^ _097_/X (sky130_fd_sc_hd__and3_1)
                                         _050_ (net)
                  0.08    0.00    1.37 ^ _099_/A_N (sky130_fd_sc_hd__and2b_1)
     1    0.00    0.03    0.18    1.56 v _099_/X (sky130_fd_sc_hd__and2b_1)
                                         _052_ (net)
                  0.03    0.00    1.56 v _100_/A (sky130_fd_sc_hd__clkbuf_1)
     1    0.00    0.02    0.08    1.63 v _100_/X (sky130_fd_sc_hd__clkbuf_1)
                                         _016_ (net)
                  0.02    0.00    1.63 v _144_/D (sky130_fd_sc_hd__dfxtp_1)
                                  1.63   data arrival time

                         10.00   10.00   clock clk (rise edge)
                          0.00   10.00   clock source latency
     1    0.01    0.04    0.03   10.03 ^ clk (in)
                                         clk (net)
                  0.04    0.00   10.03 ^ clkbuf_0_clk/A (sky130_fd_sc_hd__clkbuf_16)
     2    0.02    0.04    0.11   10.14 ^ clkbuf_0_clk/X (sky130_fd_sc_hd__clkbuf_16)
                                         clknet_0_clk (net)
                  0.04    0.00   10.14 ^ clkbuf_1_0__f_clk/A (sky130_fd_sc_hd__clkbuf_16)
    10    0.02    0.04    0.12   10.26 ^ clkbuf_1_0__f_clk/X (sky130_fd_sc_hd__clkbuf_16)
                                         clknet_1_0__leaf_clk (net)
                  0.04    0.00   10.26 ^ _144_/CLK (sky130_fd_sc_hd__dfxtp_1)
                         -0.25   10.01   clock uncertainty
                          0.01   10.02   clock reconvergence pessimism
                         -0.10    9.92   library setup time
                                  9.92   data required time
-----------------------------------------------------------------------------
                                  9.92   data required time
                                 -1.63   data arrival time
-----------------------------------------------------------------------------
                                  8.29   slack (MET)


Startpoint: _137_ (rising edge-triggered flip-flop clocked by clk)
Endpoint: _151_ (rising edge-triggered flip-flop clocked by clk)
Path Group: clk
Path Type: max

Fanout     Cap    Slew   Delay    Time   Description
-----------------------------------------------------------------------------
                          0.00    0.00   clock clk (rise edge)
                          0.00    0.00   clock source latency
     1    0.01    0.04    0.03    0.03 ^ clk (in)
                                         clk (net)
                  0.04    0.00    0.03 ^ clkbuf_0_clk/A (sky130_fd_sc_hd__clkbuf_16)
     2    0.02    0.04    0.13    0.16 ^ clkbuf_0_clk/X (sky130_fd_sc_hd__clkbuf_16)
                                         clknet_0_clk (net)
                  0.04    0.00    0.16 ^ clkbuf_1_1__f_clk/A (sky130_fd_sc_hd__clkbuf_16)
    10    0.02    0.04    0.13    0.28 ^ clkbuf_1_1__f_clk/X (sky130_fd_sc_hd__clkbuf_16)
                                         clknet_1_1__leaf_clk (net)
                  0.04    0.00    0.28 ^ _137_/CLK (sky130_fd_sc_hd__dfxtp_1)
     4    0.01    0.08    0.35    0.63 ^ _137_/Q (sky130_fd_sc_hd__dfxtp_1)
                                         display.refresh_counter[2] (net)
                  0.08    0.00    0.63 ^ _080_/D (sky130_fd_sc_hd__and4_1)
     1    0.00    0.05    0.19    0.83 ^ _080_/X (sky130_fd_sc_hd__and4_1)
                                         _039_ (net)
                  0.05    0.00    0.83 ^ _081_/A (sky130_fd_sc_hd__clkbuf_2)
     8    0.02    0.11    0.16    0.98 ^ _081_/X (sky130_fd_sc_hd__clkbuf_2)
                                         _040_ (net)
                  0.11    0.00    0.98 ^ _105_/A (sky130_fd_sc_hd__and3_1)
     5    0.01    0.12    0.22    1.21 ^ _105_/X (sky130_fd_sc_hd__and3_1)
                                         _055_ (net)
                  0.12    0.00    1.21 ^ _113_/C (sky130_fd_sc_hd__and4_1)
     2    0.01    0.09    0.23    1.44 ^ _113_/X (sky130_fd_sc_hd__and4_1)
                                         _060_ (net)
                  0.09    0.00    1.44 ^ _117_/B (sky130_fd_sc_hd__xor2_1)
     1    0.00    0.09    0.14    1.57 ^ _117_/X (sky130_fd_sc_hd__xor2_1)
                                         _007_ (net)
                  0.09    0.00    1.57 ^ _151_/D (sky130_fd_sc_hd__dfxtp_1)
                                  1.57   data arrival time

                         10.00   10.00   clock clk (rise edge)
                          0.00   10.00   clock source latency
     1    0.01    0.04    0.03   10.03 ^ clk (in)
                                         clk (net)
                  0.04    0.00   10.03 ^ clkbuf_0_clk/A (sky130_fd_sc_hd__clkbuf_16)
     2    0.02    0.04    0.11   10.14 ^ clkbuf_0_clk/X (sky130_fd_sc_hd__clkbuf_16)
                                         clknet_0_clk (net)
                  0.04    0.00   10.14 ^ clkbuf_1_0__f_clk/A (sky130_fd_sc_hd__clkbuf_16)
    10    0.02    0.04    0.12   10.26 ^ clkbuf_1_0__f_clk/X (sky130_fd_sc_hd__clkbuf_16)
                                         clknet_1_0__leaf_clk (net)
                  0.04    0.00   10.26 ^ _151_/CLK (sky130_fd_sc_hd__dfxtp_1)
                         -0.25   10.01   clock uncertainty
                          0.01   10.02   clock reconvergence pessimism
                         -0.07    9.96   library setup time
                                  9.96   data required time
-----------------------------------------------------------------------------
                                  9.96   data required time
                                 -1.57   data arrival time
-----------------------------------------------------------------------------
                                  8.38   slack (MET)


Startpoint: _135_ (rising edge-triggered flip-flop clocked by clk)
Endpoint: _136_ (rising edge-triggered flip-flop clocked by clk)
Path Group: clk
Path Type: max

Fanout     Cap    Slew   Delay    Time   Description
-----------------------------------------------------------------------------
                          0.00    0.00   clock clk (rise edge)
                          0.00    0.00   clock source latency
     1    0.01    0.04    0.03    0.03 ^ clk (in)
                                         clk (net)
                  0.04    0.00    0.03 ^ clkbuf_0_clk/A (sky130_fd_sc_hd__clkbuf_16)
     2    0.02    0.04    0.13    0.16 ^ clkbuf_0_clk/X (sky130_fd_sc_hd__clkbuf_16)
                                         clknet_0_clk (net)
                  0.04    0.00    0.16 ^ clkbuf_1_1__f_clk/A (sky130_fd_sc_hd__clkbuf_16)
    10    0.02    0.04    0.13    0.28 ^ clkbuf_1_1__f_clk/X (sky130_fd_sc_hd__clkbuf_16)
                                         clknet_1_1__leaf_clk (net)
                  0.04    0.00    0.28 ^ _135_/CLK (sky130_fd_sc_hd__dfxtp_1)
     4    0.01    0.08    0.34    0.63 ^ _135_/Q (sky130_fd_sc_hd__dfxtp_1)
                                         display.refresh_counter[0] (net)
                  0.08    0.00    0.63 ^ hold1/A (sky130_fd_sc_hd__dlygate4sd3_1)
     2    0.01    0.09    0.61    1.24 ^ hold1/X (sky130_fd_sc_hd__dlygate4sd3_1)
                                         net44 (net)
                  0.09    0.00    1.24 ^ _075_/B (sky130_fd_sc_hd__nand2_1)
     2    0.01    0.06    0.08    1.32 v _075_/Y (sky130_fd_sc_hd__nand2_1)
                                         _036_ (net)
                  0.06    0.00    1.32 v _077_/A (sky130_fd_sc_hd__and2_1)
     1    0.00    0.03    0.14    1.46 v _077_/X (sky130_fd_sc_hd__and2_1)
                                         _038_ (net)
                  0.03    0.00    1.46 v _078_/A (sky130_fd_sc_hd__clkbuf_1)
     1    0.00    0.02    0.08    1.54 v _078_/X (sky130_fd_sc_hd__clkbuf_1)
                                         _008_ (net)
                  0.02    0.00    1.54 v _136_/D (sky130_fd_sc_hd__dfxtp_1)
                                  1.54   data arrival time

                         10.00   10.00   clock clk (rise edge)
                          0.00   10.00   clock source latency
     1    0.01    0.04    0.03   10.03 ^ clk (in)
                                         clk (net)
                  0.04    0.00   10.03 ^ clkbuf_0_clk/A (sky130_fd_sc_hd__clkbuf_16)
     2    0.02    0.04    0.11   10.14 ^ clkbuf_0_clk/X (sky130_fd_sc_hd__clkbuf_16)
                                         clknet_0_clk (net)
                  0.04    0.00   10.14 ^ clkbuf_1_1__f_clk/A (sky130_fd_sc_hd__clkbuf_16)
    10    0.02    0.04    0.12   10.26 ^ clkbuf_1_1__f_clk/X (sky130_fd_sc_hd__clkbuf_16)
                                         clknet_1_1__leaf_clk (net)
                  0.04    0.00   10.26 ^ _136_/CLK (sky130_fd_sc_hd__dfxtp_1)
                         -0.25   10.01   clock uncertainty
                          0.03   10.03   clock reconvergence pessimism
                         -0.10    9.93   library setup time
                                  9.93   data required time
-----------------------------------------------------------------------------
                                  9.93   data required time
                                 -1.54   data arrival time
-----------------------------------------------------------------------------
                                  8.40   slack (MET)


Startpoint: _137_ (rising edge-triggered flip-flop clocked by clk)
Endpoint: _146_ (rising edge-triggered flip-flop clocked by clk)
Path Group: clk
Path Type: max

Fanout     Cap    Slew   Delay    Time   Description
-----------------------------------------------------------------------------
                          0.00    0.00   clock clk (rise edge)
                          0.00    0.00   clock source latency
     1    0.01    0.04    0.03    0.03 ^ clk (in)
                                         clk (net)
                  0.04    0.00    0.03 ^ clkbuf_0_clk/A (sky130_fd_sc_hd__clkbuf_16)
     2    0.02    0.04    0.13    0.16 ^ clkbuf_0_clk/X (sky130_fd_sc_hd__clkbuf_16)
                                         clknet_0_clk (net)
                  0.04    0.00    0.16 ^ clkbuf_1_1__f_clk/A (sky130_fd_sc_hd__clkbuf_16)
    10    0.02    0.04    0.13    0.28 ^ clkbuf_1_1__f_clk/X (sky130_fd_sc_hd__clkbuf_16)
                                         clknet_1_1__leaf_clk (net)
                  0.04    0.00    0.28 ^ _137_/CLK (sky130_fd_sc_hd__dfxtp_1)
     4    0.01    0.08    0.35    0.63 ^ _137_/Q (sky130_fd_sc_hd__dfxtp_1)
                                         display.refresh_counter[2] (net)
                  0.08    0.00    0.63 ^ _080_/D (sky130_fd_sc_hd__and4_1)
     1    0.00    0.05    0.19    0.83 ^ _080_/X (sky130_fd_sc_hd__and4_1)
                                         _039_ (net)
                  0.05    0.00    0.83 ^ _081_/A (sky130_fd_sc_hd__clkbuf_2)
     8    0.02    0.11    0.16    0.98 ^ _081_/X (sky130_fd_sc_hd__clkbuf_2)
                                         _040_ (net)
                  0.11    0.00    0.98 ^ _094_/A (sky130_fd_sc_hd__and2_1)
     4    0.01    0.11    0.19    1.18 ^ _094_/X (sky130_fd_sc_hd__and2_1)
                                         _049_ (net)
                  0.11    0.00    1.18 ^ _102_/D (sky130_fd_sc_hd__and4_1)
     1    0.00    0.07    0.22    1.40 ^ _102_/X (sky130_fd_sc_hd__and4_1)
                                         _053_ (net)
                  0.07    0.00    1.40 ^ _103_/B (sky130_fd_sc_hd__xor2_1)
     1    0.00    0.09    0.13    1.53 ^ _103_/X (sky130_fd_sc_hd__xor2_1)
                                         _002_ (net)
                  0.09    0.00    1.53 ^ _146_/D (sky130_fd_sc_hd__dfxtp_1)
                                  1.53   data arrival time

                         10.00   10.00   clock clk (rise edge)
                          0.00   10.00   clock source latency
     1    0.01    0.04    0.03   10.03 ^ clk (in)
                                         clk (net)
                  0.04    0.00   10.03 ^ clkbuf_0_clk/A (sky130_fd_sc_hd__clkbuf_16)
     2    0.02    0.04    0.11   10.14 ^ clkbuf_0_clk/X (sky130_fd_sc_hd__clkbuf_16)
                                         clknet_0_clk (net)
                  0.04    0.00   10.14 ^ clkbuf_1_0__f_clk/A (sky130_fd_sc_hd__clkbuf_16)
    10    0.02    0.04    0.12   10.26 ^ clkbuf_1_0__f_clk/X (sky130_fd_sc_hd__clkbuf_16)
                                         clknet_1_0__leaf_clk (net)
                  0.04    0.00   10.26 ^ _146_/CLK (sky130_fd_sc_hd__dfxtp_1)
                         -0.25   10.01   clock uncertainty
                          0.01   10.02   clock reconvergence pessimism
                         -0.07    9.96   library setup time
                                  9.96   data required time
-----------------------------------------------------------------------------
                                  9.96   data required time
                                 -1.53   data arrival time
-----------------------------------------------------------------------------
                                  8.42   slack (MET)


Startpoint: _137_ (rising edge-triggered flip-flop clocked by clk)
Endpoint: _148_ (rising edge-triggered flip-flop clocked by clk)
Path Group: clk
Path Type: max

Fanout     Cap    Slew   Delay    Time   Description
-----------------------------------------------------------------------------
                          0.00    0.00   clock clk (rise edge)
                          0.00    0.00   clock source latency
     1    0.01    0.04    0.03    0.03 ^ clk (in)
                                         clk (net)
                  0.04    0.00    0.03 ^ clkbuf_0_clk/A (sky130_fd_sc_hd__clkbuf_16)
     2    0.02    0.04    0.13    0.16 ^ clkbuf_0_clk/X (sky130_fd_sc_hd__clkbuf_16)
                                         clknet_0_clk (net)
                  0.04    0.00    0.16 ^ clkbuf_1_1__f_clk/A (sky130_fd_sc_hd__clkbuf_16)
    10    0.02    0.04    0.13    0.28 ^ clkbuf_1_1__f_clk/X (sky130_fd_sc_hd__clkbuf_16)
                                         clknet_1_1__leaf_clk (net)
                  0.04    0.00    0.28 ^ _137_/CLK (sky130_fd_sc_hd__dfxtp_1)
     4    0.01    0.04    0.32    0.61 v _137_/Q (sky130_fd_sc_hd__dfxtp_1)
                                         display.refresh_counter[2] (net)
                  0.04    0.00    0.61 v _080_/D (sky130_fd_sc_hd__and4_1)
     1    0.00    0.04    0.20    0.80 v _080_/X (sky130_fd_sc_hd__and4_1)
                                         _039_ (net)
                  0.04    0.00    0.80 v _081_/A (sky130_fd_sc_hd__clkbuf_2)
     8    0.02    0.07    0.14    0.95 v _081_/X (sky130_fd_sc_hd__clkbuf_2)
                                         _040_ (net)
                  0.07    0.00    0.95 v _105_/A (sky130_fd_sc_hd__and3_1)
     5    0.01    0.07    0.19    1.14 v _105_/X (sky130_fd_sc_hd__and3_1)
                                         _055_ (net)
                  0.07    0.00    1.14 v _106_/B (sky130_fd_sc_hd__and2_1)
     2    0.00    0.04    0.18    1.31 v _106_/X (sky130_fd_sc_hd__and2_1)
                                         _056_ (net)
                  0.04    0.00    1.31 v _110_/A2 (sky130_fd_sc_hd__o21a_1)
     1    0.00    0.03    0.16    1.48 v _110_/X (sky130_fd_sc_hd__o21a_1)
                                         _004_ (net)
                  0.03    0.00    1.48 v _148_/D (sky130_fd_sc_hd__dfxtp_1)
                                  1.48   data arrival time

                         10.00   10.00   clock clk (rise edge)
                          0.00   10.00   clock source latency
     1    0.01    0.04    0.03   10.03 ^ clk (in)
                                         clk (net)
                  0.04    0.00   10.03 ^ clkbuf_0_clk/A (sky130_fd_sc_hd__clkbuf_16)
     2    0.02    0.04    0.11   10.14 ^ clkbuf_0_clk/X (sky130_fd_sc_hd__clkbuf_16)
                                         clknet_0_clk (net)
                  0.04    0.00   10.14 ^ clkbuf_1_0__f_clk/A (sky130_fd_sc_hd__clkbuf_16)
    10    0.02    0.04    0.12   10.26 ^ clkbuf_1_0__f_clk/X (sky130_fd_sc_hd__clkbuf_16)
                                         clknet_1_0__leaf_clk (net)
                  0.04    0.00   10.26 ^ _148_/CLK (sky130_fd_sc_hd__dfxtp_1)
                         -0.25   10.01   clock uncertainty
                          0.01   10.02   clock reconvergence pessimism
                         -0.10    9.92   library setup time
                                  9.92   data required time
-----------------------------------------------------------------------------
                                  9.92   data required time
                                 -1.48   data arrival time
-----------------------------------------------------------------------------
                                  8.44   slack (MET)


Startpoint: _137_ (rising edge-triggered flip-flop clocked by clk)
Endpoint: _145_ (rising edge-triggered flip-flop clocked by clk)
Path Group: clk
Path Type: max

Fanout     Cap    Slew   Delay    Time   Description
-----------------------------------------------------------------------------
                          0.00    0.00   clock clk (rise edge)
                          0.00    0.00   clock source latency
     1    0.01    0.04    0.03    0.03 ^ clk (in)
                                         clk (net)
                  0.04    0.00    0.03 ^ clkbuf_0_clk/A (sky130_fd_sc_hd__clkbuf_16)
     2    0.02    0.04    0.13    0.16 ^ clkbuf_0_clk/X (sky130_fd_sc_hd__clkbuf_16)
                                         clknet_0_clk (net)
                  0.04    0.00    0.16 ^ clkbuf_1_1__f_clk/A (sky130_fd_sc_hd__clkbuf_16)
    10    0.02    0.04    0.13    0.28 ^ clkbuf_1_1__f_clk/X (sky130_fd_sc_hd__clkbuf_16)
                                         clknet_1_1__leaf_clk (net)
                  0.04    0.00    0.28 ^ _137_/CLK (sky130_fd_sc_hd__dfxtp_1)
     4    0.01    0.04    0.32    0.61 v _137_/Q (sky130_fd_sc_hd__dfxtp_1)
                                         display.refresh_counter[2] (net)
                  0.04    0.00    0.61 v _080_/D (sky130_fd_sc_hd__and4_1)
     1    0.00    0.04    0.20    0.80 v _080_/X (sky130_fd_sc_hd__and4_1)
                                         _039_ (net)
                  0.04    0.00    0.80 v _081_/A (sky130_fd_sc_hd__clkbuf_2)
     8    0.02    0.07    0.14    0.95 v _081_/X (sky130_fd_sc_hd__clkbuf_2)
                                         _040_ (net)
                  0.07    0.00    0.95 v _094_/A (sky130_fd_sc_hd__and2_1)
     4    0.01    0.06    0.18    1.13 v _094_/X (sky130_fd_sc_hd__and2_1)
                                         _049_ (net)
                  0.06    0.00    1.13 v _097_/C (sky130_fd_sc_hd__and3_1)
     2    0.01    0.05    0.21    1.33 v _097_/X (sky130_fd_sc_hd__and3_1)
                                         _050_ (net)
                  0.05    0.00    1.33 v _101_/B (sky130_fd_sc_hd__xor2_1)
     1    0.00    0.04    0.14    1.47 v _101_/X (sky130_fd_sc_hd__xor2_1)
                                         _001_ (net)
                  0.04    0.00    1.47 v _145_/D (sky130_fd_sc_hd__dfxtp_1)
                                  1.47   data arrival time

                         10.00   10.00   clock clk (rise edge)
                          0.00   10.00   clock source latency
     1    0.01    0.04    0.03   10.03 ^ clk (in)
                                         clk (net)
                  0.04    0.00   10.03 ^ clkbuf_0_clk/A (sky130_fd_sc_hd__clkbuf_16)
     2    0.02    0.04    0.11   10.14 ^ clkbuf_0_clk/X (sky130_fd_sc_hd__clkbuf_16)
                                         clknet_0_clk (net)
                  0.04    0.00   10.14 ^ clkbuf_1_0__f_clk/A (sky130_fd_sc_hd__clkbuf_16)
    10    0.02    0.04    0.12   10.26 ^ clkbuf_1_0__f_clk/X (sky130_fd_sc_hd__clkbuf_16)
                                         clknet_1_0__leaf_clk (net)
                  0.04    0.00   10.26 ^ _145_/CLK (sky130_fd_sc_hd__dfxtp_1)
                         -0.25   10.01   clock uncertainty
                          0.01   10.02   clock reconvergence pessimism
                         -0.11    9.91   library setup time
                                  9.91   data required time
-----------------------------------------------------------------------------
                                  9.91   data required time
                                 -1.47   data arrival time
-----------------------------------------------------------------------------
                                  8.44   slack (MET)


Startpoint: _137_ (rising edge-triggered flip-flop clocked by clk)
Endpoint: _141_ (rising edge-triggered flip-flop clocked by clk)
Path Group: clk
Path Type: max

Fanout     Cap    Slew   Delay    Time   Description
-----------------------------------------------------------------------------
                          0.00    0.00   clock clk (rise edge)
                          0.00    0.00   clock source latency
     1    0.01    0.04    0.03    0.03 ^ clk (in)
                                         clk (net)
                  0.04    0.00    0.03 ^ clkbuf_0_clk/A (sky130_fd_sc_hd__clkbuf_16)
     2    0.02    0.04    0.13    0.16 ^ clkbuf_0_clk/X (sky130_fd_sc_hd__clkbuf_16)
                                         clknet_0_clk (net)
                  0.04    0.00    0.16 ^ clkbuf_1_1__f_clk/A (sky130_fd_sc_hd__clkbuf_16)
    10    0.02    0.04    0.13    0.28 ^ clkbuf_1_1__f_clk/X (sky130_fd_sc_hd__clkbuf_16)
                                         clknet_1_1__leaf_clk (net)
                  0.04    0.00    0.28 ^ _137_/CLK (sky130_fd_sc_hd__dfxtp_1)
     4    0.01    0.08    0.35    0.63 ^ _137_/Q (sky130_fd_sc_hd__dfxtp_1)
                                         display.refresh_counter[2] (net)
                  0.08    0.00    0.63 ^ _080_/D (sky130_fd_sc_hd__and4_1)
     1    0.00    0.05    0.19    0.83 ^ _080_/X (sky130_fd_sc_hd__and4_1)
                                         _039_ (net)
                  0.05    0.00    0.83 ^ _081_/A (sky130_fd_sc_hd__clkbuf_2)
     8    0.02    0.11    0.16    0.98 ^ _081_/X (sky130_fd_sc_hd__clkbuf_2)
                                         _040_ (net)
                  0.11    0.00    0.98 ^ _088_/D (sky130_fd_sc_hd__and4_1)
     2    0.00    0.07    0.22    1.20 ^ _088_/X (sky130_fd_sc_hd__and4_1)
                                         _044_ (net)
                  0.07    0.00    1.20 ^ _090_/A_N (sky130_fd_sc_hd__and2b_1)
     1    0.00    0.03    0.18    1.38 v _090_/X (sky130_fd_sc_hd__and2b_1)
                                         _046_ (net)
                  0.03    0.00    1.38 v _091_/A (sky130_fd_sc_hd__clkbuf_1)
     1    0.00    0.02    0.08    1.46 v _091_/X (sky130_fd_sc_hd__clkbuf_1)
                                         _013_ (net)
                  0.02    0.00    1.46 v _141_/D (sky130_fd_sc_hd__dfxtp_1)
                                  1.46   data arrival time

                         10.00   10.00   clock clk (rise edge)
                          0.00   10.00   clock source latency
     1    0.01    0.04    0.03   10.03 ^ clk (in)
                                         clk (net)
                  0.04    0.00   10.03 ^ clkbuf_0_clk/A (sky130_fd_sc_hd__clkbuf_16)
     2    0.02    0.04    0.11   10.14 ^ clkbuf_0_clk/X (sky130_fd_sc_hd__clkbuf_16)
                                         clknet_0_clk (net)
                  0.04    0.00   10.14 ^ clkbuf_1_1__f_clk/A (sky130_fd_sc_hd__clkbuf_16)
    10    0.02    0.04    0.12   10.26 ^ clkbuf_1_1__f_clk/X (sky130_fd_sc_hd__clkbuf_16)
                                         clknet_1_1__leaf_clk (net)
                  0.04    0.00   10.26 ^ _141_/CLK (sky130_fd_sc_hd__dfxtp_1)
                         -0.25   10.01   clock uncertainty
                          0.03   10.03   clock reconvergence pessimism
                         -0.10    9.93   library setup time
                                  9.93   data required time
-----------------------------------------------------------------------------
                                  9.93   data required time
                                 -1.46   data arrival time
-----------------------------------------------------------------------------
                                  8.47   slack (MET)


Startpoint: _137_ (rising edge-triggered flip-flop clocked by clk)
Endpoint: _147_ (rising edge-triggered flip-flop clocked by clk)
Path Group: clk
Path Type: max

Fanout     Cap    Slew   Delay    Time   Description
-----------------------------------------------------------------------------
                          0.00    0.00   clock clk (rise edge)
                          0.00    0.00   clock source latency
     1    0.01    0.04    0.03    0.03 ^ clk (in)
                                         clk (net)
                  0.04    0.00    0.03 ^ clkbuf_0_clk/A (sky130_fd_sc_hd__clkbuf_16)
     2    0.02    0.04    0.13    0.16 ^ clkbuf_0_clk/X (sky130_fd_sc_hd__clkbuf_16)
                                         clknet_0_clk (net)
                  0.04    0.00    0.16 ^ clkbuf_1_1__f_clk/A (sky130_fd_sc_hd__clkbuf_16)
    10    0.02    0.04    0.13    0.28 ^ clkbuf_1_1__f_clk/X (sky130_fd_sc_hd__clkbuf_16)
                                         clknet_1_1__leaf_clk (net)
                  0.04    0.00    0.28 ^ _137_/CLK (sky130_fd_sc_hd__dfxtp_1)
     4    0.01    0.08    0.35    0.63 ^ _137_/Q (sky130_fd_sc_hd__dfxtp_1)
                                         display.refresh_counter[2] (net)
                  0.08    0.00    0.63 ^ _080_/D (sky130_fd_sc_hd__and4_1)
     1    0.00    0.05    0.19    0.83 ^ _080_/X (sky130_fd_sc_hd__and4_1)
                                         _039_ (net)
                  0.05    0.00    0.83 ^ _081_/A (sky130_fd_sc_hd__clkbuf_2)
     8    0.02    0.11    0.16    0.98 ^ _081_/X (sky130_fd_sc_hd__clkbuf_2)
                                         _040_ (net)
                  0.11    0.00    0.98 ^ _105_/A (sky130_fd_sc_hd__and3_1)
     5    0.01    0.12    0.22    1.21 ^ _105_/X (sky130_fd_sc_hd__and3_1)
                                         _055_ (net)
                  0.12    0.00    1.21 ^ _106_/B (sky130_fd_sc_hd__and2_1)
     2    0.01    0.07    0.16    1.37 ^ _106_/X (sky130_fd_sc_hd__and2_1)
                                         _056_ (net)
                  0.07    0.00    1.37 ^ _108_/A (sky130_fd_sc_hd__nor2_1)
     1    0.00    0.03    0.04    1.41 v _108_/Y (sky130_fd_sc_hd__nor2_1)
                                         _003_ (net)
                  0.03    0.00    1.41 v _147_/D (sky130_fd_sc_hd__dfxtp_1)
                                  1.41   data arrival time

                         10.00   10.00   clock clk (rise edge)
                          0.00   10.00   clock source latency
     1    0.01    0.04    0.03   10.03 ^ clk (in)
                                         clk (net)
                  0.04    0.00   10.03 ^ clkbuf_0_clk/A (sky130_fd_sc_hd__clkbuf_16)
     2    0.02    0.04    0.11   10.14 ^ clkbuf_0_clk/X (sky130_fd_sc_hd__clkbuf_16)
                                         clknet_0_clk (net)
                  0.04    0.00   10.14 ^ clkbuf_1_0__f_clk/A (sky130_fd_sc_hd__clkbuf_16)
    10    0.02    0.04    0.12   10.26 ^ clkbuf_1_0__f_clk/X (sky130_fd_sc_hd__clkbuf_16)
                                         clknet_1_0__leaf_clk (net)
                  0.04    0.00   10.26 ^ _147_/CLK (sky130_fd_sc_hd__dfxtp_1)
                         -0.25   10.01   clock uncertainty
                          0.01   10.02   clock reconvergence pessimism
                         -0.10    9.92   library setup time
                                  9.92   data required time
-----------------------------------------------------------------------------
                                  9.92   data required time
                                 -1.41   data arrival time
-----------------------------------------------------------------------------
                                  8.51   slack (MET)


Startpoint: _139_ (rising edge-triggered flip-flop clocked by clk)
Endpoint: _139_ (rising edge-triggered flip-flop clocked by clk)
Path Group: clk
Path Type: max

Fanout     Cap    Slew   Delay    Time   Description
-----------------------------------------------------------------------------
                          0.00    0.00   clock clk (rise edge)
                          0.00    0.00   clock source latency
     1    0.01    0.04    0.03    0.03 ^ clk (in)
                                         clk (net)
                  0.04    0.00    0.03 ^ clkbuf_0_clk/A (sky130_fd_sc_hd__clkbuf_16)
     2    0.02    0.04    0.13    0.16 ^ clkbuf_0_clk/X (sky130_fd_sc_hd__clkbuf_16)
                                         clknet_0_clk (net)
                  0.04    0.00    0.16 ^ clkbuf_1_1__f_clk/A (sky130_fd_sc_hd__clkbuf_16)
    10    0.02    0.04    0.13    0.28 ^ clkbuf_1_1__f_clk/X (sky130_fd_sc_hd__clkbuf_16)
                                         clknet_1_1__leaf_clk (net)
                  0.04    0.00    0.28 ^ _139_/CLK (sky130_fd_sc_hd__dfxtp_1)
     6    0.01    0.06    0.34    0.62 v _139_/Q (sky130_fd_sc_hd__dfxtp_1)
                                         display.refresh_counter[4] (net)
                  0.06    0.00    0.62 v hold16/A (sky130_fd_sc_hd__dlygate4sd3_1)
     1    0.00    0.06    0.59    1.21 v hold16/X (sky130_fd_sc_hd__dlygate4sd3_1)
                                         net59 (net)
                  0.06    0.00    1.21 v _085_/A (sky130_fd_sc_hd__xor2_1)
     1    0.00    0.04    0.16    1.37 v _085_/X (sky130_fd_sc_hd__xor2_1)
                                         _011_ (net)
                  0.04    0.00    1.37 v _139_/D (sky130_fd_sc_hd__dfxtp_1)
                                  1.37   data arrival time

                         10.00   10.00   clock clk (rise edge)
                          0.00   10.00   clock source latency
     1    0.01    0.04    0.03   10.03 ^ clk (in)
                                         clk (net)
                  0.04    0.00   10.03 ^ clkbuf_0_clk/A (sky130_fd_sc_hd__clkbuf_16)
     2    0.02    0.04    0.11   10.14 ^ clkbuf_0_clk/X (sky130_fd_sc_hd__clkbuf_16)
                                         clknet_0_clk (net)
                  0.04    0.00   10.14 ^ clkbuf_1_1__f_clk/A (sky130_fd_sc_hd__clkbuf_16)
    10    0.02    0.04    0.12   10.26 ^ clkbuf_1_1__f_clk/X (sky130_fd_sc_hd__clkbuf_16)
                                         clknet_1_1__leaf_clk (net)
                  0.04    0.00   10.26 ^ _139_/CLK (sky130_fd_sc_hd__dfxtp_1)
                         -0.25   10.01   clock uncertainty
                          0.03   10.03   clock reconvergence pessimism
                         -0.11    9.92   library setup time
                                  9.92   data required time
-----------------------------------------------------------------------------
                                  9.92   data required time
                                 -1.37   data arrival time
-----------------------------------------------------------------------------
                                  8.55   slack (MET)


Startpoint: _143_ (rising edge-triggered flip-flop clocked by clk)
Endpoint: _143_ (rising edge-triggered flip-flop clocked by clk)
Path Group: clk
Path Type: max

Fanout     Cap    Slew   Delay    Time   Description
-----------------------------------------------------------------------------
                          0.00    0.00   clock clk (rise edge)
                          0.00    0.00   clock source latency
     1    0.01    0.04    0.03    0.03 ^ clk (in)
                                         clk (net)
                  0.04    0.00    0.03 ^ clkbuf_0_clk/A (sky130_fd_sc_hd__clkbuf_16)
     2    0.02    0.04    0.13    0.16 ^ clkbuf_0_clk/X (sky130_fd_sc_hd__clkbuf_16)
                                         clknet_0_clk (net)
                  0.04    0.00    0.16 ^ clkbuf_1_0__f_clk/A (sky130_fd_sc_hd__clkbuf_16)
    10    0.02    0.04    0.13    0.28 ^ clkbuf_1_0__f_clk/X (sky130_fd_sc_hd__clkbuf_16)
                                         clknet_1_0__leaf_clk (net)
                  0.04    0.00    0.28 ^ _143_/CLK (sky130_fd_sc_hd__dfxtp_1)
     6    0.01    0.06    0.33    0.62 v _143_/Q (sky130_fd_sc_hd__dfxtp_1)
                                         display.refresh_counter[8] (net)
                  0.06    0.00    0.62 v hold15/A (sky130_fd_sc_hd__dlygate4sd3_1)
     1    0.00    0.06    0.59    1.21 v hold15/X (sky130_fd_sc_hd__dlygate4sd3_1)
                                         net58 (net)
                  0.06    0.00    1.21 v _096_/A (sky130_fd_sc_hd__xor2_1)
     1    0.00    0.05    0.16    1.37 v _096_/X (sky130_fd_sc_hd__xor2_1)
                                         _015_ (net)
                  0.05    0.00    1.37 v _143_/D (sky130_fd_sc_hd__dfxtp_1)
                                  1.37   data arrival time

                         10.00   10.00   clock clk (rise edge)
                          0.00   10.00   clock source latency
     1    0.01    0.04    0.03   10.03 ^ clk (in)
                                         clk (net)
                  0.04    0.00   10.03 ^ clkbuf_0_clk/A (sky130_fd_sc_hd__clkbuf_16)
     2    0.02    0.04    0.11   10.14 ^ clkbuf_0_clk/X (sky130_fd_sc_hd__clkbuf_16)
                                         clknet_0_clk (net)
                  0.04    0.00   10.14 ^ clkbuf_1_0__f_clk/A (sky130_fd_sc_hd__clkbuf_16)
    10    0.02    0.04    0.12   10.26 ^ clkbuf_1_0__f_clk/X (sky130_fd_sc_hd__clkbuf_16)
                                         clknet_1_0__leaf_clk (net)
                  0.04    0.00   10.26 ^ _143_/CLK (sky130_fd_sc_hd__dfxtp_1)
                         -0.25   10.01   clock uncertainty
                          0.03   10.03   clock reconvergence pessimism
                         -0.11    9.92   library setup time
                                  9.92   data required time
-----------------------------------------------------------------------------
                                  9.92   data required time
                                 -1.37   data arrival time
-----------------------------------------------------------------------------
                                  8.55   slack (MET)


Startpoint: _142_ (rising edge-triggered flip-flop clocked by clk)
Endpoint: _142_ (rising edge-triggered flip-flop clocked by clk)
Path Group: clk
Path Type: max

Fanout     Cap    Slew   Delay    Time   Description
-----------------------------------------------------------------------------
                          0.00    0.00   clock clk (rise edge)
                          0.00    0.00   clock source latency
     1    0.01    0.04    0.03    0.03 ^ clk (in)
                                         clk (net)
                  0.04    0.00    0.03 ^ clkbuf_0_clk/A (sky130_fd_sc_hd__clkbuf_16)
     2    0.02    0.04    0.13    0.16 ^ clkbuf_0_clk/X (sky130_fd_sc_hd__clkbuf_16)
                                         clknet_0_clk (net)
                  0.04    0.00    0.16 ^ clkbuf_1_0__f_clk/A (sky130_fd_sc_hd__clkbuf_16)
    10    0.02    0.04    0.13    0.28 ^ clkbuf_1_0__f_clk/X (sky130_fd_sc_hd__clkbuf_16)
                                         clknet_1_0__leaf_clk (net)
                  0.04    0.00    0.28 ^ _142_/CLK (sky130_fd_sc_hd__dfxtp_1)
     3    0.00    0.03    0.31    0.60 v _142_/Q (sky130_fd_sc_hd__dfxtp_1)
                                         display.refresh_counter[7] (net)
                  0.03    0.00    0.60 v hold4/A (sky130_fd_sc_hd__dlygate4sd3_1)
     1    0.00    0.05    0.57    1.16 v hold4/X (sky130_fd_sc_hd__dlygate4sd3_1)
                                         net47 (net)
                  0.05    0.00    1.16 v _092_/A (sky130_fd_sc_hd__nor2_1)
     1    0.00    0.07    0.10    1.26 ^ _092_/Y (sky130_fd_sc_hd__nor2_1)
                                         _047_ (net)
                  0.07    0.00    1.26 ^ _095_/A (sky130_fd_sc_hd__nor2_1)
     1    0.00    0.03    0.05    1.31 v _095_/Y (sky130_fd_sc_hd__nor2_1)
                                         _014_ (net)
                  0.03    0.00    1.31 v _142_/D (sky130_fd_sc_hd__dfxtp_1)
                                  1.31   data arrival time

                         10.00   10.00   clock clk (rise edge)
                          0.00   10.00   clock source latency
     1    0.01    0.04    0.03   10.03 ^ clk (in)
                                         clk (net)
                  0.04    0.00   10.03 ^ clkbuf_0_clk/A (sky130_fd_sc_hd__clkbuf_16)
     2    0.02    0.04    0.11   10.14 ^ clkbuf_0_clk/X (sky130_fd_sc_hd__clkbuf_16)
                                         clknet_0_clk (net)
                  0.04    0.00   10.14 ^ clkbuf_1_0__f_clk/A (sky130_fd_sc_hd__clkbuf_16)
    10    0.02    0.04    0.12   10.26 ^ clkbuf_1_0__f_clk/X (sky130_fd_sc_hd__clkbuf_16)
                                         clknet_1_0__leaf_clk (net)
                  0.04    0.00   10.26 ^ _142_/CLK (sky130_fd_sc_hd__dfxtp_1)
                         -0.25   10.01   clock uncertainty
                          0.03   10.03   clock reconvergence pessimism
                         -0.11    9.93   library setup time
                                  9.93   data required time
-----------------------------------------------------------------------------
                                  9.93   data required time
                                 -1.31   data arrival time
-----------------------------------------------------------------------------
                                  8.62   slack (MET)


Startpoint: _135_ (rising edge-triggered flip-flop clocked by clk)
Endpoint: _135_ (rising edge-triggered flip-flop clocked by clk)
Path Group: clk
Path Type: max

Fanout     Cap    Slew   Delay    Time   Description
-----------------------------------------------------------------------------
                          0.00    0.00   clock clk (rise edge)
                          0.00    0.00   clock source latency
     1    0.01    0.04    0.03    0.03 ^ clk (in)
                                         clk (net)
                  0.04    0.00    0.03 ^ clkbuf_0_clk/A (sky130_fd_sc_hd__clkbuf_16)
     2    0.02    0.04    0.13    0.16 ^ clkbuf_0_clk/X (sky130_fd_sc_hd__clkbuf_16)
                                         clknet_0_clk (net)
                  0.04    0.00    0.16 ^ clkbuf_1_1__f_clk/A (sky130_fd_sc_hd__clkbuf_16)
    10    0.02    0.04    0.13    0.28 ^ clkbuf_1_1__f_clk/X (sky130_fd_sc_hd__clkbuf_16)
                                         clknet_1_1__leaf_clk (net)
                  0.04    0.00    0.28 ^ _135_/CLK (sky130_fd_sc_hd__dfxtp_1)
     4    0.01    0.08    0.34    0.63 ^ _135_/Q (sky130_fd_sc_hd__dfxtp_1)
                                         display.refresh_counter[0] (net)
                  0.08    0.00    0.63 ^ hold1/A (sky130_fd_sc_hd__dlygate4sd3_1)
     2    0.01    0.09    0.61    1.24 ^ hold1/X (sky130_fd_sc_hd__dlygate4sd3_1)
                                         net44 (net)
                  0.09    0.00    1.24 ^ _074_/A (sky130_fd_sc_hd__inv_2)
     1    0.00    0.02    0.03    1.27 v _074_/Y (sky130_fd_sc_hd__inv_2)
                                         _000_ (net)
                  0.02    0.00    1.27 v _135_/D (sky130_fd_sc_hd__dfxtp_1)
                                  1.27   data arrival time

                         10.00   10.00   clock clk (rise edge)
                          0.00   10.00   clock source latency
     1    0.01    0.04    0.03   10.03 ^ clk (in)
                                         clk (net)
                  0.04    0.00   10.03 ^ clkbuf_0_clk/A (sky130_fd_sc_hd__clkbuf_16)
     2    0.02    0.04    0.11   10.14 ^ clkbuf_0_clk/X (sky130_fd_sc_hd__clkbuf_16)
                                         clknet_0_clk (net)
                  0.04    0.00   10.14 ^ clkbuf_1_1__f_clk/A (sky130_fd_sc_hd__clkbuf_16)
    10    0.02    0.04    0.12   10.26 ^ clkbuf_1_1__f_clk/X (sky130_fd_sc_hd__clkbuf_16)
                                         clknet_1_1__leaf_clk (net)
                  0.04    0.00   10.26 ^ _135_/CLK (sky130_fd_sc_hd__dfxtp_1)
                         -0.25   10.01   clock uncertainty
                          0.03   10.03   clock reconvergence pessimism
                         -0.10    9.93   library setup time
                                  9.93   data required time
-----------------------------------------------------------------------------
                                  9.93   data required time
                                 -1.27   data arrival time
-----------------------------------------------------------------------------
                                  8.67   slack (MET)


Startpoint: _137_ (rising edge-triggered flip-flop clocked by clk)
Endpoint: _138_ (rising edge-triggered flip-flop clocked by clk)
Path Group: clk
Path Type: max

Fanout     Cap    Slew   Delay    Time   Description
-----------------------------------------------------------------------------
                          0.00    0.00   clock clk (rise edge)
                          0.00    0.00   clock source latency
     1    0.01    0.04    0.03    0.03 ^ clk (in)
                                         clk (net)
                  0.04    0.00    0.03 ^ clkbuf_0_clk/A (sky130_fd_sc_hd__clkbuf_16)
     2    0.02    0.04    0.13    0.16 ^ clkbuf_0_clk/X (sky130_fd_sc_hd__clkbuf_16)
                                         clknet_0_clk (net)
                  0.04    0.00    0.16 ^ clkbuf_1_1__f_clk/A (sky130_fd_sc_hd__clkbuf_16)
    10    0.02    0.04    0.13    0.28 ^ clkbuf_1_1__f_clk/X (sky130_fd_sc_hd__clkbuf_16)
                                         clknet_1_1__leaf_clk (net)
                  0.04    0.00    0.28 ^ _137_/CLK (sky130_fd_sc_hd__dfxtp_1)
     4    0.01    0.08    0.35    0.63 ^ _137_/Q (sky130_fd_sc_hd__dfxtp_1)
                                         display.refresh_counter[2] (net)
                  0.08    0.00    0.63 ^ _080_/D (sky130_fd_sc_hd__and4_1)
     1    0.00    0.05    0.19    0.83 ^ _080_/X (sky130_fd_sc_hd__and4_1)
                                         _039_ (net)
                  0.05    0.00    0.83 ^ _081_/A (sky130_fd_sc_hd__clkbuf_2)
     8    0.02    0.11    0.16    0.98 ^ _081_/X (sky130_fd_sc_hd__clkbuf_2)
                                         _040_ (net)
                  0.11    0.00    0.98 ^ _083_/A_N (sky130_fd_sc_hd__and2b_1)
     1    0.00    0.03    0.19    1.17 v _083_/X (sky130_fd_sc_hd__and2b_1)
                                         _042_ (net)
                  0.03    0.00    1.17 v _084_/A (sky130_fd_sc_hd__clkbuf_1)
     1    0.00    0.02    0.08    1.25 v _084_/X (sky130_fd_sc_hd__clkbuf_1)
                                         _010_ (net)
                  0.02    0.00    1.25 v _138_/D (sky130_fd_sc_hd__dfxtp_1)
                                  1.25   data arrival time

                         10.00   10.00   clock clk (rise edge)
                          0.00   10.00   clock source latency
     1    0.01    0.04    0.03   10.03 ^ clk (in)
                                         clk (net)
                  0.04    0.00   10.03 ^ clkbuf_0_clk/A (sky130_fd_sc_hd__clkbuf_16)
     2    0.02    0.04    0.11   10.14 ^ clkbuf_0_clk/X (sky130_fd_sc_hd__clkbuf_16)
                                         clknet_0_clk (net)
                  0.04    0.00   10.14 ^ clkbuf_1_1__f_clk/A (sky130_fd_sc_hd__clkbuf_16)
    10    0.02    0.04    0.12   10.26 ^ clkbuf_1_1__f_clk/X (sky130_fd_sc_hd__clkbuf_16)
                                         clknet_1_1__leaf_clk (net)
                  0.04    0.00   10.26 ^ _138_/CLK (sky130_fd_sc_hd__dfxtp_1)
                         -0.25   10.01   clock uncertainty
                          0.03   10.03   clock reconvergence pessimism
                         -0.10    9.93   library setup time
                                  9.93   data required time
-----------------------------------------------------------------------------
                                  9.93   data required time
                                 -1.25   data arrival time
-----------------------------------------------------------------------------
                                  8.68   slack (MET)



worst slack corner Typical: 6.4142
