
63. Printing statistics.

=== TopModule ===

   Number of wires:                 90
   Number of wire bits:            130
   Number of public wires:          26
   Number of public wire bits:      66
   Number of memories:               0
   Number of memory bits:            0
   Number of processes:              0
   Number of cells:                127
     sky130_fd_sc_hd__a21bo_2        1
     sky130_fd_sc_hd__a31o_2         3
     sky130_fd_sc_hd__a41o_2         1
     sky130_fd_sc_hd__and2_2         5
     sky130_fd_sc_hd__and2b_2        4
     sky130_fd_sc_hd__and3_2         2
     sky130_fd_sc_hd__and4_2         6
     sky130_fd_sc_hd__buf_1         11
     sky130_fd_sc_hd__conb_1        39
     sky130_fd_sc_hd__dfxtp_2       20
     sky130_fd_sc_hd__inv_2          2
     sky130_fd_sc_hd__nand2_2        3
     sky130_fd_sc_hd__nand3_2        1
     sky130_fd_sc_hd__nor2_2         4
     sky130_fd_sc_hd__o21a_2         1
     sky130_fd_sc_hd__o21ai_2        1
     sky130_fd_sc_hd__or2_2          3
     sky130_fd_sc_hd__or3_2          6
     sky130_fd_sc_hd__or3b_2         1
     sky130_fd_sc_hd__or4_2          4
     sky130_fd_sc_hd__xnor2_2        4
     sky130_fd_sc_hd__xor2_2         5

   Chip area for module '\TopModule': 1141.094400

