Sun May 25 19:26:38 +0000 2025 - Executing "{openroad -exit -no_init -python /openlane/scripts/odbpy/lefutil.py get_metal_layers -o /openlane/designs/zero_to_five_counter/runs/RUN_2025.05.25_19.26.38/tmp/layers.list /home/dministrator/.volare/sky130A/libs.ref/sky130_fd_sc_hd/techlef/sky130_fd_sc_hd__nom.tlef}"

Sun May 25 19:26:39 +0000 2025 - Executing "{/openlane/scripts/mergeLef.py -o /openlane/designs/zero_to_five_counter/runs/RUN_2025.05.25_19.26.38/tmp/merged.nom.lef -i /home/dministrator/.volare/sky130A/libs.ref/sky130_fd_sc_hd/techlef/sky130_fd_sc_hd__nom.tlef {/home/dministrator/.volare/sky130A/libs.ref/sky130_fd_sc_hd/lef/sky130_ef_sc_hd.lef /home/dministrator/.volare/sky130A/libs.ref/sky130_fd_sc_hd/lef/sky130_fd_sc_hd.lef} |& tee /dev/null}"

Sun May 25 19:26:39 +0000 2025 - Executing "{/openlane/scripts/mergeLef.py -o /openlane/designs/zero_to_five_counter/runs/RUN_2025.05.25_19.26.38/tmp/merged.min.lef -i /home/dministrator/.volare/sky130A/libs.ref/sky130_fd_sc_hd/techlef/sky130_fd_sc_hd__min.tlef {/home/dministrator/.volare/sky130A/libs.ref/sky130_fd_sc_hd/lef/sky130_ef_sc_hd.lef /home/dministrator/.volare/sky130A/libs.ref/sky130_fd_sc_hd/lef/sky130_fd_sc_hd.lef} |& tee /dev/null}"

Sun May 25 19:26:39 +0000 2025 - Executing "{/openlane/scripts/mergeLef.py -o /openlane/designs/zero_to_five_counter/runs/RUN_2025.05.25_19.26.38/tmp/merged.max.lef -i /home/dministrator/.volare/sky130A/libs.ref/sky130_fd_sc_hd/techlef/sky130_fd_sc_hd__max.tlef {/home/dministrator/.volare/sky130A/libs.ref/sky130_fd_sc_hd/lef/sky130_ef_sc_hd.lef /home/dministrator/.volare/sky130A/libs.ref/sky130_fd_sc_hd/lef/sky130_fd_sc_hd.lef} |& tee /dev/null}"

Sun May 25 19:26:39 +0000 2025 - Executing "{python3 /openlane/scripts/mergeLib.py --output /openlane/designs/zero_to_five_counter/runs/RUN_2025.05.25_19.26.38/tmp/synthesis/merged.lib --name sky130A_merged /home/dministrator/.volare/sky130A/libs.ref/sky130_fd_sc_hd/lib/sky130_fd_sc_hd__tt_025C_1v80.lib}"

Sun May 25 19:26:40 +0000 2025 - Executing "{python3 /openlane/scripts/libtrim.py --cell-file /openlane/designs/zero_to_five_counter/runs/RUN_2025.05.25_19.26.38/tmp/synthesis/trimmed.lib.exclude.list --output /openlane/designs/zero_to_five_counter/runs/RUN_2025.05.25_19.26.38/tmp/synthesis/trimmed.lib /openlane/designs/zero_to_five_counter/runs/RUN_2025.05.25_19.26.38/tmp/synthesis/merged.lib}"

Sun May 25 19:26:40 +0000 2025 - Executing "{python3 /openlane/scripts/libtrim.py --cell-file /openlane/designs/zero_to_five_counter/runs/RUN_2025.05.25_19.26.38/tmp/cts/cts.lib.exclude.list --output /openlane/designs/zero_to_five_counter/runs/RUN_2025.05.25_19.26.38/tmp/cts/cts.lib /home/dministrator/.volare/sky130A/libs.ref/sky130_fd_sc_hd/lib/sky130_fd_sc_hd__tt_025C_1v80.lib}"

Sun May 25 19:26:40 +0000 2025 - Executing "{python3 /openlane/scripts/libtrim.py --cell-file /openlane/designs/zero_to_five_counter/runs/RUN_2025.05.25_19.26.38/tmp/cts/cts-fastest.lib.exclude.list --output /openlane/designs/zero_to_five_counter/runs/RUN_2025.05.25_19.26.38/tmp/cts/cts-fastest.lib /home/dministrator/.volare/sky130A/libs.ref/sky130_fd_sc_hd/lib/sky130_fd_sc_hd__ff_n40C_1v95.lib}"

Sun May 25 19:26:40 +0000 2025 - Executing "{python3 /openlane/scripts/libtrim.py --cell-file /openlane/designs/zero_to_five_counter/runs/RUN_2025.05.25_19.26.38/tmp/cts/cts-slowest.lib.exclude.list --output /openlane/designs/zero_to_five_counter/runs/RUN_2025.05.25_19.26.38/tmp/cts/cts-slowest.lib /home/dministrator/.volare/sky130A/libs.ref/sky130_fd_sc_hd/lib/sky130_fd_sc_hd__ss_100C_1v60.lib}"

Sun May 25 19:26:41 +0000 2025 - Executing "{python3 /openlane/scripts/new_tracks.py -i /home/dministrator/.volare/sky130A/libs.tech/openlane/sky130_fd_sc_hd/tracks.info -o /openlane/designs/zero_to_five_counter/runs/RUN_2025.05.25_19.26.38/tmp/routing/config.tracks}"

Sun May 25 19:26:41 +0000 2025 - Executing "{echo {OpenLane e73fb3c57e687a0023fcd4dcfd1566ecd478362a} > /openlane/designs/zero_to_five_counter/runs/RUN_2025.05.25_19.26.38/OPENLANE_COMMIT}"

Sun May 25 19:26:41 +0000 2025 - Executing "{yosys -c /openlane/scripts/yosys/blackbox.tcl}"

Sun May 25 19:26:41 +0000 2025 - Executing "{verilator -Wall --lint-only --Wno-DECLFILENAME --top-module top /openlane/designs/zero_to_five_counter/runs/RUN_2025.05.25_19.26.38/tmp/synthesis/blackbox/sky130_fd_sc_hd__blackbox.v /openlane/designs/zero_to_five_counter/src/top.v -Wno-fatal --relative-includes |& tee /openlane/designs/zero_to_five_counter/runs/RUN_2025.05.25_19.26.38/logs/synthesis/linter.log /dev/null}"

Sun May 25 19:26:41 +0000 2025 - Executing "{sed -E {s/^([[:space:]]+)pg_pin(.*)/\1pin\2\n\1    direction : "inout";/g} /home/dministrator/.volare/sky130A/libs.ref/sky130_fd_sc_hd/lib/sky130_fd_sc_hd__tt_025C_1v80.lib > /openlane/designs/zero_to_five_counter/runs/RUN_2025.05.25_19.26.38/tmp/synthesis/1-sky130_fd_sc_hd__tt_025C_1v80.no_pg.lib}"

Sun May 25 19:26:41 +0000 2025 - Executing "{sed -E {s/^([[:space:]]+)pg_pin(.*)/\1pin\2\n\1    direction : "inout";/g} /openlane/designs/zero_to_five_counter/runs/RUN_2025.05.25_19.26.38/tmp/synthesis/trimmed.lib > /openlane/designs/zero_to_five_counter/runs/RUN_2025.05.25_19.26.38/tmp/synthesis/1-trimmed.no_pg.lib}"

Sun May 25 19:26:41 +0000 2025 - Executing "yosys -c /openlane/scripts/yosys/synth.tcl |& tee /dev/null /openlane/designs/zero_to_five_counter/runs/RUN_2025.05.25_19.26.38/logs/synthesis/1-synthesis.log"

Sun May 25 19:26:41 +0000 2025 - Executing "{yosys -c /openlane/scripts/yosys/synth.tcl |& tee /dev/null /openlane/designs/zero_to_five_counter/runs/RUN_2025.05.25_19.26.38/logs/synthesis/1-synthesis.log}"

Sun May 25 19:26:42 +0000 2025 - Executing "{sed -i.bak -e {s/\(set ::env(CURRENT_NETLIST)\).*/\1 \/openlane\/designs\/zero_to_five_counter\/runs\/RUN_2025.05.25_19.26.38\/results\/synthesis\/top.v/} /openlane/designs/zero_to_five_counter/runs/RUN_2025.05.25_19.26.38/config.tcl}"

Sun May 25 19:26:42 +0000 2025 - Executing "{sed -i.bak /defparam/d /openlane/designs/zero_to_five_counter/runs/RUN_2025.05.25_19.26.38/results/synthesis/top.v}"

Sun May 25 19:26:42 +0000 2025 - Executing "sta -exit -no_init /openlane/scripts/openroad/sta/multi_corner.tcl |& tee /dev/null /openlane/designs/zero_to_five_counter/runs/RUN_2025.05.25_19.26.38/logs/synthesis/2-sta.log"

Sun May 25 19:26:42 +0000 2025 - Executing "{sta -exit -no_init /openlane/scripts/openroad/sta/multi_corner.tcl |& tee /dev/null /openlane/designs/zero_to_five_counter/runs/RUN_2025.05.25_19.26.38/logs/synthesis/2-sta.log}"

Sun May 25 19:26:43 +0000 2025 - Executing "openroad -exit /openlane/scripts/openroad/floorplan.tcl |& tee /dev/null /openlane/designs/zero_to_five_counter/runs/RUN_2025.05.25_19.26.38/logs/floorplan/3-initial_fp.log"

Sun May 25 19:26:43 +0000 2025 - Executing "{openroad -exit /openlane/scripts/openroad/floorplan.tcl |& tee /dev/null /openlane/designs/zero_to_five_counter/runs/RUN_2025.05.25_19.26.38/logs/floorplan/3-initial_fp.log}"

Sun May 25 19:26:43 +0000 2025 - Executing "{openroad -exit -no_init -python /openlane/scripts/odbpy/snap_to_grid.py --output /openlane/designs/zero_to_five_counter/runs/RUN_2025.05.25_19.26.38/tmp/floorplan/3-minimized_pdn.txt --input-lef /openlane/designs/zero_to_five_counter/runs/RUN_2025.05.25_19.26.38/tmp/merged.nom.lef 3.3350000000000004 3.0599999999999996 6.670000000000001 6.119999999999999}"

Sun May 25 19:26:44 +0000 2025 - Executing "{openroad -exit -no_init -python /openlane/scripts/odbpy/defutil.py extract_core_dims --output-data /openlane/designs/zero_to_five_counter/runs/RUN_2025.05.25_19.26.38/tmp/dimensions.txt --input-lef /openlane/designs/zero_to_five_counter/runs/RUN_2025.05.25_19.26.38/tmp/merged.nom.lef /openlane/designs/zero_to_five_counter/runs/RUN_2025.05.25_19.26.38/tmp/floorplan/3-initial_fp.def}"

Sun May 25 19:26:44 +0000 2025 - Executing "openroad -exit /openlane/scripts/openroad/ioplacer.tcl |& tee /dev/null /openlane/designs/zero_to_five_counter/runs/RUN_2025.05.25_19.26.38/logs/floorplan/4-io.log"

Sun May 25 19:26:44 +0000 2025 - Executing "{openroad -exit /openlane/scripts/openroad/ioplacer.tcl |& tee /dev/null /openlane/designs/zero_to_five_counter/runs/RUN_2025.05.25_19.26.38/logs/floorplan/4-io.log}"

Sun May 25 19:26:45 +0000 2025 - Executing "openroad -exit /openlane/scripts/openroad/tapcell.tcl |& tee /dev/null /openlane/designs/zero_to_five_counter/runs/RUN_2025.05.25_19.26.38/logs/floorplan/5-tap.log"

Sun May 25 19:26:45 +0000 2025 - Executing "{openroad -exit /openlane/scripts/openroad/tapcell.tcl |& tee /dev/null /openlane/designs/zero_to_five_counter/runs/RUN_2025.05.25_19.26.38/logs/floorplan/5-tap.log}"

Sun May 25 19:26:45 +0000 2025 - Executing "openroad -exit /openlane/scripts/openroad/pdn.tcl |& tee /dev/null /openlane/designs/zero_to_five_counter/runs/RUN_2025.05.25_19.26.38/logs/floorplan/6-pdn.log"

Sun May 25 19:26:45 +0000 2025 - Executing "{openroad -exit /openlane/scripts/openroad/pdn.tcl |& tee /dev/null /openlane/designs/zero_to_five_counter/runs/RUN_2025.05.25_19.26.38/logs/floorplan/6-pdn.log}"

Sun May 25 19:26:46 +0000 2025 - Executing "{python3 /openlane/scripts/write_runtime.py --conclude --seconds --time-in 1748201206 {flow failed}}"

Sun May 25 19:26:46 +0000 2025 - Executing "{python3 /openlane/scripts/generate_reports.py -d /openlane/designs/zero_to_five_counter --design_name top --tag RUN_2025.05.25_19.26.38 --output_file /openlane/designs/zero_to_five_counter/runs/RUN_2025.05.25_19.26.38/reports/metrics.csv --man_report /openlane/designs/zero_to_five_counter/runs/RUN_2025.05.25_19.26.38/reports/manufacturability.rpt --run_path /openlane/designs/zero_to_five_counter/runs/RUN_2025.05.25_19.26.38}"

