[ERROR]: during executing openroad script /openlane/scripts/openroad/pdn.tcl
[ERROR]: Log: designs/zero_to_five_counter/runs/RUN_2025.05.25_19.26.38/logs/floorplan/6-pdn.log
[ERROR]: Last 10 lines:
Reading design constraints file at '/openlane/scripts/base.sdc'…
[INFO]: Setting output delay to: 2.0
[INFO]: Setting input delay to: 2.0
[INFO]: Setting load to: 0.033442
[INFO]: Setting clock uncertainty to: 0.25
[INFO]: Setting clock transition to: 0.15
[INFO]: Setting timing derate to: 5.0 %
[ERROR PDN-0175] Pitch 6.1150 is too small for, must be atleast 6.6000
Error: pdn_cfg.tcl, 88 PDN-0175
child process exited abnormally

[ERROR]: Creating issue reproducible...
[ERROR]: Step 6 (floorplan) failed with error:
-code 1 -level 0 -errorstack {INNER {invokeStk1 throw_error} CALL {run_tcl_script -tool openroad -no_consume /openlane/scripts/openroad/pdn.tcl -indexed_log /openlane/designs/zero_to_five_counter/runs/RUN_2025.05.25_19.26.38/logs/floorplan/6-pdn.log -save to=/openlane/designs/zero_to_five_counter/runs/RUN_2025.05.25_19.26.38/results/floorplan,noindex,def,odb} CALL {run_openroad_script /openlane/scripts/openroad/pdn.tcl -indexed_log /openlane/designs/zero_to_five_counter/runs/RUN_2025.05.25_19.26.38/logs/floorplan/6-pdn.log -save to=/openlane/designs/zero_to_five_counter/runs/RUN_2025.05.25_19.26.38/results/floorplan,noindex,def,odb} CALL gen_pdn CALL run_power_grid_generation CALL run_floorplan CALL {run_non_interactive_mode -design zero_to_five_counter}} -errorcode NONE -errorinfo {
    while executing
"throw_error"
    (procedure "run_tcl_script" line 219)
    invoked from within
"run_tcl_script -tool openroad -no_consume {*}$args"
    (procedure "run_openroad_script" line 2)
    invoked from within
"run_openroad_script $::env(SCRIPTS_DIR)/openroad/pdn.tcl  -indexed_log [index_file $::env(floorplan_logs)/pdn.log]  -save "to=$::env(floorplan_results..."
    (procedure "gen_pdn" line 15)
    invoked from within
"gen_pdn"
    (procedure "run_power_grid_generation" line 65)
    invoked from within
"run_power_grid_generation"
    (procedure "run_floorplan" line 56)
    invoked from within
"run_floorplan"} -errorline 1
[ERROR]: Failed to create manufacturability and metric reports:
[ERROR]: Traceback (most recent call last):
  File "/openlane/scripts/generate_reports.py", line 184, in <module>
    cli()
  File "/nix/store/8ywrzlq8yyqrif2sfvbgg8vsxhj80ry7-python3-3.11.9-env/lib/python3.11/site-packages/click/core.py", line 1157, in __call__
    return self.main(*args, **kwargs)
           ^^^^^^^^^^^^^^^^^^^^^^^^^^
  File "/nix/store/8ywrzlq8yyqrif2sfvbgg8vsxhj80ry7-python3-3.11.9-env/lib/python3.11/site-packages/click/core.py", line 1078, in main
    rv = self.invoke(ctx)
         ^^^^^^^^^^^^^^^^
  File "/nix/store/8ywrzlq8yyqrif2sfvbgg8vsxhj80ry7-python3-3.11.9-env/lib/python3.11/site-packages/click/core.py", line 1434, in invoke
    return ctx.invoke(self.callback, **ctx.params)
           ^^^^^^^^^^^^^^^^^^^^^^^^^^^^^^^^^^^^^^^
  File "/nix/store/8ywrzlq8yyqrif2sfvbgg8vsxhj80ry7-python3-3.11.9-env/lib/python3.11/site-packages/click/core.py", line 783, in invoke
    return __callback(*args, **kwargs)
           ^^^^^^^^^^^^^^^^^^^^^^^^^^^
  File "/openlane/scripts/generate_reports.py", line 51, in cli
    report = Report(design, tag, design_name, params, run_path).get_report()
             ^^^^^^^^^^^^^^^^^^^^^^^^^^^^^^^^^^^^^^^^^^^^^^^^^^^^^^^^^^^^^^^
  File "/openlane/scripts/report/report.py", line 809, in get_report
    *self.extract_all_values(),
     ^^^^^^^^^^^^^^^^^^^^^^^^^
  File "/openlane/scripts/report/report.py", line 359, in extract_all_values
    power_report = Artifact(
                   ^^^^^^^^^
  File "/openlane/scripts/report/report.py", line 62, in __init__
    self.pathname = matches[0]
                    ~~~~~~~^^^
IndexError: list index out of range
[ERROR]: Flow failed.
