[INFO]: Run Directory: /openlane/designs/zero_to_five_counter/runs/RUN_2025.05.25_19.26.38
[INFO]: Saving runtime environment...
[INFO]: Preparing LEF files for the nom corner...
[INFO]: Preparing LEF files for the min corner...
[INFO]: Preparing LEF files for the max corner...
[WARNING]: PNR_SDC_FILE is not set. It is recommended to write a custom SDC file for the design. Defaulting to BASE_SDC_FILE
[WARNING]: SIGNOFF_SDC_FILE is not set. It is recommended to write a custom SDC file for the design. Defaulting to BASE_SDC_FILE
[INFO]: Running linter (Verilator) (log: designs/zero_to_five_counter/runs/RUN_2025.05.25_19.26.38/logs/synthesis/linter.log)...
[INFO]: 0 errors found by linter
[INFO]: 0 warnings found by linter
[INFO]: Running Synthesis (log: designs/zero_to_five_counter/runs/RUN_2025.05.25_19.26.38/logs/synthesis/1-synthesis.log)...
[INFO]: Running Single-Corner Static Timing Analysis (log: designs/zero_to_five_counter/runs/RUN_2025.05.25_19.26.38/logs/synthesis/2-sta.log)...
[INFO]: Running Initial Floorplanning (log: designs/zero_to_five_counter/runs/RUN_2025.05.25_19.26.38/logs/floorplan/3-initial_fp.log)...
[WARNING]: Current core area is too small for the power grid settings chosen. The power grid was scaled down to an offset of 1/8 the core width and height and a pitch of 1/4 the core width and height.
[INFO]: Floorplanned with width 26.68 and height 24.48.
[INFO]: Running IO Placement (log: designs/zero_to_five_counter/runs/RUN_2025.05.25_19.26.38/logs/floorplan/4-io.log)...
[INFO]: Running Tap/Decap Insertion (log: designs/zero_to_five_counter/runs/RUN_2025.05.25_19.26.38/logs/floorplan/5-tap.log)...
[INFO]: Power planning with power {VPWR} and ground {VGND}...
[INFO]: Generating PDN (log: designs/zero_to_five_counter/runs/RUN_2025.05.25_19.26.38/logs/floorplan/6-pdn.log)...
[ERROR]: during executing openroad script /openlane/scripts/openroad/pdn.tcl
[ERROR]: Log: designs/zero_to_five_counter/runs/RUN_2025.05.25_19.26.38/logs/floorplan/6-pdn.log
[ERROR]: Last 10 lines:
Reading design constraints file at '/openlane/scripts/base.sdc'…
[INFO]: Setting output delay to: 2.0
[INFO]: Setting input delay to: 2.0
[INFO]: Setting load to: 0.033442
[INFO]: Setting clock uncertainty to: 0.25
[INFO]: Setting clock transition to: 0.15
[INFO]: Setting timing derate to: 5.0 %
[ERROR PDN-0175] Pitch 6.1150 is too small for, must be atleast 6.6000
Error: pdn_cfg.tcl, 88 PDN-0175
child process exited abnormally

[ERROR]: Creating issue reproducible...
[INFO]: Saving runtime environment...
[INFO]: Reproducible packaged: Please tarball and upload 'designs/zero_to_five_counter/runs/RUN_2025.05.25_19.26.38/issue_reproducible' if you're going to submit an issue.
[ERROR]: Step 6 (floorplan) failed with error:
-code 1 -level 0 -errorstack {INNER {invokeStk1 throw_error} CALL {run_tcl_script -tool openroad -no_consume /openlane/scripts/openroad/pdn.tcl -indexed_log /openlane/designs/zero_to_five_counter/runs/RUN_2025.05.25_19.26.38/logs/floorplan/6-pdn.log -save to=/openlane/designs/zero_to_five_counter/runs/RUN_2025.05.25_19.26.38/results/floorplan,noindex,def,odb} CALL {run_openroad_script /openlane/scripts/openroad/pdn.tcl -indexed_log /openlane/designs/zero_to_five_counter/runs/RUN_2025.05.25_19.26.38/logs/floorplan/6-pdn.log -save to=/openlane/designs/zero_to_five_counter/runs/RUN_2025.05.25_19.26.38/results/floorplan,noindex,def,odb} CALL gen_pdn CALL run_power_grid_generation CALL run_floorplan CALL {run_non_interactive_mode -design zero_to_five_counter}} -errorcode NONE -errorinfo {
    while executing
"throw_error"
    (procedure "run_tcl_script" line 219)
    invoked from within
"run_tcl_script -tool openroad -no_consume {*}$args"
    (procedure "run_openroad_script" line 2)
    invoked from within
"run_openroad_script $::env(SCRIPTS_DIR)/openroad/pdn.tcl  -indexed_log [index_file $::env(floorplan_logs)/pdn.log]  -save "to=$::env(floorplan_results..."
    (procedure "gen_pdn" line 15)
    invoked from within
"gen_pdn"
    (procedure "run_power_grid_generation" line 65)
    invoked from within
"run_power_grid_generation"
    (procedure "run_floorplan" line 56)
    invoked from within
"run_floorplan"} -errorline 1
[INFO]: Saving current set of views in 'designs/zero_to_five_counter/runs/RUN_2025.05.25_19.26.38/results/final'...
[INFO]: Generating final set of reports...
[ERROR]: Failed to create manufacturability and metric reports:
[ERROR]: Traceback (most recent call last):
  File "/openlane/scripts/generate_reports.py", line 184, in <module>
    cli()
  File "/nix/store/8ywrzlq8yyqrif2sfvbgg8vsxhj80ry7-python3-3.11.9-env/lib/python3.11/site-packages/click/core.py", line 1157, in __call__
    return self.main(*args, **kwargs)
           ^^^^^^^^^^^^^^^^^^^^^^^^^^
  File "/nix/store/8ywrzlq8yyqrif2sfvbgg8vsxhj80ry7-python3-3.11.9-env/lib/python3.11/site-packages/click/core.py", line 1078, in main
    rv = self.invoke(ctx)
         ^^^^^^^^^^^^^^^^
  File "/nix/store/8ywrzlq8yyqrif2sfvbgg8vsxhj80ry7-python3-3.11.9-env/lib/python3.11/site-packages/click/core.py", line 1434, in invoke
    return ctx.invoke(self.callback, **ctx.params)
           ^^^^^^^^^^^^^^^^^^^^^^^^^^^^^^^^^^^^^^^
  File "/nix/store/8ywrzlq8yyqrif2sfvbgg8vsxhj80ry7-python3-3.11.9-env/lib/python3.11/site-packages/click/core.py", line 783, in invoke
    return __callback(*args, **kwargs)
           ^^^^^^^^^^^^^^^^^^^^^^^^^^^
  File "/openlane/scripts/generate_reports.py", line 51, in cli
    report = Report(design, tag, design_name, params, run_path).get_report()
             ^^^^^^^^^^^^^^^^^^^^^^^^^^^^^^^^^^^^^^^^^^^^^^^^^^^^^^^^^^^^^^^
  File "/openlane/scripts/report/report.py", line 809, in get_report
    *self.extract_all_values(),
     ^^^^^^^^^^^^^^^^^^^^^^^^^
  File "/openlane/scripts/report/report.py", line 359, in extract_all_values
    power_report = Artifact(
                   ^^^^^^^^^
  File "/openlane/scripts/report/report.py", line 62, in __init__
    self.pathname = matches[0]
                    ~~~~~~~^^^
IndexError: list index out of range
[INFO]: Saving runtime environment...
[ERROR]: Flow failed.
[INFO]: The failure may have been because of the following warnings:
