
===========================================================================
report_checks -path_delay max (Setup)
============================================================================
======================= Typical Corner ===================================

Startpoint: _132_ (rising edge-triggered flip-flop clocked by clk)
Endpoint: an[1] (output port clocked by clk)
Path Group: clk
Path Type: max

Fanout     Cap    Slew   Delay    Time   Description
-----------------------------------------------------------------------------
                  0.15    0.00    0.00   clock clk (rise edge)
                          0.00    0.00   clock network delay (ideal)
                  0.15    0.00    0.00 ^ _132_/CLK (sky130_fd_sc_hd__dfxtp_2)
     4    0.01    0.07    0.40    0.40 ^ _132_/Q (sky130_fd_sc_hd__dfxtp_2)
                                         display.digit_select[0] (net)
                  0.07    0.00    0.40 ^ _066_/A (sky130_fd_sc_hd__inv_2)
     4    0.01    0.03    0.05    0.45 v _066_/Y (sky130_fd_sc_hd__inv_2)
                                         _031_ (net)
                  0.03    0.00    0.45 v _067_/A (sky130_fd_sc_hd__or3_2)
     1    0.00    0.07    0.48    0.92 v _067_/X (sky130_fd_sc_hd__or3_2)
                                         _032_ (net)
                  0.07    0.00    0.92 v _068_/A (sky130_fd_sc_hd__buf_1)
     1    0.03    0.20    0.25    1.17 v _068_/X (sky130_fd_sc_hd__buf_1)
                                         an[1] (net)
                  0.20    0.00    1.17 v an[1] (out)
                                  1.17   data arrival time

                  0.15   10.00   10.00   clock clk (rise edge)
                          0.00   10.00   clock network delay (ideal)
                         -0.25    9.75   clock uncertainty
                          0.00    9.75   clock reconvergence pessimism
                         -2.00    7.75   output external delay
                                  7.75   data required time
-----------------------------------------------------------------------------
                                  7.75   data required time
                                 -1.17   data arrival time
-----------------------------------------------------------------------------
                                  6.58   slack (MET)


Startpoint: _132_ (rising edge-triggered flip-flop clocked by clk)
Endpoint: an[0] (output port clocked by clk)
Path Group: clk
Path Type: max

Fanout     Cap    Slew   Delay    Time   Description
-----------------------------------------------------------------------------
                  0.15    0.00    0.00   clock clk (rise edge)
                          0.00    0.00   clock network delay (ideal)
                  0.15    0.00    0.00 ^ _132_/CLK (sky130_fd_sc_hd__dfxtp_2)
     4    0.01    0.04    0.38    0.38 v _132_/Q (sky130_fd_sc_hd__dfxtp_2)
                                         display.digit_select[0] (net)
                  0.04    0.00    0.38 v _064_/A (sky130_fd_sc_hd__or3_2)
     1    0.00    0.07    0.48    0.86 v _064_/X (sky130_fd_sc_hd__or3_2)
                                         _030_ (net)
                  0.07    0.00    0.86 v _065_/A (sky130_fd_sc_hd__buf_1)
     1    0.03    0.20    0.25    1.11 v _065_/X (sky130_fd_sc_hd__buf_1)
                                         an[0] (net)
                  0.20    0.00    1.11 v an[0] (out)
                                  1.11   data arrival time

                  0.15   10.00   10.00   clock clk (rise edge)
                          0.00   10.00   clock network delay (ideal)
                         -0.25    9.75   clock uncertainty
                          0.00    9.75   clock reconvergence pessimism
                         -2.00    7.75   output external delay
                                  7.75   data required time
-----------------------------------------------------------------------------
                                  7.75   data required time
                                 -1.11   data arrival time
-----------------------------------------------------------------------------
                                  6.64   slack (MET)


Startpoint: _133_ (rising edge-triggered flip-flop clocked by clk)
Endpoint: an[2] (output port clocked by clk)
Path Group: clk
Path Type: max

Fanout     Cap    Slew   Delay    Time   Description
-----------------------------------------------------------------------------
                  0.15    0.00    0.00   clock clk (rise edge)
                          0.00    0.00   clock network delay (ideal)
                  0.15    0.00    0.00 ^ _133_/CLK (sky130_fd_sc_hd__dfxtp_2)
     6    0.01    0.08    0.40    0.40 ^ _133_/Q (sky130_fd_sc_hd__dfxtp_2)
                                         display.digit_select[1] (net)
                  0.08    0.00    0.40 ^ _069_/C_N (sky130_fd_sc_hd__or3b_2)
     1    0.00    0.07    0.45    0.86 v _069_/X (sky130_fd_sc_hd__or3b_2)
                                         _033_ (net)
                  0.07    0.00    0.86 v _070_/A (sky130_fd_sc_hd__buf_1)
     1    0.03    0.20    0.25    1.11 v _070_/X (sky130_fd_sc_hd__buf_1)
                                         an[2] (net)
                  0.20    0.00    1.11 v an[2] (out)
                                  1.11   data arrival time

                  0.15   10.00   10.00   clock clk (rise edge)
                          0.00   10.00   clock network delay (ideal)
                         -0.25    9.75   clock uncertainty
                          0.00    9.75   clock reconvergence pessimism
                         -2.00    7.75   output external delay
                                  7.75   data required time
-----------------------------------------------------------------------------
                                  7.75   data required time
                                 -1.11   data arrival time
-----------------------------------------------------------------------------
                                  6.64   slack (MET)


Startpoint: _133_ (rising edge-triggered flip-flop clocked by clk)
Endpoint: an[3] (output port clocked by clk)
Path Group: clk
Path Type: max

Fanout     Cap    Slew   Delay    Time   Description
-----------------------------------------------------------------------------
                  0.15    0.00    0.00   clock clk (rise edge)
                          0.00    0.00   clock network delay (ideal)
                  0.15    0.00    0.00 ^ _133_/CLK (sky130_fd_sc_hd__dfxtp_2)
     6    0.01    0.08    0.40    0.40 ^ _133_/Q (sky130_fd_sc_hd__dfxtp_2)
                                         display.digit_select[1] (net)
                  0.08    0.00    0.40 ^ _071_/B (sky130_fd_sc_hd__nand2_2)
     2    0.00    0.03    0.06    0.46 v _071_/Y (sky130_fd_sc_hd__nand2_2)
                                         _034_ (net)
                  0.03    0.00    0.46 v _072_/B (sky130_fd_sc_hd__or2_2)
     1    0.00    0.05    0.27    0.73 v _072_/X (sky130_fd_sc_hd__or2_2)
                                         _035_ (net)
                  0.05    0.00    0.73 v _073_/A (sky130_fd_sc_hd__buf_1)
     1    0.03    0.20    0.24    0.97 v _073_/X (sky130_fd_sc_hd__buf_1)
                                         an[3] (net)
                  0.20    0.00    0.97 v an[3] (out)
                                  0.97   data arrival time

                  0.15   10.00   10.00   clock clk (rise edge)
                          0.00   10.00   clock network delay (ideal)
                         -0.25    9.75   clock uncertainty
                          0.00    9.75   clock reconvergence pessimism
                         -2.00    7.75   output external delay
                                  7.75   data required time
-----------------------------------------------------------------------------
                                  7.75   data required time
                                 -0.97   data arrival time
-----------------------------------------------------------------------------
                                  6.78   slack (MET)


Startpoint: _146_ (rising edge-triggered flip-flop clocked by clk)
Endpoint: _133_ (rising edge-triggered flip-flop clocked by clk)
Path Group: clk
Path Type: max

Fanout     Cap    Slew   Delay    Time   Description
-----------------------------------------------------------------------------
                  0.15    0.00    0.00   clock clk (rise edge)
                          0.00    0.00   clock network delay (ideal)
                  0.15    0.00    0.00 ^ _146_/CLK (sky130_fd_sc_hd__dfxtp_2)
     3    0.01    0.04    0.38    0.38 v _146_/Q (sky130_fd_sc_hd__dfxtp_2)
                                         display.refresh_counter[11] (net)
                  0.04    0.00    0.38 v _121_/A (sky130_fd_sc_hd__or4_2)
     1    0.00    0.09    0.67    1.06 v _121_/X (sky130_fd_sc_hd__or4_2)
                                         _022_ (net)
                  0.09    0.00    1.06 v _123_/B (sky130_fd_sc_hd__or3_2)
     4    0.01    0.10    0.52    1.58 v _123_/X (sky130_fd_sc_hd__or3_2)
                                         _024_ (net)
                  0.10    0.00    1.58 v _128_/D (sky130_fd_sc_hd__or4_2)
     1    0.00    0.09    0.56    2.13 v _128_/X (sky130_fd_sc_hd__or4_2)
                                         _028_ (net)
                  0.09    0.00    2.13 v _129_/B1_N (sky130_fd_sc_hd__a21bo_2)
     1    0.00    0.03    0.21    2.34 ^ _129_/X (sky130_fd_sc_hd__a21bo_2)
                                         _018_ (net)
                  0.03    0.00    2.34 ^ _133_/D (sky130_fd_sc_hd__dfxtp_2)
                                  2.34   data arrival time

                  0.15   10.00   10.00   clock clk (rise edge)
                          0.00   10.00   clock network delay (ideal)
                         -0.25    9.75   clock uncertainty
                          0.00    9.75   clock reconvergence pessimism
                                  9.75 ^ _133_/CLK (sky130_fd_sc_hd__dfxtp_2)
                         -0.04    9.71   library setup time
                                  9.71   data required time
-----------------------------------------------------------------------------
                                  9.71   data required time
                                 -2.34   data arrival time
-----------------------------------------------------------------------------
                                  7.37   slack (MET)


Startpoint: _146_ (rising edge-triggered flip-flop clocked by clk)
Endpoint: _132_ (rising edge-triggered flip-flop clocked by clk)
Path Group: clk
Path Type: max

Fanout     Cap    Slew   Delay    Time   Description
-----------------------------------------------------------------------------
                  0.15    0.00    0.00   clock clk (rise edge)
                          0.00    0.00   clock network delay (ideal)
                  0.15    0.00    0.00 ^ _146_/CLK (sky130_fd_sc_hd__dfxtp_2)
     3    0.01    0.04    0.38    0.38 v _146_/Q (sky130_fd_sc_hd__dfxtp_2)
                                         display.refresh_counter[11] (net)
                  0.04    0.00    0.38 v _121_/A (sky130_fd_sc_hd__or4_2)
     1    0.00    0.09    0.67    1.06 v _121_/X (sky130_fd_sc_hd__or4_2)
                                         _022_ (net)
                  0.09    0.00    1.06 v _123_/B (sky130_fd_sc_hd__or3_2)
     4    0.01    0.10    0.52    1.58 v _123_/X (sky130_fd_sc_hd__or3_2)
                                         _024_ (net)
                  0.10    0.00    1.58 v _124_/C (sky130_fd_sc_hd__or3_2)
     2    0.00    0.08    0.45    2.02 v _124_/X (sky130_fd_sc_hd__or3_2)
                                         _025_ (net)
                  0.08    0.00    2.02 v _126_/A (sky130_fd_sc_hd__and2_2)
     1    0.00    0.04    0.18    2.21 v _126_/X (sky130_fd_sc_hd__and2_2)
                                         _027_ (net)
                  0.04    0.00    2.21 v _127_/A (sky130_fd_sc_hd__buf_1)
     1    0.00    0.02    0.08    2.29 v _127_/X (sky130_fd_sc_hd__buf_1)
                                         _017_ (net)
                  0.02    0.00    2.29 v _132_/D (sky130_fd_sc_hd__dfxtp_2)
                                  2.29   data arrival time

                  0.15   10.00   10.00   clock clk (rise edge)
                          0.00   10.00   clock network delay (ideal)
                         -0.25    9.75   clock uncertainty
                          0.00    9.75   clock reconvergence pessimism
                                  9.75 ^ _132_/CLK (sky130_fd_sc_hd__dfxtp_2)
                         -0.08    9.67   library setup time
                                  9.67   data required time
-----------------------------------------------------------------------------
                                  9.67   data required time
                                 -2.29   data arrival time
-----------------------------------------------------------------------------
                                  7.38   slack (MET)


Startpoint: _146_ (rising edge-triggered flip-flop clocked by clk)
Endpoint: _134_ (rising edge-triggered flip-flop clocked by clk)
Path Group: clk
Path Type: max

Fanout     Cap    Slew   Delay    Time   Description
-----------------------------------------------------------------------------
                  0.15    0.00    0.00   clock clk (rise edge)
                          0.00    0.00   clock network delay (ideal)
                  0.15    0.00    0.00 ^ _146_/CLK (sky130_fd_sc_hd__dfxtp_2)
     3    0.01    0.04    0.38    0.38 v _146_/Q (sky130_fd_sc_hd__dfxtp_2)
                                         display.refresh_counter[11] (net)
                  0.04    0.00    0.38 v _121_/A (sky130_fd_sc_hd__or4_2)
     1    0.00    0.09    0.67    1.06 v _121_/X (sky130_fd_sc_hd__or4_2)
                                         _022_ (net)
                  0.09    0.00    1.06 v _123_/B (sky130_fd_sc_hd__or3_2)
     4    0.01    0.10    0.52    1.58 v _123_/X (sky130_fd_sc_hd__or3_2)
                                         _024_ (net)
                  0.10    0.00    1.58 v _130_/C (sky130_fd_sc_hd__or3_2)
     1    0.01    0.09    0.48    2.05 v _130_/X (sky130_fd_sc_hd__or3_2)
                                         _029_ (net)
                  0.09    0.00    2.05 v _131_/B (sky130_fd_sc_hd__xnor2_2)
     1    0.00    0.04    0.14    2.20 v _131_/Y (sky130_fd_sc_hd__xnor2_2)
                                         _019_ (net)
                  0.04    0.00    2.20 v _134_/D (sky130_fd_sc_hd__dfxtp_2)
                                  2.20   data arrival time

                  0.15   10.00   10.00   clock clk (rise edge)
                          0.00   10.00   clock network delay (ideal)
                         -0.25    9.75   clock uncertainty
                          0.00    9.75   clock reconvergence pessimism
                                  9.75 ^ _134_/CLK (sky130_fd_sc_hd__dfxtp_2)
                         -0.09    9.66   library setup time
                                  9.66   data required time
-----------------------------------------------------------------------------
                                  9.66   data required time
                                 -2.20   data arrival time
-----------------------------------------------------------------------------
                                  7.47   slack (MET)


Startpoint: _137_ (rising edge-triggered flip-flop clocked by clk)
Endpoint: _150_ (rising edge-triggered flip-flop clocked by clk)
Path Group: clk
Path Type: max

Fanout     Cap    Slew   Delay    Time   Description
-----------------------------------------------------------------------------
                  0.15    0.00    0.00   clock clk (rise edge)
                          0.00    0.00   clock network delay (ideal)
                  0.15    0.00    0.00 ^ _137_/CLK (sky130_fd_sc_hd__dfxtp_2)
     4    0.02    0.09    0.41    0.41 ^ _137_/Q (sky130_fd_sc_hd__dfxtp_2)
                                         display.refresh_counter[2] (net)
                  0.09    0.00    0.41 ^ _080_/D (sky130_fd_sc_hd__and4_2)
     1    0.00    0.05    0.23    0.64 ^ _080_/X (sky130_fd_sc_hd__and4_2)
                                         _039_ (net)
                  0.05    0.00    0.64 ^ _081_/A (sky130_fd_sc_hd__buf_1)
     8    0.03    0.33    0.29    0.93 ^ _081_/X (sky130_fd_sc_hd__buf_1)
                                         _040_ (net)
                  0.33    0.00    0.93 ^ _105_/A (sky130_fd_sc_hd__and3_2)
     5    0.02    0.11    0.32    1.25 ^ _105_/X (sky130_fd_sc_hd__and3_2)
                                         _055_ (net)
                  0.11    0.00    1.25 ^ _113_/C (sky130_fd_sc_hd__and4_2)
     2    0.01    0.09    0.28    1.53 ^ _113_/X (sky130_fd_sc_hd__and4_2)
                                         _060_ (net)
                  0.09    0.00    1.53 ^ _115_/A_N (sky130_fd_sc_hd__and2b_2)
     1    0.00    0.03    0.22    1.75 v _115_/X (sky130_fd_sc_hd__and2b_2)
                                         _062_ (net)
                  0.03    0.00    1.75 v _116_/A (sky130_fd_sc_hd__buf_1)
     1    0.00    0.02    0.08    1.83 v _116_/X (sky130_fd_sc_hd__buf_1)
                                         _006_ (net)
                  0.02    0.00    1.83 v _150_/D (sky130_fd_sc_hd__dfxtp_2)
                                  1.83   data arrival time

                  0.15   10.00   10.00   clock clk (rise edge)
                          0.00   10.00   clock network delay (ideal)
                         -0.25    9.75   clock uncertainty
                          0.00    9.75   clock reconvergence pessimism
                                  9.75 ^ _150_/CLK (sky130_fd_sc_hd__dfxtp_2)
                         -0.08    9.67   library setup time
                                  9.67   data required time
-----------------------------------------------------------------------------
                                  9.67   data required time
                                 -1.83   data arrival time
-----------------------------------------------------------------------------
                                  7.84   slack (MET)


Startpoint: _137_ (rising edge-triggered flip-flop clocked by clk)
Endpoint: _144_ (rising edge-triggered flip-flop clocked by clk)
Path Group: clk
Path Type: max

Fanout     Cap    Slew   Delay    Time   Description
-----------------------------------------------------------------------------
                  0.15    0.00    0.00   clock clk (rise edge)
                          0.00    0.00   clock network delay (ideal)
                  0.15    0.00    0.00 ^ _137_/CLK (sky130_fd_sc_hd__dfxtp_2)
     4    0.02    0.09    0.41    0.41 ^ _137_/Q (sky130_fd_sc_hd__dfxtp_2)
                                         display.refresh_counter[2] (net)
                  0.09    0.00    0.41 ^ _080_/D (sky130_fd_sc_hd__and4_2)
     1    0.00    0.05    0.23    0.64 ^ _080_/X (sky130_fd_sc_hd__and4_2)
                                         _039_ (net)
                  0.05    0.00    0.64 ^ _081_/A (sky130_fd_sc_hd__buf_1)
     8    0.03    0.33    0.29    0.93 ^ _081_/X (sky130_fd_sc_hd__buf_1)
                                         _040_ (net)
                  0.33    0.00    0.93 ^ _094_/A (sky130_fd_sc_hd__and2_2)
     4    0.02    0.11    0.28    1.21 ^ _094_/X (sky130_fd_sc_hd__and2_2)
                                         _049_ (net)
                  0.11    0.00    1.21 ^ _097_/C (sky130_fd_sc_hd__and3_2)
     2    0.01    0.08    0.23    1.45 ^ _097_/X (sky130_fd_sc_hd__and3_2)
                                         _050_ (net)
                  0.08    0.00    1.45 ^ _099_/A_N (sky130_fd_sc_hd__and2b_2)
     1    0.00    0.03    0.22    1.67 v _099_/X (sky130_fd_sc_hd__and2b_2)
                                         _052_ (net)
                  0.03    0.00    1.67 v _100_/A (sky130_fd_sc_hd__buf_1)
     1    0.00    0.02    0.08    1.75 v _100_/X (sky130_fd_sc_hd__buf_1)
                                         _016_ (net)
                  0.02    0.00    1.75 v _144_/D (sky130_fd_sc_hd__dfxtp_2)
                                  1.75   data arrival time

                  0.15   10.00   10.00   clock clk (rise edge)
                          0.00   10.00   clock network delay (ideal)
                         -0.25    9.75   clock uncertainty
                          0.00    9.75   clock reconvergence pessimism
                                  9.75 ^ _144_/CLK (sky130_fd_sc_hd__dfxtp_2)
                         -0.08    9.67   library setup time
                                  9.67   data required time
-----------------------------------------------------------------------------
                                  9.67   data required time
                                 -1.75   data arrival time
-----------------------------------------------------------------------------
                                  7.92   slack (MET)


Startpoint: _137_ (rising edge-triggered flip-flop clocked by clk)
Endpoint: _151_ (rising edge-triggered flip-flop clocked by clk)
Path Group: clk
Path Type: max

Fanout     Cap    Slew   Delay    Time   Description
-----------------------------------------------------------------------------
                  0.15    0.00    0.00   clock clk (rise edge)
                          0.00    0.00   clock network delay (ideal)
                  0.15    0.00    0.00 ^ _137_/CLK (sky130_fd_sc_hd__dfxtp_2)
     4    0.02    0.09    0.41    0.41 ^ _137_/Q (sky130_fd_sc_hd__dfxtp_2)
                                         display.refresh_counter[2] (net)
                  0.09    0.00    0.41 ^ _080_/D (sky130_fd_sc_hd__and4_2)
     1    0.00    0.05    0.23    0.64 ^ _080_/X (sky130_fd_sc_hd__and4_2)
                                         _039_ (net)
                  0.05    0.00    0.64 ^ _081_/A (sky130_fd_sc_hd__buf_1)
     8    0.03    0.33    0.29    0.93 ^ _081_/X (sky130_fd_sc_hd__buf_1)
                                         _040_ (net)
                  0.33    0.00    0.93 ^ _105_/A (sky130_fd_sc_hd__and3_2)
     5    0.02    0.11    0.32    1.25 ^ _105_/X (sky130_fd_sc_hd__and3_2)
                                         _055_ (net)
                  0.11    0.00    1.25 ^ _113_/C (sky130_fd_sc_hd__and4_2)
     2    0.01    0.09    0.28    1.53 ^ _113_/X (sky130_fd_sc_hd__and4_2)
                                         _060_ (net)
                  0.09    0.00    1.53 ^ _117_/B (sky130_fd_sc_hd__xor2_2)
     1    0.00    0.08    0.12    1.65 ^ _117_/X (sky130_fd_sc_hd__xor2_2)
                                         _007_ (net)
                  0.08    0.00    1.65 ^ _151_/D (sky130_fd_sc_hd__dfxtp_2)
                                  1.65   data arrival time

                  0.15   10.00   10.00   clock clk (rise edge)
                          0.00   10.00   clock network delay (ideal)
                         -0.25    9.75   clock uncertainty
                          0.00    9.75   clock reconvergence pessimism
                                  9.75 ^ _151_/CLK (sky130_fd_sc_hd__dfxtp_2)
                         -0.05    9.70   library setup time
                                  9.70   data required time
-----------------------------------------------------------------------------
                                  9.70   data required time
                                 -1.65   data arrival time
-----------------------------------------------------------------------------
                                  8.05   slack (MET)


Startpoint: _137_ (rising edge-triggered flip-flop clocked by clk)
Endpoint: _146_ (rising edge-triggered flip-flop clocked by clk)
Path Group: clk
Path Type: max

Fanout     Cap    Slew   Delay    Time   Description
-----------------------------------------------------------------------------
                  0.15    0.00    0.00   clock clk (rise edge)
                          0.00    0.00   clock network delay (ideal)
                  0.15    0.00    0.00 ^ _137_/CLK (sky130_fd_sc_hd__dfxtp_2)
     4    0.02    0.09    0.41    0.41 ^ _137_/Q (sky130_fd_sc_hd__dfxtp_2)
                                         display.refresh_counter[2] (net)
                  0.09    0.00    0.41 ^ _080_/D (sky130_fd_sc_hd__and4_2)
     1    0.00    0.05    0.23    0.64 ^ _080_/X (sky130_fd_sc_hd__and4_2)
                                         _039_ (net)
                  0.05    0.00    0.64 ^ _081_/A (sky130_fd_sc_hd__buf_1)
     8    0.03    0.33    0.29    0.93 ^ _081_/X (sky130_fd_sc_hd__buf_1)
                                         _040_ (net)
                  0.33    0.00    0.93 ^ _094_/A (sky130_fd_sc_hd__and2_2)
     4    0.02    0.11    0.28    1.21 ^ _094_/X (sky130_fd_sc_hd__and2_2)
                                         _049_ (net)
                  0.11    0.00    1.21 ^ _102_/D (sky130_fd_sc_hd__and4_2)
     1    0.01    0.08    0.27    1.48 ^ _102_/X (sky130_fd_sc_hd__and4_2)
                                         _053_ (net)
                  0.08    0.00    1.48 ^ _103_/B (sky130_fd_sc_hd__xor2_2)
     1    0.00    0.08    0.12    1.61 ^ _103_/X (sky130_fd_sc_hd__xor2_2)
                                         _002_ (net)
                  0.08    0.00    1.61 ^ _146_/D (sky130_fd_sc_hd__dfxtp_2)
                                  1.61   data arrival time

                  0.15   10.00   10.00   clock clk (rise edge)
                          0.00   10.00   clock network delay (ideal)
                         -0.25    9.75   clock uncertainty
                          0.00    9.75   clock reconvergence pessimism
                                  9.75 ^ _146_/CLK (sky130_fd_sc_hd__dfxtp_2)
                         -0.05    9.70   library setup time
                                  9.70   data required time
-----------------------------------------------------------------------------
                                  9.70   data required time
                                 -1.61   data arrival time
-----------------------------------------------------------------------------
                                  8.09   slack (MET)


Startpoint: _137_ (rising edge-triggered flip-flop clocked by clk)
Endpoint: _145_ (rising edge-triggered flip-flop clocked by clk)
Path Group: clk
Path Type: max

Fanout     Cap    Slew   Delay    Time   Description
-----------------------------------------------------------------------------
                  0.15    0.00    0.00   clock clk (rise edge)
                          0.00    0.00   clock network delay (ideal)
                  0.15    0.00    0.00 ^ _137_/CLK (sky130_fd_sc_hd__dfxtp_2)
     4    0.02    0.09    0.41    0.41 ^ _137_/Q (sky130_fd_sc_hd__dfxtp_2)
                                         display.refresh_counter[2] (net)
                  0.09    0.00    0.41 ^ _080_/D (sky130_fd_sc_hd__and4_2)
     1    0.00    0.05    0.23    0.64 ^ _080_/X (sky130_fd_sc_hd__and4_2)
                                         _039_ (net)
                  0.05    0.00    0.64 ^ _081_/A (sky130_fd_sc_hd__buf_1)
     8    0.03    0.33    0.29    0.93 ^ _081_/X (sky130_fd_sc_hd__buf_1)
                                         _040_ (net)
                  0.33    0.00    0.93 ^ _094_/A (sky130_fd_sc_hd__and2_2)
     4    0.02    0.11    0.28    1.21 ^ _094_/X (sky130_fd_sc_hd__and2_2)
                                         _049_ (net)
                  0.11    0.00    1.21 ^ _097_/C (sky130_fd_sc_hd__and3_2)
     2    0.01    0.08    0.23    1.45 ^ _097_/X (sky130_fd_sc_hd__and3_2)
                                         _050_ (net)
                  0.08    0.00    1.45 ^ _101_/B (sky130_fd_sc_hd__xor2_2)
     1    0.00    0.08    0.12    1.57 ^ _101_/X (sky130_fd_sc_hd__xor2_2)
                                         _001_ (net)
                  0.08    0.00    1.57 ^ _145_/D (sky130_fd_sc_hd__dfxtp_2)
                                  1.57   data arrival time

                  0.15   10.00   10.00   clock clk (rise edge)
                          0.00   10.00   clock network delay (ideal)
                         -0.25    9.75   clock uncertainty
                          0.00    9.75   clock reconvergence pessimism
                                  9.75 ^ _145_/CLK (sky130_fd_sc_hd__dfxtp_2)
                         -0.05    9.70   library setup time
                                  9.70   data required time
-----------------------------------------------------------------------------
                                  9.70   data required time
                                 -1.57   data arrival time
-----------------------------------------------------------------------------
                                  8.13   slack (MET)


Startpoint: _137_ (rising edge-triggered flip-flop clocked by clk)
Endpoint: _141_ (rising edge-triggered flip-flop clocked by clk)
Path Group: clk
Path Type: max

Fanout     Cap    Slew   Delay    Time   Description
-----------------------------------------------------------------------------
                  0.15    0.00    0.00   clock clk (rise edge)
                          0.00    0.00   clock network delay (ideal)
                  0.15    0.00    0.00 ^ _137_/CLK (sky130_fd_sc_hd__dfxtp_2)
     4    0.02    0.09    0.41    0.41 ^ _137_/Q (sky130_fd_sc_hd__dfxtp_2)
                                         display.refresh_counter[2] (net)
                  0.09    0.00    0.41 ^ _080_/D (sky130_fd_sc_hd__and4_2)
     1    0.00    0.05    0.23    0.64 ^ _080_/X (sky130_fd_sc_hd__and4_2)
                                         _039_ (net)
                  0.05    0.00    0.64 ^ _081_/A (sky130_fd_sc_hd__buf_1)
     8    0.03    0.33    0.29    0.93 ^ _081_/X (sky130_fd_sc_hd__buf_1)
                                         _040_ (net)
                  0.33    0.00    0.93 ^ _088_/D (sky130_fd_sc_hd__and4_2)
     2    0.01    0.07    0.30    1.23 ^ _088_/X (sky130_fd_sc_hd__and4_2)
                                         _044_ (net)
                  0.07    0.00    1.23 ^ _090_/A_N (sky130_fd_sc_hd__and2b_2)
     1    0.00    0.03    0.22    1.45 v _090_/X (sky130_fd_sc_hd__and2b_2)
                                         _046_ (net)
                  0.03    0.00    1.45 v _091_/A (sky130_fd_sc_hd__buf_1)
     1    0.00    0.02    0.08    1.53 v _091_/X (sky130_fd_sc_hd__buf_1)
                                         _013_ (net)
                  0.02    0.00    1.53 v _141_/D (sky130_fd_sc_hd__dfxtp_2)
                                  1.53   data arrival time

                  0.15   10.00   10.00   clock clk (rise edge)
                          0.00   10.00   clock network delay (ideal)
                         -0.25    9.75   clock uncertainty
                          0.00    9.75   clock reconvergence pessimism
                                  9.75 ^ _141_/CLK (sky130_fd_sc_hd__dfxtp_2)
                         -0.08    9.67   library setup time
                                  9.67   data required time
-----------------------------------------------------------------------------
                                  9.67   data required time
                                 -1.53   data arrival time
-----------------------------------------------------------------------------
                                  8.14   slack (MET)


Startpoint: _137_ (rising edge-triggered flip-flop clocked by clk)
Endpoint: _149_ (rising edge-triggered flip-flop clocked by clk)
Path Group: clk
Path Type: max

Fanout     Cap    Slew   Delay    Time   Description
-----------------------------------------------------------------------------
                  0.15    0.00    0.00   clock clk (rise edge)
                          0.00    0.00   clock network delay (ideal)
                  0.15    0.00    0.00 ^ _137_/CLK (sky130_fd_sc_hd__dfxtp_2)
     4    0.02    0.09    0.41    0.41 ^ _137_/Q (sky130_fd_sc_hd__dfxtp_2)
                                         display.refresh_counter[2] (net)
                  0.09    0.00    0.41 ^ _080_/D (sky130_fd_sc_hd__and4_2)
     1    0.00    0.05    0.23    0.64 ^ _080_/X (sky130_fd_sc_hd__and4_2)
                                         _039_ (net)
                  0.05    0.00    0.64 ^ _081_/A (sky130_fd_sc_hd__buf_1)
     8    0.03    0.33    0.29    0.93 ^ _081_/X (sky130_fd_sc_hd__buf_1)
                                         _040_ (net)
                  0.33    0.00    0.93 ^ _105_/A (sky130_fd_sc_hd__and3_2)
     5    0.02    0.11    0.32    1.25 ^ _105_/X (sky130_fd_sc_hd__and3_2)
                                         _055_ (net)
                  0.11    0.00    1.25 ^ _109_/C (sky130_fd_sc_hd__nand3_2)
     2    0.01    0.08    0.12    1.37 v _109_/Y (sky130_fd_sc_hd__nand3_2)
                                         _058_ (net)
                  0.08    0.00    1.37 v _111_/B (sky130_fd_sc_hd__xnor2_2)
     1    0.00    0.04    0.14    1.51 v _111_/Y (sky130_fd_sc_hd__xnor2_2)
                                         _005_ (net)
                  0.04    0.00    1.51 v _149_/D (sky130_fd_sc_hd__dfxtp_2)
                                  1.51   data arrival time

                  0.15   10.00   10.00   clock clk (rise edge)
                          0.00   10.00   clock network delay (ideal)
                         -0.25    9.75   clock uncertainty
                          0.00    9.75   clock reconvergence pessimism
                                  9.75 ^ _149_/CLK (sky130_fd_sc_hd__dfxtp_2)
                         -0.09    9.66   library setup time
                                  9.66   data required time
-----------------------------------------------------------------------------
                                  9.66   data required time
                                 -1.51   data arrival time
-----------------------------------------------------------------------------
                                  8.16   slack (MET)


Startpoint: _137_ (rising edge-triggered flip-flop clocked by clk)
Endpoint: _148_ (rising edge-triggered flip-flop clocked by clk)
Path Group: clk
Path Type: max

Fanout     Cap    Slew   Delay    Time   Description
-----------------------------------------------------------------------------
                  0.15    0.00    0.00   clock clk (rise edge)
                          0.00    0.00   clock network delay (ideal)
                  0.15    0.00    0.00 ^ _137_/CLK (sky130_fd_sc_hd__dfxtp_2)
     4    0.02    0.09    0.41    0.41 ^ _137_/Q (sky130_fd_sc_hd__dfxtp_2)
                                         display.refresh_counter[2] (net)
                  0.09    0.00    0.41 ^ _080_/D (sky130_fd_sc_hd__and4_2)
     1    0.00    0.05    0.23    0.64 ^ _080_/X (sky130_fd_sc_hd__and4_2)
                                         _039_ (net)
                  0.05    0.00    0.64 ^ _081_/A (sky130_fd_sc_hd__buf_1)
     8    0.03    0.33    0.29    0.93 ^ _081_/X (sky130_fd_sc_hd__buf_1)
                                         _040_ (net)
                  0.33    0.00    0.93 ^ _105_/A (sky130_fd_sc_hd__and3_2)
     5    0.02    0.11    0.32    1.25 ^ _105_/X (sky130_fd_sc_hd__and3_2)
                                         _055_ (net)
                  0.11    0.00    1.25 ^ _109_/C (sky130_fd_sc_hd__nand3_2)
     2    0.01    0.08    0.12    1.37 v _109_/Y (sky130_fd_sc_hd__nand3_2)
                                         _058_ (net)
                  0.08    0.00    1.37 v _110_/B1 (sky130_fd_sc_hd__o21a_2)
     1    0.00    0.03    0.13    1.49 v _110_/X (sky130_fd_sc_hd__o21a_2)
                                         _004_ (net)
                  0.03    0.00    1.49 v _148_/D (sky130_fd_sc_hd__dfxtp_2)
                                  1.49   data arrival time

                  0.15   10.00   10.00   clock clk (rise edge)
                          0.00   10.00   clock network delay (ideal)
                         -0.25    9.75   clock uncertainty
                          0.00    9.75   clock reconvergence pessimism
                                  9.75 ^ _148_/CLK (sky130_fd_sc_hd__dfxtp_2)
                         -0.08    9.67   library setup time
                                  9.67   data required time
-----------------------------------------------------------------------------
                                  9.67   data required time
                                 -1.49   data arrival time
-----------------------------------------------------------------------------
                                  8.17   slack (MET)


Startpoint: _137_ (rising edge-triggered flip-flop clocked by clk)
Endpoint: _147_ (rising edge-triggered flip-flop clocked by clk)
Path Group: clk
Path Type: max

Fanout     Cap    Slew   Delay    Time   Description
-----------------------------------------------------------------------------
                  0.15    0.00    0.00   clock clk (rise edge)
                          0.00    0.00   clock network delay (ideal)
                  0.15    0.00    0.00 ^ _137_/CLK (sky130_fd_sc_hd__dfxtp_2)
     4    0.02    0.09    0.41    0.41 ^ _137_/Q (sky130_fd_sc_hd__dfxtp_2)
                                         display.refresh_counter[2] (net)
                  0.09    0.00    0.41 ^ _080_/D (sky130_fd_sc_hd__and4_2)
     1    0.00    0.05    0.23    0.64 ^ _080_/X (sky130_fd_sc_hd__and4_2)
                                         _039_ (net)
                  0.05    0.00    0.64 ^ _081_/A (sky130_fd_sc_hd__buf_1)
     8    0.03    0.33    0.29    0.93 ^ _081_/X (sky130_fd_sc_hd__buf_1)
                                         _040_ (net)
                  0.33    0.00    0.93 ^ _105_/A (sky130_fd_sc_hd__and3_2)
     5    0.02    0.11    0.32    1.25 ^ _105_/X (sky130_fd_sc_hd__and3_2)
                                         _055_ (net)
                  0.11    0.00    1.25 ^ _106_/B (sky130_fd_sc_hd__and2_2)
     2    0.01    0.06    0.18    1.43 ^ _106_/X (sky130_fd_sc_hd__and2_2)
                                         _056_ (net)
                  0.06    0.00    1.43 ^ _108_/A (sky130_fd_sc_hd__nor2_2)
     1    0.00    0.02    0.04    1.46 v _108_/Y (sky130_fd_sc_hd__nor2_2)
                                         _003_ (net)
                  0.02    0.00    1.46 v _147_/D (sky130_fd_sc_hd__dfxtp_2)
                                  1.46   data arrival time

                  0.15   10.00   10.00   clock clk (rise edge)
                          0.00   10.00   clock network delay (ideal)
                         -0.25    9.75   clock uncertainty
                          0.00    9.75   clock reconvergence pessimism
                                  9.75 ^ _147_/CLK (sky130_fd_sc_hd__dfxtp_2)
                         -0.08    9.67   library setup time
                                  9.67   data required time
-----------------------------------------------------------------------------
                                  9.67   data required time
                                 -1.46   data arrival time
-----------------------------------------------------------------------------
                                  8.21   slack (MET)


Startpoint: _137_ (rising edge-triggered flip-flop clocked by clk)
Endpoint: _142_ (rising edge-triggered flip-flop clocked by clk)
Path Group: clk
Path Type: max

Fanout     Cap    Slew   Delay    Time   Description
-----------------------------------------------------------------------------
                  0.15    0.00    0.00   clock clk (rise edge)
                          0.00    0.00   clock network delay (ideal)
                  0.15    0.00    0.00 ^ _137_/CLK (sky130_fd_sc_hd__dfxtp_2)
     4    0.02    0.09    0.41    0.41 ^ _137_/Q (sky130_fd_sc_hd__dfxtp_2)
                                         display.refresh_counter[2] (net)
                  0.09    0.00    0.41 ^ _080_/D (sky130_fd_sc_hd__and4_2)
     1    0.00    0.05    0.23    0.64 ^ _080_/X (sky130_fd_sc_hd__and4_2)
                                         _039_ (net)
                  0.05    0.00    0.64 ^ _081_/A (sky130_fd_sc_hd__buf_1)
     8    0.03    0.33    0.29    0.93 ^ _081_/X (sky130_fd_sc_hd__buf_1)
                                         _040_ (net)
                  0.33    0.00    0.93 ^ _088_/D (sky130_fd_sc_hd__and4_2)
     2    0.01    0.07    0.30    1.23 ^ _088_/X (sky130_fd_sc_hd__and4_2)
                                         _044_ (net)
                  0.07    0.00    1.23 ^ _092_/B (sky130_fd_sc_hd__nor2_2)
     1    0.00    0.03    0.04    1.27 v _092_/Y (sky130_fd_sc_hd__nor2_2)
                                         _047_ (net)
                  0.03    0.00    1.27 v _095_/A (sky130_fd_sc_hd__nor2_2)
     1    0.00    0.05    0.08    1.35 ^ _095_/Y (sky130_fd_sc_hd__nor2_2)
                                         _014_ (net)
                  0.05    0.00    1.35 ^ _142_/D (sky130_fd_sc_hd__dfxtp_2)
                                  1.35   data arrival time

                  0.15   10.00   10.00   clock clk (rise edge)
                          0.00   10.00   clock network delay (ideal)
                         -0.25    9.75   clock uncertainty
                          0.00    9.75   clock reconvergence pessimism
                                  9.75 ^ _142_/CLK (sky130_fd_sc_hd__dfxtp_2)
                         -0.05    9.70   library setup time
                                  9.70   data required time
-----------------------------------------------------------------------------
                                  9.70   data required time
                                 -1.35   data arrival time
-----------------------------------------------------------------------------
                                  8.35   slack (MET)


Startpoint: _137_ (rising edge-triggered flip-flop clocked by clk)
Endpoint: _143_ (rising edge-triggered flip-flop clocked by clk)
Path Group: clk
Path Type: max

Fanout     Cap    Slew   Delay    Time   Description
-----------------------------------------------------------------------------
                  0.15    0.00    0.00   clock clk (rise edge)
                          0.00    0.00   clock network delay (ideal)
                  0.15    0.00    0.00 ^ _137_/CLK (sky130_fd_sc_hd__dfxtp_2)
     4    0.02    0.09    0.41    0.41 ^ _137_/Q (sky130_fd_sc_hd__dfxtp_2)
                                         display.refresh_counter[2] (net)
                  0.09    0.00    0.41 ^ _080_/D (sky130_fd_sc_hd__and4_2)
     1    0.00    0.05    0.23    0.64 ^ _080_/X (sky130_fd_sc_hd__and4_2)
                                         _039_ (net)
                  0.05    0.00    0.64 ^ _081_/A (sky130_fd_sc_hd__buf_1)
     8    0.03    0.33    0.29    0.93 ^ _081_/X (sky130_fd_sc_hd__buf_1)
                                         _040_ (net)
                  0.33    0.00    0.93 ^ _094_/A (sky130_fd_sc_hd__and2_2)
     4    0.02    0.11    0.28    1.21 ^ _094_/X (sky130_fd_sc_hd__and2_2)
                                         _049_ (net)
                  0.11    0.00    1.21 ^ _096_/B (sky130_fd_sc_hd__xor2_2)
     1    0.00    0.08    0.13    1.34 ^ _096_/X (sky130_fd_sc_hd__xor2_2)
                                         _015_ (net)
                  0.08    0.00    1.34 ^ _143_/D (sky130_fd_sc_hd__dfxtp_2)
                                  1.34   data arrival time

                  0.15   10.00   10.00   clock clk (rise edge)
                          0.00   10.00   clock network delay (ideal)
                         -0.25    9.75   clock uncertainty
                          0.00    9.75   clock reconvergence pessimism
                                  9.75 ^ _143_/CLK (sky130_fd_sc_hd__dfxtp_2)
                         -0.05    9.70   library setup time
                                  9.70   data required time
-----------------------------------------------------------------------------
                                  9.70   data required time
                                 -1.34   data arrival time
-----------------------------------------------------------------------------
                                  8.35   slack (MET)


Startpoint: _137_ (rising edge-triggered flip-flop clocked by clk)
Endpoint: _138_ (rising edge-triggered flip-flop clocked by clk)
Path Group: clk
Path Type: max

Fanout     Cap    Slew   Delay    Time   Description
-----------------------------------------------------------------------------
                  0.15    0.00    0.00   clock clk (rise edge)
                          0.00    0.00   clock network delay (ideal)
                  0.15    0.00    0.00 ^ _137_/CLK (sky130_fd_sc_hd__dfxtp_2)
     4    0.02    0.09    0.41    0.41 ^ _137_/Q (sky130_fd_sc_hd__dfxtp_2)
                                         display.refresh_counter[2] (net)
                  0.09    0.00    0.41 ^ _080_/D (sky130_fd_sc_hd__and4_2)
     1    0.00    0.05    0.23    0.64 ^ _080_/X (sky130_fd_sc_hd__and4_2)
                                         _039_ (net)
                  0.05    0.00    0.64 ^ _081_/A (sky130_fd_sc_hd__buf_1)
     8    0.03    0.33    0.29    0.93 ^ _081_/X (sky130_fd_sc_hd__buf_1)
                                         _040_ (net)
                  0.33    0.00    0.93 ^ _083_/A_N (sky130_fd_sc_hd__and2b_2)
     1    0.00    0.03    0.27    1.20 v _083_/X (sky130_fd_sc_hd__and2b_2)
                                         _042_ (net)
                  0.03    0.00    1.20 v _084_/A (sky130_fd_sc_hd__buf_1)
     1    0.00    0.02    0.08    1.28 v _084_/X (sky130_fd_sc_hd__buf_1)
                                         _010_ (net)
                  0.02    0.00    1.28 v _138_/D (sky130_fd_sc_hd__dfxtp_2)
                                  1.28   data arrival time

                  0.15   10.00   10.00   clock clk (rise edge)
                          0.00   10.00   clock network delay (ideal)
                         -0.25    9.75   clock uncertainty
                          0.00    9.75   clock reconvergence pessimism
                                  9.75 ^ _138_/CLK (sky130_fd_sc_hd__dfxtp_2)
                         -0.08    9.67   library setup time
                                  9.67   data required time
-----------------------------------------------------------------------------
                                  9.67   data required time
                                 -1.28   data arrival time
-----------------------------------------------------------------------------
                                  8.39   slack (MET)


Startpoint: _137_ (rising edge-triggered flip-flop clocked by clk)
Endpoint: _140_ (rising edge-triggered flip-flop clocked by clk)
Path Group: clk
Path Type: max

Fanout     Cap    Slew   Delay    Time   Description
-----------------------------------------------------------------------------
                  0.15    0.00    0.00   clock clk (rise edge)
                          0.00    0.00   clock network delay (ideal)
                  0.15    0.00    0.00 ^ _137_/CLK (sky130_fd_sc_hd__dfxtp_2)
     4    0.02    0.09    0.41    0.41 ^ _137_/Q (sky130_fd_sc_hd__dfxtp_2)
                                         display.refresh_counter[2] (net)
                  0.09    0.00    0.41 ^ _080_/D (sky130_fd_sc_hd__and4_2)
     1    0.00    0.05    0.23    0.64 ^ _080_/X (sky130_fd_sc_hd__and4_2)
                                         _039_ (net)
                  0.05    0.00    0.64 ^ _081_/A (sky130_fd_sc_hd__buf_1)
     8    0.03    0.33    0.29    0.93 ^ _081_/X (sky130_fd_sc_hd__buf_1)
                                         _040_ (net)
                  0.33    0.00    0.93 ^ _086_/B (sky130_fd_sc_hd__nand2_2)
     1    0.01    0.08    0.11    1.05 v _086_/Y (sky130_fd_sc_hd__nand2_2)
                                         _043_ (net)
                  0.08    0.00    1.05 v _087_/B (sky130_fd_sc_hd__xnor2_2)
     1    0.00    0.04    0.14    1.18 v _087_/Y (sky130_fd_sc_hd__xnor2_2)
                                         _012_ (net)
                  0.04    0.00    1.18 v _140_/D (sky130_fd_sc_hd__dfxtp_2)
                                  1.18   data arrival time

                  0.15   10.00   10.00   clock clk (rise edge)
                          0.00   10.00   clock network delay (ideal)
                         -0.25    9.75   clock uncertainty
                          0.00    9.75   clock reconvergence pessimism
                                  9.75 ^ _140_/CLK (sky130_fd_sc_hd__dfxtp_2)
                         -0.09    9.66   library setup time
                                  9.66   data required time
-----------------------------------------------------------------------------
                                  9.66   data required time
                                 -1.18   data arrival time
-----------------------------------------------------------------------------
                                  8.48   slack (MET)


Startpoint: _137_ (rising edge-triggered flip-flop clocked by clk)
Endpoint: _139_ (rising edge-triggered flip-flop clocked by clk)
Path Group: clk
Path Type: max

Fanout     Cap    Slew   Delay    Time   Description
-----------------------------------------------------------------------------
                  0.15    0.00    0.00   clock clk (rise edge)
                          0.00    0.00   clock network delay (ideal)
                  0.15    0.00    0.00 ^ _137_/CLK (sky130_fd_sc_hd__dfxtp_2)
     4    0.02    0.09    0.41    0.41 ^ _137_/Q (sky130_fd_sc_hd__dfxtp_2)
                                         display.refresh_counter[2] (net)
                  0.09    0.00    0.41 ^ _080_/D (sky130_fd_sc_hd__and4_2)
     1    0.00    0.05    0.23    0.64 ^ _080_/X (sky130_fd_sc_hd__and4_2)
                                         _039_ (net)
                  0.05    0.00    0.64 ^ _081_/A (sky130_fd_sc_hd__buf_1)
     8    0.03    0.33    0.29    0.93 ^ _081_/X (sky130_fd_sc_hd__buf_1)
                                         _040_ (net)
                  0.33    0.00    0.93 ^ _085_/B (sky130_fd_sc_hd__xor2_2)
     1    0.00    0.08    0.15    1.08 ^ _085_/X (sky130_fd_sc_hd__xor2_2)
                                         _011_ (net)
                  0.08    0.00    1.08 ^ _139_/D (sky130_fd_sc_hd__dfxtp_2)
                                  1.08   data arrival time

                  0.15   10.00   10.00   clock clk (rise edge)
                          0.00   10.00   clock network delay (ideal)
                         -0.25    9.75   clock uncertainty
                          0.00    9.75   clock reconvergence pessimism
                                  9.75 ^ _139_/CLK (sky130_fd_sc_hd__dfxtp_2)
                         -0.05    9.70   library setup time
                                  9.70   data required time
-----------------------------------------------------------------------------
                                  9.70   data required time
                                 -1.08   data arrival time
-----------------------------------------------------------------------------
                                  8.61   slack (MET)


Startpoint: _136_ (rising edge-triggered flip-flop clocked by clk)
Endpoint: _136_ (rising edge-triggered flip-flop clocked by clk)
Path Group: clk
Path Type: max

Fanout     Cap    Slew   Delay    Time   Description
-----------------------------------------------------------------------------
                  0.15    0.00    0.00   clock clk (rise edge)
                          0.00    0.00   clock network delay (ideal)
                  0.15    0.00    0.00 ^ _136_/CLK (sky130_fd_sc_hd__dfxtp_2)
     4    0.01    0.04    0.38    0.38 v _136_/Q (sky130_fd_sc_hd__dfxtp_2)
                                         display.refresh_counter[1] (net)
                  0.04    0.00    0.38 v _076_/A (sky130_fd_sc_hd__or2_2)
     2    0.00    0.06    0.30    0.68 v _076_/X (sky130_fd_sc_hd__or2_2)
                                         _037_ (net)
                  0.06    0.00    0.68 v _077_/B (sky130_fd_sc_hd__and2_2)
     1    0.00    0.03    0.19    0.87 v _077_/X (sky130_fd_sc_hd__and2_2)
                                         _038_ (net)
                  0.03    0.00    0.87 v _078_/A (sky130_fd_sc_hd__buf_1)
     1    0.00    0.02    0.08    0.96 v _078_/X (sky130_fd_sc_hd__buf_1)
                                         _008_ (net)
                  0.02    0.00    0.96 v _136_/D (sky130_fd_sc_hd__dfxtp_2)
                                  0.96   data arrival time

                  0.15   10.00   10.00   clock clk (rise edge)
                          0.00   10.00   clock network delay (ideal)
                         -0.25    9.75   clock uncertainty
                          0.00    9.75   clock reconvergence pessimism
                                  9.75 ^ _136_/CLK (sky130_fd_sc_hd__dfxtp_2)
                         -0.08    9.67   library setup time
                                  9.67   data required time
-----------------------------------------------------------------------------
                                  9.67   data required time
                                 -0.96   data arrival time
-----------------------------------------------------------------------------
                                  8.72   slack (MET)


Startpoint: _135_ (rising edge-triggered flip-flop clocked by clk)
Endpoint: _137_ (rising edge-triggered flip-flop clocked by clk)
Path Group: clk
Path Type: max

Fanout     Cap    Slew   Delay    Time   Description
-----------------------------------------------------------------------------
                  0.15    0.00    0.00   clock clk (rise edge)
                          0.00    0.00   clock network delay (ideal)
                  0.15    0.00    0.00 ^ _135_/CLK (sky130_fd_sc_hd__dfxtp_2)
     5    0.02    0.09    0.41    0.41 ^ _135_/Q (sky130_fd_sc_hd__dfxtp_2)
                                         display.refresh_counter[0] (net)
                  0.09    0.00    0.41 ^ _075_/B (sky130_fd_sc_hd__nand2_2)
     2    0.01    0.05    0.08    0.49 v _075_/Y (sky130_fd_sc_hd__nand2_2)
                                         _036_ (net)
                  0.05    0.00    0.49 v _079_/B (sky130_fd_sc_hd__xnor2_2)
     1    0.00    0.04    0.12    0.61 v _079_/Y (sky130_fd_sc_hd__xnor2_2)
                                         _009_ (net)
                  0.04    0.00    0.61 v _137_/D (sky130_fd_sc_hd__dfxtp_2)
                                  0.61   data arrival time

                  0.15   10.00   10.00   clock clk (rise edge)
                          0.00   10.00   clock network delay (ideal)
                         -0.25    9.75   clock uncertainty
                          0.00    9.75   clock reconvergence pessimism
                                  9.75 ^ _137_/CLK (sky130_fd_sc_hd__dfxtp_2)
                         -0.09    9.66   library setup time
                                  9.66   data required time
-----------------------------------------------------------------------------
                                  9.66   data required time
                                 -0.61   data arrival time
-----------------------------------------------------------------------------
                                  9.05   slack (MET)


Startpoint: _135_ (rising edge-triggered flip-flop clocked by clk)
Endpoint: _135_ (rising edge-triggered flip-flop clocked by clk)
Path Group: clk
Path Type: max

Fanout     Cap    Slew   Delay    Time   Description
-----------------------------------------------------------------------------
                  0.15    0.00    0.00   clock clk (rise edge)
                          0.00    0.00   clock network delay (ideal)
                  0.15    0.00    0.00 ^ _135_/CLK (sky130_fd_sc_hd__dfxtp_2)
     5    0.02    0.09    0.41    0.41 ^ _135_/Q (sky130_fd_sc_hd__dfxtp_2)
                                         display.refresh_counter[0] (net)
                  0.09    0.00    0.41 ^ _074_/A (sky130_fd_sc_hd__inv_2)
     1    0.00    0.02    0.03    0.44 v _074_/Y (sky130_fd_sc_hd__inv_2)
                                         _000_ (net)
                  0.02    0.00    0.44 v _135_/D (sky130_fd_sc_hd__dfxtp_2)
                                  0.44   data arrival time

                  0.15   10.00   10.00   clock clk (rise edge)
                          0.00   10.00   clock network delay (ideal)
                         -0.25    9.75   clock uncertainty
                          0.00    9.75   clock reconvergence pessimism
                                  9.75 ^ _135_/CLK (sky130_fd_sc_hd__dfxtp_2)
                         -0.08    9.67   library setup time
                                  9.67   data required time
-----------------------------------------------------------------------------
                                  9.67   data required time
                                 -0.44   data arrival time
-----------------------------------------------------------------------------
                                  9.23   slack (MET)



worst slack corner Typical: 6.5774
