
===========================================================================
report_checks -path_delay max (Setup)
============================================================================
======================= Typical Corner ===================================

Startpoint: _132_ (rising edge-triggered flip-flop clocked by clk)
Endpoint: an[1] (output port clocked by clk)
Path Group: clk
Path Type: max

Fanout     Cap    Slew   Delay    Time   Description
-----------------------------------------------------------------------------
                  0.15    0.00    0.00   clock clk (rise edge)
                          0.00    0.00   clock network delay (ideal)
                  0.15    0.00    0.00 ^ _132_/CLK (sky130_fd_sc_hd__dfxtp_1)
     4    0.01    0.12    0.41    0.41 ^ _132_/Q (sky130_fd_sc_hd__dfxtp_1)
                                         display.digit_select[0] (net)
                  0.12    0.00    0.41 ^ _066_/A (sky130_fd_sc_hd__inv_2)
     4    0.01    0.04    0.06    0.47 v _066_/Y (sky130_fd_sc_hd__inv_2)
                                         _031_ (net)
                  0.04    0.00    0.47 v _067_/A (sky130_fd_sc_hd__or3_1)
     1    0.00    0.06    0.37    0.84 v _067_/X (sky130_fd_sc_hd__or3_1)
                                         _032_ (net)
                  0.06    0.00    0.84 v _068_/A (sky130_fd_sc_hd__clkbuf_1)
     1    0.00    0.03    0.10    0.93 v _068_/X (sky130_fd_sc_hd__clkbuf_1)
                                         net2 (net)
                  0.03    0.00    0.93 v output2/A (sky130_fd_sc_hd__buf_2)
     1    0.03    0.09    0.18    1.11 v output2/X (sky130_fd_sc_hd__buf_2)
                                         an[1] (net)
                  0.09    0.00    1.12 v an[1] (out)
                                  1.12   data arrival time

                  0.15   10.00   10.00   clock clk (rise edge)
                          0.00   10.00   clock network delay (ideal)
                         -0.25    9.75   clock uncertainty
                          0.00    9.75   clock reconvergence pessimism
                         -2.00    7.75   output external delay
                                  7.75   data required time
-----------------------------------------------------------------------------
                                  7.75   data required time
                                 -1.12   data arrival time
-----------------------------------------------------------------------------
                                  6.63   slack (MET)


Startpoint: _133_ (rising edge-triggered flip-flop clocked by clk)
Endpoint: an[2] (output port clocked by clk)
Path Group: clk
Path Type: max

Fanout     Cap    Slew   Delay    Time   Description
-----------------------------------------------------------------------------
                  0.15    0.00    0.00   clock clk (rise edge)
                          0.00    0.00   clock network delay (ideal)
                  0.15    0.00    0.00 ^ _133_/CLK (sky130_fd_sc_hd__dfxtp_1)
     6    0.01    0.13    0.42    0.42 ^ _133_/Q (sky130_fd_sc_hd__dfxtp_1)
                                         display.digit_select[1] (net)
                  0.13    0.00    0.42 ^ _069_/C_N (sky130_fd_sc_hd__or3b_1)
     1    0.00    0.06    0.37    0.79 v _069_/X (sky130_fd_sc_hd__or3b_1)
                                         _033_ (net)
                  0.06    0.00    0.79 v _070_/A (sky130_fd_sc_hd__clkbuf_1)
     1    0.00    0.02    0.10    0.89 v _070_/X (sky130_fd_sc_hd__clkbuf_1)
                                         net3 (net)
                  0.02    0.00    0.89 v output3/A (sky130_fd_sc_hd__buf_2)
     1    0.03    0.09    0.18    1.07 v output3/X (sky130_fd_sc_hd__buf_2)
                                         an[2] (net)
                  0.09    0.00    1.07 v an[2] (out)
                                  1.07   data arrival time

                  0.15   10.00   10.00   clock clk (rise edge)
                          0.00   10.00   clock network delay (ideal)
                         -0.25    9.75   clock uncertainty
                          0.00    9.75   clock reconvergence pessimism
                         -2.00    7.75   output external delay
                                  7.75   data required time
-----------------------------------------------------------------------------
                                  7.75   data required time
                                 -1.07   data arrival time
-----------------------------------------------------------------------------
                                  6.68   slack (MET)


Startpoint: _132_ (rising edge-triggered flip-flop clocked by clk)
Endpoint: an[0] (output port clocked by clk)
Path Group: clk
Path Type: max

Fanout     Cap    Slew   Delay    Time   Description
-----------------------------------------------------------------------------
                  0.15    0.00    0.00   clock clk (rise edge)
                          0.00    0.00   clock network delay (ideal)
                  0.15    0.00    0.00 ^ _132_/CLK (sky130_fd_sc_hd__dfxtp_1)
     4    0.01    0.06    0.38    0.38 v _132_/Q (sky130_fd_sc_hd__dfxtp_1)
                                         display.digit_select[0] (net)
                  0.06    0.00    0.38 v _064_/A (sky130_fd_sc_hd__or3_1)
     1    0.00    0.06    0.38    0.76 v _064_/X (sky130_fd_sc_hd__or3_1)
                                         _030_ (net)
                  0.06    0.00    0.76 v _065_/A (sky130_fd_sc_hd__clkbuf_1)
     1    0.00    0.03    0.10    0.86 v _065_/X (sky130_fd_sc_hd__clkbuf_1)
                                         net1 (net)
                  0.03    0.00    0.86 v output1/A (sky130_fd_sc_hd__buf_2)
     1    0.03    0.09    0.18    1.04 v output1/X (sky130_fd_sc_hd__buf_2)
                                         an[0] (net)
                  0.09    0.00    1.04 v an[0] (out)
                                  1.04   data arrival time

                  0.15   10.00   10.00   clock clk (rise edge)
                          0.00   10.00   clock network delay (ideal)
                         -0.25    9.75   clock uncertainty
                          0.00    9.75   clock reconvergence pessimism
                         -2.00    7.75   output external delay
                                  7.75   data required time
-----------------------------------------------------------------------------
                                  7.75   data required time
                                 -1.04   data arrival time
-----------------------------------------------------------------------------
                                  6.71   slack (MET)


Startpoint: _133_ (rising edge-triggered flip-flop clocked by clk)
Endpoint: an[3] (output port clocked by clk)
Path Group: clk
Path Type: max

Fanout     Cap    Slew   Delay    Time   Description
-----------------------------------------------------------------------------
                  0.15    0.00    0.00   clock clk (rise edge)
                          0.00    0.00   clock network delay (ideal)
                  0.15    0.00    0.00 ^ _133_/CLK (sky130_fd_sc_hd__dfxtp_1)
     6    0.01    0.13    0.42    0.42 ^ _133_/Q (sky130_fd_sc_hd__dfxtp_1)
                                         display.digit_select[1] (net)
                  0.13    0.00    0.42 ^ _071_/B (sky130_fd_sc_hd__nand2_1)
     2    0.00    0.05    0.08    0.50 v _071_/Y (sky130_fd_sc_hd__nand2_1)
                                         _034_ (net)
                  0.05    0.00    0.50 v _072_/B (sky130_fd_sc_hd__or2_1)
     1    0.00    0.05    0.21    0.71 v _072_/X (sky130_fd_sc_hd__or2_1)
                                         _035_ (net)
                  0.05    0.00    0.71 v _073_/A (sky130_fd_sc_hd__clkbuf_1)
     1    0.00    0.02    0.09    0.80 v _073_/X (sky130_fd_sc_hd__clkbuf_1)
                                         net4 (net)
                  0.02    0.00    0.80 v output4/A (sky130_fd_sc_hd__buf_2)
     1    0.03    0.09    0.18    0.97 v output4/X (sky130_fd_sc_hd__buf_2)
                                         an[3] (net)
                  0.09    0.00    0.97 v an[3] (out)
                                  0.97   data arrival time

                  0.15   10.00   10.00   clock clk (rise edge)
                          0.00   10.00   clock network delay (ideal)
                         -0.25    9.75   clock uncertainty
                          0.00    9.75   clock reconvergence pessimism
                         -2.00    7.75   output external delay
                                  7.75   data required time
-----------------------------------------------------------------------------
                                  7.75   data required time
                                 -0.97   data arrival time
-----------------------------------------------------------------------------
                                  6.78   slack (MET)


Startpoint: _146_ (rising edge-triggered flip-flop clocked by clk)
Endpoint: _132_ (rising edge-triggered flip-flop clocked by clk)
Path Group: clk
Path Type: max

Fanout     Cap    Slew   Delay    Time   Description
-----------------------------------------------------------------------------
                  0.15    0.00    0.00   clock clk (rise edge)
                          0.00    0.00   clock network delay (ideal)
                  0.15    0.00    0.00 ^ _146_/CLK (sky130_fd_sc_hd__dfxtp_1)
     3    0.01    0.05    0.37    0.37 v _146_/Q (sky130_fd_sc_hd__dfxtp_1)
                                         display.refresh_counter[11] (net)
                  0.05    0.00    0.37 v _121_/A (sky130_fd_sc_hd__or4_1)
     1    0.00    0.07    0.52    0.89 v _121_/X (sky130_fd_sc_hd__or4_1)
                                         _022_ (net)
                  0.07    0.00    0.89 v _123_/B (sky130_fd_sc_hd__or3_1)
     4    0.01    0.09    0.41    1.30 v _123_/X (sky130_fd_sc_hd__or3_1)
                                         _024_ (net)
                  0.09    0.00    1.30 v _124_/C (sky130_fd_sc_hd__or3_1)
     2    0.00    0.08    0.35    1.64 v _124_/X (sky130_fd_sc_hd__or3_1)
                                         _025_ (net)
                  0.08    0.00    1.64 v _126_/A (sky130_fd_sc_hd__and2_1)
     1    0.00    0.03    0.15    1.79 v _126_/X (sky130_fd_sc_hd__and2_1)
                                         _027_ (net)
                  0.03    0.00    1.79 v _127_/A (sky130_fd_sc_hd__clkbuf_1)
     1    0.00    0.02    0.08    1.88 v _127_/X (sky130_fd_sc_hd__clkbuf_1)
                                         _017_ (net)
                  0.02    0.00    1.88 v _132_/D (sky130_fd_sc_hd__dfxtp_1)
                                  1.88   data arrival time

                  0.15   10.00   10.00   clock clk (rise edge)
                          0.00   10.00   clock network delay (ideal)
                         -0.25    9.75   clock uncertainty
                          0.00    9.75   clock reconvergence pessimism
                                  9.75 ^ _132_/CLK (sky130_fd_sc_hd__dfxtp_1)
                         -0.08    9.67   library setup time
                                  9.67   data required time
-----------------------------------------------------------------------------
                                  9.67   data required time
                                 -1.88   data arrival time
-----------------------------------------------------------------------------
                                  7.80   slack (MET)


Startpoint: _146_ (rising edge-triggered flip-flop clocked by clk)
Endpoint: _133_ (rising edge-triggered flip-flop clocked by clk)
Path Group: clk
Path Type: max

Fanout     Cap    Slew   Delay    Time   Description
-----------------------------------------------------------------------------
                  0.15    0.00    0.00   clock clk (rise edge)
                          0.00    0.00   clock network delay (ideal)
                  0.15    0.00    0.00 ^ _146_/CLK (sky130_fd_sc_hd__dfxtp_1)
     3    0.01    0.05    0.37    0.37 v _146_/Q (sky130_fd_sc_hd__dfxtp_1)
                                         display.refresh_counter[11] (net)
                  0.05    0.00    0.37 v _121_/A (sky130_fd_sc_hd__or4_1)
     1    0.00    0.07    0.52    0.89 v _121_/X (sky130_fd_sc_hd__or4_1)
                                         _022_ (net)
                  0.07    0.00    0.89 v _123_/B (sky130_fd_sc_hd__or3_1)
     4    0.01    0.09    0.41    1.30 v _123_/X (sky130_fd_sc_hd__or3_1)
                                         _024_ (net)
                  0.09    0.00    1.30 v _128_/D (sky130_fd_sc_hd__or4_1)
     1    0.00    0.08    0.42    1.71 v _128_/X (sky130_fd_sc_hd__or4_1)
                                         _028_ (net)
                  0.08    0.00    1.71 v _129_/B1_N (sky130_fd_sc_hd__a21bo_1)
     1    0.00    0.03    0.19    1.90 ^ _129_/X (sky130_fd_sc_hd__a21bo_1)
                                         _018_ (net)
                  0.03    0.00    1.90 ^ _133_/D (sky130_fd_sc_hd__dfxtp_1)
                                  1.90   data arrival time

                  0.15   10.00   10.00   clock clk (rise edge)
                          0.00   10.00   clock network delay (ideal)
                         -0.25    9.75   clock uncertainty
                          0.00    9.75   clock reconvergence pessimism
                                  9.75 ^ _133_/CLK (sky130_fd_sc_hd__dfxtp_1)
                         -0.04    9.71   library setup time
                                  9.71   data required time
-----------------------------------------------------------------------------
                                  9.71   data required time
                                 -1.90   data arrival time
-----------------------------------------------------------------------------
                                  7.81   slack (MET)


Startpoint: _146_ (rising edge-triggered flip-flop clocked by clk)
Endpoint: _134_ (rising edge-triggered flip-flop clocked by clk)
Path Group: clk
Path Type: max

Fanout     Cap    Slew   Delay    Time   Description
-----------------------------------------------------------------------------
                  0.15    0.00    0.00   clock clk (rise edge)
                          0.00    0.00   clock network delay (ideal)
                  0.15    0.00    0.00 ^ _146_/CLK (sky130_fd_sc_hd__dfxtp_1)
     3    0.01    0.05    0.37    0.37 v _146_/Q (sky130_fd_sc_hd__dfxtp_1)
                                         display.refresh_counter[11] (net)
                  0.05    0.00    0.37 v _121_/A (sky130_fd_sc_hd__or4_1)
     1    0.00    0.07    0.52    0.89 v _121_/X (sky130_fd_sc_hd__or4_1)
                                         _022_ (net)
                  0.07    0.00    0.89 v _123_/B (sky130_fd_sc_hd__or3_1)
     4    0.01    0.09    0.41    1.30 v _123_/X (sky130_fd_sc_hd__or3_1)
                                         _024_ (net)
                  0.09    0.00    1.30 v _130_/C (sky130_fd_sc_hd__or3_1)
     1    0.00    0.08    0.35    1.65 v _130_/X (sky130_fd_sc_hd__or3_1)
                                         _029_ (net)
                  0.08    0.00    1.65 v _131_/B (sky130_fd_sc_hd__xnor2_1)
     1    0.00    0.04    0.13    1.78 v _131_/Y (sky130_fd_sc_hd__xnor2_1)
                                         _019_ (net)
                  0.04    0.00    1.78 v _134_/D (sky130_fd_sc_hd__dfxtp_1)
                                  1.78   data arrival time

                  0.15   10.00   10.00   clock clk (rise edge)
                          0.00   10.00   clock network delay (ideal)
                         -0.25    9.75   clock uncertainty
                          0.00    9.75   clock reconvergence pessimism
                                  9.75 ^ _134_/CLK (sky130_fd_sc_hd__dfxtp_1)
                         -0.09    9.66   library setup time
                                  9.66   data required time
-----------------------------------------------------------------------------
                                  9.66   data required time
                                 -1.78   data arrival time
-----------------------------------------------------------------------------
                                  7.88   slack (MET)


Startpoint: _135_ (rising edge-triggered flip-flop clocked by clk)
Endpoint: _150_ (rising edge-triggered flip-flop clocked by clk)
Path Group: clk
Path Type: max

Fanout     Cap    Slew   Delay    Time   Description
-----------------------------------------------------------------------------
                  0.15    0.00    0.00   clock clk (rise edge)
                          0.00    0.00   clock network delay (ideal)
                  0.15    0.00    0.00 ^ _135_/CLK (sky130_fd_sc_hd__dfxtp_1)
     5    0.01    0.14    0.43    0.43 ^ _135_/Q (sky130_fd_sc_hd__dfxtp_1)
                                         display.refresh_counter[0] (net)
                  0.14    0.00    0.43 ^ _080_/B (sky130_fd_sc_hd__and4_1)
     1    0.00    0.05    0.20    0.63 ^ _080_/X (sky130_fd_sc_hd__and4_1)
                                         _039_ (net)
                  0.05    0.00    0.63 ^ _081_/A (sky130_fd_sc_hd__clkbuf_2)
     8    0.02    0.12    0.17    0.80 ^ _081_/X (sky130_fd_sc_hd__clkbuf_2)
                                         _040_ (net)
                  0.12    0.00    0.80 ^ _105_/A (sky130_fd_sc_hd__and3_1)
     5    0.01    0.14    0.24    1.05 ^ _105_/X (sky130_fd_sc_hd__and3_1)
                                         _055_ (net)
                  0.14    0.00    1.05 ^ _113_/C (sky130_fd_sc_hd__and4_1)
     2    0.01    0.10    0.25    1.30 ^ _113_/X (sky130_fd_sc_hd__and4_1)
                                         _060_ (net)
                  0.10    0.00    1.30 ^ _115_/A_N (sky130_fd_sc_hd__and2b_1)
     1    0.00    0.03    0.19    1.48 v _115_/X (sky130_fd_sc_hd__and2b_1)
                                         _062_ (net)
                  0.03    0.00    1.48 v _116_/A (sky130_fd_sc_hd__clkbuf_1)
     1    0.00    0.02    0.08    1.57 v _116_/X (sky130_fd_sc_hd__clkbuf_1)
                                         _006_ (net)
                  0.02    0.00    1.57 v _150_/D (sky130_fd_sc_hd__dfxtp_1)
                                  1.57   data arrival time

                  0.15   10.00   10.00   clock clk (rise edge)
                          0.00   10.00   clock network delay (ideal)
                         -0.25    9.75   clock uncertainty
                          0.00    9.75   clock reconvergence pessimism
                                  9.75 ^ _150_/CLK (sky130_fd_sc_hd__dfxtp_1)
                         -0.08    9.67   library setup time
                                  9.67   data required time
-----------------------------------------------------------------------------
                                  9.67   data required time
                                 -1.57   data arrival time
-----------------------------------------------------------------------------
                                  8.11   slack (MET)


Startpoint: _135_ (rising edge-triggered flip-flop clocked by clk)
Endpoint: _144_ (rising edge-triggered flip-flop clocked by clk)
Path Group: clk
Path Type: max

Fanout     Cap    Slew   Delay    Time   Description
-----------------------------------------------------------------------------
                  0.15    0.00    0.00   clock clk (rise edge)
                          0.00    0.00   clock network delay (ideal)
                  0.15    0.00    0.00 ^ _135_/CLK (sky130_fd_sc_hd__dfxtp_1)
     5    0.01    0.14    0.43    0.43 ^ _135_/Q (sky130_fd_sc_hd__dfxtp_1)
                                         display.refresh_counter[0] (net)
                  0.14    0.00    0.43 ^ _080_/B (sky130_fd_sc_hd__and4_1)
     1    0.00    0.05    0.20    0.63 ^ _080_/X (sky130_fd_sc_hd__and4_1)
                                         _039_ (net)
                  0.05    0.00    0.63 ^ _081_/A (sky130_fd_sc_hd__clkbuf_2)
     8    0.02    0.12    0.17    0.80 ^ _081_/X (sky130_fd_sc_hd__clkbuf_2)
                                         _040_ (net)
                  0.12    0.00    0.80 ^ _094_/A (sky130_fd_sc_hd__and2_1)
     4    0.01    0.13    0.21    1.01 ^ _094_/X (sky130_fd_sc_hd__and2_1)
                                         _049_ (net)
                  0.13    0.00    1.01 ^ _097_/C (sky130_fd_sc_hd__and3_1)
     2    0.01    0.08    0.21    1.22 ^ _097_/X (sky130_fd_sc_hd__and3_1)
                                         _050_ (net)
                  0.08    0.00    1.22 ^ _099_/A_N (sky130_fd_sc_hd__and2b_1)
     1    0.00    0.03    0.19    1.41 v _099_/X (sky130_fd_sc_hd__and2b_1)
                                         _052_ (net)
                  0.03    0.00    1.41 v _100_/A (sky130_fd_sc_hd__clkbuf_1)
     1    0.00    0.02    0.08    1.49 v _100_/X (sky130_fd_sc_hd__clkbuf_1)
                                         _016_ (net)
                  0.02    0.00    1.49 v _144_/D (sky130_fd_sc_hd__dfxtp_1)
                                  1.49   data arrival time

                  0.15   10.00   10.00   clock clk (rise edge)
                          0.00   10.00   clock network delay (ideal)
                         -0.25    9.75   clock uncertainty
                          0.00    9.75   clock reconvergence pessimism
                                  9.75 ^ _144_/CLK (sky130_fd_sc_hd__dfxtp_1)
                         -0.08    9.67   library setup time
                                  9.67   data required time
-----------------------------------------------------------------------------
                                  9.67   data required time
                                 -1.49   data arrival time
-----------------------------------------------------------------------------
                                  8.19   slack (MET)


Startpoint: _135_ (rising edge-triggered flip-flop clocked by clk)
Endpoint: _151_ (rising edge-triggered flip-flop clocked by clk)
Path Group: clk
Path Type: max

Fanout     Cap    Slew   Delay    Time   Description
-----------------------------------------------------------------------------
                  0.15    0.00    0.00   clock clk (rise edge)
                          0.00    0.00   clock network delay (ideal)
                  0.15    0.00    0.00 ^ _135_/CLK (sky130_fd_sc_hd__dfxtp_1)
     5    0.01    0.14    0.43    0.43 ^ _135_/Q (sky130_fd_sc_hd__dfxtp_1)
                                         display.refresh_counter[0] (net)
                  0.14    0.00    0.43 ^ _080_/B (sky130_fd_sc_hd__and4_1)
     1    0.00    0.05    0.20    0.63 ^ _080_/X (sky130_fd_sc_hd__and4_1)
                                         _039_ (net)
                  0.05    0.00    0.63 ^ _081_/A (sky130_fd_sc_hd__clkbuf_2)
     8    0.02    0.12    0.17    0.80 ^ _081_/X (sky130_fd_sc_hd__clkbuf_2)
                                         _040_ (net)
                  0.12    0.00    0.80 ^ _105_/A (sky130_fd_sc_hd__and3_1)
     5    0.01    0.14    0.24    1.05 ^ _105_/X (sky130_fd_sc_hd__and3_1)
                                         _055_ (net)
                  0.14    0.00    1.05 ^ _113_/C (sky130_fd_sc_hd__and4_1)
     2    0.01    0.10    0.25    1.30 ^ _113_/X (sky130_fd_sc_hd__and4_1)
                                         _060_ (net)
                  0.10    0.00    1.30 ^ _117_/B (sky130_fd_sc_hd__xor2_1)
     1    0.00    0.10    0.14    1.44 ^ _117_/X (sky130_fd_sc_hd__xor2_1)
                                         _007_ (net)
                  0.10    0.00    1.44 ^ _151_/D (sky130_fd_sc_hd__dfxtp_1)
                                  1.44   data arrival time

                  0.15   10.00   10.00   clock clk (rise edge)
                          0.00   10.00   clock network delay (ideal)
                         -0.25    9.75   clock uncertainty
                          0.00    9.75   clock reconvergence pessimism
                                  9.75 ^ _151_/CLK (sky130_fd_sc_hd__dfxtp_1)
                         -0.05    9.70   library setup time
                                  9.70   data required time
-----------------------------------------------------------------------------
                                  9.70   data required time
                                 -1.44   data arrival time
-----------------------------------------------------------------------------
                                  8.26   slack (MET)


Startpoint: _135_ (rising edge-triggered flip-flop clocked by clk)
Endpoint: _146_ (rising edge-triggered flip-flop clocked by clk)
Path Group: clk
Path Type: max

Fanout     Cap    Slew   Delay    Time   Description
-----------------------------------------------------------------------------
                  0.15    0.00    0.00   clock clk (rise edge)
                          0.00    0.00   clock network delay (ideal)
                  0.15    0.00    0.00 ^ _135_/CLK (sky130_fd_sc_hd__dfxtp_1)
     5    0.01    0.14    0.43    0.43 ^ _135_/Q (sky130_fd_sc_hd__dfxtp_1)
                                         display.refresh_counter[0] (net)
                  0.14    0.00    0.43 ^ _080_/B (sky130_fd_sc_hd__and4_1)
     1    0.00    0.05    0.20    0.63 ^ _080_/X (sky130_fd_sc_hd__and4_1)
                                         _039_ (net)
                  0.05    0.00    0.63 ^ _081_/A (sky130_fd_sc_hd__clkbuf_2)
     8    0.02    0.12    0.17    0.80 ^ _081_/X (sky130_fd_sc_hd__clkbuf_2)
                                         _040_ (net)
                  0.12    0.00    0.80 ^ _094_/A (sky130_fd_sc_hd__and2_1)
     4    0.01    0.13    0.21    1.01 ^ _094_/X (sky130_fd_sc_hd__and2_1)
                                         _049_ (net)
                  0.13    0.00    1.01 ^ _102_/D (sky130_fd_sc_hd__and4_1)
     1    0.00    0.07    0.23    1.24 ^ _102_/X (sky130_fd_sc_hd__and4_1)
                                         _053_ (net)
                  0.07    0.00    1.24 ^ _103_/B (sky130_fd_sc_hd__xor2_1)
     1    0.00    0.10    0.14    1.38 ^ _103_/X (sky130_fd_sc_hd__xor2_1)
                                         _002_ (net)
                  0.10    0.00    1.38 ^ _146_/D (sky130_fd_sc_hd__dfxtp_1)
                                  1.38   data arrival time

                  0.15   10.00   10.00   clock clk (rise edge)
                          0.00   10.00   clock network delay (ideal)
                         -0.25    9.75   clock uncertainty
                          0.00    9.75   clock reconvergence pessimism
                                  9.75 ^ _146_/CLK (sky130_fd_sc_hd__dfxtp_1)
                         -0.05    9.70   library setup time
                                  9.70   data required time
-----------------------------------------------------------------------------
                                  9.70   data required time
                                 -1.38   data arrival time
-----------------------------------------------------------------------------
                                  8.32   slack (MET)


Startpoint: _135_ (rising edge-triggered flip-flop clocked by clk)
Endpoint: _145_ (rising edge-triggered flip-flop clocked by clk)
Path Group: clk
Path Type: max

Fanout     Cap    Slew   Delay    Time   Description
-----------------------------------------------------------------------------
                  0.15    0.00    0.00   clock clk (rise edge)
                          0.00    0.00   clock network delay (ideal)
                  0.15    0.00    0.00 ^ _135_/CLK (sky130_fd_sc_hd__dfxtp_1)
     5    0.01    0.14    0.43    0.43 ^ _135_/Q (sky130_fd_sc_hd__dfxtp_1)
                                         display.refresh_counter[0] (net)
                  0.14    0.00    0.43 ^ _080_/B (sky130_fd_sc_hd__and4_1)
     1    0.00    0.05    0.20    0.63 ^ _080_/X (sky130_fd_sc_hd__and4_1)
                                         _039_ (net)
                  0.05    0.00    0.63 ^ _081_/A (sky130_fd_sc_hd__clkbuf_2)
     8    0.02    0.12    0.17    0.80 ^ _081_/X (sky130_fd_sc_hd__clkbuf_2)
                                         _040_ (net)
                  0.12    0.00    0.80 ^ _094_/A (sky130_fd_sc_hd__and2_1)
     4    0.01    0.13    0.21    1.01 ^ _094_/X (sky130_fd_sc_hd__and2_1)
                                         _049_ (net)
                  0.13    0.00    1.01 ^ _097_/C (sky130_fd_sc_hd__and3_1)
     2    0.01    0.08    0.21    1.22 ^ _097_/X (sky130_fd_sc_hd__and3_1)
                                         _050_ (net)
                  0.08    0.00    1.22 ^ _101_/B (sky130_fd_sc_hd__xor2_1)
     1    0.00    0.10    0.14    1.36 ^ _101_/X (sky130_fd_sc_hd__xor2_1)
                                         _001_ (net)
                  0.10    0.00    1.36 ^ _145_/D (sky130_fd_sc_hd__dfxtp_1)
                                  1.36   data arrival time

                  0.15   10.00   10.00   clock clk (rise edge)
                          0.00   10.00   clock network delay (ideal)
                         -0.25    9.75   clock uncertainty
                          0.00    9.75   clock reconvergence pessimism
                                  9.75 ^ _145_/CLK (sky130_fd_sc_hd__dfxtp_1)
                         -0.05    9.70   library setup time
                                  9.70   data required time
-----------------------------------------------------------------------------
                                  9.70   data required time
                                 -1.36   data arrival time
-----------------------------------------------------------------------------
                                  8.34   slack (MET)


Startpoint: _135_ (rising edge-triggered flip-flop clocked by clk)
Endpoint: _149_ (rising edge-triggered flip-flop clocked by clk)
Path Group: clk
Path Type: max

Fanout     Cap    Slew   Delay    Time   Description
-----------------------------------------------------------------------------
                  0.15    0.00    0.00   clock clk (rise edge)
                          0.00    0.00   clock network delay (ideal)
                  0.15    0.00    0.00 ^ _135_/CLK (sky130_fd_sc_hd__dfxtp_1)
     5    0.01    0.14    0.43    0.43 ^ _135_/Q (sky130_fd_sc_hd__dfxtp_1)
                                         display.refresh_counter[0] (net)
                  0.14    0.00    0.43 ^ _080_/B (sky130_fd_sc_hd__and4_1)
     1    0.00    0.05    0.20    0.63 ^ _080_/X (sky130_fd_sc_hd__and4_1)
                                         _039_ (net)
                  0.05    0.00    0.63 ^ _081_/A (sky130_fd_sc_hd__clkbuf_2)
     8    0.02    0.12    0.17    0.80 ^ _081_/X (sky130_fd_sc_hd__clkbuf_2)
                                         _040_ (net)
                  0.12    0.00    0.80 ^ _105_/A (sky130_fd_sc_hd__and3_1)
     5    0.01    0.14    0.24    1.05 ^ _105_/X (sky130_fd_sc_hd__and3_1)
                                         _055_ (net)
                  0.14    0.00    1.05 ^ _109_/C (sky130_fd_sc_hd__nand3_1)
     2    0.01    0.10    0.13    1.18 v _109_/Y (sky130_fd_sc_hd__nand3_1)
                                         _058_ (net)
                  0.10    0.00    1.18 v _111_/B (sky130_fd_sc_hd__xnor2_1)
     1    0.00    0.04    0.14    1.32 v _111_/Y (sky130_fd_sc_hd__xnor2_1)
                                         _005_ (net)
                  0.04    0.00    1.32 v _149_/D (sky130_fd_sc_hd__dfxtp_1)
                                  1.32   data arrival time

                  0.15   10.00   10.00   clock clk (rise edge)
                          0.00   10.00   clock network delay (ideal)
                         -0.25    9.75   clock uncertainty
                          0.00    9.75   clock reconvergence pessimism
                                  9.75 ^ _149_/CLK (sky130_fd_sc_hd__dfxtp_1)
                         -0.08    9.67   library setup time
                                  9.67   data required time
-----------------------------------------------------------------------------
                                  9.67   data required time
                                 -1.32   data arrival time
-----------------------------------------------------------------------------
                                  8.34   slack (MET)


Startpoint: _135_ (rising edge-triggered flip-flop clocked by clk)
Endpoint: _148_ (rising edge-triggered flip-flop clocked by clk)
Path Group: clk
Path Type: max

Fanout     Cap    Slew   Delay    Time   Description
-----------------------------------------------------------------------------
                  0.15    0.00    0.00   clock clk (rise edge)
                          0.00    0.00   clock network delay (ideal)
                  0.15    0.00    0.00 ^ _135_/CLK (sky130_fd_sc_hd__dfxtp_1)
     5    0.01    0.14    0.43    0.43 ^ _135_/Q (sky130_fd_sc_hd__dfxtp_1)
                                         display.refresh_counter[0] (net)
                  0.14    0.00    0.43 ^ _080_/B (sky130_fd_sc_hd__and4_1)
     1    0.00    0.05    0.20    0.63 ^ _080_/X (sky130_fd_sc_hd__and4_1)
                                         _039_ (net)
                  0.05    0.00    0.63 ^ _081_/A (sky130_fd_sc_hd__clkbuf_2)
     8    0.02    0.12    0.17    0.80 ^ _081_/X (sky130_fd_sc_hd__clkbuf_2)
                                         _040_ (net)
                  0.12    0.00    0.80 ^ _105_/A (sky130_fd_sc_hd__and3_1)
     5    0.01    0.14    0.24    1.05 ^ _105_/X (sky130_fd_sc_hd__and3_1)
                                         _055_ (net)
                  0.14    0.00    1.05 ^ _109_/C (sky130_fd_sc_hd__nand3_1)
     2    0.01    0.10    0.13    1.18 v _109_/Y (sky130_fd_sc_hd__nand3_1)
                                         _058_ (net)
                  0.10    0.00    1.18 v _110_/B1 (sky130_fd_sc_hd__o21a_1)
     1    0.00    0.03    0.12    1.30 v _110_/X (sky130_fd_sc_hd__o21a_1)
                                         _004_ (net)
                  0.03    0.00    1.30 v _148_/D (sky130_fd_sc_hd__dfxtp_1)
                                  1.30   data arrival time

                  0.15   10.00   10.00   clock clk (rise edge)
                          0.00   10.00   clock network delay (ideal)
                         -0.25    9.75   clock uncertainty
                          0.00    9.75   clock reconvergence pessimism
                                  9.75 ^ _148_/CLK (sky130_fd_sc_hd__dfxtp_1)
                         -0.08    9.67   library setup time
                                  9.67   data required time
-----------------------------------------------------------------------------
                                  9.67   data required time
                                 -1.30   data arrival time
-----------------------------------------------------------------------------
                                  8.37   slack (MET)


Startpoint: _135_ (rising edge-triggered flip-flop clocked by clk)
Endpoint: _141_ (rising edge-triggered flip-flop clocked by clk)
Path Group: clk
Path Type: max

Fanout     Cap    Slew   Delay    Time   Description
-----------------------------------------------------------------------------
                  0.15    0.00    0.00   clock clk (rise edge)
                          0.00    0.00   clock network delay (ideal)
                  0.15    0.00    0.00 ^ _135_/CLK (sky130_fd_sc_hd__dfxtp_1)
     5    0.01    0.14    0.43    0.43 ^ _135_/Q (sky130_fd_sc_hd__dfxtp_1)
                                         display.refresh_counter[0] (net)
                  0.14    0.00    0.43 ^ _080_/B (sky130_fd_sc_hd__and4_1)
     1    0.00    0.05    0.20    0.63 ^ _080_/X (sky130_fd_sc_hd__and4_1)
                                         _039_ (net)
                  0.05    0.00    0.63 ^ _081_/A (sky130_fd_sc_hd__clkbuf_2)
     8    0.02    0.12    0.17    0.80 ^ _081_/X (sky130_fd_sc_hd__clkbuf_2)
                                         _040_ (net)
                  0.12    0.00    0.80 ^ _088_/D (sky130_fd_sc_hd__and4_1)
     2    0.00    0.07    0.23    1.03 ^ _088_/X (sky130_fd_sc_hd__and4_1)
                                         _044_ (net)
                  0.07    0.00    1.03 ^ _090_/A_N (sky130_fd_sc_hd__and2b_1)
     1    0.00    0.03    0.18    1.21 v _090_/X (sky130_fd_sc_hd__and2b_1)
                                         _046_ (net)
                  0.03    0.00    1.21 v _091_/A (sky130_fd_sc_hd__clkbuf_1)
     1    0.00    0.02    0.08    1.29 v _091_/X (sky130_fd_sc_hd__clkbuf_1)
                                         _013_ (net)
                  0.02    0.00    1.29 v _141_/D (sky130_fd_sc_hd__dfxtp_1)
                                  1.29   data arrival time

                  0.15   10.00   10.00   clock clk (rise edge)
                          0.00   10.00   clock network delay (ideal)
                         -0.25    9.75   clock uncertainty
                          0.00    9.75   clock reconvergence pessimism
                                  9.75 ^ _141_/CLK (sky130_fd_sc_hd__dfxtp_1)
                         -0.08    9.67   library setup time
                                  9.67   data required time
-----------------------------------------------------------------------------
                                  9.67   data required time
                                 -1.29   data arrival time
-----------------------------------------------------------------------------
                                  8.38   slack (MET)


Startpoint: _135_ (rising edge-triggered flip-flop clocked by clk)
Endpoint: _147_ (rising edge-triggered flip-flop clocked by clk)
Path Group: clk
Path Type: max

Fanout     Cap    Slew   Delay    Time   Description
-----------------------------------------------------------------------------
                  0.15    0.00    0.00   clock clk (rise edge)
                          0.00    0.00   clock network delay (ideal)
                  0.15    0.00    0.00 ^ _135_/CLK (sky130_fd_sc_hd__dfxtp_1)
     5    0.01    0.14    0.43    0.43 ^ _135_/Q (sky130_fd_sc_hd__dfxtp_1)
                                         display.refresh_counter[0] (net)
                  0.14    0.00    0.43 ^ _080_/B (sky130_fd_sc_hd__and4_1)
     1    0.00    0.05    0.20    0.63 ^ _080_/X (sky130_fd_sc_hd__and4_1)
                                         _039_ (net)
                  0.05    0.00    0.63 ^ _081_/A (sky130_fd_sc_hd__clkbuf_2)
     8    0.02    0.12    0.17    0.80 ^ _081_/X (sky130_fd_sc_hd__clkbuf_2)
                                         _040_ (net)
                  0.12    0.00    0.80 ^ _105_/A (sky130_fd_sc_hd__and3_1)
     5    0.01    0.14    0.24    1.05 ^ _105_/X (sky130_fd_sc_hd__and3_1)
                                         _055_ (net)
                  0.14    0.00    1.05 ^ _106_/B (sky130_fd_sc_hd__and2_1)
     2    0.01    0.07    0.17    1.22 ^ _106_/X (sky130_fd_sc_hd__and2_1)
                                         _056_ (net)
                  0.07    0.00    1.22 ^ _108_/A (sky130_fd_sc_hd__nor2_1)
     1    0.00    0.03    0.05    1.27 v _108_/Y (sky130_fd_sc_hd__nor2_1)
                                         _003_ (net)
                  0.03    0.00    1.27 v _147_/D (sky130_fd_sc_hd__dfxtp_1)
                                  1.27   data arrival time

                  0.15   10.00   10.00   clock clk (rise edge)
                          0.00   10.00   clock network delay (ideal)
                         -0.25    9.75   clock uncertainty
                          0.00    9.75   clock reconvergence pessimism
                                  9.75 ^ _147_/CLK (sky130_fd_sc_hd__dfxtp_1)
                         -0.08    9.67   library setup time
                                  9.67   data required time
-----------------------------------------------------------------------------
                                  9.67   data required time
                                 -1.27   data arrival time
-----------------------------------------------------------------------------
                                  8.40   slack (MET)


Startpoint: _135_ (rising edge-triggered flip-flop clocked by clk)
Endpoint: _143_ (rising edge-triggered flip-flop clocked by clk)
Path Group: clk
Path Type: max

Fanout     Cap    Slew   Delay    Time   Description
-----------------------------------------------------------------------------
                  0.15    0.00    0.00   clock clk (rise edge)
                          0.00    0.00   clock network delay (ideal)
                  0.15    0.00    0.00 ^ _135_/CLK (sky130_fd_sc_hd__dfxtp_1)
     5    0.01    0.14    0.43    0.43 ^ _135_/Q (sky130_fd_sc_hd__dfxtp_1)
                                         display.refresh_counter[0] (net)
                  0.14    0.00    0.43 ^ _080_/B (sky130_fd_sc_hd__and4_1)
     1    0.00    0.05    0.20    0.63 ^ _080_/X (sky130_fd_sc_hd__and4_1)
                                         _039_ (net)
                  0.05    0.00    0.63 ^ _081_/A (sky130_fd_sc_hd__clkbuf_2)
     8    0.02    0.12    0.17    0.80 ^ _081_/X (sky130_fd_sc_hd__clkbuf_2)
                                         _040_ (net)
                  0.12    0.00    0.80 ^ _094_/A (sky130_fd_sc_hd__and2_1)
     4    0.01    0.13    0.21    1.01 ^ _094_/X (sky130_fd_sc_hd__and2_1)
                                         _049_ (net)
                  0.13    0.00    1.01 ^ _096_/B (sky130_fd_sc_hd__xor2_1)
     1    0.00    0.10    0.15    1.16 ^ _096_/X (sky130_fd_sc_hd__xor2_1)
                                         _015_ (net)
                  0.10    0.00    1.16 ^ _143_/D (sky130_fd_sc_hd__dfxtp_1)
                                  1.16   data arrival time

                  0.15   10.00   10.00   clock clk (rise edge)
                          0.00   10.00   clock network delay (ideal)
                         -0.25    9.75   clock uncertainty
                          0.00    9.75   clock reconvergence pessimism
                                  9.75 ^ _143_/CLK (sky130_fd_sc_hd__dfxtp_1)
                         -0.05    9.70   library setup time
                                  9.70   data required time
-----------------------------------------------------------------------------
                                  9.70   data required time
                                 -1.16   data arrival time
-----------------------------------------------------------------------------
                                  8.54   slack (MET)


Startpoint: _135_ (rising edge-triggered flip-flop clocked by clk)
Endpoint: _142_ (rising edge-triggered flip-flop clocked by clk)
Path Group: clk
Path Type: max

Fanout     Cap    Slew   Delay    Time   Description
-----------------------------------------------------------------------------
                  0.15    0.00    0.00   clock clk (rise edge)
                          0.00    0.00   clock network delay (ideal)
                  0.15    0.00    0.00 ^ _135_/CLK (sky130_fd_sc_hd__dfxtp_1)
     5    0.01    0.14    0.43    0.43 ^ _135_/Q (sky130_fd_sc_hd__dfxtp_1)
                                         display.refresh_counter[0] (net)
                  0.14    0.00    0.43 ^ _080_/B (sky130_fd_sc_hd__and4_1)
     1    0.00    0.05    0.20    0.63 ^ _080_/X (sky130_fd_sc_hd__and4_1)
                                         _039_ (net)
                  0.05    0.00    0.63 ^ _081_/A (sky130_fd_sc_hd__clkbuf_2)
     8    0.02    0.12    0.17    0.80 ^ _081_/X (sky130_fd_sc_hd__clkbuf_2)
                                         _040_ (net)
                  0.12    0.00    0.80 ^ _088_/D (sky130_fd_sc_hd__and4_1)
     2    0.00    0.07    0.23    1.03 ^ _088_/X (sky130_fd_sc_hd__and4_1)
                                         _044_ (net)
                  0.07    0.00    1.03 ^ _092_/B (sky130_fd_sc_hd__nor2_1)
     1    0.00    0.03    0.04    1.07 v _092_/Y (sky130_fd_sc_hd__nor2_1)
                                         _047_ (net)
                  0.03    0.00    1.07 v _095_/A (sky130_fd_sc_hd__nor2_1)
     1    0.00    0.07    0.08    1.16 ^ _095_/Y (sky130_fd_sc_hd__nor2_1)
                                         _014_ (net)
                  0.07    0.00    1.16 ^ _142_/D (sky130_fd_sc_hd__dfxtp_1)
                                  1.16   data arrival time

                  0.15   10.00   10.00   clock clk (rise edge)
                          0.00   10.00   clock network delay (ideal)
                         -0.25    9.75   clock uncertainty
                          0.00    9.75   clock reconvergence pessimism
                                  9.75 ^ _142_/CLK (sky130_fd_sc_hd__dfxtp_1)
                         -0.04    9.71   library setup time
                                  9.71   data required time
-----------------------------------------------------------------------------
                                  9.71   data required time
                                 -1.16   data arrival time
-----------------------------------------------------------------------------
                                  8.55   slack (MET)


Startpoint: _135_ (rising edge-triggered flip-flop clocked by clk)
Endpoint: _138_ (rising edge-triggered flip-flop clocked by clk)
Path Group: clk
Path Type: max

Fanout     Cap    Slew   Delay    Time   Description
-----------------------------------------------------------------------------
                  0.15    0.00    0.00   clock clk (rise edge)
                          0.00    0.00   clock network delay (ideal)
                  0.15    0.00    0.00 ^ _135_/CLK (sky130_fd_sc_hd__dfxtp_1)
     5    0.01    0.14    0.43    0.43 ^ _135_/Q (sky130_fd_sc_hd__dfxtp_1)
                                         display.refresh_counter[0] (net)
                  0.14    0.00    0.43 ^ _080_/B (sky130_fd_sc_hd__and4_1)
     1    0.00    0.05    0.20    0.63 ^ _080_/X (sky130_fd_sc_hd__and4_1)
                                         _039_ (net)
                  0.05    0.00    0.63 ^ _081_/A (sky130_fd_sc_hd__clkbuf_2)
     8    0.02    0.12    0.17    0.80 ^ _081_/X (sky130_fd_sc_hd__clkbuf_2)
                                         _040_ (net)
                  0.12    0.00    0.80 ^ _083_/A_N (sky130_fd_sc_hd__and2b_1)
     1    0.00    0.03    0.20    1.00 v _083_/X (sky130_fd_sc_hd__and2b_1)
                                         _042_ (net)
                  0.03    0.00    1.00 v _084_/A (sky130_fd_sc_hd__clkbuf_1)
     1    0.00    0.02    0.08    1.08 v _084_/X (sky130_fd_sc_hd__clkbuf_1)
                                         _010_ (net)
                  0.02    0.00    1.08 v _138_/D (sky130_fd_sc_hd__dfxtp_1)
                                  1.08   data arrival time

                  0.15   10.00   10.00   clock clk (rise edge)
                          0.00   10.00   clock network delay (ideal)
                         -0.25    9.75   clock uncertainty
                          0.00    9.75   clock reconvergence pessimism
                                  9.75 ^ _138_/CLK (sky130_fd_sc_hd__dfxtp_1)
                         -0.08    9.67   library setup time
                                  9.67   data required time
-----------------------------------------------------------------------------
                                  9.67   data required time
                                 -1.08   data arrival time
-----------------------------------------------------------------------------
                                  8.59   slack (MET)


Startpoint: _135_ (rising edge-triggered flip-flop clocked by clk)
Endpoint: _140_ (rising edge-triggered flip-flop clocked by clk)
Path Group: clk
Path Type: max

Fanout     Cap    Slew   Delay    Time   Description
-----------------------------------------------------------------------------
                  0.15    0.00    0.00   clock clk (rise edge)
                          0.00    0.00   clock network delay (ideal)
                  0.15    0.00    0.00 ^ _135_/CLK (sky130_fd_sc_hd__dfxtp_1)
     5    0.01    0.14    0.43    0.43 ^ _135_/Q (sky130_fd_sc_hd__dfxtp_1)
                                         display.refresh_counter[0] (net)
                  0.14    0.00    0.43 ^ _080_/B (sky130_fd_sc_hd__and4_1)
     1    0.00    0.05    0.20    0.63 ^ _080_/X (sky130_fd_sc_hd__and4_1)
                                         _039_ (net)
                  0.05    0.00    0.63 ^ _081_/A (sky130_fd_sc_hd__clkbuf_2)
     8    0.02    0.12    0.17    0.80 ^ _081_/X (sky130_fd_sc_hd__clkbuf_2)
                                         _040_ (net)
                  0.12    0.00    0.80 ^ _086_/B (sky130_fd_sc_hd__nand2_1)
     1    0.00    0.06    0.08    0.89 v _086_/Y (sky130_fd_sc_hd__nand2_1)
                                         _043_ (net)
                  0.06    0.00    0.89 v _087_/B (sky130_fd_sc_hd__xnor2_1)
     1    0.00    0.04    0.13    1.01 v _087_/Y (sky130_fd_sc_hd__xnor2_1)
                                         _012_ (net)
                  0.04    0.00    1.01 v _140_/D (sky130_fd_sc_hd__dfxtp_1)
                                  1.01   data arrival time

                  0.15   10.00   10.00   clock clk (rise edge)
                          0.00   10.00   clock network delay (ideal)
                         -0.25    9.75   clock uncertainty
                          0.00    9.75   clock reconvergence pessimism
                                  9.75 ^ _140_/CLK (sky130_fd_sc_hd__dfxtp_1)
                         -0.09    9.66   library setup time
                                  9.66   data required time
-----------------------------------------------------------------------------
                                  9.66   data required time
                                 -1.01   data arrival time
-----------------------------------------------------------------------------
                                  8.65   slack (MET)


Startpoint: _135_ (rising edge-triggered flip-flop clocked by clk)
Endpoint: _139_ (rising edge-triggered flip-flop clocked by clk)
Path Group: clk
Path Type: max

Fanout     Cap    Slew   Delay    Time   Description
-----------------------------------------------------------------------------
                  0.15    0.00    0.00   clock clk (rise edge)
                          0.00    0.00   clock network delay (ideal)
                  0.15    0.00    0.00 ^ _135_/CLK (sky130_fd_sc_hd__dfxtp_1)
     5    0.01    0.14    0.43    0.43 ^ _135_/Q (sky130_fd_sc_hd__dfxtp_1)
                                         display.refresh_counter[0] (net)
                  0.14    0.00    0.43 ^ _080_/B (sky130_fd_sc_hd__and4_1)
     1    0.00    0.05    0.20    0.63 ^ _080_/X (sky130_fd_sc_hd__and4_1)
                                         _039_ (net)
                  0.05    0.00    0.63 ^ _081_/A (sky130_fd_sc_hd__clkbuf_2)
     8    0.02    0.12    0.17    0.80 ^ _081_/X (sky130_fd_sc_hd__clkbuf_2)
                                         _040_ (net)
                  0.12    0.00    0.80 ^ _085_/B (sky130_fd_sc_hd__xor2_1)
     1    0.00    0.10    0.15    0.95 ^ _085_/X (sky130_fd_sc_hd__xor2_1)
                                         _011_ (net)
                  0.10    0.00    0.95 ^ _139_/D (sky130_fd_sc_hd__dfxtp_1)
                                  0.95   data arrival time

                  0.15   10.00   10.00   clock clk (rise edge)
                          0.00   10.00   clock network delay (ideal)
                         -0.25    9.75   clock uncertainty
                          0.00    9.75   clock reconvergence pessimism
                                  9.75 ^ _139_/CLK (sky130_fd_sc_hd__dfxtp_1)
                         -0.05    9.70   library setup time
                                  9.70   data required time
-----------------------------------------------------------------------------
                                  9.70   data required time
                                 -0.95   data arrival time
-----------------------------------------------------------------------------
                                  8.75   slack (MET)


Startpoint: _135_ (rising edge-triggered flip-flop clocked by clk)
Endpoint: _136_ (rising edge-triggered flip-flop clocked by clk)
Path Group: clk
Path Type: max

Fanout     Cap    Slew   Delay    Time   Description
-----------------------------------------------------------------------------
                  0.15    0.00    0.00   clock clk (rise edge)
                          0.00    0.00   clock network delay (ideal)
                  0.15    0.00    0.00 ^ _135_/CLK (sky130_fd_sc_hd__dfxtp_1)
     5    0.01    0.07    0.39    0.39 v _135_/Q (sky130_fd_sc_hd__dfxtp_1)
                                         display.refresh_counter[0] (net)
                  0.07    0.00    0.39 v _076_/B (sky130_fd_sc_hd__or2_1)
     2    0.00    0.05    0.22    0.61 v _076_/X (sky130_fd_sc_hd__or2_1)
                                         _037_ (net)
                  0.05    0.00    0.61 v _077_/B (sky130_fd_sc_hd__and2_1)
     1    0.00    0.03    0.16    0.77 v _077_/X (sky130_fd_sc_hd__and2_1)
                                         _038_ (net)
                  0.03    0.00    0.77 v _078_/A (sky130_fd_sc_hd__clkbuf_1)
     1    0.00    0.02    0.08    0.85 v _078_/X (sky130_fd_sc_hd__clkbuf_1)
                                         _008_ (net)
                  0.02    0.00    0.85 v _136_/D (sky130_fd_sc_hd__dfxtp_1)
                                  0.85   data arrival time

                  0.15   10.00   10.00   clock clk (rise edge)
                          0.00   10.00   clock network delay (ideal)
                         -0.25    9.75   clock uncertainty
                          0.00    9.75   clock reconvergence pessimism
                                  9.75 ^ _136_/CLK (sky130_fd_sc_hd__dfxtp_1)
                         -0.08    9.67   library setup time
                                  9.67   data required time
-----------------------------------------------------------------------------
                                  9.67   data required time
                                 -0.85   data arrival time
-----------------------------------------------------------------------------
                                  8.82   slack (MET)


Startpoint: _135_ (rising edge-triggered flip-flop clocked by clk)
Endpoint: _137_ (rising edge-triggered flip-flop clocked by clk)
Path Group: clk
Path Type: max

Fanout     Cap    Slew   Delay    Time   Description
-----------------------------------------------------------------------------
                  0.15    0.00    0.00   clock clk (rise edge)
                          0.00    0.00   clock network delay (ideal)
                  0.15    0.00    0.00 ^ _135_/CLK (sky130_fd_sc_hd__dfxtp_1)
     5    0.01    0.14    0.43    0.43 ^ _135_/Q (sky130_fd_sc_hd__dfxtp_1)
                                         display.refresh_counter[0] (net)
                  0.14    0.00    0.43 ^ _075_/B (sky130_fd_sc_hd__nand2_1)
     2    0.01    0.06    0.10    0.53 v _075_/Y (sky130_fd_sc_hd__nand2_1)
                                         _036_ (net)
                  0.06    0.00    0.53 v _079_/B (sky130_fd_sc_hd__xnor2_1)
     1    0.00    0.05    0.13    0.66 v _079_/Y (sky130_fd_sc_hd__xnor2_1)
                                         _009_ (net)
                  0.05    0.00    0.66 v _137_/D (sky130_fd_sc_hd__dfxtp_1)
                                  0.66   data arrival time

                  0.15   10.00   10.00   clock clk (rise edge)
                          0.00   10.00   clock network delay (ideal)
                         -0.25    9.75   clock uncertainty
                          0.00    9.75   clock reconvergence pessimism
                                  9.75 ^ _137_/CLK (sky130_fd_sc_hd__dfxtp_1)
                         -0.09    9.66   library setup time
                                  9.66   data required time
-----------------------------------------------------------------------------
                                  9.66   data required time
                                 -0.66   data arrival time
-----------------------------------------------------------------------------
                                  9.01   slack (MET)


Startpoint: _135_ (rising edge-triggered flip-flop clocked by clk)
Endpoint: _135_ (rising edge-triggered flip-flop clocked by clk)
Path Group: clk
Path Type: max

Fanout     Cap    Slew   Delay    Time   Description
-----------------------------------------------------------------------------
                  0.15    0.00    0.00   clock clk (rise edge)
                          0.00    0.00   clock network delay (ideal)
                  0.15    0.00    0.00 ^ _135_/CLK (sky130_fd_sc_hd__dfxtp_1)
     5    0.01    0.14    0.43    0.43 ^ _135_/Q (sky130_fd_sc_hd__dfxtp_1)
                                         display.refresh_counter[0] (net)
                  0.14    0.00    0.43 ^ _074_/A (sky130_fd_sc_hd__inv_2)
     1    0.00    0.03    0.04    0.47 v _074_/Y (sky130_fd_sc_hd__inv_2)
                                         _000_ (net)
                  0.03    0.00    0.47 v _135_/D (sky130_fd_sc_hd__dfxtp_1)
                                  0.47   data arrival time

                  0.15   10.00   10.00   clock clk (rise edge)
                          0.00   10.00   clock network delay (ideal)
                         -0.25    9.75   clock uncertainty
                          0.00    9.75   clock reconvergence pessimism
                                  9.75 ^ _135_/CLK (sky130_fd_sc_hd__dfxtp_1)
                         -0.08    9.67   library setup time
                                  9.67   data required time
-----------------------------------------------------------------------------
                                  9.67   data required time
                                 -0.47   data arrival time
-----------------------------------------------------------------------------
                                  9.21   slack (MET)



worst slack corner Typical: 6.6349
